[0.016s] Invoking command in '/home/ajaikumar/nidar-2/nidar_ws/build/mission_interfaces': CMAKE_PREFIX_PATH=/home/ajaikumar/ros2_ws/install/my_robot_controller:/opt/ros/humble VIRTUAL_ENV_PROMPT=(.local) /usr/bin/cmake --build /home/ajaikumar/nidar-2/nidar_ws/build/mission_interfaces -- -j12 -l12
[0.079s] [35m[1mConsolidate compiler generated dependencies of target mission_interfaces__rosidl_generator_c[0m
[0.086s] [  1%] Built target mission_interfaces__cpp
[0.102s] [  2%] Built target ament_cmake_python_symlink_mission_interfaces
[0.102s] [ 12%] Built target mission_interfaces__rosidl_generator_c
[0.112s] [35m[1mConsolidate compiler generated dependencies of target mission_interfaces__rosidl_typesupport_cpp[0m
[0.115s] [35m[1mConsolidate compiler generated dependencies of target mission_interfaces__rosidl_typesupport_introspection_cpp[0m
[0.115s] [35m[1mConsolidate compiler generated dependencies of target mission_interfaces__rosidl_typesupport_fastrtps_cpp[0m
[0.135s] [35m[1mConsolidate compiler generated dependencies of target mission_interfaces__rosidl_typesupport_fastrtps_c[0m
[0.143s] [35m[1mConsolidate compiler generated dependencies of target mission_interfaces__rosidl_typesupport_c[0m
[0.143s] [35m[1mConsolidate compiler generated dependencies of target mission_interfaces__rosidl_typesupport_introspection_c[0m
[0.146s] [ 24%] Built target mission_interfaces__rosidl_typesupport_cpp
[0.156s] [ 45%] Built target mission_interfaces__rosidl_typesupport_fastrtps_cpp
[0.157s] [ 47%] Built target mission_interfaces__rosidl_typesupport_introspection_cpp
[0.162s] [ 58%] Built target mission_interfaces__rosidl_typesupport_c
[0.165s] [ 70%] Built target mission_interfaces__rosidl_typesupport_introspection_c
[0.166s] [ 82%] Built target mission_interfaces__rosidl_typesupport_fastrtps_c
[0.188s] [ 82%] Built target mission_interfaces
[0.217s] [ 83%] Built target mission_interfaces__py
[0.237s] [35m[1mConsolidate compiler generated dependencies of target mission_interfaces__rosidl_generator_py[0m
[0.267s] [ 93%] Built target mission_interfaces__rosidl_generator_py
[0.282s] [35m[1mConsolidate compiler generated dependencies of target mission_interfaces__rosidl_typesupport_introspection_c__pyext[0m
[0.282s] [35m[1mConsolidate compiler generated dependencies of target mission_interfaces__rosidl_typesupport_fastrtps_c__pyext[0m
[0.282s] [35m[1mConsolidate compiler generated dependencies of target mission_interfaces__rosidl_typesupport_c__pyext[0m
[0.299s] [100%] Built target mission_interfaces__rosidl_typesupport_c__pyext
[0.299s] [100%] Built target mission_interfaces__rosidl_typesupport_fastrtps_c__pyext
[0.299s] [100%] Built target mission_interfaces__rosidl_typesupport_introspection_c__pyext
[0.356s] running egg_info
[0.356s] writing mission_interfaces.egg-info/PKG-INFO
[0.356s] writing dependency_links to mission_interfaces.egg-info/dependency_links.txt
[0.356s] writing top-level names to mission_interfaces.egg-info/top_level.txt
[0.359s] reading manifest file 'mission_interfaces.egg-info/SOURCES.txt'
[0.360s] writing manifest file 'mission_interfaces.egg-info/SOURCES.txt'
[0.404s] [100%] Built target ament_cmake_python_build_mission_interfaces_egg
[0.436s] Invoked command in '/home/ajaikumar/nidar-2/nidar_ws/build/mission_interfaces' returned '0': CMAKE_PREFIX_PATH=/home/ajaikumar/ros2_ws/install/my_robot_controller:/opt/ros/humble VIRTUAL_ENV_PROMPT=(.local) /usr/bin/cmake --build /home/ajaikumar/nidar-2/nidar_ws/build/mission_interfaces -- -j12 -l12
[0.438s] Invoking command in '/home/ajaikumar/nidar-2/nidar_ws/build/mission_interfaces': CMAKE_PREFIX_PATH=/home/ajaikumar/ros2_ws/install/my_robot_controller:/opt/ros/humble VIRTUAL_ENV_PROMPT=(.local) /usr/bin/cmake --install /home/ajaikumar/nidar-2/nidar_ws/build/mission_interfaces
[0.444s] -- Install configuration: ""
[0.445s] -- Execute custom install script
[0.446s] -- Up-to-date symlink: /home/ajaikumar/nidar-2/nidar_ws/install/mission_interfaces/share/ament_index/resource_index/rosidl_interfaces/mission_interfaces
[0.447s] -- Up-to-date symlink: /home/ajaikumar/nidar-2/nidar_ws/install/mission_interfaces/include/mission_interfaces/mission_interfaces/action/delivery_action_trigger.h
[0.447s] -- Up-to-date symlink: /home/ajaikumar/nidar-2/nidar_ws/install/mission_interfaces/include/mission_interfaces/mission_interfaces/action/detail/delivery_action_trigger__functions.h
[0.447s] -- Up-to-date symlink: /home/ajaikumar/nidar-2/nidar_ws/install/mission_interfaces/include/mission_interfaces/mission_interfaces/action/detail/delivery_action_trigger__struct.h
[0.447s] -- Up-to-date symlink: /home/ajaikumar/nidar-2/nidar_ws/install/mission_interfaces/include/mission_interfaces/mission_interfaces/action/detail/delivery_action_trigger__type_support.h
[0.448s] -- Up-to-date symlink: /home/ajaikumar/nidar-2/nidar_ws/install/mission_interfaces/include/mission_interfaces/mission_interfaces/action/detail/scout_action_trigger__functions.h
[0.448s] -- Up-to-date symlink: /home/ajaikumar/nidar-2/nidar_ws/install/mission_interfaces/include/mission_interfaces/mission_interfaces/action/detail/scout_action_trigger__struct.h
[0.448s] -- Up-to-date symlink: /home/ajaikumar/nidar-2/nidar_ws/install/mission_interfaces/include/mission_interfaces/mission_interfaces/action/detail/scout_action_trigger__type_support.h
[0.449s] -- Up-to-date symlink: /home/ajaikumar/nidar-2/nidar_ws/install/mission_interfaces/include/mission_interfaces/mission_interfaces/action/detail/spray_action_trigger__functions.h
[0.449s] -- Up-to-date symlink: /home/ajaikumar/nidar-2/nidar_ws/install/mission_interfaces/include/mission_interfaces/mission_interfaces/action/detail/spray_action_trigger__struct.h
[0.449s] -- Up-to-date symlink: /home/ajaikumar/nidar-2/nidar_ws/install/mission_interfaces/include/mission_interfaces/mission_interfaces/action/detail/spray_action_trigger__type_support.h
[0.449s] -- Up-to-date symlink: /home/ajaikumar/nidar-2/nidar_ws/install/mission_interfaces/include/mission_interfaces/mission_interfaces/action/scout_action_trigger.h
[0.449s] -- Up-to-date symlink: /home/ajaikumar/nidar-2/nidar_ws/install/mission_interfaces/include/mission_interfaces/mission_interfaces/action/spray_action_trigger.h
[0.449s] -- Up-to-date symlink: /home/ajaikumar/nidar-2/nidar_ws/install/mission_interfaces/include/mission_interfaces/mission_interfaces/msg/rosidl_generator_c__visibility_control.h
[0.449s] -- Up-to-date symlink: /home/ajaikumar/nidar-2/nidar_ws/install/mission_interfaces/include/mission_interfaces/mission_interfaces/srv/detail/get_com_config__functions.h
[0.449s] -- Up-to-date symlink: /home/ajaikumar/nidar-2/nidar_ws/install/mission_interfaces/include/mission_interfaces/mission_interfaces/srv/detail/get_com_config__struct.h
[0.449s] -- Up-to-date symlink: /home/ajaikumar/nidar-2/nidar_ws/install/mission_interfaces/include/mission_interfaces/mission_interfaces/srv/detail/get_com_config__type_support.h
[0.450s] -- Up-to-date symlink: /home/ajaikumar/nidar-2/nidar_ws/install/mission_interfaces/include/mission_interfaces/mission_interfaces/srv/detail/get_drone_config__functions.h
[0.450s] -- Up-to-date symlink: /home/ajaikumar/nidar-2/nidar_ws/install/mission_interfaces/include/mission_interfaces/mission_interfaces/srv/detail/get_drone_config__struct.h
[0.450s] -- Up-to-date symlink: /home/ajaikumar/nidar-2/nidar_ws/install/mission_interfaces/include/mission_interfaces/mission_interfaces/srv/detail/get_drone_config__type_support.h
[0.450s] -- Up-to-date symlink: /home/ajaikumar/nidar-2/nidar_ws/install/mission_interfaces/include/mission_interfaces/mission_interfaces/srv/detail/get_flight_timeout__functions.h
[0.450s] -- Up-to-date symlink: /home/ajaikumar/nidar-2/nidar_ws/install/mission_interfaces/include/mission_interfaces/mission_interfaces/srv/detail/get_flight_timeout__struct.h
[0.450s] -- Up-to-date symlink: /home/ajaikumar/nidar-2/nidar_ws/install/mission_interfaces/include/mission_interfaces/mission_interfaces/srv/detail/get_flight_timeout__type_support.h
[0.450s] -- Up-to-date symlink: /home/ajaikumar/nidar-2/nidar_ws/install/mission_interfaces/include/mission_interfaces/mission_interfaces/srv/detail/get_lawnmower_path__functions.h
[0.450s] -- Up-to-date symlink: /home/ajaikumar/nidar-2/nidar_ws/install/mission_interfaces/include/mission_interfaces/mission_interfaces/srv/detail/get_lawnmower_path__struct.h
[0.450s] -- Up-to-date symlink: /home/ajaikumar/nidar-2/nidar_ws/install/mission_interfaces/include/mission_interfaces/mission_interfaces/srv/detail/get_lawnmower_path__type_support.h
[0.450s] -- Up-to-date symlink: /home/ajaikumar/nidar-2/nidar_ws/install/mission_interfaces/include/mission_interfaces/mission_interfaces/srv/detail/set_com_config__functions.h
[0.450s] -- Up-to-date symlink: /home/ajaikumar/nidar-2/nidar_ws/install/mission_interfaces/include/mission_interfaces/mission_interfaces/srv/detail/set_com_config__struct.h
[0.451s] -- Up-to-date symlink: /home/ajaikumar/nidar-2/nidar_ws/install/mission_interfaces/include/mission_interfaces/mission_interfaces/srv/detail/set_com_config__type_support.h
[0.451s] -- Up-to-date symlink: /home/ajaikumar/nidar-2/nidar_ws/install/mission_interfaces/include/mission_interfaces/mission_interfaces/srv/detail/set_drone_config__functions.h
[0.451s] -- Up-to-date symlink: /home/ajaikumar/nidar-2/nidar_ws/install/mission_interfaces/include/mission_interfaces/mission_interfaces/srv/detail/set_drone_config__struct.h
[0.451s] -- Up-to-date symlink: /home/ajaikumar/nidar-2/nidar_ws/install/mission_interfaces/include/mission_interfaces/mission_interfaces/srv/detail/set_drone_config__type_support.h
[0.451s] -- Up-to-date symlink: /home/ajaikumar/nidar-2/nidar_ws/install/mission_interfaces/include/mission_interfaces/mission_interfaces/srv/detail/set_flight_timeout__functions.h
[0.451s] -- Up-to-date symlink: /home/ajaikumar/nidar-2/nidar_ws/install/mission_interfaces/include/mission_interfaces/mission_interfaces/srv/detail/set_flight_timeout__struct.h
[0.451s] -- Up-to-date symlink: /home/ajaikumar/nidar-2/nidar_ws/install/mission_interfaces/include/mission_interfaces/mission_interfaces/srv/detail/set_flight_timeout__type_support.h
[0.451s] -- Up-to-date symlink: /home/ajaikumar/nidar-2/nidar_ws/install/mission_interfaces/include/mission_interfaces/mission_interfaces/srv/get_com_config.h
[0.451s] -- Up-to-date symlink: /home/ajaikumar/nidar-2/nidar_ws/install/mission_interfaces/include/mission_interfaces/mission_interfaces/srv/get_drone_config.h
[0.452s] -- Up-to-date symlink: /home/ajaikumar/nidar-2/nidar_ws/install/mission_interfaces/include/mission_interfaces/mission_interfaces/srv/get_flight_timeout.h
[0.452s] -- Up-to-date symlink: /home/ajaikumar/nidar-2/nidar_ws/install/mission_interfaces/include/mission_interfaces/mission_interfaces/srv/get_lawnmower_path.h
[0.452s] -- Up-to-date symlink: /home/ajaikumar/nidar-2/nidar_ws/install/mission_interfaces/include/mission_interfaces/mission_interfaces/srv/set_com_config.h
[0.452s] -- Up-to-date symlink: /home/ajaikumar/nidar-2/nidar_ws/install/mission_interfaces/include/mission_interfaces/mission_interfaces/srv/set_drone_config.h
[0.452s] -- Up-to-date symlink: /home/ajaikumar/nidar-2/nidar_ws/install/mission_interfaces/include/mission_interfaces/mission_interfaces/srv/set_flight_timeout.h
[0.452s] -- Up-to-date symlink: /home/ajaikumar/nidar-2/nidar_ws/install/mission_interfaces/share/mission_interfaces/environment/library_path.sh
[0.452s] -- Up-to-date symlink: /home/ajaikumar/nidar-2/nidar_ws/install/mission_interfaces/share/mission_interfaces/environment/library_path.dsv
[0.453s] -- Up-to-date symlink: /home/ajaikumar/nidar-2/nidar_ws/install/mission_interfaces/include/mission_interfaces/mission_interfaces/action/detail/delivery_action_trigger__rosidl_typesupport_fastrtps_c.h
[0.454s] -- Up-to-date symlink: /home/ajaikumar/nidar-2/nidar_ws/install/mission_interfaces/include/mission_interfaces/mission_interfaces/action/detail/scout_action_trigger__rosidl_typesupport_fastrtps_c.h
[0.454s] -- Up-to-date symlink: /home/ajaikumar/nidar-2/nidar_ws/install/mission_interfaces/include/mission_interfaces/mission_interfaces/action/detail/spray_action_trigger__rosidl_typesupport_fastrtps_c.h
[0.454s] -- Up-to-date symlink: /home/ajaikumar/nidar-2/nidar_ws/install/mission_interfaces/include/mission_interfaces/mission_interfaces/msg/rosidl_typesupport_fastrtps_c__visibility_control.h
[0.454s] -- Up-to-date symlink: /home/ajaikumar/nidar-2/nidar_ws/install/mission_interfaces/include/mission_interfaces/mission_interfaces/srv/detail/get_com_config__rosidl_typesupport_fastrtps_c.h
[0.454s] -- Up-to-date symlink: /home/ajaikumar/nidar-2/nidar_ws/install/mission_interfaces/include/mission_interfaces/mission_interfaces/srv/detail/get_drone_config__rosidl_typesupport_fastrtps_c.h
[0.454s] -- Up-to-date symlink: /home/ajaikumar/nidar-2/nidar_ws/install/mission_interfaces/include/mission_interfaces/mission_interfaces/srv/detail/get_flight_timeout__rosidl_typesupport_fastrtps_c.h
[0.454s] -- Up-to-date symlink: /home/ajaikumar/nidar-2/nidar_ws/install/mission_interfaces/include/mission_interfaces/mission_interfaces/srv/detail/get_lawnmower_path__rosidl_typesupport_fastrtps_c.h
[0.454s] -- Up-to-date symlink: /home/ajaikumar/nidar-2/nidar_ws/install/mission_interfaces/include/mission_interfaces/mission_interfaces/srv/detail/set_com_config__rosidl_typesupport_fastrtps_c.h
[0.454s] -- Up-to-date symlink: /home/ajaikumar/nidar-2/nidar_ws/install/mission_interfaces/include/mission_interfaces/mission_interfaces/srv/detail/set_drone_config__rosidl_typesupport_fastrtps_c.h
[0.455s] -- Up-to-date symlink: /home/ajaikumar/nidar-2/nidar_ws/install/mission_interfaces/include/mission_interfaces/mission_interfaces/srv/detail/set_flight_timeout__rosidl_typesupport_fastrtps_c.h
[0.455s] -- Up-to-date symlink: /home/ajaikumar/nidar-2/nidar_ws/install/mission_interfaces/include/mission_interfaces/mission_interfaces/action/detail/delivery_action_trigger__rosidl_typesupport_introspection_c.h
[0.455s] -- Up-to-date symlink: /home/ajaikumar/nidar-2/nidar_ws/install/mission_interfaces/include/mission_interfaces/mission_interfaces/action/detail/scout_action_trigger__rosidl_typesupport_introspection_c.h
[0.455s] -- Up-to-date symlink: /home/ajaikumar/nidar-2/nidar_ws/install/mission_interfaces/include/mission_interfaces/mission_interfaces/action/detail/spray_action_trigger__rosidl_typesupport_introspection_c.h
[0.456s] -- Up-to-date symlink: /home/ajaikumar/nidar-2/nidar_ws/install/mission_interfaces/include/mission_interfaces/mission_interfaces/msg/rosidl_typesupport_introspection_c__visibility_control.h
[0.456s] -- Up-to-date symlink: /home/ajaikumar/nidar-2/nidar_ws/install/mission_interfaces/include/mission_interfaces/mission_interfaces/srv/detail/get_com_config__rosidl_typesupport_introspection_c.h
[0.456s] -- Up-to-date symlink: /home/ajaikumar/nidar-2/nidar_ws/install/mission_interfaces/include/mission_interfaces/mission_interfaces/srv/detail/get_drone_config__rosidl_typesupport_introspection_c.h
[0.456s] -- Up-to-date symlink: /home/ajaikumar/nidar-2/nidar_ws/install/mission_interfaces/include/mission_interfaces/mission_interfaces/srv/detail/get_flight_timeout__rosidl_typesupport_introspection_c.h
[0.456s] -- Up-to-date symlink: /home/ajaikumar/nidar-2/nidar_ws/install/mission_interfaces/include/mission_interfaces/mission_interfaces/srv/detail/get_lawnmower_path__rosidl_typesupport_introspection_c.h
[0.456s] -- Up-to-date symlink: /home/ajaikumar/nidar-2/nidar_ws/install/mission_interfaces/include/mission_interfaces/mission_interfaces/srv/detail/set_com_config__rosidl_typesupport_introspection_c.h
[0.456s] -- Up-to-date symlink: /home/ajaikumar/nidar-2/nidar_ws/install/mission_interfaces/include/mission_interfaces/mission_interfaces/srv/detail/set_drone_config__rosidl_typesupport_introspection_c.h
[0.456s] -- Up-to-date symlink: /home/ajaikumar/nidar-2/nidar_ws/install/mission_interfaces/include/mission_interfaces/mission_interfaces/srv/detail/set_flight_timeout__rosidl_typesupport_introspection_c.h
[0.457s] -- Up-to-date symlink: /home/ajaikumar/nidar-2/nidar_ws/install/mission_interfaces/include/mission_interfaces/mission_interfaces/action/delivery_action_trigger.hpp
[0.457s] -- Up-to-date symlink: /home/ajaikumar/nidar-2/nidar_ws/install/mission_interfaces/include/mission_interfaces/mission_interfaces/action/detail/delivery_action_trigger__builder.hpp
[0.457s] -- Up-to-date symlink: /home/ajaikumar/nidar-2/nidar_ws/install/mission_interfaces/include/mission_interfaces/mission_interfaces/action/detail/delivery_action_trigger__struct.hpp
[0.458s] -- Up-to-date symlink: /home/ajaikumar/nidar-2/nidar_ws/install/mission_interfaces/include/mission_interfaces/mission_interfaces/action/detail/delivery_action_trigger__traits.hpp
[0.458s] -- Up-to-date symlink: /home/ajaikumar/nidar-2/nidar_ws/install/mission_interfaces/include/mission_interfaces/mission_interfaces/action/detail/delivery_action_trigger__type_support.hpp
[0.458s] -- Up-to-date symlink: /home/ajaikumar/nidar-2/nidar_ws/install/mission_interfaces/include/mission_interfaces/mission_interfaces/action/detail/scout_action_trigger__builder.hpp
[0.458s] -- Up-to-date symlink: /home/ajaikumar/nidar-2/nidar_ws/install/mission_interfaces/include/mission_interfaces/mission_interfaces/action/detail/scout_action_trigger__struct.hpp
[0.458s] -- Up-to-date symlink: /home/ajaikumar/nidar-2/nidar_ws/install/mission_interfaces/include/mission_interfaces/mission_interfaces/action/detail/scout_action_trigger__traits.hpp
[0.458s] -- Up-to-date symlink: /home/ajaikumar/nidar-2/nidar_ws/install/mission_interfaces/include/mission_interfaces/mission_interfaces/action/detail/scout_action_trigger__type_support.hpp
[0.458s] -- Up-to-date symlink: /home/ajaikumar/nidar-2/nidar_ws/install/mission_interfaces/include/mission_interfaces/mission_interfaces/action/detail/spray_action_trigger__builder.hpp
[0.458s] -- Up-to-date symlink: /home/ajaikumar/nidar-2/nidar_ws/install/mission_interfaces/include/mission_interfaces/mission_interfaces/action/detail/spray_action_trigger__struct.hpp
[0.459s] -- Up-to-date symlink: /home/ajaikumar/nidar-2/nidar_ws/install/mission_interfaces/include/mission_interfaces/mission_interfaces/action/detail/spray_action_trigger__traits.hpp
[0.459s] -- Up-to-date symlink: /home/ajaikumar/nidar-2/nidar_ws/install/mission_interfaces/include/mission_interfaces/mission_interfaces/action/detail/spray_action_trigger__type_support.hpp
[0.459s] -- Up-to-date symlink: /home/ajaikumar/nidar-2/nidar_ws/install/mission_interfaces/include/mission_interfaces/mission_interfaces/action/scout_action_trigger.hpp
[0.459s] -- Up-to-date symlink: /home/ajaikumar/nidar-2/nidar_ws/install/mission_interfaces/include/mission_interfaces/mission_interfaces/action/spray_action_trigger.hpp
[0.459s] -- Up-to-date symlink: /home/ajaikumar/nidar-2/nidar_ws/install/mission_interfaces/include/mission_interfaces/mission_interfaces/msg/rosidl_generator_cpp__visibility_control.hpp
[0.459s] -- Up-to-date symlink: /home/ajaikumar/nidar-2/nidar_ws/install/mission_interfaces/include/mission_interfaces/mission_interfaces/srv/detail/get_com_config__builder.hpp
[0.459s] -- Up-to-date symlink: /home/ajaikumar/nidar-2/nidar_ws/install/mission_interfaces/include/mission_interfaces/mission_interfaces/srv/detail/get_com_config__struct.hpp
[0.459s] -- Up-to-date symlink: /home/ajaikumar/nidar-2/nidar_ws/install/mission_interfaces/include/mission_interfaces/mission_interfaces/srv/detail/get_com_config__traits.hpp
[0.459s] -- Up-to-date symlink: /home/ajaikumar/nidar-2/nidar_ws/install/mission_interfaces/include/mission_interfaces/mission_interfaces/srv/detail/get_com_config__type_support.hpp
[0.459s] -- Up-to-date symlink: /home/ajaikumar/nidar-2/nidar_ws/install/mission_interfaces/include/mission_interfaces/mission_interfaces/srv/detail/get_drone_config__builder.hpp
[0.460s] -- Up-to-date symlink: /home/ajaikumar/nidar-2/nidar_ws/install/mission_interfaces/include/mission_interfaces/mission_interfaces/srv/detail/get_drone_config__struct.hpp
[0.460s] -- Up-to-date symlink: /home/ajaikumar/nidar-2/nidar_ws/install/mission_interfaces/include/mission_interfaces/mission_interfaces/srv/detail/get_drone_config__traits.hpp
[0.460s] -- Up-to-date symlink: /home/ajaikumar/nidar-2/nidar_ws/install/mission_interfaces/include/mission_interfaces/mission_interfaces/srv/detail/get_drone_config__type_support.hpp
[0.460s] -- Up-to-date symlink: /home/ajaikumar/nidar-2/nidar_ws/install/mission_interfaces/include/mission_interfaces/mission_interfaces/srv/detail/get_flight_timeout__builder.hpp
[0.460s] -- Up-to-date symlink: /home/ajaikumar/nidar-2/nidar_ws/install/mission_interfaces/include/mission_interfaces/mission_interfaces/srv/detail/get_flight_timeout__struct.hpp
[0.460s] -- Up-to-date symlink: /home/ajaikumar/nidar-2/nidar_ws/install/mission_interfaces/include/mission_interfaces/mission_interfaces/srv/detail/get_flight_timeout__traits.hpp
[0.460s] -- Up-to-date symlink: /home/ajaikumar/nidar-2/nidar_ws/install/mission_interfaces/include/mission_interfaces/mission_interfaces/srv/detail/get_flight_timeout__type_support.hpp
[0.460s] -- Up-to-date symlink: /home/ajaikumar/nidar-2/nidar_ws/install/mission_interfaces/include/mission_interfaces/mission_interfaces/srv/detail/get_lawnmower_path__builder.hpp
[0.460s] -- Up-to-date symlink: /home/ajaikumar/nidar-2/nidar_ws/install/mission_interfaces/include/mission_interfaces/mission_interfaces/srv/detail/get_lawnmower_path__struct.hpp
[0.461s] -- Up-to-date symlink: /home/ajaikumar/nidar-2/nidar_ws/install/mission_interfaces/include/mission_interfaces/mission_interfaces/srv/detail/get_lawnmower_path__traits.hpp
[0.461s] -- Up-to-date symlink: /home/ajaikumar/nidar-2/nidar_ws/install/mission_interfaces/include/mission_interfaces/mission_interfaces/srv/detail/get_lawnmower_path__type_support.hpp
[0.461s] -- Up-to-date symlink: /home/ajaikumar/nidar-2/nidar_ws/install/mission_interfaces/include/mission_interfaces/mission_interfaces/srv/detail/set_com_config__builder.hpp
[0.461s] -- Up-to-date symlink: /home/ajaikumar/nidar-2/nidar_ws/install/mission_interfaces/include/mission_interfaces/mission_interfaces/srv/detail/set_com_config__struct.hpp
[0.461s] -- Up-to-date symlink: /home/ajaikumar/nidar-2/nidar_ws/install/mission_interfaces/include/mission_interfaces/mission_interfaces/srv/detail/set_com_config__traits.hpp
[0.461s] -- Up-to-date symlink: /home/ajaikumar/nidar-2/nidar_ws/install/mission_interfaces/include/mission_interfaces/mission_interfaces/srv/detail/set_com_config__type_support.hpp
[0.461s] -- Up-to-date symlink: /home/ajaikumar/nidar-2/nidar_ws/install/mission_interfaces/include/mission_interfaces/mission_interfaces/srv/detail/set_drone_config__builder.hpp
[0.461s] -- Up-to-date symlink: /home/ajaikumar/nidar-2/nidar_ws/install/mission_interfaces/include/mission_interfaces/mission_interfaces/srv/detail/set_drone_config__struct.hpp
[0.461s] -- Up-to-date symlink: /home/ajaikumar/nidar-2/nidar_ws/install/mission_interfaces/include/mission_interfaces/mission_interfaces/srv/detail/set_drone_config__traits.hpp
[0.462s] -- Up-to-date symlink: /home/ajaikumar/nidar-2/nidar_ws/install/mission_interfaces/include/mission_interfaces/mission_interfaces/srv/detail/set_drone_config__type_support.hpp
[0.462s] -- Up-to-date symlink: /home/ajaikumar/nidar-2/nidar_ws/install/mission_interfaces/include/mission_interfaces/mission_interfaces/srv/detail/set_flight_timeout__builder.hpp
[0.462s] -- Up-to-date symlink: /home/ajaikumar/nidar-2/nidar_ws/install/mission_interfaces/include/mission_interfaces/mission_interfaces/srv/detail/set_flight_timeout__struct.hpp
[0.462s] -- Up-to-date symlink: /home/ajaikumar/nidar-2/nidar_ws/install/mission_interfaces/include/mission_interfaces/mission_interfaces/srv/detail/set_flight_timeout__traits.hpp
[0.462s] -- Up-to-date symlink: /home/ajaikumar/nidar-2/nidar_ws/install/mission_interfaces/include/mission_interfaces/mission_interfaces/srv/detail/set_flight_timeout__type_support.hpp
[0.462s] -- Up-to-date symlink: /home/ajaikumar/nidar-2/nidar_ws/install/mission_interfaces/include/mission_interfaces/mission_interfaces/srv/get_com_config.hpp
[0.462s] -- Up-to-date symlink: /home/ajaikumar/nidar-2/nidar_ws/install/mission_interfaces/include/mission_interfaces/mission_interfaces/srv/get_drone_config.hpp
[0.462s] -- Up-to-date symlink: /home/ajaikumar/nidar-2/nidar_ws/install/mission_interfaces/include/mission_interfaces/mission_interfaces/srv/get_flight_timeout.hpp
[0.462s] -- Up-to-date symlink: /home/ajaikumar/nidar-2/nidar_ws/install/mission_interfaces/include/mission_interfaces/mission_interfaces/srv/get_lawnmower_path.hpp
[0.463s] -- Up-to-date symlink: /home/ajaikumar/nidar-2/nidar_ws/install/mission_interfaces/include/mission_interfaces/mission_interfaces/srv/set_com_config.hpp
[0.463s] -- Up-to-date symlink: /home/ajaikumar/nidar-2/nidar_ws/install/mission_interfaces/include/mission_interfaces/mission_interfaces/srv/set_drone_config.hpp
[0.463s] -- Up-to-date symlink: /home/ajaikumar/nidar-2/nidar_ws/install/mission_interfaces/include/mission_interfaces/mission_interfaces/srv/set_flight_timeout.hpp
[0.464s] -- Up-to-date symlink: /home/ajaikumar/nidar-2/nidar_ws/install/mission_interfaces/include/mission_interfaces/mission_interfaces/action/detail/delivery_action_trigger__rosidl_typesupport_fastrtps_cpp.hpp
[0.464s] -- Up-to-date symlink: /home/ajaikumar/nidar-2/nidar_ws/install/mission_interfaces/include/mission_interfaces/mission_interfaces/action/detail/scout_action_trigger__rosidl_typesupport_fastrtps_cpp.hpp
[0.464s] -- Up-to-date symlink: /home/ajaikumar/nidar-2/nidar_ws/install/mission_interfaces/include/mission_interfaces/mission_interfaces/action/detail/spray_action_trigger__rosidl_typesupport_fastrtps_cpp.hpp
[0.464s] -- Up-to-date symlink: /home/ajaikumar/nidar-2/nidar_ws/install/mission_interfaces/include/mission_interfaces/mission_interfaces/msg/rosidl_typesupport_fastrtps_cpp__visibility_control.h
[0.464s] -- Up-to-date symlink: /home/ajaikumar/nidar-2/nidar_ws/install/mission_interfaces/include/mission_interfaces/mission_interfaces/srv/detail/get_com_config__rosidl_typesupport_fastrtps_cpp.hpp
[0.465s] -- Up-to-date symlink: /home/ajaikumar/nidar-2/nidar_ws/install/mission_interfaces/include/mission_interfaces/mission_interfaces/srv/detail/get_drone_config__rosidl_typesupport_fastrtps_cpp.hpp
[0.465s] -- Up-to-date symlink: /home/ajaikumar/nidar-2/nidar_ws/install/mission_interfaces/include/mission_interfaces/mission_interfaces/srv/detail/get_flight_timeout__rosidl_typesupport_fastrtps_cpp.hpp
[0.465s] -- Up-to-date symlink: /home/ajaikumar/nidar-2/nidar_ws/install/mission_interfaces/include/mission_interfaces/mission_interfaces/srv/detail/get_lawnmower_path__rosidl_typesupport_fastrtps_cpp.hpp
[0.465s] -- Up-to-date symlink: /home/ajaikumar/nidar-2/nidar_ws/install/mission_interfaces/include/mission_interfaces/mission_interfaces/srv/detail/set_com_config__rosidl_typesupport_fastrtps_cpp.hpp
[0.465s] -- Up-to-date symlink: /home/ajaikumar/nidar-2/nidar_ws/install/mission_interfaces/include/mission_interfaces/mission_interfaces/srv/detail/set_drone_config__rosidl_typesupport_fastrtps_cpp.hpp
[0.465s] -- Up-to-date symlink: /home/ajaikumar/nidar-2/nidar_ws/install/mission_interfaces/include/mission_interfaces/mission_interfaces/srv/detail/set_flight_timeout__rosidl_typesupport_fastrtps_cpp.hpp
[0.466s] -- Up-to-date symlink: /home/ajaikumar/nidar-2/nidar_ws/install/mission_interfaces/include/mission_interfaces/mission_interfaces/action/detail/delivery_action_trigger__rosidl_typesupport_introspection_cpp.hpp
[0.466s] -- Up-to-date symlink: /home/ajaikumar/nidar-2/nidar_ws/install/mission_interfaces/include/mission_interfaces/mission_interfaces/action/detail/scout_action_trigger__rosidl_typesupport_introspection_cpp.hpp
[0.466s] -- Up-to-date symlink: /home/ajaikumar/nidar-2/nidar_ws/install/mission_interfaces/include/mission_interfaces/mission_interfaces/action/detail/spray_action_trigger__rosidl_typesupport_introspection_cpp.hpp
[0.466s] -- Up-to-date symlink: /home/ajaikumar/nidar-2/nidar_ws/install/mission_interfaces/include/mission_interfaces/mission_interfaces/srv/detail/get_com_config__rosidl_typesupport_introspection_cpp.hpp
[0.466s] -- Up-to-date symlink: /home/ajaikumar/nidar-2/nidar_ws/install/mission_interfaces/include/mission_interfaces/mission_interfaces/srv/detail/get_drone_config__rosidl_typesupport_introspection_cpp.hpp
[0.466s] -- Up-to-date symlink: /home/ajaikumar/nidar-2/nidar_ws/install/mission_interfaces/include/mission_interfaces/mission_interfaces/srv/detail/get_flight_timeout__rosidl_typesupport_introspection_cpp.hpp
[0.466s] -- Up-to-date symlink: /home/ajaikumar/nidar-2/nidar_ws/install/mission_interfaces/include/mission_interfaces/mission_interfaces/srv/detail/get_lawnmower_path__rosidl_typesupport_introspection_cpp.hpp
[0.466s] -- Up-to-date symlink: /home/ajaikumar/nidar-2/nidar_ws/install/mission_interfaces/include/mission_interfaces/mission_interfaces/srv/detail/set_com_config__rosidl_typesupport_introspection_cpp.hpp
[0.467s] -- Up-to-date symlink: /home/ajaikumar/nidar-2/nidar_ws/install/mission_interfaces/include/mission_interfaces/mission_interfaces/srv/detail/set_drone_config__rosidl_typesupport_introspection_cpp.hpp
[0.467s] -- Up-to-date symlink: /home/ajaikumar/nidar-2/nidar_ws/install/mission_interfaces/include/mission_interfaces/mission_interfaces/srv/detail/set_flight_timeout__rosidl_typesupport_introspection_cpp.hpp
[0.467s] -- Up-to-date symlink: /home/ajaikumar/nidar-2/nidar_ws/install/mission_interfaces/share/mission_interfaces/environment/pythonpath.sh
[0.467s] -- Up-to-date symlink: /home/ajaikumar/nidar-2/nidar_ws/install/mission_interfaces/share/mission_interfaces/environment/pythonpath.dsv
[0.467s] -- Up-to-date symlink: /home/ajaikumar/nidar-2/nidar_ws/install/mission_interfaces/lib/python3.10/site-packages/mission_interfaces-0.0.0-py3.10.egg-info/PKG-INFO
[0.467s] -- Up-to-date symlink: /home/ajaikumar/nidar-2/nidar_ws/install/mission_interfaces/lib/python3.10/site-packages/mission_interfaces-0.0.0-py3.10.egg-info/SOURCES.txt
[0.467s] -- Up-to-date symlink: /home/ajaikumar/nidar-2/nidar_ws/install/mission_interfaces/lib/python3.10/site-packages/mission_interfaces-0.0.0-py3.10.egg-info/dependency_links.txt
[0.468s] -- Up-to-date symlink: /home/ajaikumar/nidar-2/nidar_ws/install/mission_interfaces/lib/python3.10/site-packages/mission_interfaces-0.0.0-py3.10.egg-info/top_level.txt
[0.469s] -- Up-to-date symlink: /home/ajaikumar/nidar-2/nidar_ws/install/mission_interfaces/lib/python3.10/site-packages/mission_interfaces/__init__.py
[0.469s] -- Up-to-date symlink: /home/ajaikumar/nidar-2/nidar_ws/install/mission_interfaces/lib/python3.10/site-packages/mission_interfaces/_mission_interfaces_s.ep.rosidl_typesupport_c.c
[0.469s] -- Up-to-date symlink: /home/ajaikumar/nidar-2/nidar_ws/install/mission_interfaces/lib/python3.10/site-packages/mission_interfaces/_mission_interfaces_s.ep.rosidl_typesupport_fastrtps_c.c
[0.469s] -- Up-to-date symlink: /home/ajaikumar/nidar-2/nidar_ws/install/mission_interfaces/lib/python3.10/site-packages/mission_interfaces/_mission_interfaces_s.ep.rosidl_typesupport_introspection_c.c
[0.469s] -- Up-to-date symlink: /home/ajaikumar/nidar-2/nidar_ws/install/mission_interfaces/lib/python3.10/site-packages/mission_interfaces/action/__init__.py
[0.469s] -- Up-to-date symlink: /home/ajaikumar/nidar-2/nidar_ws/install/mission_interfaces/lib/python3.10/site-packages/mission_interfaces/action/_delivery_action_trigger.py
[0.469s] -- Up-to-date symlink: /home/ajaikumar/nidar-2/nidar_ws/install/mission_interfaces/lib/python3.10/site-packages/mission_interfaces/action/_delivery_action_trigger_s.c
[0.469s] -- Up-to-date symlink: /home/ajaikumar/nidar-2/nidar_ws/install/mission_interfaces/lib/python3.10/site-packages/mission_interfaces/action/_scout_action_trigger.py
[0.470s] -- Up-to-date symlink: /home/ajaikumar/nidar-2/nidar_ws/install/mission_interfaces/lib/python3.10/site-packages/mission_interfaces/action/_scout_action_trigger_s.c
[0.470s] -- Up-to-date symlink: /home/ajaikumar/nidar-2/nidar_ws/install/mission_interfaces/lib/python3.10/site-packages/mission_interfaces/action/_spray_action_trigger.py
[0.470s] -- Up-to-date symlink: /home/ajaikumar/nidar-2/nidar_ws/install/mission_interfaces/lib/python3.10/site-packages/mission_interfaces/action/_spray_action_trigger_s.c
[0.470s] -- Up-to-date symlink: /home/ajaikumar/nidar-2/nidar_ws/install/mission_interfaces/lib/python3.10/site-packages/mission_interfaces/libmission_interfaces__rosidl_generator_py.so
[0.470s] -- Up-to-date symlink: /home/ajaikumar/nidar-2/nidar_ws/install/mission_interfaces/lib/python3.10/site-packages/mission_interfaces/mission_interfaces_s__rosidl_typesupport_c.cpython-310-x86_64-linux-gnu.so
[0.470s] -- Up-to-date symlink: /home/ajaikumar/nidar-2/nidar_ws/install/mission_interfaces/lib/python3.10/site-packages/mission_interfaces/mission_interfaces_s__rosidl_typesupport_fastrtps_c.cpython-310-x86_64-linux-gnu.so
[0.470s] -- Up-to-date symlink: /home/ajaikumar/nidar-2/nidar_ws/install/mission_interfaces/lib/python3.10/site-packages/mission_interfaces/mission_interfaces_s__rosidl_typesupport_introspection_c.cpython-310-x86_64-linux-gnu.so
[0.470s] -- Up-to-date symlink: /home/ajaikumar/nidar-2/nidar_ws/install/mission_interfaces/lib/python3.10/site-packages/mission_interfaces/srv/__init__.py
[0.470s] -- Up-to-date symlink: /home/ajaikumar/nidar-2/nidar_ws/install/mission_interfaces/lib/python3.10/site-packages/mission_interfaces/srv/_get_com_config.py
[0.471s] -- Up-to-date symlink: /home/ajaikumar/nidar-2/nidar_ws/install/mission_interfaces/lib/python3.10/site-packages/mission_interfaces/srv/_get_com_config_s.c
[0.471s] -- Up-to-date symlink: /home/ajaikumar/nidar-2/nidar_ws/install/mission_interfaces/lib/python3.10/site-packages/mission_interfaces/srv/_get_drone_config.py
[0.471s] -- Up-to-date symlink: /home/ajaikumar/nidar-2/nidar_ws/install/mission_interfaces/lib/python3.10/site-packages/mission_interfaces/srv/_get_drone_config_s.c
[0.471s] -- Up-to-date symlink: /home/ajaikumar/nidar-2/nidar_ws/install/mission_interfaces/lib/python3.10/site-packages/mission_interfaces/srv/_get_flight_timeout.py
[0.471s] -- Up-to-date symlink: /home/ajaikumar/nidar-2/nidar_ws/install/mission_interfaces/lib/python3.10/site-packages/mission_interfaces/srv/_get_flight_timeout_s.c
[0.471s] -- Up-to-date symlink: /home/ajaikumar/nidar-2/nidar_ws/install/mission_interfaces/lib/python3.10/site-packages/mission_interfaces/srv/_get_lawnmower_path.py
[0.471s] -- Up-to-date symlink: /home/ajaikumar/nidar-2/nidar_ws/install/mission_interfaces/lib/python3.10/site-packages/mission_interfaces/srv/_get_lawnmower_path_s.c
[0.471s] -- Up-to-date symlink: /home/ajaikumar/nidar-2/nidar_ws/install/mission_interfaces/lib/python3.10/site-packages/mission_interfaces/srv/_set_com_config.py
[0.471s] -- Up-to-date symlink: /home/ajaikumar/nidar-2/nidar_ws/install/mission_interfaces/lib/python3.10/site-packages/mission_interfaces/srv/_set_com_config_s.c
[0.472s] -- Up-to-date symlink: /home/ajaikumar/nidar-2/nidar_ws/install/mission_interfaces/lib/python3.10/site-packages/mission_interfaces/srv/_set_drone_config.py
[0.472s] -- Up-to-date symlink: /home/ajaikumar/nidar-2/nidar_ws/install/mission_interfaces/lib/python3.10/site-packages/mission_interfaces/srv/_set_drone_config_s.c
[0.472s] -- Up-to-date symlink: /home/ajaikumar/nidar-2/nidar_ws/install/mission_interfaces/lib/python3.10/site-packages/mission_interfaces/srv/_set_flight_timeout.py
[0.472s] -- Up-to-date symlink: /home/ajaikumar/nidar-2/nidar_ws/install/mission_interfaces/lib/python3.10/site-packages/mission_interfaces/srv/_set_flight_timeout_s.c
[0.472s] -- Up-to-date symlink: /home/ajaikumar/nidar-2/nidar_ws/install/mission_interfaces/lib/python3.10/site-packages/mission_interfaces/mission_interfaces_s__rosidl_typesupport_fastrtps_c.cpython-310-x86_64-linux-gnu.so
[0.473s] -- Up-to-date symlink: /home/ajaikumar/nidar-2/nidar_ws/install/mission_interfaces/lib/python3.10/site-packages/mission_interfaces/mission_interfaces_s__rosidl_typesupport_introspection_c.cpython-310-x86_64-linux-gnu.so
[0.473s] -- Up-to-date symlink: /home/ajaikumar/nidar-2/nidar_ws/install/mission_interfaces/lib/python3.10/site-packages/mission_interfaces/mission_interfaces_s__rosidl_typesupport_c.cpython-310-x86_64-linux-gnu.so
[0.473s] -- Up-to-date symlink: /home/ajaikumar/nidar-2/nidar_ws/install/mission_interfaces/share/mission_interfaces/srv/GetLawnmowerPath.idl
[0.474s] -- Up-to-date symlink: /home/ajaikumar/nidar-2/nidar_ws/install/mission_interfaces/share/mission_interfaces/srv/SetComConfig.idl
[0.474s] -- Up-to-date symlink: /home/ajaikumar/nidar-2/nidar_ws/install/mission_interfaces/share/mission_interfaces/srv/GetComConfig.idl
[0.474s] -- Up-to-date symlink: /home/ajaikumar/nidar-2/nidar_ws/install/mission_interfaces/share/mission_interfaces/srv/SetDroneConfig.idl
[0.474s] -- Up-to-date symlink: /home/ajaikumar/nidar-2/nidar_ws/install/mission_interfaces/share/mission_interfaces/srv/GetDroneConfig.idl
[0.474s] -- Up-to-date symlink: /home/ajaikumar/nidar-2/nidar_ws/install/mission_interfaces/share/mission_interfaces/srv/SetFlightTimeout.idl
[0.474s] -- Up-to-date symlink: /home/ajaikumar/nidar-2/nidar_ws/install/mission_interfaces/share/mission_interfaces/srv/GetFlightTimeout.idl
[0.474s] -- Up-to-date symlink: /home/ajaikumar/nidar-2/nidar_ws/install/mission_interfaces/share/mission_interfaces/action/ScoutActionTrigger.idl
[0.475s] -- Up-to-date symlink: /home/ajaikumar/nidar-2/nidar_ws/install/mission_interfaces/share/mission_interfaces/action/SprayActionTrigger.idl
[0.475s] -- Up-to-date symlink: /home/ajaikumar/nidar-2/nidar_ws/install/mission_interfaces/share/mission_interfaces/srv/GetLawnmowerPath.srv
[0.475s] -- Up-to-date symlink: /home/ajaikumar/nidar-2/nidar_ws/install/mission_interfaces/share/mission_interfaces/srv/GetLawnmowerPath_Request.msg
[0.475s] -- Up-to-date symlink: /home/ajaikumar/nidar-2/nidar_ws/install/mission_interfaces/share/mission_interfaces/srv/GetLawnmowerPath_Response.msg
[0.475s] -- Up-to-date symlink: /home/ajaikumar/nidar-2/nidar_ws/install/mission_interfaces/share/mission_interfaces/srv/SetComConfig.srv
[0.475s] -- Up-to-date symlink: /home/ajaikumar/nidar-2/nidar_ws/install/mission_interfaces/share/mission_interfaces/srv/SetComConfig_Request.msg
[0.476s] -- Up-to-date symlink: /home/ajaikumar/nidar-2/nidar_ws/install/mission_interfaces/share/mission_interfaces/srv/SetComConfig_Response.msg
[0.476s] -- Up-to-date symlink: /home/ajaikumar/nidar-2/nidar_ws/install/mission_interfaces/share/mission_interfaces/srv/GetComConfig.srv
[0.476s] -- Up-to-date symlink: /home/ajaikumar/nidar-2/nidar_ws/install/mission_interfaces/share/mission_interfaces/srv/GetComConfig_Request.msg
[0.476s] -- Up-to-date symlink: /home/ajaikumar/nidar-2/nidar_ws/install/mission_interfaces/share/mission_interfaces/srv/GetComConfig_Response.msg
[0.476s] -- Up-to-date symlink: /home/ajaikumar/nidar-2/nidar_ws/install/mission_interfaces/share/mission_interfaces/srv/SetDroneConfig.srv
[0.476s] -- Up-to-date symlink: /home/ajaikumar/nidar-2/nidar_ws/install/mission_interfaces/share/mission_interfaces/srv/SetDroneConfig_Request.msg
[0.476s] -- Up-to-date symlink: /home/ajaikumar/nidar-2/nidar_ws/install/mission_interfaces/share/mission_interfaces/srv/SetDroneConfig_Response.msg
[0.477s] -- Up-to-date symlink: /home/ajaikumar/nidar-2/nidar_ws/install/mission_interfaces/share/mission_interfaces/srv/GetDroneConfig.srv
[0.477s] -- Up-to-date symlink: /home/ajaikumar/nidar-2/nidar_ws/install/mission_interfaces/share/mission_interfaces/srv/GetDroneConfig_Request.msg
[0.477s] -- Up-to-date symlink: /home/ajaikumar/nidar-2/nidar_ws/install/mission_interfaces/share/mission_interfaces/srv/GetDroneConfig_Response.msg
[0.477s] -- Up-to-date symlink: /home/ajaikumar/nidar-2/nidar_ws/install/mission_interfaces/share/mission_interfaces/srv/SetFlightTimeout.srv
[0.477s] -- Up-to-date symlink: /home/ajaikumar/nidar-2/nidar_ws/install/mission_interfaces/share/mission_interfaces/srv/SetFlightTimeout_Request.msg
[0.477s] -- Up-to-date symlink: /home/ajaikumar/nidar-2/nidar_ws/install/mission_interfaces/share/mission_interfaces/srv/SetFlightTimeout_Response.msg
[0.478s] -- Up-to-date symlink: /home/ajaikumar/nidar-2/nidar_ws/install/mission_interfaces/share/mission_interfaces/srv/GetFlightTimeout.srv
[0.478s] -- Up-to-date symlink: /home/ajaikumar/nidar-2/nidar_ws/install/mission_interfaces/share/mission_interfaces/srv/GetFlightTimeout_Request.msg
[0.478s] -- Up-to-date symlink: /home/ajaikumar/nidar-2/nidar_ws/install/mission_interfaces/share/mission_interfaces/srv/GetFlightTimeout_Response.msg
[0.478s] -- Up-to-date symlink: /home/ajaikumar/nidar-2/nidar_ws/install/mission_interfaces/share/mission_interfaces/action/ScoutActionTrigger.action
[0.478s] -- Up-to-date symlink: /home/ajaikumar/nidar-2/nidar_ws/install/mission_interfaces/share/mission_interfaces/action/SprayActionTrigger.action
[0.478s] -- Up-to-date symlink: /home/ajaikumar/nidar-2/nidar_ws/install/mission_interfaces/share/ament_index/resource_index/package_run_dependencies/mission_interfaces
[0.479s] -- Up-to-date symlink: /home/ajaikumar/nidar-2/nidar_ws/install/mission_interfaces/share/ament_index/resource_index/parent_prefix_path/mission_interfaces
[0.479s] -- Up-to-date symlink: /home/ajaikumar/nidar-2/nidar_ws/install/mission_interfaces/share/mission_interfaces/environment/ament_prefix_path.sh
[0.479s] -- Up-to-date symlink: /home/ajaikumar/nidar-2/nidar_ws/install/mission_interfaces/share/mission_interfaces/environment/ament_prefix_path.dsv
[0.479s] -- Up-to-date symlink: /home/ajaikumar/nidar-2/nidar_ws/install/mission_interfaces/share/mission_interfaces/environment/path.sh
[0.479s] -- Up-to-date symlink: /home/ajaikumar/nidar-2/nidar_ws/install/mission_interfaces/share/mission_interfaces/environment/path.dsv
[0.479s] -- Up-to-date symlink: /home/ajaikumar/nidar-2/nidar_ws/install/mission_interfaces/share/mission_interfaces/local_setup.bash
[0.479s] -- Up-to-date symlink: /home/ajaikumar/nidar-2/nidar_ws/install/mission_interfaces/share/mission_interfaces/local_setup.sh
[0.480s] -- Up-to-date symlink: /home/ajaikumar/nidar-2/nidar_ws/install/mission_interfaces/share/mission_interfaces/local_setup.zsh
[0.480s] -- Up-to-date symlink: /home/ajaikumar/nidar-2/nidar_ws/install/mission_interfaces/share/mission_interfaces/local_setup.dsv
[0.480s] -- Symlinking: /home/ajaikumar/nidar-2/nidar_ws/install/mission_interfaces/share/mission_interfaces/package.dsv
[0.490s] -- Up-to-date symlink: /home/ajaikumar/nidar-2/nidar_ws/install/mission_interfaces/share/ament_index/resource_index/packages/mission_interfaces
[0.490s] -- Up-to-date symlink: /home/ajaikumar/nidar-2/nidar_ws/install/mission_interfaces/share/mission_interfaces/cmake/rosidl_cmake-extras.cmake
[0.490s] -- Up-to-date symlink: /home/ajaikumar/nidar-2/nidar_ws/install/mission_interfaces/share/mission_interfaces/cmake/ament_cmake_export_dependencies-extras.cmake
[0.490s] -- Up-to-date symlink: /home/ajaikumar/nidar-2/nidar_ws/install/mission_interfaces/share/mission_interfaces/cmake/ament_cmake_export_include_directories-extras.cmake
[0.491s] -- Up-to-date symlink: /home/ajaikumar/nidar-2/nidar_ws/install/mission_interfaces/share/mission_interfaces/cmake/ament_cmake_export_libraries-extras.cmake
[0.491s] -- Up-to-date symlink: /home/ajaikumar/nidar-2/nidar_ws/install/mission_interfaces/share/mission_interfaces/cmake/ament_cmake_export_targets-extras.cmake
[0.491s] -- Up-to-date symlink: /home/ajaikumar/nidar-2/nidar_ws/install/mission_interfaces/share/mission_interfaces/cmake/rosidl_cmake_export_typesupport_targets-extras.cmake
[0.491s] -- Up-to-date symlink: /home/ajaikumar/nidar-2/nidar_ws/install/mission_interfaces/share/mission_interfaces/cmake/rosidl_cmake_export_typesupport_libraries-extras.cmake
[0.491s] -- Up-to-date symlink: /home/ajaikumar/nidar-2/nidar_ws/install/mission_interfaces/share/mission_interfaces/cmake/mission_interfacesConfig.cmake
[0.492s] -- Up-to-date symlink: /home/ajaikumar/nidar-2/nidar_ws/install/mission_interfaces/share/mission_interfaces/cmake/mission_interfacesConfig-version.cmake
[0.492s] -- Up-to-date symlink: /home/ajaikumar/nidar-2/nidar_ws/install/mission_interfaces/share/mission_interfaces/package.xml
[0.492s] -- Up-to-date: /home/ajaikumar/nidar-2/nidar_ws/install/mission_interfaces/lib/libmission_interfaces__rosidl_generator_c.so
[0.493s] -- Up-to-date: /home/ajaikumar/nidar-2/nidar_ws/install/mission_interfaces/lib/libmission_interfaces__rosidl_typesupport_fastrtps_c.so
[0.494s] -- Up-to-date: /home/ajaikumar/nidar-2/nidar_ws/install/mission_interfaces/lib/libmission_interfaces__rosidl_typesupport_introspection_c.so
[0.494s] -- Up-to-date: /home/ajaikumar/nidar-2/nidar_ws/install/mission_interfaces/lib/libmission_interfaces__rosidl_typesupport_c.so
[0.495s] -- Up-to-date: /home/ajaikumar/nidar-2/nidar_ws/install/mission_interfaces/lib/libmission_interfaces__rosidl_typesupport_fastrtps_cpp.so
[0.496s] -- Up-to-date: /home/ajaikumar/nidar-2/nidar_ws/install/mission_interfaces/lib/libmission_interfaces__rosidl_typesupport_introspection_cpp.so
[0.496s] -- Up-to-date: /home/ajaikumar/nidar-2/nidar_ws/install/mission_interfaces/lib/libmission_interfaces__rosidl_typesupport_cpp.so
[0.531s] Listing '/home/ajaikumar/nidar-2/nidar_ws/install/mission_interfaces/lib/python3.10/site-packages/mission_interfaces'...
[0.531s] Listing '/home/ajaikumar/nidar-2/nidar_ws/install/mission_interfaces/lib/python3.10/site-packages/mission_interfaces/action'...
[0.532s] Listing '/home/ajaikumar/nidar-2/nidar_ws/install/mission_interfaces/lib/python3.10/site-packages/mission_interfaces/srv'...
[0.535s] -- Up-to-date: /home/ajaikumar/nidar-2/nidar_ws/install/mission_interfaces/lib/libmission_interfaces__rosidl_generator_py.so
[0.536s] -- Up-to-date: /home/ajaikumar/nidar-2/nidar_ws/install/mission_interfaces/share/mission_interfaces/cmake/export_mission_interfaces__rosidl_generator_cExport.cmake
[0.536s] -- Up-to-date: /home/ajaikumar/nidar-2/nidar_ws/install/mission_interfaces/share/mission_interfaces/cmake/export_mission_interfaces__rosidl_generator_cExport-noconfig.cmake
[0.537s] -- Up-to-date: /home/ajaikumar/nidar-2/nidar_ws/install/mission_interfaces/share/mission_interfaces/cmake/export_mission_interfaces__rosidl_typesupport_fastrtps_cExport.cmake
[0.537s] -- Up-to-date: /home/ajaikumar/nidar-2/nidar_ws/install/mission_interfaces/share/mission_interfaces/cmake/export_mission_interfaces__rosidl_typesupport_fastrtps_cExport-noconfig.cmake
[0.537s] -- Up-to-date: /home/ajaikumar/nidar-2/nidar_ws/install/mission_interfaces/share/mission_interfaces/cmake/mission_interfaces__rosidl_typesupport_introspection_cExport.cmake
[0.537s] -- Up-to-date: /home/ajaikumar/nidar-2/nidar_ws/install/mission_interfaces/share/mission_interfaces/cmake/mission_interfaces__rosidl_typesupport_introspection_cExport-noconfig.cmake
[0.537s] -- Up-to-date: /home/ajaikumar/nidar-2/nidar_ws/install/mission_interfaces/share/mission_interfaces/cmake/mission_interfaces__rosidl_typesupport_cExport.cmake
[0.537s] -- Up-to-date: /home/ajaikumar/nidar-2/nidar_ws/install/mission_interfaces/share/mission_interfaces/cmake/mission_interfaces__rosidl_typesupport_cExport-noconfig.cmake
[0.538s] -- Up-to-date: /home/ajaikumar/nidar-2/nidar_ws/install/mission_interfaces/share/mission_interfaces/cmake/export_mission_interfaces__rosidl_generator_cppExport.cmake
[0.538s] -- Up-to-date: /home/ajaikumar/nidar-2/nidar_ws/install/mission_interfaces/share/mission_interfaces/cmake/export_mission_interfaces__rosidl_typesupport_fastrtps_cppExport.cmake
[0.538s] -- Up-to-date: /home/ajaikumar/nidar-2/nidar_ws/install/mission_interfaces/share/mission_interfaces/cmake/export_mission_interfaces__rosidl_typesupport_fastrtps_cppExport-noconfig.cmake
[0.539s] -- Up-to-date: /home/ajaikumar/nidar-2/nidar_ws/install/mission_interfaces/share/mission_interfaces/cmake/mission_interfaces__rosidl_typesupport_introspection_cppExport.cmake
[0.539s] -- Up-to-date: /home/ajaikumar/nidar-2/nidar_ws/install/mission_interfaces/share/mission_interfaces/cmake/mission_interfaces__rosidl_typesupport_introspection_cppExport-noconfig.cmake
[0.540s] -- Up-to-date: /home/ajaikumar/nidar-2/nidar_ws/install/mission_interfaces/share/mission_interfaces/cmake/mission_interfaces__rosidl_typesupport_cppExport.cmake
[0.540s] -- Up-to-date: /home/ajaikumar/nidar-2/nidar_ws/install/mission_interfaces/share/mission_interfaces/cmake/mission_interfaces__rosidl_typesupport_cppExport-noconfig.cmake
[0.540s] -- Up-to-date: /home/ajaikumar/nidar-2/nidar_ws/install/mission_interfaces/share/mission_interfaces/cmake/export_mission_interfaces__rosidl_generator_pyExport.cmake
[0.540s] -- Up-to-date: /home/ajaikumar/nidar-2/nidar_ws/install/mission_interfaces/share/mission_interfaces/cmake/export_mission_interfaces__rosidl_generator_pyExport-noconfig.cmake
[0.553s] Invoked command in '/home/ajaikumar/nidar-2/nidar_ws/build/mission_interfaces' returned '0': CMAKE_PREFIX_PATH=/home/ajaikumar/ros2_ws/install/my_robot_controller:/opt/ros/humble VIRTUAL_ENV_PROMPT=(.local) /usr/bin/cmake --install /home/ajaikumar/nidar-2/nidar_ws/build/mission_interfaces
