[0.017s] Invoking command in '/home/ajaikumar/nidar-2/nidar_ws/build/mission_interfaces': CMAKE_PREFIX_PATH=${CMAKE_PREFIX_PATH}:/home/ajaikumar/nidar-2/nidar_ws/install/model_inference:/home/ajaikumar/nidar-2/nidar_ws/install/mission_manager:/home/ajaikumar/ros2_ws/install/my_robot_controller:/opt/ros/humble VIRTUAL_ENV_PROMPT=(.local) /usr/bin/cmake --build /home/ajaikumar/nidar-2/nidar_ws/build/mission_interfaces -- -j12 -l12
[0.086s] [ 12%] Built target mission_interfaces__cpp
[0.086s] [ 12%] Built target mission_interfaces__rosidl_generator_c
[0.100s] [ 12%] Built target ament_cmake_python_symlink_mission_interfaces
[0.128s] [ 47%] Built target mission_interfaces__rosidl_typesupport_cpp
[0.128s] [ 47%] Built target mission_interfaces__rosidl_typesupport_introspection_c
[0.129s] [ 47%] Built target mission_interfaces__rosidl_typesupport_c
[0.129s] [ 58%] Built target mission_interfaces__rosidl_typesupport_fastrtps_cpp
[0.133s] [ 70%] Built target mission_interfaces__rosidl_typesupport_introspection_cpp
[0.134s] [ 82%] Built target mission_interfaces__rosidl_typesupport_fastrtps_c
[0.161s] [ 82%] Built target mission_interfaces
[0.193s] [ 83%] Built target mission_interfaces__py
[0.221s] [ 93%] Built target mission_interfaces__rosidl_generator_py
[0.252s] [ 97%] Built target mission_interfaces__rosidl_typesupport_introspection_c__pyext
[0.252s] [ 97%] Built target mission_interfaces__rosidl_typesupport_fastrtps_c__pyext
[0.254s] [100%] Built target mission_interfaces__rosidl_typesupport_c__pyext
[0.371s] running egg_info
[0.372s] writing mission_interfaces.egg-info/PKG-INFO
[0.372s] writing dependency_links to mission_interfaces.egg-info/dependency_links.txt
[0.373s] writing top-level names to mission_interfaces.egg-info/top_level.txt
[0.377s] reading manifest file 'mission_interfaces.egg-info/SOURCES.txt'
[0.378s] writing manifest file 'mission_interfaces.egg-info/SOURCES.txt'
[0.475s] [100%] Built target ament_cmake_python_build_mission_interfaces_egg
[0.501s] Invoked command in '/home/ajaikumar/nidar-2/nidar_ws/build/mission_interfaces' returned '0': CMAKE_PREFIX_PATH=${CMAKE_PREFIX_PATH}:/home/ajaikumar/nidar-2/nidar_ws/install/model_inference:/home/ajaikumar/nidar-2/nidar_ws/install/mission_manager:/home/ajaikumar/ros2_ws/install/my_robot_controller:/opt/ros/humble VIRTUAL_ENV_PROMPT=(.local) /usr/bin/cmake --build /home/ajaikumar/nidar-2/nidar_ws/build/mission_interfaces -- -j12 -l12
[0.507s] Invoking command in '/home/ajaikumar/nidar-2/nidar_ws/build/mission_interfaces': CMAKE_PREFIX_PATH=${CMAKE_PREFIX_PATH}:/home/ajaikumar/nidar-2/nidar_ws/install/model_inference:/home/ajaikumar/nidar-2/nidar_ws/install/mission_manager:/home/ajaikumar/ros2_ws/install/my_robot_controller:/opt/ros/humble VIRTUAL_ENV_PROMPT=(.local) /usr/bin/cmake --install /home/ajaikumar/nidar-2/nidar_ws/build/mission_interfaces
[0.518s] -- Install configuration: ""
[0.519s] -- Execute custom install script
[0.520s] -- Up-to-date symlink: /home/ajaikumar/nidar-2/nidar_ws/install/mission_interfaces/share/ament_index/resource_index/rosidl_interfaces/mission_interfaces
[0.521s] -- Up-to-date symlink: /home/ajaikumar/nidar-2/nidar_ws/install/mission_interfaces/include/mission_interfaces/mission_interfaces/action/delivery_action_trigger.h
[0.521s] -- Up-to-date symlink: /home/ajaikumar/nidar-2/nidar_ws/install/mission_interfaces/include/mission_interfaces/mission_interfaces/action/detail/delivery_action_trigger__functions.h
[0.521s] -- Up-to-date symlink: /home/ajaikumar/nidar-2/nidar_ws/install/mission_interfaces/include/mission_interfaces/mission_interfaces/action/detail/delivery_action_trigger__struct.h
[0.521s] -- Up-to-date symlink: /home/ajaikumar/nidar-2/nidar_ws/install/mission_interfaces/include/mission_interfaces/mission_interfaces/action/detail/delivery_action_trigger__type_support.h
[0.522s] -- Up-to-date symlink: /home/ajaikumar/nidar-2/nidar_ws/install/mission_interfaces/include/mission_interfaces/mission_interfaces/action/detail/scout_action_trigger__functions.h
[0.522s] -- Up-to-date symlink: /home/ajaikumar/nidar-2/nidar_ws/install/mission_interfaces/include/mission_interfaces/mission_interfaces/action/detail/scout_action_trigger__struct.h
[0.522s] -- Up-to-date symlink: /home/ajaikumar/nidar-2/nidar_ws/install/mission_interfaces/include/mission_interfaces/mission_interfaces/action/detail/scout_action_trigger__type_support.h
[0.522s] -- Up-to-date symlink: /home/ajaikumar/nidar-2/nidar_ws/install/mission_interfaces/include/mission_interfaces/mission_interfaces/action/detail/spray_action_trigger__functions.h
[0.522s] -- Up-to-date symlink: /home/ajaikumar/nidar-2/nidar_ws/install/mission_interfaces/include/mission_interfaces/mission_interfaces/action/detail/spray_action_trigger__struct.h
[0.523s] -- Up-to-date symlink: /home/ajaikumar/nidar-2/nidar_ws/install/mission_interfaces/include/mission_interfaces/mission_interfaces/action/detail/spray_action_trigger__type_support.h
[0.523s] -- Up-to-date symlink: /home/ajaikumar/nidar-2/nidar_ws/install/mission_interfaces/include/mission_interfaces/mission_interfaces/action/scout_action_trigger.h
[0.523s] -- Up-to-date symlink: /home/ajaikumar/nidar-2/nidar_ws/install/mission_interfaces/include/mission_interfaces/mission_interfaces/action/spray_action_trigger.h
[0.523s] -- Up-to-date symlink: /home/ajaikumar/nidar-2/nidar_ws/install/mission_interfaces/include/mission_interfaces/mission_interfaces/msg/rosidl_generator_c__visibility_control.h
[0.523s] -- Up-to-date symlink: /home/ajaikumar/nidar-2/nidar_ws/install/mission_interfaces/include/mission_interfaces/mission_interfaces/srv/detail/get_com_config__functions.h
[0.523s] -- Up-to-date symlink: /home/ajaikumar/nidar-2/nidar_ws/install/mission_interfaces/include/mission_interfaces/mission_interfaces/srv/detail/get_com_config__struct.h
[0.523s] -- Up-to-date symlink: /home/ajaikumar/nidar-2/nidar_ws/install/mission_interfaces/include/mission_interfaces/mission_interfaces/srv/detail/get_com_config__type_support.h
[0.523s] -- Up-to-date symlink: /home/ajaikumar/nidar-2/nidar_ws/install/mission_interfaces/include/mission_interfaces/mission_interfaces/srv/detail/get_drone_config__functions.h
[0.524s] -- Up-to-date symlink: /home/ajaikumar/nidar-2/nidar_ws/install/mission_interfaces/include/mission_interfaces/mission_interfaces/srv/detail/get_drone_config__struct.h
[0.524s] -- Up-to-date symlink: /home/ajaikumar/nidar-2/nidar_ws/install/mission_interfaces/include/mission_interfaces/mission_interfaces/srv/detail/get_drone_config__type_support.h
[0.524s] -- Up-to-date symlink: /home/ajaikumar/nidar-2/nidar_ws/install/mission_interfaces/include/mission_interfaces/mission_interfaces/srv/detail/get_flight_timeout__functions.h
[0.524s] -- Up-to-date symlink: /home/ajaikumar/nidar-2/nidar_ws/install/mission_interfaces/include/mission_interfaces/mission_interfaces/srv/detail/get_flight_timeout__struct.h
[0.524s] -- Up-to-date symlink: /home/ajaikumar/nidar-2/nidar_ws/install/mission_interfaces/include/mission_interfaces/mission_interfaces/srv/detail/get_flight_timeout__type_support.h
[0.524s] -- Up-to-date symlink: /home/ajaikumar/nidar-2/nidar_ws/install/mission_interfaces/include/mission_interfaces/mission_interfaces/srv/detail/get_lawnmower_path__functions.h
[0.524s] -- Up-to-date symlink: /home/ajaikumar/nidar-2/nidar_ws/install/mission_interfaces/include/mission_interfaces/mission_interfaces/srv/detail/get_lawnmower_path__struct.h
[0.525s] -- Up-to-date symlink: /home/ajaikumar/nidar-2/nidar_ws/install/mission_interfaces/include/mission_interfaces/mission_interfaces/srv/detail/get_lawnmower_path__type_support.h
[0.525s] -- Up-to-date symlink: /home/ajaikumar/nidar-2/nidar_ws/install/mission_interfaces/include/mission_interfaces/mission_interfaces/srv/detail/set_com_config__functions.h
[0.525s] -- Up-to-date symlink: /home/ajaikumar/nidar-2/nidar_ws/install/mission_interfaces/include/mission_interfaces/mission_interfaces/srv/detail/set_com_config__struct.h
[0.525s] -- Up-to-date symlink: /home/ajaikumar/nidar-2/nidar_ws/install/mission_interfaces/include/mission_interfaces/mission_interfaces/srv/detail/set_com_config__type_support.h
[0.525s] -- Up-to-date symlink: /home/ajaikumar/nidar-2/nidar_ws/install/mission_interfaces/include/mission_interfaces/mission_interfaces/srv/detail/set_drone_config__functions.h
[0.525s] -- Up-to-date symlink: /home/ajaikumar/nidar-2/nidar_ws/install/mission_interfaces/include/mission_interfaces/mission_interfaces/srv/detail/set_drone_config__struct.h
[0.526s] -- Up-to-date symlink: /home/ajaikumar/nidar-2/nidar_ws/install/mission_interfaces/include/mission_interfaces/mission_interfaces/srv/detail/set_drone_config__type_support.h
[0.526s] -- Up-to-date symlink: /home/ajaikumar/nidar-2/nidar_ws/install/mission_interfaces/include/mission_interfaces/mission_interfaces/srv/detail/set_flight_timeout__functions.h
[0.526s] -- Up-to-date symlink: /home/ajaikumar/nidar-2/nidar_ws/install/mission_interfaces/include/mission_interfaces/mission_interfaces/srv/detail/set_flight_timeout__struct.h
[0.526s] -- Up-to-date symlink: /home/ajaikumar/nidar-2/nidar_ws/install/mission_interfaces/include/mission_interfaces/mission_interfaces/srv/detail/set_flight_timeout__type_support.h
[0.526s] -- Up-to-date symlink: /home/ajaikumar/nidar-2/nidar_ws/install/mission_interfaces/include/mission_interfaces/mission_interfaces/srv/get_com_config.h
[0.527s] -- Up-to-date symlink: /home/ajaikumar/nidar-2/nidar_ws/install/mission_interfaces/include/mission_interfaces/mission_interfaces/srv/get_drone_config.h
[0.527s] -- Up-to-date symlink: /home/ajaikumar/nidar-2/nidar_ws/install/mission_interfaces/include/mission_interfaces/mission_interfaces/srv/get_flight_timeout.h
[0.527s] -- Up-to-date symlink: /home/ajaikumar/nidar-2/nidar_ws/install/mission_interfaces/include/mission_interfaces/mission_interfaces/srv/get_lawnmower_path.h
[0.527s] -- Up-to-date symlink: /home/ajaikumar/nidar-2/nidar_ws/install/mission_interfaces/include/mission_interfaces/mission_interfaces/srv/set_com_config.h
[0.527s] -- Up-to-date symlink: /home/ajaikumar/nidar-2/nidar_ws/install/mission_interfaces/include/mission_interfaces/mission_interfaces/srv/set_drone_config.h
[0.528s] -- Up-to-date symlink: /home/ajaikumar/nidar-2/nidar_ws/install/mission_interfaces/include/mission_interfaces/mission_interfaces/srv/set_flight_timeout.h
[0.528s] -- Up-to-date symlink: /home/ajaikumar/nidar-2/nidar_ws/install/mission_interfaces/share/mission_interfaces/environment/library_path.sh
[0.528s] -- Up-to-date symlink: /home/ajaikumar/nidar-2/nidar_ws/install/mission_interfaces/share/mission_interfaces/environment/library_path.dsv
[0.531s] -- Up-to-date symlink: /home/ajaikumar/nidar-2/nidar_ws/install/mission_interfaces/include/mission_interfaces/mission_interfaces/action/detail/delivery_action_trigger__rosidl_typesupport_fastrtps_c.h
[0.531s] -- Up-to-date symlink: /home/ajaikumar/nidar-2/nidar_ws/install/mission_interfaces/include/mission_interfaces/mission_interfaces/action/detail/scout_action_trigger__rosidl_typesupport_fastrtps_c.h
[0.531s] -- Up-to-date symlink: /home/ajaikumar/nidar-2/nidar_ws/install/mission_interfaces/include/mission_interfaces/mission_interfaces/action/detail/spray_action_trigger__rosidl_typesupport_fastrtps_c.h
[0.531s] -- Up-to-date symlink: /home/ajaikumar/nidar-2/nidar_ws/install/mission_interfaces/include/mission_interfaces/mission_interfaces/msg/rosidl_typesupport_fastrtps_c__visibility_control.h
[0.531s] -- Up-to-date symlink: /home/ajaikumar/nidar-2/nidar_ws/install/mission_interfaces/include/mission_interfaces/mission_interfaces/srv/detail/get_com_config__rosidl_typesupport_fastrtps_c.h
[0.531s] -- Up-to-date symlink: /home/ajaikumar/nidar-2/nidar_ws/install/mission_interfaces/include/mission_interfaces/mission_interfaces/srv/detail/get_drone_config__rosidl_typesupport_fastrtps_c.h
[0.531s] -- Up-to-date symlink: /home/ajaikumar/nidar-2/nidar_ws/install/mission_interfaces/include/mission_interfaces/mission_interfaces/srv/detail/get_flight_timeout__rosidl_typesupport_fastrtps_c.h
[0.531s] -- Up-to-date symlink: /home/ajaikumar/nidar-2/nidar_ws/install/mission_interfaces/include/mission_interfaces/mission_interfaces/srv/detail/get_lawnmower_path__rosidl_typesupport_fastrtps_c.h
[0.531s] -- Up-to-date symlink: /home/ajaikumar/nidar-2/nidar_ws/install/mission_interfaces/include/mission_interfaces/mission_interfaces/srv/detail/set_com_config__rosidl_typesupport_fastrtps_c.h
[0.531s] -- Up-to-date symlink: /home/ajaikumar/nidar-2/nidar_ws/install/mission_interfaces/include/mission_interfaces/mission_interfaces/srv/detail/set_drone_config__rosidl_typesupport_fastrtps_c.h
[0.532s] -- Up-to-date symlink: /home/ajaikumar/nidar-2/nidar_ws/install/mission_interfaces/include/mission_interfaces/mission_interfaces/srv/detail/set_flight_timeout__rosidl_typesupport_fastrtps_c.h
[0.532s] -- Up-to-date symlink: /home/ajaikumar/nidar-2/nidar_ws/install/mission_interfaces/include/mission_interfaces/mission_interfaces/action/detail/delivery_action_trigger__rosidl_typesupport_introspection_c.h
[0.532s] -- Up-to-date symlink: /home/ajaikumar/nidar-2/nidar_ws/install/mission_interfaces/include/mission_interfaces/mission_interfaces/action/detail/scout_action_trigger__rosidl_typesupport_introspection_c.h
[0.532s] -- Up-to-date symlink: /home/ajaikumar/nidar-2/nidar_ws/install/mission_interfaces/include/mission_interfaces/mission_interfaces/action/detail/spray_action_trigger__rosidl_typesupport_introspection_c.h
[0.532s] -- Up-to-date symlink: /home/ajaikumar/nidar-2/nidar_ws/install/mission_interfaces/include/mission_interfaces/mission_interfaces/msg/rosidl_typesupport_introspection_c__visibility_control.h
[0.533s] -- Up-to-date symlink: /home/ajaikumar/nidar-2/nidar_ws/install/mission_interfaces/include/mission_interfaces/mission_interfaces/srv/detail/get_com_config__rosidl_typesupport_introspection_c.h
[0.533s] -- Up-to-date symlink: /home/ajaikumar/nidar-2/nidar_ws/install/mission_interfaces/include/mission_interfaces/mission_interfaces/srv/detail/get_drone_config__rosidl_typesupport_introspection_c.h
[0.533s] -- Up-to-date symlink: /home/ajaikumar/nidar-2/nidar_ws/install/mission_interfaces/include/mission_interfaces/mission_interfaces/srv/detail/get_flight_timeout__rosidl_typesupport_introspection_c.h
[0.533s] -- Up-to-date symlink: /home/ajaikumar/nidar-2/nidar_ws/install/mission_interfaces/include/mission_interfaces/mission_interfaces/srv/detail/get_lawnmower_path__rosidl_typesupport_introspection_c.h
[0.533s] -- Up-to-date symlink: /home/ajaikumar/nidar-2/nidar_ws/install/mission_interfaces/include/mission_interfaces/mission_interfaces/srv/detail/set_com_config__rosidl_typesupport_introspection_c.h
[0.533s] -- Up-to-date symlink: /home/ajaikumar/nidar-2/nidar_ws/install/mission_interfaces/include/mission_interfaces/mission_interfaces/srv/detail/set_drone_config__rosidl_typesupport_introspection_c.h
[0.534s] -- Up-to-date symlink: /home/ajaikumar/nidar-2/nidar_ws/install/mission_interfaces/include/mission_interfaces/mission_interfaces/srv/detail/set_flight_timeout__rosidl_typesupport_introspection_c.h
[0.535s] -- Up-to-date symlink: /home/ajaikumar/nidar-2/nidar_ws/install/mission_interfaces/include/mission_interfaces/mission_interfaces/action/delivery_action_trigger.hpp
[0.535s] -- Up-to-date symlink: /home/ajaikumar/nidar-2/nidar_ws/install/mission_interfaces/include/mission_interfaces/mission_interfaces/action/detail/delivery_action_trigger__builder.hpp
[0.535s] -- Up-to-date symlink: /home/ajaikumar/nidar-2/nidar_ws/install/mission_interfaces/include/mission_interfaces/mission_interfaces/action/detail/delivery_action_trigger__struct.hpp
[0.536s] -- Up-to-date symlink: /home/ajaikumar/nidar-2/nidar_ws/install/mission_interfaces/include/mission_interfaces/mission_interfaces/action/detail/delivery_action_trigger__traits.hpp
[0.536s] -- Up-to-date symlink: /home/ajaikumar/nidar-2/nidar_ws/install/mission_interfaces/include/mission_interfaces/mission_interfaces/action/detail/delivery_action_trigger__type_support.hpp
[0.536s] -- Up-to-date symlink: /home/ajaikumar/nidar-2/nidar_ws/install/mission_interfaces/include/mission_interfaces/mission_interfaces/action/detail/scout_action_trigger__builder.hpp
[0.537s] -- Up-to-date symlink: /home/ajaikumar/nidar-2/nidar_ws/install/mission_interfaces/include/mission_interfaces/mission_interfaces/action/detail/scout_action_trigger__struct.hpp
[0.537s] -- Up-to-date symlink: /home/ajaikumar/nidar-2/nidar_ws/install/mission_interfaces/include/mission_interfaces/mission_interfaces/action/detail/scout_action_trigger__traits.hpp
[0.537s] -- Up-to-date symlink: /home/ajaikumar/nidar-2/nidar_ws/install/mission_interfaces/include/mission_interfaces/mission_interfaces/action/detail/scout_action_trigger__type_support.hpp
[0.537s] -- Up-to-date symlink: /home/ajaikumar/nidar-2/nidar_ws/install/mission_interfaces/include/mission_interfaces/mission_interfaces/action/detail/spray_action_trigger__builder.hpp
[0.537s] -- Up-to-date symlink: /home/ajaikumar/nidar-2/nidar_ws/install/mission_interfaces/include/mission_interfaces/mission_interfaces/action/detail/spray_action_trigger__struct.hpp
[0.537s] -- Up-to-date symlink: /home/ajaikumar/nidar-2/nidar_ws/install/mission_interfaces/include/mission_interfaces/mission_interfaces/action/detail/spray_action_trigger__traits.hpp
[0.537s] -- Up-to-date symlink: /home/ajaikumar/nidar-2/nidar_ws/install/mission_interfaces/include/mission_interfaces/mission_interfaces/action/detail/spray_action_trigger__type_support.hpp
[0.537s] -- Up-to-date symlink: /home/ajaikumar/nidar-2/nidar_ws/install/mission_interfaces/include/mission_interfaces/mission_interfaces/action/scout_action_trigger.hpp
[0.538s] -- Up-to-date symlink: /home/ajaikumar/nidar-2/nidar_ws/install/mission_interfaces/include/mission_interfaces/mission_interfaces/action/spray_action_trigger.hpp
[0.538s] -- Up-to-date symlink: /home/ajaikumar/nidar-2/nidar_ws/install/mission_interfaces/include/mission_interfaces/mission_interfaces/msg/rosidl_generator_cpp__visibility_control.hpp
[0.538s] -- Up-to-date symlink: /home/ajaikumar/nidar-2/nidar_ws/install/mission_interfaces/include/mission_interfaces/mission_interfaces/srv/detail/get_com_config__builder.hpp
[0.538s] -- Up-to-date symlink: /home/ajaikumar/nidar-2/nidar_ws/install/mission_interfaces/include/mission_interfaces/mission_interfaces/srv/detail/get_com_config__struct.hpp
[0.538s] -- Up-to-date symlink: /home/ajaikumar/nidar-2/nidar_ws/install/mission_interfaces/include/mission_interfaces/mission_interfaces/srv/detail/get_com_config__traits.hpp
[0.539s] -- Up-to-date symlink: /home/ajaikumar/nidar-2/nidar_ws/install/mission_interfaces/include/mission_interfaces/mission_interfaces/srv/detail/get_com_config__type_support.hpp
[0.539s] -- Up-to-date symlink: /home/ajaikumar/nidar-2/nidar_ws/install/mission_interfaces/include/mission_interfaces/mission_interfaces/srv/detail/get_drone_config__builder.hpp
[0.539s] -- Up-to-date symlink: /home/ajaikumar/nidar-2/nidar_ws/install/mission_interfaces/include/mission_interfaces/mission_interfaces/srv/detail/get_drone_config__struct.hpp
[0.539s] -- Up-to-date symlink: /home/ajaikumar/nidar-2/nidar_ws/install/mission_interfaces/include/mission_interfaces/mission_interfaces/srv/detail/get_drone_config__traits.hpp
[0.539s] -- Up-to-date symlink: /home/ajaikumar/nidar-2/nidar_ws/install/mission_interfaces/include/mission_interfaces/mission_interfaces/srv/detail/get_drone_config__type_support.hpp
[0.539s] -- Up-to-date symlink: /home/ajaikumar/nidar-2/nidar_ws/install/mission_interfaces/include/mission_interfaces/mission_interfaces/srv/detail/get_flight_timeout__builder.hpp
[0.539s] -- Up-to-date symlink: /home/ajaikumar/nidar-2/nidar_ws/install/mission_interfaces/include/mission_interfaces/mission_interfaces/srv/detail/get_flight_timeout__struct.hpp
[0.539s] -- Up-to-date symlink: /home/ajaikumar/nidar-2/nidar_ws/install/mission_interfaces/include/mission_interfaces/mission_interfaces/srv/detail/get_flight_timeout__traits.hpp
[0.539s] -- Up-to-date symlink: /home/ajaikumar/nidar-2/nidar_ws/install/mission_interfaces/include/mission_interfaces/mission_interfaces/srv/detail/get_flight_timeout__type_support.hpp
[0.540s] -- Up-to-date symlink: /home/ajaikumar/nidar-2/nidar_ws/install/mission_interfaces/include/mission_interfaces/mission_interfaces/srv/detail/get_lawnmower_path__builder.hpp
[0.540s] -- Up-to-date symlink: /home/ajaikumar/nidar-2/nidar_ws/install/mission_interfaces/include/mission_interfaces/mission_interfaces/srv/detail/get_lawnmower_path__struct.hpp
[0.540s] -- Up-to-date symlink: /home/ajaikumar/nidar-2/nidar_ws/install/mission_interfaces/include/mission_interfaces/mission_interfaces/srv/detail/get_lawnmower_path__traits.hpp
[0.540s] -- Up-to-date symlink: /home/ajaikumar/nidar-2/nidar_ws/install/mission_interfaces/include/mission_interfaces/mission_interfaces/srv/detail/get_lawnmower_path__type_support.hpp
[0.540s] -- Up-to-date symlink: /home/ajaikumar/nidar-2/nidar_ws/install/mission_interfaces/include/mission_interfaces/mission_interfaces/srv/detail/set_com_config__builder.hpp
[0.540s] -- Up-to-date symlink: /home/ajaikumar/nidar-2/nidar_ws/install/mission_interfaces/include/mission_interfaces/mission_interfaces/srv/detail/set_com_config__struct.hpp
[0.541s] -- Up-to-date symlink: /home/ajaikumar/nidar-2/nidar_ws/install/mission_interfaces/include/mission_interfaces/mission_interfaces/srv/detail/set_com_config__traits.hpp
[0.541s] -- Up-to-date symlink: /home/ajaikumar/nidar-2/nidar_ws/install/mission_interfaces/include/mission_interfaces/mission_interfaces/srv/detail/set_com_config__type_support.hpp
[0.541s] -- Up-to-date symlink: /home/ajaikumar/nidar-2/nidar_ws/install/mission_interfaces/include/mission_interfaces/mission_interfaces/srv/detail/set_drone_config__builder.hpp
[0.541s] -- Up-to-date symlink: /home/ajaikumar/nidar-2/nidar_ws/install/mission_interfaces/include/mission_interfaces/mission_interfaces/srv/detail/set_drone_config__struct.hpp
[0.541s] -- Up-to-date symlink: /home/ajaikumar/nidar-2/nidar_ws/install/mission_interfaces/include/mission_interfaces/mission_interfaces/srv/detail/set_drone_config__traits.hpp
[0.541s] -- Up-to-date symlink: /home/ajaikumar/nidar-2/nidar_ws/install/mission_interfaces/include/mission_interfaces/mission_interfaces/srv/detail/set_drone_config__type_support.hpp
[0.542s] -- Up-to-date symlink: /home/ajaikumar/nidar-2/nidar_ws/install/mission_interfaces/include/mission_interfaces/mission_interfaces/srv/detail/set_flight_timeout__builder.hpp
[0.542s] -- Up-to-date symlink: /home/ajaikumar/nidar-2/nidar_ws/install/mission_interfaces/include/mission_interfaces/mission_interfaces/srv/detail/set_flight_timeout__struct.hpp
[0.542s] -- Up-to-date symlink: /home/ajaikumar/nidar-2/nidar_ws/install/mission_interfaces/include/mission_interfaces/mission_interfaces/srv/detail/set_flight_timeout__traits.hpp
[0.542s] -- Up-to-date symlink: /home/ajaikumar/nidar-2/nidar_ws/install/mission_interfaces/include/mission_interfaces/mission_interfaces/srv/detail/set_flight_timeout__type_support.hpp
[0.542s] -- Up-to-date symlink: /home/ajaikumar/nidar-2/nidar_ws/install/mission_interfaces/include/mission_interfaces/mission_interfaces/srv/get_com_config.hpp
[0.542s] -- Up-to-date symlink: /home/ajaikumar/nidar-2/nidar_ws/install/mission_interfaces/include/mission_interfaces/mission_interfaces/srv/get_drone_config.hpp
[0.543s] -- Up-to-date symlink: /home/ajaikumar/nidar-2/nidar_ws/install/mission_interfaces/include/mission_interfaces/mission_interfaces/srv/get_flight_timeout.hpp
[0.543s] -- Up-to-date symlink: /home/ajaikumar/nidar-2/nidar_ws/install/mission_interfaces/include/mission_interfaces/mission_interfaces/srv/get_lawnmower_path.hpp
[0.543s] -- Up-to-date symlink: /home/ajaikumar/nidar-2/nidar_ws/install/mission_interfaces/include/mission_interfaces/mission_interfaces/srv/set_com_config.hpp
[0.543s] -- Up-to-date symlink: /home/ajaikumar/nidar-2/nidar_ws/install/mission_interfaces/include/mission_interfaces/mission_interfaces/srv/set_drone_config.hpp
[0.543s] -- Up-to-date symlink: /home/ajaikumar/nidar-2/nidar_ws/install/mission_interfaces/include/mission_interfaces/mission_interfaces/srv/set_flight_timeout.hpp
[0.545s] -- Up-to-date symlink: /home/ajaikumar/nidar-2/nidar_ws/install/mission_interfaces/include/mission_interfaces/mission_interfaces/action/detail/delivery_action_trigger__rosidl_typesupport_fastrtps_cpp.hpp
[0.545s] -- Up-to-date symlink: /home/ajaikumar/nidar-2/nidar_ws/install/mission_interfaces/include/mission_interfaces/mission_interfaces/action/detail/scout_action_trigger__rosidl_typesupport_fastrtps_cpp.hpp
[0.545s] -- Up-to-date symlink: /home/ajaikumar/nidar-2/nidar_ws/install/mission_interfaces/include/mission_interfaces/mission_interfaces/action/detail/spray_action_trigger__rosidl_typesupport_fastrtps_cpp.hpp
[0.545s] -- Up-to-date symlink: /home/ajaikumar/nidar-2/nidar_ws/install/mission_interfaces/include/mission_interfaces/mission_interfaces/msg/rosidl_typesupport_fastrtps_cpp__visibility_control.h
[0.545s] -- Up-to-date symlink: /home/ajaikumar/nidar-2/nidar_ws/install/mission_interfaces/include/mission_interfaces/mission_interfaces/srv/detail/get_com_config__rosidl_typesupport_fastrtps_cpp.hpp
[0.546s] -- Up-to-date symlink: /home/ajaikumar/nidar-2/nidar_ws/install/mission_interfaces/include/mission_interfaces/mission_interfaces/srv/detail/get_drone_config__rosidl_typesupport_fastrtps_cpp.hpp
[0.546s] -- Up-to-date symlink: /home/ajaikumar/nidar-2/nidar_ws/install/mission_interfaces/include/mission_interfaces/mission_interfaces/srv/detail/get_flight_timeout__rosidl_typesupport_fastrtps_cpp.hpp
[0.546s] -- Up-to-date symlink: /home/ajaikumar/nidar-2/nidar_ws/install/mission_interfaces/include/mission_interfaces/mission_interfaces/srv/detail/get_lawnmower_path__rosidl_typesupport_fastrtps_cpp.hpp
[0.546s] -- Up-to-date symlink: /home/ajaikumar/nidar-2/nidar_ws/install/mission_interfaces/include/mission_interfaces/mission_interfaces/srv/detail/set_com_config__rosidl_typesupport_fastrtps_cpp.hpp
[0.546s] -- Up-to-date symlink: /home/ajaikumar/nidar-2/nidar_ws/install/mission_interfaces/include/mission_interfaces/mission_interfaces/srv/detail/set_drone_config__rosidl_typesupport_fastrtps_cpp.hpp
[0.546s] -- Up-to-date symlink: /home/ajaikumar/nidar-2/nidar_ws/install/mission_interfaces/include/mission_interfaces/mission_interfaces/srv/detail/set_flight_timeout__rosidl_typesupport_fastrtps_cpp.hpp
[0.547s] -- Up-to-date symlink: /home/ajaikumar/nidar-2/nidar_ws/install/mission_interfaces/include/mission_interfaces/mission_interfaces/action/detail/delivery_action_trigger__rosidl_typesupport_introspection_cpp.hpp
[0.547s] -- Up-to-date symlink: /home/ajaikumar/nidar-2/nidar_ws/install/mission_interfaces/include/mission_interfaces/mission_interfaces/action/detail/scout_action_trigger__rosidl_typesupport_introspection_cpp.hpp
[0.547s] -- Up-to-date symlink: /home/ajaikumar/nidar-2/nidar_ws/install/mission_interfaces/include/mission_interfaces/mission_interfaces/action/detail/spray_action_trigger__rosidl_typesupport_introspection_cpp.hpp
[0.547s] -- Up-to-date symlink: /home/ajaikumar/nidar-2/nidar_ws/install/mission_interfaces/include/mission_interfaces/mission_interfaces/srv/detail/get_com_config__rosidl_typesupport_introspection_cpp.hpp
[0.547s] -- Up-to-date symlink: /home/ajaikumar/nidar-2/nidar_ws/install/mission_interfaces/include/mission_interfaces/mission_interfaces/srv/detail/get_drone_config__rosidl_typesupport_introspection_cpp.hpp
[0.547s] -- Up-to-date symlink: /home/ajaikumar/nidar-2/nidar_ws/install/mission_interfaces/include/mission_interfaces/mission_interfaces/srv/detail/get_flight_timeout__rosidl_typesupport_introspection_cpp.hpp
[0.548s] -- Up-to-date symlink: /home/ajaikumar/nidar-2/nidar_ws/install/mission_interfaces/include/mission_interfaces/mission_interfaces/srv/detail/get_lawnmower_path__rosidl_typesupport_introspection_cpp.hpp
[0.548s] -- Up-to-date symlink: /home/ajaikumar/nidar-2/nidar_ws/install/mission_interfaces/include/mission_interfaces/mission_interfaces/srv/detail/set_com_config__rosidl_typesupport_introspection_cpp.hpp
[0.548s] -- Up-to-date symlink: /home/ajaikumar/nidar-2/nidar_ws/install/mission_interfaces/include/mission_interfaces/mission_interfaces/srv/detail/set_drone_config__rosidl_typesupport_introspection_cpp.hpp
[0.548s] -- Up-to-date symlink: /home/ajaikumar/nidar-2/nidar_ws/install/mission_interfaces/include/mission_interfaces/mission_interfaces/srv/detail/set_flight_timeout__rosidl_typesupport_introspection_cpp.hpp
[0.548s] -- Up-to-date symlink: /home/ajaikumar/nidar-2/nidar_ws/install/mission_interfaces/share/mission_interfaces/environment/pythonpath.sh
[0.548s] -- Up-to-date symlink: /home/ajaikumar/nidar-2/nidar_ws/install/mission_interfaces/share/mission_interfaces/environment/pythonpath.dsv
[0.548s] -- Up-to-date symlink: /home/ajaikumar/nidar-2/nidar_ws/install/mission_interfaces/lib/python3.10/site-packages/mission_interfaces-0.0.0-py3.10.egg-info/PKG-INFO
[0.549s] -- Up-to-date symlink: /home/ajaikumar/nidar-2/nidar_ws/install/mission_interfaces/lib/python3.10/site-packages/mission_interfaces-0.0.0-py3.10.egg-info/SOURCES.txt
[0.549s] -- Up-to-date symlink: /home/ajaikumar/nidar-2/nidar_ws/install/mission_interfaces/lib/python3.10/site-packages/mission_interfaces-0.0.0-py3.10.egg-info/dependency_links.txt
[0.549s] -- Up-to-date symlink: /home/ajaikumar/nidar-2/nidar_ws/install/mission_interfaces/lib/python3.10/site-packages/mission_interfaces-0.0.0-py3.10.egg-info/top_level.txt
[0.550s] -- Up-to-date symlink: /home/ajaikumar/nidar-2/nidar_ws/install/mission_interfaces/lib/python3.10/site-packages/mission_interfaces/__init__.py
[0.550s] -- Up-to-date symlink: /home/ajaikumar/nidar-2/nidar_ws/install/mission_interfaces/lib/python3.10/site-packages/mission_interfaces/_mission_interfaces_s.ep.rosidl_typesupport_c.c
[0.550s] -- Up-to-date symlink: /home/ajaikumar/nidar-2/nidar_ws/install/mission_interfaces/lib/python3.10/site-packages/mission_interfaces/_mission_interfaces_s.ep.rosidl_typesupport_fastrtps_c.c
[0.550s] -- Up-to-date symlink: /home/ajaikumar/nidar-2/nidar_ws/install/mission_interfaces/lib/python3.10/site-packages/mission_interfaces/_mission_interfaces_s.ep.rosidl_typesupport_introspection_c.c
[0.551s] -- Up-to-date symlink: /home/ajaikumar/nidar-2/nidar_ws/install/mission_interfaces/lib/python3.10/site-packages/mission_interfaces/action/__init__.py
[0.551s] -- Up-to-date symlink: /home/ajaikumar/nidar-2/nidar_ws/install/mission_interfaces/lib/python3.10/site-packages/mission_interfaces/action/_delivery_action_trigger.py
[0.551s] -- Up-to-date symlink: /home/ajaikumar/nidar-2/nidar_ws/install/mission_interfaces/lib/python3.10/site-packages/mission_interfaces/action/_delivery_action_trigger_s.c
[0.551s] -- Up-to-date symlink: /home/ajaikumar/nidar-2/nidar_ws/install/mission_interfaces/lib/python3.10/site-packages/mission_interfaces/action/_scout_action_trigger.py
[0.551s] -- Up-to-date symlink: /home/ajaikumar/nidar-2/nidar_ws/install/mission_interfaces/lib/python3.10/site-packages/mission_interfaces/action/_scout_action_trigger_s.c
[0.551s] -- Up-to-date symlink: /home/ajaikumar/nidar-2/nidar_ws/install/mission_interfaces/lib/python3.10/site-packages/mission_interfaces/action/_spray_action_trigger.py
[0.551s] -- Up-to-date symlink: /home/ajaikumar/nidar-2/nidar_ws/install/mission_interfaces/lib/python3.10/site-packages/mission_interfaces/action/_spray_action_trigger_s.c
[0.551s] -- Up-to-date symlink: /home/ajaikumar/nidar-2/nidar_ws/install/mission_interfaces/lib/python3.10/site-packages/mission_interfaces/libmission_interfaces__rosidl_generator_py.so
[0.551s] -- Up-to-date symlink: /home/ajaikumar/nidar-2/nidar_ws/install/mission_interfaces/lib/python3.10/site-packages/mission_interfaces/mission_interfaces_s__rosidl_typesupport_c.cpython-310-x86_64-linux-gnu.so
[0.552s] -- Up-to-date symlink: /home/ajaikumar/nidar-2/nidar_ws/install/mission_interfaces/lib/python3.10/site-packages/mission_interfaces/mission_interfaces_s__rosidl_typesupport_fastrtps_c.cpython-310-x86_64-linux-gnu.so
[0.552s] -- Up-to-date symlink: /home/ajaikumar/nidar-2/nidar_ws/install/mission_interfaces/lib/python3.10/site-packages/mission_interfaces/mission_interfaces_s__rosidl_typesupport_introspection_c.cpython-310-x86_64-linux-gnu.so
[0.552s] -- Up-to-date symlink: /home/ajaikumar/nidar-2/nidar_ws/install/mission_interfaces/lib/python3.10/site-packages/mission_interfaces/srv/__init__.py
[0.552s] -- Up-to-date symlink: /home/ajaikumar/nidar-2/nidar_ws/install/mission_interfaces/lib/python3.10/site-packages/mission_interfaces/srv/_get_com_config.py
[0.552s] -- Up-to-date symlink: /home/ajaikumar/nidar-2/nidar_ws/install/mission_interfaces/lib/python3.10/site-packages/mission_interfaces/srv/_get_com_config_s.c
[0.552s] -- Up-to-date symlink: /home/ajaikumar/nidar-2/nidar_ws/install/mission_interfaces/lib/python3.10/site-packages/mission_interfaces/srv/_get_drone_config.py
[0.552s] -- Up-to-date symlink: /home/ajaikumar/nidar-2/nidar_ws/install/mission_interfaces/lib/python3.10/site-packages/mission_interfaces/srv/_get_drone_config_s.c
[0.553s] -- Up-to-date symlink: /home/ajaikumar/nidar-2/nidar_ws/install/mission_interfaces/lib/python3.10/site-packages/mission_interfaces/srv/_get_flight_timeout.py
[0.553s] -- Up-to-date symlink: /home/ajaikumar/nidar-2/nidar_ws/install/mission_interfaces/lib/python3.10/site-packages/mission_interfaces/srv/_get_flight_timeout_s.c
[0.553s] -- Up-to-date symlink: /home/ajaikumar/nidar-2/nidar_ws/install/mission_interfaces/lib/python3.10/site-packages/mission_interfaces/srv/_get_lawnmower_path.py
[0.553s] -- Up-to-date symlink: /home/ajaikumar/nidar-2/nidar_ws/install/mission_interfaces/lib/python3.10/site-packages/mission_interfaces/srv/_get_lawnmower_path_s.c
[0.553s] -- Up-to-date symlink: /home/ajaikumar/nidar-2/nidar_ws/install/mission_interfaces/lib/python3.10/site-packages/mission_interfaces/srv/_set_com_config.py
[0.553s] -- Up-to-date symlink: /home/ajaikumar/nidar-2/nidar_ws/install/mission_interfaces/lib/python3.10/site-packages/mission_interfaces/srv/_set_com_config_s.c
[0.553s] -- Up-to-date symlink: /home/ajaikumar/nidar-2/nidar_ws/install/mission_interfaces/lib/python3.10/site-packages/mission_interfaces/srv/_set_drone_config.py
[0.553s] -- Up-to-date symlink: /home/ajaikumar/nidar-2/nidar_ws/install/mission_interfaces/lib/python3.10/site-packages/mission_interfaces/srv/_set_drone_config_s.c
[0.553s] -- Up-to-date symlink: /home/ajaikumar/nidar-2/nidar_ws/install/mission_interfaces/lib/python3.10/site-packages/mission_interfaces/srv/_set_flight_timeout.py
[0.553s] -- Up-to-date symlink: /home/ajaikumar/nidar-2/nidar_ws/install/mission_interfaces/lib/python3.10/site-packages/mission_interfaces/srv/_set_flight_timeout_s.c
[0.554s] -- Up-to-date symlink: /home/ajaikumar/nidar-2/nidar_ws/install/mission_interfaces/lib/python3.10/site-packages/mission_interfaces/mission_interfaces_s__rosidl_typesupport_fastrtps_c.cpython-310-x86_64-linux-gnu.so
[0.554s] -- Up-to-date symlink: /home/ajaikumar/nidar-2/nidar_ws/install/mission_interfaces/lib/python3.10/site-packages/mission_interfaces/mission_interfaces_s__rosidl_typesupport_introspection_c.cpython-310-x86_64-linux-gnu.so
[0.554s] -- Up-to-date symlink: /home/ajaikumar/nidar-2/nidar_ws/install/mission_interfaces/lib/python3.10/site-packages/mission_interfaces/mission_interfaces_s__rosidl_typesupport_c.cpython-310-x86_64-linux-gnu.so
[0.554s] -- Up-to-date symlink: /home/ajaikumar/nidar-2/nidar_ws/install/mission_interfaces/share/mission_interfaces/srv/GetLawnmowerPath.idl
[0.554s] -- Up-to-date symlink: /home/ajaikumar/nidar-2/nidar_ws/install/mission_interfaces/share/mission_interfaces/srv/SetComConfig.idl
[0.555s] -- Up-to-date symlink: /home/ajaikumar/nidar-2/nidar_ws/install/mission_interfaces/share/mission_interfaces/srv/GetComConfig.idl
[0.555s] -- Up-to-date symlink: /home/ajaikumar/nidar-2/nidar_ws/install/mission_interfaces/share/mission_interfaces/srv/SetDroneConfig.idl
[0.555s] -- Up-to-date symlink: /home/ajaikumar/nidar-2/nidar_ws/install/mission_interfaces/share/mission_interfaces/srv/GetDroneConfig.idl
[0.555s] -- Up-to-date symlink: /home/ajaikumar/nidar-2/nidar_ws/install/mission_interfaces/share/mission_interfaces/srv/SetFlightTimeout.idl
[0.555s] -- Up-to-date symlink: /home/ajaikumar/nidar-2/nidar_ws/install/mission_interfaces/share/mission_interfaces/srv/GetFlightTimeout.idl
[0.555s] -- Up-to-date symlink: /home/ajaikumar/nidar-2/nidar_ws/install/mission_interfaces/share/mission_interfaces/action/ScoutActionTrigger.idl
[0.555s] -- Up-to-date symlink: /home/ajaikumar/nidar-2/nidar_ws/install/mission_interfaces/share/mission_interfaces/action/SprayActionTrigger.idl
[0.556s] -- Up-to-date symlink: /home/ajaikumar/nidar-2/nidar_ws/install/mission_interfaces/share/mission_interfaces/srv/GetLawnmowerPath.srv
[0.556s] -- Up-to-date symlink: /home/ajaikumar/nidar-2/nidar_ws/install/mission_interfaces/share/mission_interfaces/srv/GetLawnmowerPath_Request.msg
[0.556s] -- Up-to-date symlink: /home/ajaikumar/nidar-2/nidar_ws/install/mission_interfaces/share/mission_interfaces/srv/GetLawnmowerPath_Response.msg
[0.556s] -- Up-to-date symlink: /home/ajaikumar/nidar-2/nidar_ws/install/mission_interfaces/share/mission_interfaces/srv/SetComConfig.srv
[0.556s] -- Up-to-date symlink: /home/ajaikumar/nidar-2/nidar_ws/install/mission_interfaces/share/mission_interfaces/srv/SetComConfig_Request.msg
[0.556s] -- Up-to-date symlink: /home/ajaikumar/nidar-2/nidar_ws/install/mission_interfaces/share/mission_interfaces/srv/SetComConfig_Response.msg
[0.557s] -- Up-to-date symlink: /home/ajaikumar/nidar-2/nidar_ws/install/mission_interfaces/share/mission_interfaces/srv/GetComConfig.srv
[0.557s] -- Up-to-date symlink: /home/ajaikumar/nidar-2/nidar_ws/install/mission_interfaces/share/mission_interfaces/srv/GetComConfig_Request.msg
[0.557s] -- Up-to-date symlink: /home/ajaikumar/nidar-2/nidar_ws/install/mission_interfaces/share/mission_interfaces/srv/GetComConfig_Response.msg
[0.557s] -- Up-to-date symlink: /home/ajaikumar/nidar-2/nidar_ws/install/mission_interfaces/share/mission_interfaces/srv/SetDroneConfig.srv
[0.557s] -- Up-to-date symlink: /home/ajaikumar/nidar-2/nidar_ws/install/mission_interfaces/share/mission_interfaces/srv/SetDroneConfig_Request.msg
[0.557s] -- Up-to-date symlink: /home/ajaikumar/nidar-2/nidar_ws/install/mission_interfaces/share/mission_interfaces/srv/SetDroneConfig_Response.msg
[0.557s] -- Up-to-date symlink: /home/ajaikumar/nidar-2/nidar_ws/install/mission_interfaces/share/mission_interfaces/srv/GetDroneConfig.srv
[0.558s] -- Up-to-date symlink: /home/ajaikumar/nidar-2/nidar_ws/install/mission_interfaces/share/mission_interfaces/srv/GetDroneConfig_Request.msg
[0.558s] -- Up-to-date symlink: /home/ajaikumar/nidar-2/nidar_ws/install/mission_interfaces/share/mission_interfaces/srv/GetDroneConfig_Response.msg
[0.558s] -- Up-to-date symlink: /home/ajaikumar/nidar-2/nidar_ws/install/mission_interfaces/share/mission_interfaces/srv/SetFlightTimeout.srv
[0.558s] -- Up-to-date symlink: /home/ajaikumar/nidar-2/nidar_ws/install/mission_interfaces/share/mission_interfaces/srv/SetFlightTimeout_Request.msg
[0.558s] -- Up-to-date symlink: /home/ajaikumar/nidar-2/nidar_ws/install/mission_interfaces/share/mission_interfaces/srv/SetFlightTimeout_Response.msg
[0.558s] -- Up-to-date symlink: /home/ajaikumar/nidar-2/nidar_ws/install/mission_interfaces/share/mission_interfaces/srv/GetFlightTimeout.srv
[0.558s] -- Up-to-date symlink: /home/ajaikumar/nidar-2/nidar_ws/install/mission_interfaces/share/mission_interfaces/srv/GetFlightTimeout_Request.msg
[0.559s] -- Up-to-date symlink: /home/ajaikumar/nidar-2/nidar_ws/install/mission_interfaces/share/mission_interfaces/srv/GetFlightTimeout_Response.msg
[0.559s] -- Up-to-date symlink: /home/ajaikumar/nidar-2/nidar_ws/install/mission_interfaces/share/mission_interfaces/action/ScoutActionTrigger.action
[0.559s] -- Up-to-date symlink: /home/ajaikumar/nidar-2/nidar_ws/install/mission_interfaces/share/mission_interfaces/action/SprayActionTrigger.action
[0.559s] -- Up-to-date symlink: /home/ajaikumar/nidar-2/nidar_ws/install/mission_interfaces/share/ament_index/resource_index/package_run_dependencies/mission_interfaces
[0.559s] -- Up-to-date symlink: /home/ajaikumar/nidar-2/nidar_ws/install/mission_interfaces/share/ament_index/resource_index/parent_prefix_path/mission_interfaces
[0.559s] -- Up-to-date symlink: /home/ajaikumar/nidar-2/nidar_ws/install/mission_interfaces/share/mission_interfaces/environment/ament_prefix_path.sh
[0.560s] -- Up-to-date symlink: /home/ajaikumar/nidar-2/nidar_ws/install/mission_interfaces/share/mission_interfaces/environment/ament_prefix_path.dsv
[0.560s] -- Up-to-date symlink: /home/ajaikumar/nidar-2/nidar_ws/install/mission_interfaces/share/mission_interfaces/environment/path.sh
[0.560s] -- Up-to-date symlink: /home/ajaikumar/nidar-2/nidar_ws/install/mission_interfaces/share/mission_interfaces/environment/path.dsv
[0.560s] -- Up-to-date symlink: /home/ajaikumar/nidar-2/nidar_ws/install/mission_interfaces/share/mission_interfaces/local_setup.bash
[0.560s] -- Up-to-date symlink: /home/ajaikumar/nidar-2/nidar_ws/install/mission_interfaces/share/mission_interfaces/local_setup.sh
[0.560s] -- Up-to-date symlink: /home/ajaikumar/nidar-2/nidar_ws/install/mission_interfaces/share/mission_interfaces/local_setup.zsh
[0.560s] -- Up-to-date symlink: /home/ajaikumar/nidar-2/nidar_ws/install/mission_interfaces/share/mission_interfaces/local_setup.dsv
[0.560s] -- Symlinking: /home/ajaikumar/nidar-2/nidar_ws/install/mission_interfaces/share/mission_interfaces/package.dsv
[0.573s] -- Up-to-date symlink: /home/ajaikumar/nidar-2/nidar_ws/install/mission_interfaces/share/ament_index/resource_index/packages/mission_interfaces
[0.573s] -- Up-to-date symlink: /home/ajaikumar/nidar-2/nidar_ws/install/mission_interfaces/share/mission_interfaces/cmake/rosidl_cmake-extras.cmake
[0.573s] -- Up-to-date symlink: /home/ajaikumar/nidar-2/nidar_ws/install/mission_interfaces/share/mission_interfaces/cmake/ament_cmake_export_dependencies-extras.cmake
[0.573s] -- Up-to-date symlink: /home/ajaikumar/nidar-2/nidar_ws/install/mission_interfaces/share/mission_interfaces/cmake/ament_cmake_export_include_directories-extras.cmake
[0.574s] -- Up-to-date symlink: /home/ajaikumar/nidar-2/nidar_ws/install/mission_interfaces/share/mission_interfaces/cmake/ament_cmake_export_libraries-extras.cmake
[0.574s] -- Up-to-date symlink: /home/ajaikumar/nidar-2/nidar_ws/install/mission_interfaces/share/mission_interfaces/cmake/ament_cmake_export_targets-extras.cmake
[0.574s] -- Up-to-date symlink: /home/ajaikumar/nidar-2/nidar_ws/install/mission_interfaces/share/mission_interfaces/cmake/rosidl_cmake_export_typesupport_targets-extras.cmake
[0.574s] -- Up-to-date symlink: /home/ajaikumar/nidar-2/nidar_ws/install/mission_interfaces/share/mission_interfaces/cmake/rosidl_cmake_export_typesupport_libraries-extras.cmake
[0.574s] -- Up-to-date symlink: /home/ajaikumar/nidar-2/nidar_ws/install/mission_interfaces/share/mission_interfaces/cmake/mission_interfacesConfig.cmake
[0.574s] -- Up-to-date symlink: /home/ajaikumar/nidar-2/nidar_ws/install/mission_interfaces/share/mission_interfaces/cmake/mission_interfacesConfig-version.cmake
[0.575s] -- Up-to-date symlink: /home/ajaikumar/nidar-2/nidar_ws/install/mission_interfaces/share/mission_interfaces/package.xml
[0.575s] -- Up-to-date: /home/ajaikumar/nidar-2/nidar_ws/install/mission_interfaces/lib/libmission_interfaces__rosidl_generator_c.so
[0.575s] -- Up-to-date: /home/ajaikumar/nidar-2/nidar_ws/install/mission_interfaces/lib/libmission_interfaces__rosidl_typesupport_fastrtps_c.so
[0.576s] -- Up-to-date: /home/ajaikumar/nidar-2/nidar_ws/install/mission_interfaces/lib/libmission_interfaces__rosidl_typesupport_introspection_c.so
[0.576s] -- Up-to-date: /home/ajaikumar/nidar-2/nidar_ws/install/mission_interfaces/lib/libmission_interfaces__rosidl_typesupport_c.so
[0.576s] -- Up-to-date: /home/ajaikumar/nidar-2/nidar_ws/install/mission_interfaces/lib/libmission_interfaces__rosidl_typesupport_fastrtps_cpp.so
[0.577s] -- Up-to-date: /home/ajaikumar/nidar-2/nidar_ws/install/mission_interfaces/lib/libmission_interfaces__rosidl_typesupport_introspection_cpp.so
[0.577s] -- Up-to-date: /home/ajaikumar/nidar-2/nidar_ws/install/mission_interfaces/lib/libmission_interfaces__rosidl_typesupport_cpp.so
[0.620s] Listing '/home/ajaikumar/nidar-2/nidar_ws/install/mission_interfaces/lib/python3.10/site-packages/mission_interfaces'...
[0.620s] Listing '/home/ajaikumar/nidar-2/nidar_ws/install/mission_interfaces/lib/python3.10/site-packages/mission_interfaces/action'...
[0.620s] Listing '/home/ajaikumar/nidar-2/nidar_ws/install/mission_interfaces/lib/python3.10/site-packages/mission_interfaces/srv'...
[0.621s] -- Up-to-date: /home/ajaikumar/nidar-2/nidar_ws/install/mission_interfaces/lib/libmission_interfaces__rosidl_generator_py.so
[0.621s] -- Up-to-date: /home/ajaikumar/nidar-2/nidar_ws/install/mission_interfaces/share/mission_interfaces/cmake/export_mission_interfaces__rosidl_generator_cExport.cmake
[0.621s] -- Up-to-date: /home/ajaikumar/nidar-2/nidar_ws/install/mission_interfaces/share/mission_interfaces/cmake/export_mission_interfaces__rosidl_generator_cExport-noconfig.cmake
[0.621s] -- Up-to-date: /home/ajaikumar/nidar-2/nidar_ws/install/mission_interfaces/share/mission_interfaces/cmake/export_mission_interfaces__rosidl_typesupport_fastrtps_cExport.cmake
[0.621s] -- Up-to-date: /home/ajaikumar/nidar-2/nidar_ws/install/mission_interfaces/share/mission_interfaces/cmake/export_mission_interfaces__rosidl_typesupport_fastrtps_cExport-noconfig.cmake
[0.621s] -- Up-to-date: /home/ajaikumar/nidar-2/nidar_ws/install/mission_interfaces/share/mission_interfaces/cmake/mission_interfaces__rosidl_typesupport_introspection_cExport.cmake
[0.621s] -- Up-to-date: /home/ajaikumar/nidar-2/nidar_ws/install/mission_interfaces/share/mission_interfaces/cmake/mission_interfaces__rosidl_typesupport_introspection_cExport-noconfig.cmake
[0.621s] -- Up-to-date: /home/ajaikumar/nidar-2/nidar_ws/install/mission_interfaces/share/mission_interfaces/cmake/mission_interfaces__rosidl_typesupport_cExport.cmake
[0.621s] -- Up-to-date: /home/ajaikumar/nidar-2/nidar_ws/install/mission_interfaces/share/mission_interfaces/cmake/mission_interfaces__rosidl_typesupport_cExport-noconfig.cmake
[0.621s] -- Up-to-date: /home/ajaikumar/nidar-2/nidar_ws/install/mission_interfaces/share/mission_interfaces/cmake/export_mission_interfaces__rosidl_generator_cppExport.cmake
[0.621s] -- Up-to-date: /home/ajaikumar/nidar-2/nidar_ws/install/mission_interfaces/share/mission_interfaces/cmake/export_mission_interfaces__rosidl_typesupport_fastrtps_cppExport.cmake
[0.621s] -- Up-to-date: /home/ajaikumar/nidar-2/nidar_ws/install/mission_interfaces/share/mission_interfaces/cmake/export_mission_interfaces__rosidl_typesupport_fastrtps_cppExport-noconfig.cmake
[0.621s] -- Up-to-date: /home/ajaikumar/nidar-2/nidar_ws/install/mission_interfaces/share/mission_interfaces/cmake/mission_interfaces__rosidl_typesupport_introspection_cppExport.cmake
[0.622s] -- Up-to-date: /home/ajaikumar/nidar-2/nidar_ws/install/mission_interfaces/share/mission_interfaces/cmake/mission_interfaces__rosidl_typesupport_introspection_cppExport-noconfig.cmake
[0.622s] -- Up-to-date: /home/ajaikumar/nidar-2/nidar_ws/install/mission_interfaces/share/mission_interfaces/cmake/mission_interfaces__rosidl_typesupport_cppExport.cmake
[0.622s] -- Up-to-date: /home/ajaikumar/nidar-2/nidar_ws/install/mission_interfaces/share/mission_interfaces/cmake/mission_interfaces__rosidl_typesupport_cppExport-noconfig.cmake
[0.622s] -- Up-to-date: /home/ajaikumar/nidar-2/nidar_ws/install/mission_interfaces/share/mission_interfaces/cmake/export_mission_interfaces__rosidl_generator_pyExport.cmake
[0.622s] -- Up-to-date: /home/ajaikumar/nidar-2/nidar_ws/install/mission_interfaces/share/mission_interfaces/cmake/export_mission_interfaces__rosidl_generator_pyExport-noconfig.cmake
[0.626s] Invoked command in '/home/ajaikumar/nidar-2/nidar_ws/build/mission_interfaces' returned '0': CMAKE_PREFIX_PATH=${CMAKE_PREFIX_PATH}:/home/ajaikumar/nidar-2/nidar_ws/install/model_inference:/home/ajaikumar/nidar-2/nidar_ws/install/mission_manager:/home/ajaikumar/ros2_ws/install/my_robot_controller:/opt/ros/humble VIRTUAL_ENV_PROMPT=(.local) /usr/bin/cmake --install /home/ajaikumar/nidar-2/nidar_ws/build/mission_interfaces
