[0.105s] DEBUG:colcon:Command line arguments: ['/usr/bin/colcon', 'build', '--symlink-install']
[0.106s] DEBUG:colcon:Parsed command line arguments: Namespace(log_base=None, log_level=None, verb_name='build', build_base='build', install_base='install', merge_install=False, symlink_install=True, test_result_base=None, continue_on_error=False, executor='parallel', parallel_workers=12, event_handlers=None, ignore_user_meta=False, metas=['./colcon.meta'], base_paths=['.'], packages_ignore=None, packages_ignore_regex=None, paths=None, packages_up_to=None, packages_up_to_regex=None, packages_above=None, packages_above_and_dependencies=None, packages_above_depth=None, packages_select_by_dep=None, packages_skip_by_dep=None, packages_skip_up_to=None, packages_select_build_failed=False, packages_skip_build_finished=False, packages_select_test_failures=False, packages_skip_test_passed=False, packages_select=None, packages_skip=None, packages_select_regex=None, packages_skip_regex=None, packages_start=None, packages_end=None, allow_overriding=[], cmake_args=None, cmake_target=None, cmake_target_skip_unavailable=False, cmake_clean_cache=False, cmake_clean_first=False, cmake_force_configure=False, ament_cmake_args=None, catkin_cmake_args=None, catkin_skip_building_tests=False, verb_parser=<colcon_defaults.argument_parser.defaults.DefaultArgumentsDecorator object at 0x795219a732e0>, verb_extension=<colcon_core.verb.build.BuildVerb object at 0x795219bb0520>, main=<bound method BuildVerb.main of <colcon_core.verb.build.BuildVerb object at 0x795219bb0520>>)
[0.323s] Level 1:colcon.colcon_core.package_discovery:discover_packages(colcon_meta) check parameters
[0.323s] Level 1:colcon.colcon_core.package_discovery:discover_packages(recursive) check parameters
[0.323s] Level 1:colcon.colcon_core.package_discovery:discover_packages(ignore) check parameters
[0.323s] Level 1:colcon.colcon_core.package_discovery:discover_packages(path) check parameters
[0.323s] Level 1:colcon.colcon_core.package_discovery:discover_packages(colcon_meta) discover
[0.323s] Level 1:colcon.colcon_core.package_discovery:discover_packages(recursive) discover
[0.323s] INFO:colcon.colcon_core.package_discovery:Crawling recursively for packages in '/home/ajaikumar/nidar-2/nidar_ws'
[0.323s] Level 1:colcon.colcon_core.package_identification:_identify(.) by extensions ['ignore', 'ignore_ament_install']
[0.323s] Level 1:colcon.colcon_core.package_identification:_identify(.) by extension 'ignore'
[0.323s] Level 1:colcon.colcon_core.package_identification:_identify(.) by extension 'ignore_ament_install'
[0.323s] Level 1:colcon.colcon_core.package_identification:_identify(.) by extensions ['colcon_pkg']
[0.323s] Level 1:colcon.colcon_core.package_identification:_identify(.) by extension 'colcon_pkg'
[0.323s] Level 1:colcon.colcon_core.package_identification:_identify(.) by extensions ['colcon_meta']
[0.323s] Level 1:colcon.colcon_core.package_identification:_identify(.) by extension 'colcon_meta'
[0.323s] Level 1:colcon.colcon_core.package_identification:_identify(.) by extensions ['ros']
[0.323s] Level 1:colcon.colcon_core.package_identification:_identify(.) by extension 'ros'
[0.343s] Level 1:colcon.colcon_core.package_identification:_identify(.) by extensions ['cmake', 'python']
[0.343s] Level 1:colcon.colcon_core.package_identification:_identify(.) by extension 'cmake'
[0.343s] Level 1:colcon.colcon_core.package_identification:_identify(.) by extension 'python'
[0.343s] Level 1:colcon.colcon_core.package_identification:_identify(.) by extensions ['python_setup_py']
[0.343s] Level 1:colcon.colcon_core.package_identification:_identify(.) by extension 'python_setup_py'
[0.343s] Level 1:colcon.colcon_core.package_identification:_identify(build) by extensions ['ignore', 'ignore_ament_install']
[0.343s] Level 1:colcon.colcon_core.package_identification:_identify(build) by extension 'ignore'
[0.343s] Level 1:colcon.colcon_core.package_identification:_identify(build) ignored
[0.343s] Level 1:colcon.colcon_core.package_identification:_identify(install) by extensions ['ignore', 'ignore_ament_install']
[0.344s] Level 1:colcon.colcon_core.package_identification:_identify(install) by extension 'ignore'
[0.344s] Level 1:colcon.colcon_core.package_identification:_identify(install) ignored
[0.344s] Level 1:colcon.colcon_core.package_identification:_identify(log) by extensions ['ignore', 'ignore_ament_install']
[0.344s] Level 1:colcon.colcon_core.package_identification:_identify(log) by extension 'ignore'
[0.344s] Level 1:colcon.colcon_core.package_identification:_identify(log) ignored
[0.344s] Level 1:colcon.colcon_core.package_identification:_identify(src) by extensions ['ignore', 'ignore_ament_install']
[0.344s] Level 1:colcon.colcon_core.package_identification:_identify(src) by extension 'ignore'
[0.344s] Level 1:colcon.colcon_core.package_identification:_identify(src) by extension 'ignore_ament_install'
[0.344s] Level 1:colcon.colcon_core.package_identification:_identify(src) by extensions ['colcon_pkg']
[0.344s] Level 1:colcon.colcon_core.package_identification:_identify(src) by extension 'colcon_pkg'
[0.344s] Level 1:colcon.colcon_core.package_identification:_identify(src) by extensions ['colcon_meta']
[0.344s] Level 1:colcon.colcon_core.package_identification:_identify(src) by extension 'colcon_meta'
[0.344s] Level 1:colcon.colcon_core.package_identification:_identify(src) by extensions ['ros']
[0.344s] Level 1:colcon.colcon_core.package_identification:_identify(src) by extension 'ros'
[0.344s] Level 1:colcon.colcon_core.package_identification:_identify(src) by extensions ['cmake', 'python']
[0.344s] Level 1:colcon.colcon_core.package_identification:_identify(src) by extension 'cmake'
[0.344s] Level 1:colcon.colcon_core.package_identification:_identify(src) by extension 'python'
[0.344s] Level 1:colcon.colcon_core.package_identification:_identify(src) by extensions ['python_setup_py']
[0.344s] Level 1:colcon.colcon_core.package_identification:_identify(src) by extension 'python_setup_py'
[0.345s] Level 1:colcon.colcon_core.package_identification:_identify(src/custom_msgs) by extensions ['ignore', 'ignore_ament_install']
[0.345s] Level 1:colcon.colcon_core.package_identification:_identify(src/custom_msgs) by extension 'ignore'
[0.345s] Level 1:colcon.colcon_core.package_identification:_identify(src/custom_msgs) by extension 'ignore_ament_install'
[0.345s] Level 1:colcon.colcon_core.package_identification:_identify(src/custom_msgs) by extensions ['colcon_pkg']
[0.345s] Level 1:colcon.colcon_core.package_identification:_identify(src/custom_msgs) by extension 'colcon_pkg'
[0.345s] Level 1:colcon.colcon_core.package_identification:_identify(src/custom_msgs) by extensions ['colcon_meta']
[0.345s] Level 1:colcon.colcon_core.package_identification:_identify(src/custom_msgs) by extension 'colcon_meta'
[0.345s] Level 1:colcon.colcon_core.package_identification:_identify(src/custom_msgs) by extensions ['ros']
[0.345s] Level 1:colcon.colcon_core.package_identification:_identify(src/custom_msgs) by extension 'ros'
[0.347s] DEBUG:colcon.colcon_core.package_identification:Package 'src/custom_msgs' with type 'ros.ament_cmake' and name 'custom_msgs'
[0.347s] Level 1:colcon.colcon_core.package_identification:_identify(src/mission_interfaces) by extensions ['ignore', 'ignore_ament_install']
[0.347s] Level 1:colcon.colcon_core.package_identification:_identify(src/mission_interfaces) by extension 'ignore'
[0.347s] Level 1:colcon.colcon_core.package_identification:_identify(src/mission_interfaces) by extension 'ignore_ament_install'
[0.347s] Level 1:colcon.colcon_core.package_identification:_identify(src/mission_interfaces) by extensions ['colcon_pkg']
[0.347s] Level 1:colcon.colcon_core.package_identification:_identify(src/mission_interfaces) by extension 'colcon_pkg'
[0.347s] Level 1:colcon.colcon_core.package_identification:_identify(src/mission_interfaces) by extensions ['colcon_meta']
[0.347s] Level 1:colcon.colcon_core.package_identification:_identify(src/mission_interfaces) by extension 'colcon_meta'
[0.347s] Level 1:colcon.colcon_core.package_identification:_identify(src/mission_interfaces) by extensions ['ros']
[0.347s] Level 1:colcon.colcon_core.package_identification:_identify(src/mission_interfaces) by extension 'ros'
[0.348s] DEBUG:colcon.colcon_core.package_identification:Package 'src/mission_interfaces' with type 'ros.ament_cmake' and name 'mission_interfaces'
[0.348s] Level 1:colcon.colcon_core.package_identification:_identify(src/mission_manager) by extensions ['ignore', 'ignore_ament_install']
[0.348s] Level 1:colcon.colcon_core.package_identification:_identify(src/mission_manager) by extension 'ignore'
[0.348s] Level 1:colcon.colcon_core.package_identification:_identify(src/mission_manager) by extension 'ignore_ament_install'
[0.348s] Level 1:colcon.colcon_core.package_identification:_identify(src/mission_manager) by extensions ['colcon_pkg']
[0.348s] Level 1:colcon.colcon_core.package_identification:_identify(src/mission_manager) by extension 'colcon_pkg'
[0.348s] Level 1:colcon.colcon_core.package_identification:_identify(src/mission_manager) by extensions ['colcon_meta']
[0.348s] Level 1:colcon.colcon_core.package_identification:_identify(src/mission_manager) by extension 'colcon_meta'
[0.348s] Level 1:colcon.colcon_core.package_identification:_identify(src/mission_manager) by extensions ['ros']
[0.348s] Level 1:colcon.colcon_core.package_identification:_identify(src/mission_manager) by extension 'ros'
[0.349s] DEBUG:colcon.colcon_core.package_identification:Package 'src/mission_manager' with type 'ros.ament_python' and name 'mission_manager'
[0.349s] Level 1:colcon.colcon_core.package_identification:_identify(src/model_inference) by extensions ['ignore', 'ignore_ament_install']
[0.349s] Level 1:colcon.colcon_core.package_identification:_identify(src/model_inference) by extension 'ignore'
[0.349s] Level 1:colcon.colcon_core.package_identification:_identify(src/model_inference) by extension 'ignore_ament_install'
[0.349s] Level 1:colcon.colcon_core.package_identification:_identify(src/model_inference) by extensions ['colcon_pkg']
[0.349s] Level 1:colcon.colcon_core.package_identification:_identify(src/model_inference) by extension 'colcon_pkg'
[0.349s] Level 1:colcon.colcon_core.package_identification:_identify(src/model_inference) by extensions ['colcon_meta']
[0.349s] Level 1:colcon.colcon_core.package_identification:_identify(src/model_inference) by extension 'colcon_meta'
[0.349s] Level 1:colcon.colcon_core.package_identification:_identify(src/model_inference) by extensions ['ros']
[0.349s] Level 1:colcon.colcon_core.package_identification:_identify(src/model_inference) by extension 'ros'
[0.350s] DEBUG:colcon.colcon_core.package_identification:Package 'src/model_inference' with type 'ros.ament_python' and name 'model_inference'
[0.350s] Level 1:colcon.colcon_core.package_discovery:discover_packages(recursive) using defaults
[0.350s] Level 1:colcon.colcon_core.package_discovery:discover_packages(ignore) discover
[0.350s] Level 1:colcon.colcon_core.package_discovery:discover_packages(ignore) using defaults
[0.350s] Level 1:colcon.colcon_core.package_discovery:discover_packages(path) discover
[0.350s] Level 1:colcon.colcon_core.package_discovery:discover_packages(path) using defaults
[0.368s] Level 1:colcon.colcon_core.package_discovery:discover_packages(prefix_path) check parameters
[0.368s] Level 1:colcon.colcon_core.package_discovery:discover_packages(prefix_path) discover
[0.369s] DEBUG:colcon.colcon_installed_package_information.package_discovery:Found 4 installed packages in /home/ajaikumar/nidar-2/nidar_ws/install
[0.370s] DEBUG:colcon.colcon_installed_package_information.package_discovery:Found 1 installed packages in /home/ajaikumar/ros2_ws/install
[0.371s] DEBUG:colcon.colcon_installed_package_information.package_discovery:Found 301 installed packages in /opt/ros/humble
[0.372s] Level 1:colcon.colcon_core.package_discovery:discover_packages(prefix_path) using defaults
[0.404s] Level 5:colcon.colcon_core.verb:set package 'custom_msgs' build argument 'cmake_args' from command line to 'None'
[0.404s] Level 5:colcon.colcon_core.verb:set package 'custom_msgs' build argument 'cmake_target' from command line to 'None'
[0.404s] Level 5:colcon.colcon_core.verb:set package 'custom_msgs' build argument 'cmake_target_skip_unavailable' from command line to 'False'
[0.404s] Level 5:colcon.colcon_core.verb:set package 'custom_msgs' build argument 'cmake_clean_cache' from command line to 'False'
[0.404s] Level 5:colcon.colcon_core.verb:set package 'custom_msgs' build argument 'cmake_clean_first' from command line to 'False'
[0.404s] Level 5:colcon.colcon_core.verb:set package 'custom_msgs' build argument 'cmake_force_configure' from command line to 'False'
[0.404s] Level 5:colcon.colcon_core.verb:set package 'custom_msgs' build argument 'ament_cmake_args' from command line to 'None'
[0.404s] Level 5:colcon.colcon_core.verb:set package 'custom_msgs' build argument 'catkin_cmake_args' from command line to 'None'
[0.404s] Level 5:colcon.colcon_core.verb:set package 'custom_msgs' build argument 'catkin_skip_building_tests' from command line to 'False'
[0.404s] DEBUG:colcon.colcon_core.verb:Building package 'custom_msgs' with the following arguments: {'ament_cmake_args': None, 'build_base': '/home/ajaikumar/nidar-2/nidar_ws/build/custom_msgs', 'catkin_cmake_args': None, 'catkin_skip_building_tests': False, 'cmake_args': None, 'cmake_clean_cache': False, 'cmake_clean_first': False, 'cmake_force_configure': False, 'cmake_target': None, 'cmake_target_skip_unavailable': False, 'install_base': '/home/ajaikumar/nidar-2/nidar_ws/install/custom_msgs', 'merge_install': False, 'path': '/home/ajaikumar/nidar-2/nidar_ws/src/custom_msgs', 'symlink_install': True, 'test_result_base': None}
[0.404s] Level 5:colcon.colcon_core.verb:set package 'mission_interfaces' build argument 'cmake_args' from command line to 'None'
[0.405s] Level 5:colcon.colcon_core.verb:set package 'mission_interfaces' build argument 'cmake_target' from command line to 'None'
[0.405s] Level 5:colcon.colcon_core.verb:set package 'mission_interfaces' build argument 'cmake_target_skip_unavailable' from command line to 'False'
[0.405s] Level 5:colcon.colcon_core.verb:set package 'mission_interfaces' build argument 'cmake_clean_cache' from command line to 'False'
[0.405s] Level 5:colcon.colcon_core.verb:set package 'mission_interfaces' build argument 'cmake_clean_first' from command line to 'False'
[0.405s] Level 5:colcon.colcon_core.verb:set package 'mission_interfaces' build argument 'cmake_force_configure' from command line to 'False'
[0.405s] Level 5:colcon.colcon_core.verb:set package 'mission_interfaces' build argument 'ament_cmake_args' from command line to 'None'
[0.405s] Level 5:colcon.colcon_core.verb:set package 'mission_interfaces' build argument 'catkin_cmake_args' from command line to 'None'
[0.405s] Level 5:colcon.colcon_core.verb:set package 'mission_interfaces' build argument 'catkin_skip_building_tests' from command line to 'False'
[0.405s] DEBUG:colcon.colcon_core.verb:Building package 'mission_interfaces' with the following arguments: {'ament_cmake_args': None, 'build_base': '/home/ajaikumar/nidar-2/nidar_ws/build/mission_interfaces', 'catkin_cmake_args': None, 'catkin_skip_building_tests': False, 'cmake_args': None, 'cmake_clean_cache': False, 'cmake_clean_first': False, 'cmake_force_configure': False, 'cmake_target': None, 'cmake_target_skip_unavailable': False, 'install_base': '/home/ajaikumar/nidar-2/nidar_ws/install/mission_interfaces', 'merge_install': False, 'path': '/home/ajaikumar/nidar-2/nidar_ws/src/mission_interfaces', 'symlink_install': True, 'test_result_base': None}
[0.405s] Level 5:colcon.colcon_core.verb:set package 'mission_manager' build argument 'cmake_args' from command line to 'None'
[0.405s] Level 5:colcon.colcon_core.verb:set package 'mission_manager' build argument 'cmake_target' from command line to 'None'
[0.405s] Level 5:colcon.colcon_core.verb:set package 'mission_manager' build argument 'cmake_target_skip_unavailable' from command line to 'False'
[0.405s] Level 5:colcon.colcon_core.verb:set package 'mission_manager' build argument 'cmake_clean_cache' from command line to 'False'
[0.405s] Level 5:colcon.colcon_core.verb:set package 'mission_manager' build argument 'cmake_clean_first' from command line to 'False'
[0.405s] Level 5:colcon.colcon_core.verb:set package 'mission_manager' build argument 'cmake_force_configure' from command line to 'False'
[0.405s] Level 5:colcon.colcon_core.verb:set package 'mission_manager' build argument 'ament_cmake_args' from command line to 'None'
[0.405s] Level 5:colcon.colcon_core.verb:set package 'mission_manager' build argument 'catkin_cmake_args' from command line to 'None'
[0.405s] Level 5:colcon.colcon_core.verb:set package 'mission_manager' build argument 'catkin_skip_building_tests' from command line to 'False'
[0.405s] DEBUG:colcon.colcon_core.verb:Building package 'mission_manager' with the following arguments: {'ament_cmake_args': None, 'build_base': '/home/ajaikumar/nidar-2/nidar_ws/build/mission_manager', 'catkin_cmake_args': None, 'catkin_skip_building_tests': False, 'cmake_args': None, 'cmake_clean_cache': False, 'cmake_clean_first': False, 'cmake_force_configure': False, 'cmake_target': None, 'cmake_target_skip_unavailable': False, 'install_base': '/home/ajaikumar/nidar-2/nidar_ws/install/mission_manager', 'merge_install': False, 'path': '/home/ajaikumar/nidar-2/nidar_ws/src/mission_manager', 'symlink_install': True, 'test_result_base': None}
[0.405s] Level 5:colcon.colcon_core.verb:set package 'model_inference' build argument 'cmake_args' from command line to 'None'
[0.405s] Level 5:colcon.colcon_core.verb:set package 'model_inference' build argument 'cmake_target' from command line to 'None'
[0.405s] Level 5:colcon.colcon_core.verb:set package 'model_inference' build argument 'cmake_target_skip_unavailable' from command line to 'False'
[0.405s] Level 5:colcon.colcon_core.verb:set package 'model_inference' build argument 'cmake_clean_cache' from command line to 'False'
[0.405s] Level 5:colcon.colcon_core.verb:set package 'model_inference' build argument 'cmake_clean_first' from command line to 'False'
[0.405s] Level 5:colcon.colcon_core.verb:set package 'model_inference' build argument 'cmake_force_configure' from command line to 'False'
[0.406s] Level 5:colcon.colcon_core.verb:set package 'model_inference' build argument 'ament_cmake_args' from command line to 'None'
[0.406s] Level 5:colcon.colcon_core.verb:set package 'model_inference' build argument 'catkin_cmake_args' from command line to 'None'
[0.406s] Level 5:colcon.colcon_core.verb:set package 'model_inference' build argument 'catkin_skip_building_tests' from command line to 'False'
[0.406s] DEBUG:colcon.colcon_core.verb:Building package 'model_inference' with the following arguments: {'ament_cmake_args': None, 'build_base': '/home/ajaikumar/nidar-2/nidar_ws/build/model_inference', 'catkin_cmake_args': None, 'catkin_skip_building_tests': False, 'cmake_args': None, 'cmake_clean_cache': False, 'cmake_clean_first': False, 'cmake_force_configure': False, 'cmake_target': None, 'cmake_target_skip_unavailable': False, 'install_base': '/home/ajaikumar/nidar-2/nidar_ws/install/model_inference', 'merge_install': False, 'path': '/home/ajaikumar/nidar-2/nidar_ws/src/model_inference', 'symlink_install': True, 'test_result_base': None}
[0.406s] INFO:colcon.colcon_core.executor:Executing jobs using 'parallel' executor
[0.407s] DEBUG:colcon.colcon_parallel_executor.executor.parallel:run_until_complete
[0.407s] INFO:colcon.colcon_ros.task.ament_cmake.build:Building ROS package in '/home/ajaikumar/nidar-2/nidar_ws/src/custom_msgs' with build type 'ament_cmake'
[0.407s] INFO:colcon.colcon_cmake.task.cmake.build:Building CMake package in '/home/ajaikumar/nidar-2/nidar_ws/src/custom_msgs'
[0.409s] INFO:colcon.colcon_core.plugin_system:Skipping extension 'colcon_core.shell.bat': Not used on non-Windows systems
[0.409s] INFO:colcon.colcon_core.shell:Skip shell extension 'powershell' for command environment: Not usable outside of PowerShell
[0.409s] DEBUG:colcon.colcon_core.shell:Skip shell extension 'dsv' for command environment
[0.413s] INFO:colcon.colcon_ros.task.ament_cmake.build:Building ROS package in '/home/ajaikumar/nidar-2/nidar_ws/src/mission_interfaces' with build type 'ament_cmake'
[0.413s] INFO:colcon.colcon_cmake.task.cmake.build:Building CMake package in '/home/ajaikumar/nidar-2/nidar_ws/src/mission_interfaces'
[0.413s] INFO:colcon.colcon_core.shell:Skip shell extension 'powershell' for command environment: Not usable outside of PowerShell
[0.413s] DEBUG:colcon.colcon_core.shell:Skip shell extension 'dsv' for command environment
[0.422s] DEBUG:colcon.colcon_core.event_handler.log_command:Invoking command in '/home/ajaikumar/nidar-2/nidar_ws/build/custom_msgs': CMAKE_PREFIX_PATH=${CMAKE_PREFIX_PATH}:/home/ajaikumar/nidar-2/nidar_ws/install/model_inference:/home/ajaikumar/nidar-2/nidar_ws/install/mission_manager:/home/ajaikumar/ros2_ws/install/my_robot_controller:/opt/ros/humble VIRTUAL_ENV_PROMPT=(.local) /usr/bin/cmake --build /home/ajaikumar/nidar-2/nidar_ws/build/custom_msgs -- -j12 -l12
[0.430s] DEBUG:colcon.colcon_core.event_handler.log_command:Invoking command in '/home/ajaikumar/nidar-2/nidar_ws/build/mission_interfaces': CMAKE_PREFIX_PATH=${CMAKE_PREFIX_PATH}:/home/ajaikumar/nidar-2/nidar_ws/install/model_inference:/home/ajaikumar/nidar-2/nidar_ws/install/mission_manager:/home/ajaikumar/ros2_ws/install/my_robot_controller:/opt/ros/humble VIRTUAL_ENV_PROMPT=(.local) /usr/bin/cmake --build /home/ajaikumar/nidar-2/nidar_ws/build/mission_interfaces -- -j12 -l12
[0.882s] DEBUG:colcon.colcon_core.event_handler.log_command:Invoked command in '/home/ajaikumar/nidar-2/nidar_ws/build/custom_msgs' returned '0': CMAKE_PREFIX_PATH=${CMAKE_PREFIX_PATH}:/home/ajaikumar/nidar-2/nidar_ws/install/model_inference:/home/ajaikumar/nidar-2/nidar_ws/install/mission_manager:/home/ajaikumar/ros2_ws/install/my_robot_controller:/opt/ros/humble VIRTUAL_ENV_PROMPT=(.local) /usr/bin/cmake --build /home/ajaikumar/nidar-2/nidar_ws/build/custom_msgs -- -j12 -l12
[0.902s] DEBUG:colcon.colcon_core.event_handler.log_command:Invoking command in '/home/ajaikumar/nidar-2/nidar_ws/build/custom_msgs': CMAKE_PREFIX_PATH=${CMAKE_PREFIX_PATH}:/home/ajaikumar/nidar-2/nidar_ws/install/model_inference:/home/ajaikumar/nidar-2/nidar_ws/install/mission_manager:/home/ajaikumar/ros2_ws/install/my_robot_controller:/opt/ros/humble VIRTUAL_ENV_PROMPT=(.local) /usr/bin/cmake --install /home/ajaikumar/nidar-2/nidar_ws/build/custom_msgs
[0.915s] DEBUG:colcon.colcon_core.event_handler.log_command:Invoked command in '/home/ajaikumar/nidar-2/nidar_ws/build/mission_interfaces' returned '0': CMAKE_PREFIX_PATH=${CMAKE_PREFIX_PATH}:/home/ajaikumar/nidar-2/nidar_ws/install/model_inference:/home/ajaikumar/nidar-2/nidar_ws/install/mission_manager:/home/ajaikumar/ros2_ws/install/my_robot_controller:/opt/ros/humble VIRTUAL_ENV_PROMPT=(.local) /usr/bin/cmake --build /home/ajaikumar/nidar-2/nidar_ws/build/mission_interfaces -- -j12 -l12
[0.921s] DEBUG:colcon.colcon_core.event_handler.log_command:Invoking command in '/home/ajaikumar/nidar-2/nidar_ws/build/mission_interfaces': CMAKE_PREFIX_PATH=${CMAKE_PREFIX_PATH}:/home/ajaikumar/nidar-2/nidar_ws/install/model_inference:/home/ajaikumar/nidar-2/nidar_ws/install/mission_manager:/home/ajaikumar/ros2_ws/install/my_robot_controller:/opt/ros/humble VIRTUAL_ENV_PROMPT=(.local) /usr/bin/cmake --install /home/ajaikumar/nidar-2/nidar_ws/build/mission_interfaces
[1.003s] Level 1:colcon.colcon_core.environment:create_environment_scripts_only(custom_msgs)
[1.004s] DEBUG:colcon.colcon_core.event_handler.log_command:Invoked command in '/home/ajaikumar/nidar-2/nidar_ws/build/custom_msgs' returned '0': CMAKE_PREFIX_PATH=${CMAKE_PREFIX_PATH}:/home/ajaikumar/nidar-2/nidar_ws/install/model_inference:/home/ajaikumar/nidar-2/nidar_ws/install/mission_manager:/home/ajaikumar/ros2_ws/install/my_robot_controller:/opt/ros/humble VIRTUAL_ENV_PROMPT=(.local) /usr/bin/cmake --install /home/ajaikumar/nidar-2/nidar_ws/build/custom_msgs
[1.006s] Level 1:colcon.colcon_core.environment:checking '/home/ajaikumar/nidar-2/nidar_ws/install/custom_msgs' for CMake module files
[1.007s] Level 1:colcon.colcon_core.environment:checking '/home/ajaikumar/nidar-2/nidar_ws/install/custom_msgs' for CMake config files
[1.007s] Level 1:colcon.colcon_core.shell:create_environment_hook('custom_msgs', 'cmake_prefix_path')
[1.007s] INFO:colcon.colcon_core.shell:Creating environment hook '/home/ajaikumar/nidar-2/nidar_ws/install/custom_msgs/share/custom_msgs/hook/cmake_prefix_path.ps1'
[1.008s] INFO:colcon.colcon_core.shell:Creating environment descriptor '/home/ajaikumar/nidar-2/nidar_ws/install/custom_msgs/share/custom_msgs/hook/cmake_prefix_path.dsv'
[1.008s] INFO:colcon.colcon_core.shell:Creating environment hook '/home/ajaikumar/nidar-2/nidar_ws/install/custom_msgs/share/custom_msgs/hook/cmake_prefix_path.sh'
[1.009s] Level 1:colcon.colcon_core.environment:checking '/home/ajaikumar/nidar-2/nidar_ws/install/custom_msgs/lib'
[1.009s] Level 1:colcon.colcon_core.shell:create_environment_hook('custom_msgs', 'ld_library_path_lib')
[1.010s] INFO:colcon.colcon_core.shell:Creating environment hook '/home/ajaikumar/nidar-2/nidar_ws/install/custom_msgs/share/custom_msgs/hook/ld_library_path_lib.ps1'
[1.010s] INFO:colcon.colcon_core.shell:Creating environment descriptor '/home/ajaikumar/nidar-2/nidar_ws/install/custom_msgs/share/custom_msgs/hook/ld_library_path_lib.dsv'
[1.010s] INFO:colcon.colcon_core.shell:Creating environment hook '/home/ajaikumar/nidar-2/nidar_ws/install/custom_msgs/share/custom_msgs/hook/ld_library_path_lib.sh'
[1.011s] Level 1:colcon.colcon_core.environment:checking '/home/ajaikumar/nidar-2/nidar_ws/install/custom_msgs/bin'
[1.011s] Level 1:colcon.colcon_core.environment:checking '/home/ajaikumar/nidar-2/nidar_ws/install/custom_msgs/lib/pkgconfig/custom_msgs.pc'
[1.011s] Level 1:colcon.colcon_core.environment:checking '/home/ajaikumar/nidar-2/nidar_ws/install/custom_msgs/lib/python3.10/site-packages'
[1.011s] Level 1:colcon.colcon_core.shell:create_environment_hook('custom_msgs', 'pythonpath')
[1.011s] INFO:colcon.colcon_core.shell:Creating environment hook '/home/ajaikumar/nidar-2/nidar_ws/install/custom_msgs/share/custom_msgs/hook/pythonpath.ps1'
[1.011s] INFO:colcon.colcon_core.shell:Creating environment descriptor '/home/ajaikumar/nidar-2/nidar_ws/install/custom_msgs/share/custom_msgs/hook/pythonpath.dsv'
[1.012s] INFO:colcon.colcon_core.shell:Creating environment hook '/home/ajaikumar/nidar-2/nidar_ws/install/custom_msgs/share/custom_msgs/hook/pythonpath.sh'
[1.012s] Level 1:colcon.colcon_core.environment:checking '/home/ajaikumar/nidar-2/nidar_ws/install/custom_msgs/bin'
[1.013s] INFO:colcon.colcon_core.shell:Creating package script '/home/ajaikumar/nidar-2/nidar_ws/install/custom_msgs/share/custom_msgs/package.ps1'
[1.013s] INFO:colcon.colcon_core.shell:Creating package descriptor '/home/ajaikumar/nidar-2/nidar_ws/install/custom_msgs/share/custom_msgs/package.dsv'
[1.014s] INFO:colcon.colcon_core.shell:Creating package script '/home/ajaikumar/nidar-2/nidar_ws/install/custom_msgs/share/custom_msgs/package.sh'
[1.015s] INFO:colcon.colcon_core.shell:Creating package script '/home/ajaikumar/nidar-2/nidar_ws/install/custom_msgs/share/custom_msgs/package.bash'
[1.015s] INFO:colcon.colcon_core.shell:Creating package script '/home/ajaikumar/nidar-2/nidar_ws/install/custom_msgs/share/custom_msgs/package.zsh'
[1.016s] Level 1:colcon.colcon_core.environment:create_file_with_runtime_dependencies(/home/ajaikumar/nidar-2/nidar_ws/install/custom_msgs/share/colcon-core/packages/custom_msgs)
[1.016s] Level 1:colcon.colcon_core.environment:create_environment_scripts_only(custom_msgs)
[1.017s] Level 1:colcon.colcon_core.environment:checking '/home/ajaikumar/nidar-2/nidar_ws/install/custom_msgs' for CMake module files
[1.017s] Level 1:colcon.colcon_core.environment:checking '/home/ajaikumar/nidar-2/nidar_ws/install/custom_msgs' for CMake config files
[1.018s] Level 1:colcon.colcon_core.shell:create_environment_hook('custom_msgs', 'cmake_prefix_path')
[1.018s] INFO:colcon.colcon_core.shell:Creating environment hook '/home/ajaikumar/nidar-2/nidar_ws/install/custom_msgs/share/custom_msgs/hook/cmake_prefix_path.ps1'
[1.019s] INFO:colcon.colcon_core.shell:Creating environment descriptor '/home/ajaikumar/nidar-2/nidar_ws/install/custom_msgs/share/custom_msgs/hook/cmake_prefix_path.dsv'
[1.019s] INFO:colcon.colcon_core.shell:Creating environment hook '/home/ajaikumar/nidar-2/nidar_ws/install/custom_msgs/share/custom_msgs/hook/cmake_prefix_path.sh'
[1.020s] Level 1:colcon.colcon_core.environment:checking '/home/ajaikumar/nidar-2/nidar_ws/install/custom_msgs/lib'
[1.020s] Level 1:colcon.colcon_core.shell:create_environment_hook('custom_msgs', 'ld_library_path_lib')
[1.020s] INFO:colcon.colcon_core.shell:Creating environment hook '/home/ajaikumar/nidar-2/nidar_ws/install/custom_msgs/share/custom_msgs/hook/ld_library_path_lib.ps1'
[1.020s] INFO:colcon.colcon_core.shell:Creating environment descriptor '/home/ajaikumar/nidar-2/nidar_ws/install/custom_msgs/share/custom_msgs/hook/ld_library_path_lib.dsv'
[1.020s] INFO:colcon.colcon_core.shell:Creating environment hook '/home/ajaikumar/nidar-2/nidar_ws/install/custom_msgs/share/custom_msgs/hook/ld_library_path_lib.sh'
[1.021s] Level 1:colcon.colcon_core.environment:checking '/home/ajaikumar/nidar-2/nidar_ws/install/custom_msgs/bin'
[1.021s] Level 1:colcon.colcon_core.environment:checking '/home/ajaikumar/nidar-2/nidar_ws/install/custom_msgs/lib/pkgconfig/custom_msgs.pc'
[1.021s] Level 1:colcon.colcon_core.environment:checking '/home/ajaikumar/nidar-2/nidar_ws/install/custom_msgs/lib/python3.10/site-packages'
[1.021s] Level 1:colcon.colcon_core.shell:create_environment_hook('custom_msgs', 'pythonpath')
[1.022s] INFO:colcon.colcon_core.shell:Creating environment hook '/home/ajaikumar/nidar-2/nidar_ws/install/custom_msgs/share/custom_msgs/hook/pythonpath.ps1'
[1.022s] INFO:colcon.colcon_core.shell:Creating environment descriptor '/home/ajaikumar/nidar-2/nidar_ws/install/custom_msgs/share/custom_msgs/hook/pythonpath.dsv'
[1.022s] INFO:colcon.colcon_core.shell:Creating environment hook '/home/ajaikumar/nidar-2/nidar_ws/install/custom_msgs/share/custom_msgs/hook/pythonpath.sh'
[1.023s] Level 1:colcon.colcon_core.environment:checking '/home/ajaikumar/nidar-2/nidar_ws/install/custom_msgs/bin'
[1.024s] INFO:colcon.colcon_core.shell:Creating package script '/home/ajaikumar/nidar-2/nidar_ws/install/custom_msgs/share/custom_msgs/package.ps1'
[1.024s] INFO:colcon.colcon_core.shell:Creating package descriptor '/home/ajaikumar/nidar-2/nidar_ws/install/custom_msgs/share/custom_msgs/package.dsv'
[1.025s] INFO:colcon.colcon_core.shell:Creating package script '/home/ajaikumar/nidar-2/nidar_ws/install/custom_msgs/share/custom_msgs/package.sh'
[1.026s] INFO:colcon.colcon_core.shell:Creating package script '/home/ajaikumar/nidar-2/nidar_ws/install/custom_msgs/share/custom_msgs/package.bash'
[1.026s] INFO:colcon.colcon_core.shell:Creating package script '/home/ajaikumar/nidar-2/nidar_ws/install/custom_msgs/share/custom_msgs/package.zsh'
[1.026s] Level 1:colcon.colcon_core.environment:create_file_with_runtime_dependencies(/home/ajaikumar/nidar-2/nidar_ws/install/custom_msgs/share/colcon-core/packages/custom_msgs)
[1.027s] INFO:colcon.colcon_ros.task.ament_python.build:Building ROS package in '/home/ajaikumar/nidar-2/nidar_ws/src/model_inference' with build type 'ament_python'
[1.027s] Level 1:colcon.colcon_core.shell:create_environment_hook('model_inference', 'ament_prefix_path')
[1.027s] INFO:colcon.colcon_core.shell:Creating environment hook '/home/ajaikumar/nidar-2/nidar_ws/install/model_inference/share/model_inference/hook/ament_prefix_path.ps1'
[1.028s] INFO:colcon.colcon_core.shell:Creating environment descriptor '/home/ajaikumar/nidar-2/nidar_ws/install/model_inference/share/model_inference/hook/ament_prefix_path.dsv'
[1.028s] INFO:colcon.colcon_core.shell:Creating environment hook '/home/ajaikumar/nidar-2/nidar_ws/install/model_inference/share/model_inference/hook/ament_prefix_path.sh'
[1.029s] INFO:colcon.colcon_core.shell:Skip shell extension 'powershell' for command environment: Not usable outside of PowerShell
[1.029s] DEBUG:colcon.colcon_core.shell:Skip shell extension 'dsv' for command environment
[1.038s] Level 1:colcon.colcon_core.environment:create_environment_scripts_only(mission_interfaces)
[1.039s] Level 1:colcon.colcon_core.environment:checking '/home/ajaikumar/nidar-2/nidar_ws/install/mission_interfaces' for CMake module files
[1.040s] DEBUG:colcon.colcon_core.event_handler.log_command:Invoked command in '/home/ajaikumar/nidar-2/nidar_ws/build/mission_interfaces' returned '0': CMAKE_PREFIX_PATH=${CMAKE_PREFIX_PATH}:/home/ajaikumar/nidar-2/nidar_ws/install/model_inference:/home/ajaikumar/nidar-2/nidar_ws/install/mission_manager:/home/ajaikumar/ros2_ws/install/my_robot_controller:/opt/ros/humble VIRTUAL_ENV_PROMPT=(.local) /usr/bin/cmake --install /home/ajaikumar/nidar-2/nidar_ws/build/mission_interfaces
[1.040s] Level 1:colcon.colcon_core.environment:checking '/home/ajaikumar/nidar-2/nidar_ws/install/mission_interfaces' for CMake config files
[1.041s] Level 1:colcon.colcon_core.shell:create_environment_hook('mission_interfaces', 'cmake_prefix_path')
[1.041s] INFO:colcon.colcon_core.shell:Creating environment hook '/home/ajaikumar/nidar-2/nidar_ws/install/mission_interfaces/share/mission_interfaces/hook/cmake_prefix_path.ps1'
[1.042s] INFO:colcon.colcon_core.shell:Creating environment descriptor '/home/ajaikumar/nidar-2/nidar_ws/install/mission_interfaces/share/mission_interfaces/hook/cmake_prefix_path.dsv'
[1.042s] INFO:colcon.colcon_core.shell:Creating environment hook '/home/ajaikumar/nidar-2/nidar_ws/install/mission_interfaces/share/mission_interfaces/hook/cmake_prefix_path.sh'
[1.043s] Level 1:colcon.colcon_core.environment:checking '/home/ajaikumar/nidar-2/nidar_ws/install/mission_interfaces/lib'
[1.043s] Level 1:colcon.colcon_core.shell:create_environment_hook('mission_interfaces', 'ld_library_path_lib')
[1.043s] INFO:colcon.colcon_core.shell:Creating environment hook '/home/ajaikumar/nidar-2/nidar_ws/install/mission_interfaces/share/mission_interfaces/hook/ld_library_path_lib.ps1'
[1.044s] INFO:colcon.colcon_core.shell:Creating environment descriptor '/home/ajaikumar/nidar-2/nidar_ws/install/mission_interfaces/share/mission_interfaces/hook/ld_library_path_lib.dsv'
[1.044s] INFO:colcon.colcon_core.shell:Creating environment hook '/home/ajaikumar/nidar-2/nidar_ws/install/mission_interfaces/share/mission_interfaces/hook/ld_library_path_lib.sh'
[1.045s] Level 1:colcon.colcon_core.environment:checking '/home/ajaikumar/nidar-2/nidar_ws/install/mission_interfaces/bin'
[1.045s] Level 1:colcon.colcon_core.environment:checking '/home/ajaikumar/nidar-2/nidar_ws/install/mission_interfaces/lib/pkgconfig/mission_interfaces.pc'
[1.045s] Level 1:colcon.colcon_core.environment:checking '/home/ajaikumar/nidar-2/nidar_ws/install/mission_interfaces/lib/python3.10/site-packages'
[1.045s] Level 1:colcon.colcon_core.shell:create_environment_hook('mission_interfaces', 'pythonpath')
[1.045s] INFO:colcon.colcon_core.shell:Creating environment hook '/home/ajaikumar/nidar-2/nidar_ws/install/mission_interfaces/share/mission_interfaces/hook/pythonpath.ps1'
[1.046s] INFO:colcon.colcon_core.shell:Creating environment descriptor '/home/ajaikumar/nidar-2/nidar_ws/install/mission_interfaces/share/mission_interfaces/hook/pythonpath.dsv'
[1.047s] INFO:colcon.colcon_core.shell:Creating environment hook '/home/ajaikumar/nidar-2/nidar_ws/install/mission_interfaces/share/mission_interfaces/hook/pythonpath.sh'
[1.047s] Level 1:colcon.colcon_core.environment:checking '/home/ajaikumar/nidar-2/nidar_ws/install/mission_interfaces/bin'
[1.048s] INFO:colcon.colcon_core.shell:Creating package script '/home/ajaikumar/nidar-2/nidar_ws/install/mission_interfaces/share/mission_interfaces/package.ps1'
[1.048s] INFO:colcon.colcon_core.shell:Creating package descriptor '/home/ajaikumar/nidar-2/nidar_ws/install/mission_interfaces/share/mission_interfaces/package.dsv'
[1.049s] INFO:colcon.colcon_core.shell:Creating package script '/home/ajaikumar/nidar-2/nidar_ws/install/mission_interfaces/share/mission_interfaces/package.sh'
[1.049s] INFO:colcon.colcon_core.shell:Creating package script '/home/ajaikumar/nidar-2/nidar_ws/install/mission_interfaces/share/mission_interfaces/package.bash'
[1.049s] INFO:colcon.colcon_core.shell:Creating package script '/home/ajaikumar/nidar-2/nidar_ws/install/mission_interfaces/share/mission_interfaces/package.zsh'
[1.050s] Level 1:colcon.colcon_core.environment:create_file_with_runtime_dependencies(/home/ajaikumar/nidar-2/nidar_ws/install/mission_interfaces/share/colcon-core/packages/mission_interfaces)
[1.050s] Level 1:colcon.colcon_core.environment:create_environment_scripts_only(mission_interfaces)
[1.050s] Level 1:colcon.colcon_core.environment:checking '/home/ajaikumar/nidar-2/nidar_ws/install/mission_interfaces' for CMake module files
[1.051s] Level 1:colcon.colcon_core.environment:checking '/home/ajaikumar/nidar-2/nidar_ws/install/mission_interfaces' for CMake config files
[1.052s] Level 1:colcon.colcon_core.shell:create_environment_hook('mission_interfaces', 'cmake_prefix_path')
[1.052s] INFO:colcon.colcon_core.shell:Creating environment hook '/home/ajaikumar/nidar-2/nidar_ws/install/mission_interfaces/share/mission_interfaces/hook/cmake_prefix_path.ps1'
[1.052s] INFO:colcon.colcon_core.shell:Creating environment descriptor '/home/ajaikumar/nidar-2/nidar_ws/install/mission_interfaces/share/mission_interfaces/hook/cmake_prefix_path.dsv'
[1.052s] INFO:colcon.colcon_core.shell:Creating environment hook '/home/ajaikumar/nidar-2/nidar_ws/install/mission_interfaces/share/mission_interfaces/hook/cmake_prefix_path.sh'
[1.053s] Level 1:colcon.colcon_core.environment:checking '/home/ajaikumar/nidar-2/nidar_ws/install/mission_interfaces/lib'
[1.053s] Level 1:colcon.colcon_core.shell:create_environment_hook('mission_interfaces', 'ld_library_path_lib')
[1.053s] INFO:colcon.colcon_core.shell:Creating environment hook '/home/ajaikumar/nidar-2/nidar_ws/install/mission_interfaces/share/mission_interfaces/hook/ld_library_path_lib.ps1'
[1.054s] INFO:colcon.colcon_core.shell:Creating environment descriptor '/home/ajaikumar/nidar-2/nidar_ws/install/mission_interfaces/share/mission_interfaces/hook/ld_library_path_lib.dsv'
[1.054s] INFO:colcon.colcon_core.shell:Creating environment hook '/home/ajaikumar/nidar-2/nidar_ws/install/mission_interfaces/share/mission_interfaces/hook/ld_library_path_lib.sh'
[1.054s] Level 1:colcon.colcon_core.environment:checking '/home/ajaikumar/nidar-2/nidar_ws/install/mission_interfaces/bin'
[1.054s] Level 1:colcon.colcon_core.environment:checking '/home/ajaikumar/nidar-2/nidar_ws/install/mission_interfaces/lib/pkgconfig/mission_interfaces.pc'
[1.055s] Level 1:colcon.colcon_core.environment:checking '/home/ajaikumar/nidar-2/nidar_ws/install/mission_interfaces/lib/python3.10/site-packages'
[1.055s] Level 1:colcon.colcon_core.shell:create_environment_hook('mission_interfaces', 'pythonpath')
[1.055s] INFO:colcon.colcon_core.shell:Creating environment hook '/home/ajaikumar/nidar-2/nidar_ws/install/mission_interfaces/share/mission_interfaces/hook/pythonpath.ps1'
[1.055s] INFO:colcon.colcon_core.shell:Creating environment descriptor '/home/ajaikumar/nidar-2/nidar_ws/install/mission_interfaces/share/mission_interfaces/hook/pythonpath.dsv'
[1.055s] INFO:colcon.colcon_core.shell:Creating environment hook '/home/ajaikumar/nidar-2/nidar_ws/install/mission_interfaces/share/mission_interfaces/hook/pythonpath.sh'
[1.056s] Level 1:colcon.colcon_core.environment:checking '/home/ajaikumar/nidar-2/nidar_ws/install/mission_interfaces/bin'
[1.056s] INFO:colcon.colcon_core.shell:Creating package script '/home/ajaikumar/nidar-2/nidar_ws/install/mission_interfaces/share/mission_interfaces/package.ps1'
[1.057s] INFO:colcon.colcon_core.shell:Creating package descriptor '/home/ajaikumar/nidar-2/nidar_ws/install/mission_interfaces/share/mission_interfaces/package.dsv'
[1.057s] INFO:colcon.colcon_core.shell:Creating package script '/home/ajaikumar/nidar-2/nidar_ws/install/mission_interfaces/share/mission_interfaces/package.sh'
[1.058s] INFO:colcon.colcon_core.shell:Creating package script '/home/ajaikumar/nidar-2/nidar_ws/install/mission_interfaces/share/mission_interfaces/package.bash'
[1.058s] INFO:colcon.colcon_core.shell:Creating package script '/home/ajaikumar/nidar-2/nidar_ws/install/mission_interfaces/share/mission_interfaces/package.zsh'
[1.058s] Level 1:colcon.colcon_core.environment:create_file_with_runtime_dependencies(/home/ajaikumar/nidar-2/nidar_ws/install/mission_interfaces/share/colcon-core/packages/mission_interfaces)
[1.059s] INFO:colcon.colcon_ros.task.ament_python.build:Building ROS package in '/home/ajaikumar/nidar-2/nidar_ws/src/mission_manager' with build type 'ament_python'
[1.059s] Level 1:colcon.colcon_core.shell:create_environment_hook('mission_manager', 'ament_prefix_path')
[1.060s] INFO:colcon.colcon_core.shell:Creating environment hook '/home/ajaikumar/nidar-2/nidar_ws/install/mission_manager/share/mission_manager/hook/ament_prefix_path.ps1'
[1.060s] INFO:colcon.colcon_core.shell:Creating environment descriptor '/home/ajaikumar/nidar-2/nidar_ws/install/mission_manager/share/mission_manager/hook/ament_prefix_path.dsv'
[1.061s] INFO:colcon.colcon_core.shell:Creating environment hook '/home/ajaikumar/nidar-2/nidar_ws/install/mission_manager/share/mission_manager/hook/ament_prefix_path.sh'
[1.061s] INFO:colcon.colcon_core.shell:Skip shell extension 'powershell' for command environment: Not usable outside of PowerShell
[1.062s] DEBUG:colcon.colcon_core.shell:Skip shell extension 'dsv' for command environment
[1.401s] INFO:colcon.colcon_core.task.python.build:Building Python package in '/home/ajaikumar/nidar-2/nidar_ws/src/model_inference'
[1.402s] INFO:colcon.colcon_core.shell:Skip shell extension 'powershell' for command environment: Not usable outside of PowerShell
[1.402s] DEBUG:colcon.colcon_core.shell:Skip shell extension 'dsv' for command environment
[1.681s] INFO:colcon.colcon_core.task.python.build:Building Python package in '/home/ajaikumar/nidar-2/nidar_ws/src/mission_manager'
[1.681s] INFO:colcon.colcon_core.shell:Skip shell extension 'powershell' for command environment: Not usable outside of PowerShell
[1.681s] DEBUG:colcon.colcon_core.shell:Skip shell extension 'dsv' for command environment
[2.057s] DEBUG:colcon.colcon_core.event_handler.log_command:Invoking command in '/home/ajaikumar/nidar-2/nidar_ws/build/model_inference': CMAKE_PREFIX_PATH=/home/ajaikumar/nidar-2/nidar_ws/install/custom_msgs:/home/ajaikumar/nidar-2/nidar_ws/install/mission_interfaces LD_LIBRARY_PATH=/home/ajaikumar/nidar-2/nidar_ws/install/custom_msgs/lib:/home/ajaikumar/nidar-2/nidar_ws/install/mission_interfaces/lib:/opt/ros/humble/opt/rviz_ogre_vendor/lib:/opt/ros/humble/lib/x86_64-linux-gnu:/opt/ros/humble/lib PYTHONPATH=/home/ajaikumar/nidar-2/nidar_ws/build/model_inference/prefix_override:/usr/lib/python3/dist-packages/colcon_core/task/python/colcon_distutils_commands:/home/ajaikumar/nidar-2/nidar_ws/install/model_inference/lib/python3.10/site-packages:/home/ajaikumar/nidar-2/nidar_ws/install/custom_msgs/lib/python3.10/site-packages:/home/ajaikumar/nidar-2/nidar_ws/build/model_inference:/home/ajaikumar/nidar-2/nidar_ws/install/model_inference/lib/python3.10/site-packages:/home/ajaikumar/nidar-2/nidar_ws/build/mission_manager:/home/ajaikumar/nidar-2/nidar_ws/install/mission_manager/lib/python3.10/site-packages:/home/ajaikumar/nidar-2/nidar_ws/install/mission_interfaces/lib/python3.10/site-packages:/home/ajaikumar/ros2_ws/build/my_robot_controller:/home/ajaikumar/ros2_ws/install/my_robot_controller/lib/python3.10/site-packages:/opt/ros/humble/lib/python3.10/site-packages:/opt/ros/humble/local/lib/python3.10/dist-packages VIRTUAL_ENV_PROMPT=(.local) /usr/bin/python3 -W ignore:setup.py install is deprecated -W ignore:easy_install command is deprecated setup.py develop --editable --build-directory /home/ajaikumar/nidar-2/nidar_ws/build/model_inference/build --no-deps symlink_data
[2.072s] DEBUG:colcon.colcon_core.event_handler.log_command:Invoking command in '/home/ajaikumar/nidar-2/nidar_ws/build/mission_manager': PYTHONPATH=/home/ajaikumar/nidar-2/nidar_ws/build/mission_manager/prefix_override:/usr/lib/python3/dist-packages/colcon_core/task/python/colcon_distutils_commands:/home/ajaikumar/nidar-2/nidar_ws/install/mission_manager/lib/python3.10/site-packages:/home/ajaikumar/nidar-2/nidar_ws/install/mission_interfaces/lib/python3.10/site-packages:/home/ajaikumar/nidar-2/nidar_ws/build/model_inference:/home/ajaikumar/nidar-2/nidar_ws/install/model_inference/lib/python3.10/site-packages:/home/ajaikumar/nidar-2/nidar_ws/build/mission_manager:/home/ajaikumar/nidar-2/nidar_ws/install/mission_manager/lib/python3.10/site-packages:/home/ajaikumar/nidar-2/nidar_ws/install/custom_msgs/lib/python3.10/site-packages:/home/ajaikumar/ros2_ws/build/my_robot_controller:/home/ajaikumar/ros2_ws/install/my_robot_controller/lib/python3.10/site-packages:/opt/ros/humble/lib/python3.10/site-packages:/opt/ros/humble/local/lib/python3.10/dist-packages VIRTUAL_ENV_PROMPT=(.local) /usr/bin/python3 -W ignore:setup.py install is deprecated -W ignore:easy_install command is deprecated setup.py develop --editable --build-directory /home/ajaikumar/nidar-2/nidar_ws/build/mission_manager/build --no-deps symlink_data
[2.550s] Level 1:colcon.colcon_core.shell:create_environment_hook('model_inference', 'pythonpath_develop')
[2.550s] INFO:colcon.colcon_core.shell:Creating environment hook '/home/ajaikumar/nidar-2/nidar_ws/build/model_inference/share/model_inference/hook/pythonpath_develop.ps1'
[2.551s] DEBUG:colcon.colcon_core.event_handler.log_command:Invoked command in '/home/ajaikumar/nidar-2/nidar_ws/build/model_inference' returned '0': CMAKE_PREFIX_PATH=/home/ajaikumar/nidar-2/nidar_ws/install/custom_msgs:/home/ajaikumar/nidar-2/nidar_ws/install/mission_interfaces LD_LIBRARY_PATH=/home/ajaikumar/nidar-2/nidar_ws/install/custom_msgs/lib:/home/ajaikumar/nidar-2/nidar_ws/install/mission_interfaces/lib:/opt/ros/humble/opt/rviz_ogre_vendor/lib:/opt/ros/humble/lib/x86_64-linux-gnu:/opt/ros/humble/lib PYTHONPATH=/home/ajaikumar/nidar-2/nidar_ws/build/model_inference/prefix_override:/usr/lib/python3/dist-packages/colcon_core/task/python/colcon_distutils_commands:/home/ajaikumar/nidar-2/nidar_ws/install/model_inference/lib/python3.10/site-packages:/home/ajaikumar/nidar-2/nidar_ws/install/custom_msgs/lib/python3.10/site-packages:/home/ajaikumar/nidar-2/nidar_ws/build/model_inference:/home/ajaikumar/nidar-2/nidar_ws/install/model_inference/lib/python3.10/site-packages:/home/ajaikumar/nidar-2/nidar_ws/build/mission_manager:/home/ajaikumar/nidar-2/nidar_ws/install/mission_manager/lib/python3.10/site-packages:/home/ajaikumar/nidar-2/nidar_ws/install/mission_interfaces/lib/python3.10/site-packages:/home/ajaikumar/ros2_ws/build/my_robot_controller:/home/ajaikumar/ros2_ws/install/my_robot_controller/lib/python3.10/site-packages:/opt/ros/humble/lib/python3.10/site-packages:/opt/ros/humble/local/lib/python3.10/dist-packages VIRTUAL_ENV_PROMPT=(.local) /usr/bin/python3 -W ignore:setup.py install is deprecated -W ignore:easy_install command is deprecated setup.py develop --editable --build-directory /home/ajaikumar/nidar-2/nidar_ws/build/model_inference/build --no-deps symlink_data
[2.551s] INFO:colcon.colcon_core.shell:Creating environment descriptor '/home/ajaikumar/nidar-2/nidar_ws/build/model_inference/share/model_inference/hook/pythonpath_develop.dsv'
[2.551s] INFO:colcon.colcon_core.shell:Creating environment hook '/home/ajaikumar/nidar-2/nidar_ws/build/model_inference/share/model_inference/hook/pythonpath_develop.sh'
[2.552s] Level 1:colcon.colcon_core.environment:checking '/home/ajaikumar/nidar-2/nidar_ws/install/model_inference' for CMake module files
[2.552s] Level 1:colcon.colcon_core.environment:checking '/home/ajaikumar/nidar-2/nidar_ws/install/model_inference' for CMake config files
[2.553s] Level 1:colcon.colcon_core.environment:checking '/home/ajaikumar/nidar-2/nidar_ws/install/model_inference/lib'
[2.553s] Level 1:colcon.colcon_core.environment:checking '/home/ajaikumar/nidar-2/nidar_ws/install/model_inference/bin'
[2.553s] Level 1:colcon.colcon_core.environment:checking '/home/ajaikumar/nidar-2/nidar_ws/install/model_inference/lib/pkgconfig/model_inference.pc'
[2.553s] Level 1:colcon.colcon_core.environment:checking '/home/ajaikumar/nidar-2/nidar_ws/install/model_inference/lib/python3.10/site-packages'
[2.553s] Level 1:colcon.colcon_core.shell:create_environment_hook('model_inference', 'pythonpath')
[2.553s] INFO:colcon.colcon_core.shell:Creating environment hook '/home/ajaikumar/nidar-2/nidar_ws/install/model_inference/share/model_inference/hook/pythonpath.ps1'
[2.554s] INFO:colcon.colcon_core.shell:Creating environment descriptor '/home/ajaikumar/nidar-2/nidar_ws/install/model_inference/share/model_inference/hook/pythonpath.dsv'
[2.554s] INFO:colcon.colcon_core.shell:Creating environment hook '/home/ajaikumar/nidar-2/nidar_ws/install/model_inference/share/model_inference/hook/pythonpath.sh'
[2.555s] Level 1:colcon.colcon_core.environment:checking '/home/ajaikumar/nidar-2/nidar_ws/install/model_inference/bin'
[2.555s] Level 1:colcon.colcon_core.environment:create_environment_scripts_only(model_inference)
[2.555s] INFO:colcon.colcon_core.shell:Creating package script '/home/ajaikumar/nidar-2/nidar_ws/install/model_inference/share/model_inference/package.ps1'
[2.555s] INFO:colcon.colcon_core.shell:Creating package descriptor '/home/ajaikumar/nidar-2/nidar_ws/install/model_inference/share/model_inference/package.dsv'
[2.556s] INFO:colcon.colcon_core.shell:Creating package script '/home/ajaikumar/nidar-2/nidar_ws/install/model_inference/share/model_inference/package.sh'
[2.556s] INFO:colcon.colcon_core.shell:Creating package script '/home/ajaikumar/nidar-2/nidar_ws/install/model_inference/share/model_inference/package.bash'
[2.556s] INFO:colcon.colcon_core.shell:Creating package script '/home/ajaikumar/nidar-2/nidar_ws/install/model_inference/share/model_inference/package.zsh'
[2.557s] Level 1:colcon.colcon_core.environment:create_file_with_runtime_dependencies(/home/ajaikumar/nidar-2/nidar_ws/install/model_inference/share/colcon-core/packages/model_inference)
[2.575s] Level 1:colcon.colcon_core.shell:create_environment_hook('mission_manager', 'pythonpath_develop')
[2.576s] INFO:colcon.colcon_core.shell:Creating environment hook '/home/ajaikumar/nidar-2/nidar_ws/build/mission_manager/share/mission_manager/hook/pythonpath_develop.ps1'
[2.576s] DEBUG:colcon.colcon_core.event_handler.log_command:Invoked command in '/home/ajaikumar/nidar-2/nidar_ws/build/mission_manager' returned '0': PYTHONPATH=/home/ajaikumar/nidar-2/nidar_ws/build/mission_manager/prefix_override:/usr/lib/python3/dist-packages/colcon_core/task/python/colcon_distutils_commands:/home/ajaikumar/nidar-2/nidar_ws/install/mission_manager/lib/python3.10/site-packages:/home/ajaikumar/nidar-2/nidar_ws/install/mission_interfaces/lib/python3.10/site-packages:/home/ajaikumar/nidar-2/nidar_ws/build/model_inference:/home/ajaikumar/nidar-2/nidar_ws/install/model_inference/lib/python3.10/site-packages:/home/ajaikumar/nidar-2/nidar_ws/build/mission_manager:/home/ajaikumar/nidar-2/nidar_ws/install/mission_manager/lib/python3.10/site-packages:/home/ajaikumar/nidar-2/nidar_ws/install/custom_msgs/lib/python3.10/site-packages:/home/ajaikumar/ros2_ws/build/my_robot_controller:/home/ajaikumar/ros2_ws/install/my_robot_controller/lib/python3.10/site-packages:/opt/ros/humble/lib/python3.10/site-packages:/opt/ros/humble/local/lib/python3.10/dist-packages VIRTUAL_ENV_PROMPT=(.local) /usr/bin/python3 -W ignore:setup.py install is deprecated -W ignore:easy_install command is deprecated setup.py develop --editable --build-directory /home/ajaikumar/nidar-2/nidar_ws/build/mission_manager/build --no-deps symlink_data
[2.577s] INFO:colcon.colcon_core.shell:Creating environment descriptor '/home/ajaikumar/nidar-2/nidar_ws/build/mission_manager/share/mission_manager/hook/pythonpath_develop.dsv'
[2.577s] INFO:colcon.colcon_core.shell:Creating environment hook '/home/ajaikumar/nidar-2/nidar_ws/build/mission_manager/share/mission_manager/hook/pythonpath_develop.sh'
[2.578s] Level 1:colcon.colcon_core.environment:checking '/home/ajaikumar/nidar-2/nidar_ws/install/mission_manager' for CMake module files
[2.578s] Level 1:colcon.colcon_core.environment:checking '/home/ajaikumar/nidar-2/nidar_ws/install/mission_manager' for CMake config files
[2.579s] Level 1:colcon.colcon_core.environment:checking '/home/ajaikumar/nidar-2/nidar_ws/install/mission_manager/lib'
[2.579s] Level 1:colcon.colcon_core.environment:checking '/home/ajaikumar/nidar-2/nidar_ws/install/mission_manager/bin'
[2.579s] Level 1:colcon.colcon_core.environment:checking '/home/ajaikumar/nidar-2/nidar_ws/install/mission_manager/lib/pkgconfig/mission_manager.pc'
[2.579s] Level 1:colcon.colcon_core.environment:checking '/home/ajaikumar/nidar-2/nidar_ws/install/mission_manager/lib/python3.10/site-packages'
[2.579s] Level 1:colcon.colcon_core.shell:create_environment_hook('mission_manager', 'pythonpath')
[2.580s] INFO:colcon.colcon_core.shell:Creating environment hook '/home/ajaikumar/nidar-2/nidar_ws/install/mission_manager/share/mission_manager/hook/pythonpath.ps1'
[2.580s] INFO:colcon.colcon_core.shell:Creating environment descriptor '/home/ajaikumar/nidar-2/nidar_ws/install/mission_manager/share/mission_manager/hook/pythonpath.dsv'
[2.580s] INFO:colcon.colcon_core.shell:Creating environment hook '/home/ajaikumar/nidar-2/nidar_ws/install/mission_manager/share/mission_manager/hook/pythonpath.sh'
[2.581s] Level 1:colcon.colcon_core.environment:checking '/home/ajaikumar/nidar-2/nidar_ws/install/mission_manager/bin'
[2.581s] Level 1:colcon.colcon_core.environment:create_environment_scripts_only(mission_manager)
[2.582s] INFO:colcon.colcon_core.shell:Creating package script '/home/ajaikumar/nidar-2/nidar_ws/install/mission_manager/share/mission_manager/package.ps1'
[2.582s] INFO:colcon.colcon_core.shell:Creating package descriptor '/home/ajaikumar/nidar-2/nidar_ws/install/mission_manager/share/mission_manager/package.dsv'
[2.583s] INFO:colcon.colcon_core.shell:Creating package script '/home/ajaikumar/nidar-2/nidar_ws/install/mission_manager/share/mission_manager/package.sh'
[2.583s] INFO:colcon.colcon_core.shell:Creating package script '/home/ajaikumar/nidar-2/nidar_ws/install/mission_manager/share/mission_manager/package.bash'
[2.584s] INFO:colcon.colcon_core.shell:Creating package script '/home/ajaikumar/nidar-2/nidar_ws/install/mission_manager/share/mission_manager/package.zsh'
[2.584s] Level 1:colcon.colcon_core.environment:create_file_with_runtime_dependencies(/home/ajaikumar/nidar-2/nidar_ws/install/mission_manager/share/colcon-core/packages/mission_manager)
[2.584s] DEBUG:colcon.colcon_parallel_executor.executor.parallel:closing loop
[2.585s] DEBUG:colcon.colcon_parallel_executor.executor.parallel:loop closed
[2.585s] DEBUG:colcon.colcon_parallel_executor.executor.parallel:run_until_complete finished with '0'
[2.585s] DEBUG:colcon.colcon_core.event_reactor:joining thread
[2.591s] INFO:colcon.colcon_core.plugin_system:Skipping extension 'colcon_notification.desktop_notification.terminal_notifier': Not used on non-Darwin systems
[2.591s] INFO:colcon.colcon_core.plugin_system:Skipping extension 'colcon_notification.desktop_notification.win32': Not used on non-Windows systems
[2.591s] INFO:colcon.colcon_notification.desktop_notification:Sending desktop notification using 'notify2'
[2.603s] DEBUG:colcon.colcon_core.event_reactor:joined thread
[2.604s] INFO:colcon.colcon_core.shell:Creating prefix script '/home/ajaikumar/nidar-2/nidar_ws/install/local_setup.ps1'
[2.605s] INFO:colcon.colcon_core.shell:Creating prefix util module '/home/ajaikumar/nidar-2/nidar_ws/install/_local_setup_util_ps1.py'
[2.606s] INFO:colcon.colcon_core.shell:Creating prefix chain script '/home/ajaikumar/nidar-2/nidar_ws/install/setup.ps1'
[2.607s] INFO:colcon.colcon_core.shell:Creating prefix script '/home/ajaikumar/nidar-2/nidar_ws/install/local_setup.sh'
[2.608s] INFO:colcon.colcon_core.shell:Creating prefix util module '/home/ajaikumar/nidar-2/nidar_ws/install/_local_setup_util_sh.py'
[2.608s] INFO:colcon.colcon_core.shell:Creating prefix chain script '/home/ajaikumar/nidar-2/nidar_ws/install/setup.sh'
[2.609s] INFO:colcon.colcon_core.shell:Creating prefix script '/home/ajaikumar/nidar-2/nidar_ws/install/local_setup.bash'
[2.610s] INFO:colcon.colcon_core.shell:Creating prefix chain script '/home/ajaikumar/nidar-2/nidar_ws/install/setup.bash'
[2.610s] INFO:colcon.colcon_core.shell:Creating prefix script '/home/ajaikumar/nidar-2/nidar_ws/install/local_setup.zsh'
[2.611s] INFO:colcon.colcon_core.shell:Creating prefix chain script '/home/ajaikumar/nidar-2/nidar_ws/install/setup.zsh'
