[  3%] Built target custom_msgs__cpp
[ 12%] Built target custom_msgs__rosidl_generator_c
[ 12%] Built target ament_cmake_python_symlink_custom_msgs
[ 22%] Built target custom_msgs__rosidl_typesupport_cpp
[ 38%] Built target custom_msgs__rosidl_typesupport_introspection_cpp
[ 45%] Built target custom_msgs__rosidl_typesupport_fastrtps_c
[ 54%] Built target custom_msgs__rosidl_typesupport_introspection_c
[ 61%] Built target custom_msgs__rosidl_typesupport_fastrtps_cpp
[ 70%] Built target custom_msgs__rosidl_typesupport_c
[ 70%] Built target custom_msgs
[ 74%] Built target custom_msgs__py
[ 80%] Built target custom_msgs__rosidl_generator_py
[100%] Built target custom_msgs__rosidl_typesupport_introspection_c__pyext
[100%] Built target custom_msgs__rosidl_typesupport_fastrtps_c__pyext
[100%] Built target custom_msgs__rosidl_typesupport_c__pyext
running egg_info
writing custom_msgs.egg-info/PKG-INFO
writing dependency_links to custom_msgs.egg-info/dependency_links.txt
writing top-level names to custom_msgs.egg-info/top_level.txt
reading manifest file 'custom_msgs.egg-info/SOURCES.txt'
writing manifest file 'custom_msgs.egg-info/SOURCES.txt'
[100%] Built target ament_cmake_python_build_custom_msgs_egg
-- Install configuration: ""
-- Execute custom install script
-- Up-to-date symlink: /home/ajaikumar/nidar-2/nidar_ws/install/custom_msgs/share/ament_index/resource_index/rosidl_interfaces/custom_msgs
-- Up-to-date symlink: /home/ajaikumar/nidar-2/nidar_ws/install/custom_msgs/include/custom_msgs/custom_msgs/msg/detail/geotagged_image__functions.h
-- Up-to-date symlink: /home/ajaikumar/nidar-2/nidar_ws/install/custom_msgs/include/custom_msgs/custom_msgs/msg/detail/geotagged_image__struct.h
-- Up-to-date symlink: /home/ajaikumar/nidar-2/nidar_ws/install/custom_msgs/include/custom_msgs/custom_msgs/msg/detail/geotagged_image__type_support.h
-- Up-to-date symlink: /home/ajaikumar/nidar-2/nidar_ws/install/custom_msgs/include/custom_msgs/custom_msgs/msg/detail/victim_detection__functions.h
-- Up-to-date symlink: /home/ajaikumar/nidar-2/nidar_ws/install/custom_msgs/include/custom_msgs/custom_msgs/msg/detail/victim_detection__struct.h
-- Up-to-date symlink: /home/ajaikumar/nidar-2/nidar_ws/install/custom_msgs/include/custom_msgs/custom_msgs/msg/detail/victim_detection__type_support.h
-- Up-to-date symlink: /home/ajaikumar/nidar-2/nidar_ws/install/custom_msgs/include/custom_msgs/custom_msgs/msg/geotagged_image.h
-- Up-to-date symlink: /home/ajaikumar/nidar-2/nidar_ws/install/custom_msgs/include/custom_msgs/custom_msgs/msg/rosidl_generator_c__visibility_control.h
-- Up-to-date symlink: /home/ajaikumar/nidar-2/nidar_ws/install/custom_msgs/include/custom_msgs/custom_msgs/msg/victim_detection.h
-- Up-to-date symlink: /home/ajaikumar/nidar-2/nidar_ws/install/custom_msgs/share/custom_msgs/environment/library_path.sh
-- Up-to-date symlink: /home/ajaikumar/nidar-2/nidar_ws/install/custom_msgs/share/custom_msgs/environment/library_path.dsv
-- Up-to-date symlink: /home/ajaikumar/nidar-2/nidar_ws/install/custom_msgs/include/custom_msgs/custom_msgs/msg/detail/geotagged_image__rosidl_typesupport_fastrtps_c.h
-- Up-to-date symlink: /home/ajaikumar/nidar-2/nidar_ws/install/custom_msgs/include/custom_msgs/custom_msgs/msg/detail/victim_detection__rosidl_typesupport_fastrtps_c.h
-- Up-to-date symlink: /home/ajaikumar/nidar-2/nidar_ws/install/custom_msgs/include/custom_msgs/custom_msgs/msg/rosidl_typesupport_fastrtps_c__visibility_control.h
-- Up-to-date symlink: /home/ajaikumar/nidar-2/nidar_ws/install/custom_msgs/include/custom_msgs/custom_msgs/msg/detail/geotagged_image__builder.hpp
-- Up-to-date symlink: /home/ajaikumar/nidar-2/nidar_ws/install/custom_msgs/include/custom_msgs/custom_msgs/msg/detail/geotagged_image__struct.hpp
-- Up-to-date symlink: /home/ajaikumar/nidar-2/nidar_ws/install/custom_msgs/include/custom_msgs/custom_msgs/msg/detail/geotagged_image__traits.hpp
-- Up-to-date symlink: /home/ajaikumar/nidar-2/nidar_ws/install/custom_msgs/include/custom_msgs/custom_msgs/msg/detail/geotagged_image__type_support.hpp
-- Up-to-date symlink: /home/ajaikumar/nidar-2/nidar_ws/install/custom_msgs/include/custom_msgs/custom_msgs/msg/detail/victim_detection__builder.hpp
-- Up-to-date symlink: /home/ajaikumar/nidar-2/nidar_ws/install/custom_msgs/include/custom_msgs/custom_msgs/msg/detail/victim_detection__struct.hpp
-- Up-to-date symlink: /home/ajaikumar/nidar-2/nidar_ws/install/custom_msgs/include/custom_msgs/custom_msgs/msg/detail/victim_detection__traits.hpp
-- Up-to-date symlink: /home/ajaikumar/nidar-2/nidar_ws/install/custom_msgs/include/custom_msgs/custom_msgs/msg/detail/victim_detection__type_support.hpp
-- Up-to-date symlink: /home/ajaikumar/nidar-2/nidar_ws/install/custom_msgs/include/custom_msgs/custom_msgs/msg/geotagged_image.hpp
-- Up-to-date symlink: /home/ajaikumar/nidar-2/nidar_ws/install/custom_msgs/include/custom_msgs/custom_msgs/msg/rosidl_generator_cpp__visibility_control.hpp
-- Up-to-date symlink: /home/ajaikumar/nidar-2/nidar_ws/install/custom_msgs/include/custom_msgs/custom_msgs/msg/victim_detection.hpp
-- Up-to-date symlink: /home/ajaikumar/nidar-2/nidar_ws/install/custom_msgs/include/custom_msgs/custom_msgs/msg/detail/geotagged_image__rosidl_typesupport_fastrtps_cpp.hpp
-- Up-to-date symlink: /home/ajaikumar/nidar-2/nidar_ws/install/custom_msgs/include/custom_msgs/custom_msgs/msg/detail/victim_detection__rosidl_typesupport_fastrtps_cpp.hpp
-- Up-to-date symlink: /home/ajaikumar/nidar-2/nidar_ws/install/custom_msgs/include/custom_msgs/custom_msgs/msg/rosidl_typesupport_fastrtps_cpp__visibility_control.h
-- Up-to-date symlink: /home/ajaikumar/nidar-2/nidar_ws/install/custom_msgs/include/custom_msgs/custom_msgs/msg/detail/geotagged_image__rosidl_typesupport_introspection_c.h
-- Up-to-date symlink: /home/ajaikumar/nidar-2/nidar_ws/install/custom_msgs/include/custom_msgs/custom_msgs/msg/detail/victim_detection__rosidl_typesupport_introspection_c.h
-- Up-to-date symlink: /home/ajaikumar/nidar-2/nidar_ws/install/custom_msgs/include/custom_msgs/custom_msgs/msg/rosidl_typesupport_introspection_c__visibility_control.h
-- Up-to-date symlink: /home/ajaikumar/nidar-2/nidar_ws/install/custom_msgs/include/custom_msgs/custom_msgs/msg/detail/geotagged_image__rosidl_typesupport_introspection_cpp.hpp
-- Up-to-date symlink: /home/ajaikumar/nidar-2/nidar_ws/install/custom_msgs/include/custom_msgs/custom_msgs/msg/detail/victim_detection__rosidl_typesupport_introspection_cpp.hpp
-- Up-to-date symlink: /home/ajaikumar/nidar-2/nidar_ws/install/custom_msgs/share/custom_msgs/environment/pythonpath.sh
-- Up-to-date symlink: /home/ajaikumar/nidar-2/nidar_ws/install/custom_msgs/share/custom_msgs/environment/pythonpath.dsv
-- Up-to-date symlink: /home/ajaikumar/nidar-2/nidar_ws/install/custom_msgs/lib/python3.10/site-packages/custom_msgs-0.0.0-py3.10.egg-info/PKG-INFO
-- Up-to-date symlink: /home/ajaikumar/nidar-2/nidar_ws/install/custom_msgs/lib/python3.10/site-packages/custom_msgs-0.0.0-py3.10.egg-info/SOURCES.txt
-- Up-to-date symlink: /home/ajaikumar/nidar-2/nidar_ws/install/custom_msgs/lib/python3.10/site-packages/custom_msgs-0.0.0-py3.10.egg-info/dependency_links.txt
-- Up-to-date symlink: /home/ajaikumar/nidar-2/nidar_ws/install/custom_msgs/lib/python3.10/site-packages/custom_msgs-0.0.0-py3.10.egg-info/top_level.txt
-- Up-to-date symlink: /home/ajaikumar/nidar-2/nidar_ws/install/custom_msgs/lib/python3.10/site-packages/custom_msgs/__init__.py
-- Up-to-date symlink: /home/ajaikumar/nidar-2/nidar_ws/install/custom_msgs/lib/python3.10/site-packages/custom_msgs/_custom_msgs_s.ep.rosidl_typesupport_c.c
-- Up-to-date symlink: /home/ajaikumar/nidar-2/nidar_ws/install/custom_msgs/lib/python3.10/site-packages/custom_msgs/_custom_msgs_s.ep.rosidl_typesupport_fastrtps_c.c
-- Up-to-date symlink: /home/ajaikumar/nidar-2/nidar_ws/install/custom_msgs/lib/python3.10/site-packages/custom_msgs/_custom_msgs_s.ep.rosidl_typesupport_introspection_c.c
-- Up-to-date symlink: /home/ajaikumar/nidar-2/nidar_ws/install/custom_msgs/lib/python3.10/site-packages/custom_msgs/custom_msgs_s__rosidl_typesupport_c.cpython-310-x86_64-linux-gnu.so
-- Up-to-date symlink: /home/ajaikumar/nidar-2/nidar_ws/install/custom_msgs/lib/python3.10/site-packages/custom_msgs/custom_msgs_s__rosidl_typesupport_fastrtps_c.cpython-310-x86_64-linux-gnu.so
-- Up-to-date symlink: /home/ajaikumar/nidar-2/nidar_ws/install/custom_msgs/lib/python3.10/site-packages/custom_msgs/custom_msgs_s__rosidl_typesupport_introspection_c.cpython-310-x86_64-linux-gnu.so
-- Up-to-date symlink: /home/ajaikumar/nidar-2/nidar_ws/install/custom_msgs/lib/python3.10/site-packages/custom_msgs/libcustom_msgs__rosidl_generator_py.so
-- Up-to-date symlink: /home/ajaikumar/nidar-2/nidar_ws/install/custom_msgs/lib/python3.10/site-packages/custom_msgs/msg/__init__.py
-- Up-to-date symlink: /home/ajaikumar/nidar-2/nidar_ws/install/custom_msgs/lib/python3.10/site-packages/custom_msgs/msg/_geotagged_image.py
-- Up-to-date symlink: /home/ajaikumar/nidar-2/nidar_ws/install/custom_msgs/lib/python3.10/site-packages/custom_msgs/msg/_geotagged_image_s.c
-- Up-to-date symlink: /home/ajaikumar/nidar-2/nidar_ws/install/custom_msgs/lib/python3.10/site-packages/custom_msgs/msg/_victim_detection.py
-- Up-to-date symlink: /home/ajaikumar/nidar-2/nidar_ws/install/custom_msgs/lib/python3.10/site-packages/custom_msgs/msg/_victim_detection_s.c
-- Up-to-date symlink: /home/ajaikumar/nidar-2/nidar_ws/install/custom_msgs/lib/python3.10/site-packages/custom_msgs/custom_msgs_s__rosidl_typesupport_fastrtps_c.cpython-310-x86_64-linux-gnu.so
-- Up-to-date symlink: /home/ajaikumar/nidar-2/nidar_ws/install/custom_msgs/lib/python3.10/site-packages/custom_msgs/custom_msgs_s__rosidl_typesupport_introspection_c.cpython-310-x86_64-linux-gnu.so
-- Up-to-date symlink: /home/ajaikumar/nidar-2/nidar_ws/install/custom_msgs/lib/python3.10/site-packages/custom_msgs/custom_msgs_s__rosidl_typesupport_c.cpython-310-x86_64-linux-gnu.so
-- Up-to-date symlink: /home/ajaikumar/nidar-2/nidar_ws/install/custom_msgs/share/custom_msgs/msg/GeotaggedImage.idl
-- Up-to-date symlink: /home/ajaikumar/nidar-2/nidar_ws/install/custom_msgs/share/custom_msgs/msg/GeotaggedImage.msg
-- Up-to-date symlink: /home/ajaikumar/nidar-2/nidar_ws/install/custom_msgs/share/ament_index/resource_index/package_run_dependencies/custom_msgs
-- Up-to-date symlink: /home/ajaikumar/nidar-2/nidar_ws/install/custom_msgs/share/ament_index/resource_index/parent_prefix_path/custom_msgs
-- Up-to-date symlink: /home/ajaikumar/nidar-2/nidar_ws/install/custom_msgs/share/custom_msgs/environment/ament_prefix_path.sh
-- Up-to-date symlink: /home/ajaikumar/nidar-2/nidar_ws/install/custom_msgs/share/custom_msgs/environment/ament_prefix_path.dsv
-- Up-to-date symlink: /home/ajaikumar/nidar-2/nidar_ws/install/custom_msgs/share/custom_msgs/environment/path.sh
-- Up-to-date symlink: /home/ajaikumar/nidar-2/nidar_ws/install/custom_msgs/share/custom_msgs/environment/path.dsv
-- Up-to-date symlink: /home/ajaikumar/nidar-2/nidar_ws/install/custom_msgs/share/custom_msgs/local_setup.bash
-- Up-to-date symlink: /home/ajaikumar/nidar-2/nidar_ws/install/custom_msgs/share/custom_msgs/local_setup.sh
-- Up-to-date symlink: /home/ajaikumar/nidar-2/nidar_ws/install/custom_msgs/share/custom_msgs/local_setup.zsh
-- Up-to-date symlink: /home/ajaikumar/nidar-2/nidar_ws/install/custom_msgs/share/custom_msgs/local_setup.dsv
-- Symlinking: /home/ajaikumar/nidar-2/nidar_ws/install/custom_msgs/share/custom_msgs/package.dsv
-- Up-to-date symlink: /home/ajaikumar/nidar-2/nidar_ws/install/custom_msgs/share/ament_index/resource_index/packages/custom_msgs
-- Up-to-date symlink: /home/ajaikumar/nidar-2/nidar_ws/install/custom_msgs/share/custom_msgs/cmake/rosidl_cmake-extras.cmake
-- Up-to-date symlink: /home/ajaikumar/nidar-2/nidar_ws/install/custom_msgs/share/custom_msgs/cmake/ament_cmake_export_dependencies-extras.cmake
-- Up-to-date symlink: /home/ajaikumar/nidar-2/nidar_ws/install/custom_msgs/share/custom_msgs/cmake/ament_cmake_export_include_directories-extras.cmake
-- Up-to-date symlink: /home/ajaikumar/nidar-2/nidar_ws/install/custom_msgs/share/custom_msgs/cmake/ament_cmake_export_libraries-extras.cmake
-- Up-to-date symlink: /home/ajaikumar/nidar-2/nidar_ws/install/custom_msgs/share/custom_msgs/cmake/ament_cmake_export_targets-extras.cmake
-- Up-to-date symlink: /home/ajaikumar/nidar-2/nidar_ws/install/custom_msgs/share/custom_msgs/cmake/rosidl_cmake_export_typesupport_targets-extras.cmake
-- Up-to-date symlink: /home/ajaikumar/nidar-2/nidar_ws/install/custom_msgs/share/custom_msgs/cmake/rosidl_cmake_export_typesupport_libraries-extras.cmake
-- Up-to-date symlink: /home/ajaikumar/nidar-2/nidar_ws/install/custom_msgs/share/custom_msgs/cmake/custom_msgsConfig.cmake
-- Up-to-date symlink: /home/ajaikumar/nidar-2/nidar_ws/install/custom_msgs/share/custom_msgs/cmake/custom_msgsConfig-version.cmake
-- Up-to-date symlink: /home/ajaikumar/nidar-2/nidar_ws/install/custom_msgs/share/custom_msgs/package.xml
-- Up-to-date: /home/ajaikumar/nidar-2/nidar_ws/install/custom_msgs/lib/libcustom_msgs__rosidl_generator_c.so
-- Up-to-date: /home/ajaikumar/nidar-2/nidar_ws/install/custom_msgs/lib/libcustom_msgs__rosidl_typesupport_fastrtps_c.so
-- Up-to-date: /home/ajaikumar/nidar-2/nidar_ws/install/custom_msgs/lib/libcustom_msgs__rosidl_typesupport_fastrtps_cpp.so
-- Up-to-date: /home/ajaikumar/nidar-2/nidar_ws/install/custom_msgs/lib/libcustom_msgs__rosidl_typesupport_introspection_c.so
-- Up-to-date: /home/ajaikumar/nidar-2/nidar_ws/install/custom_msgs/lib/libcustom_msgs__rosidl_typesupport_c.so
-- Up-to-date: /home/ajaikumar/nidar-2/nidar_ws/install/custom_msgs/lib/libcustom_msgs__rosidl_typesupport_introspection_cpp.so
-- Up-to-date: /home/ajaikumar/nidar-2/nidar_ws/install/custom_msgs/lib/libcustom_msgs__rosidl_typesupport_cpp.so
Listing '/home/ajaikumar/nidar-2/nidar_ws/install/custom_msgs/lib/python3.10/site-packages/custom_msgs'...
Listing '/home/ajaikumar/nidar-2/nidar_ws/install/custom_msgs/lib/python3.10/site-packages/custom_msgs/msg'...
-- Up-to-date: /home/ajaikumar/nidar-2/nidar_ws/install/custom_msgs/lib/libcustom_msgs__rosidl_generator_py.so
-- Up-to-date: /home/ajaikumar/nidar-2/nidar_ws/install/custom_msgs/share/custom_msgs/cmake/export_custom_msgs__rosidl_generator_cExport.cmake
-- Up-to-date: /home/ajaikumar/nidar-2/nidar_ws/install/custom_msgs/share/custom_msgs/cmake/export_custom_msgs__rosidl_generator_cExport-noconfig.cmake
-- Up-to-date: /home/ajaikumar/nidar-2/nidar_ws/install/custom_msgs/share/custom_msgs/cmake/export_custom_msgs__rosidl_typesupport_fastrtps_cExport.cmake
-- Up-to-date: /home/ajaikumar/nidar-2/nidar_ws/install/custom_msgs/share/custom_msgs/cmake/export_custom_msgs__rosidl_typesupport_fastrtps_cExport-noconfig.cmake
-- Up-to-date: /home/ajaikumar/nidar-2/nidar_ws/install/custom_msgs/share/custom_msgs/cmake/export_custom_msgs__rosidl_generator_cppExport.cmake
-- Up-to-date: /home/ajaikumar/nidar-2/nidar_ws/install/custom_msgs/share/custom_msgs/cmake/export_custom_msgs__rosidl_typesupport_fastrtps_cppExport.cmake
-- Up-to-date: /home/ajaikumar/nidar-2/nidar_ws/install/custom_msgs/share/custom_msgs/cmake/export_custom_msgs__rosidl_typesupport_fastrtps_cppExport-noconfig.cmake
-- Up-to-date: /home/ajaikumar/nidar-2/nidar_ws/install/custom_msgs/share/custom_msgs/cmake/custom_msgs__rosidl_typesupport_introspection_cExport.cmake
-- Up-to-date: /home/ajaikumar/nidar-2/nidar_ws/install/custom_msgs/share/custom_msgs/cmake/custom_msgs__rosidl_typesupport_introspection_cExport-noconfig.cmake
-- Up-to-date: /home/ajaikumar/nidar-2/nidar_ws/install/custom_msgs/share/custom_msgs/cmake/custom_msgs__rosidl_typesupport_cExport.cmake
-- Up-to-date: /home/ajaikumar/nidar-2/nidar_ws/install/custom_msgs/share/custom_msgs/cmake/custom_msgs__rosidl_typesupport_cExport-noconfig.cmake
-- Up-to-date: /home/ajaikumar/nidar-2/nidar_ws/install/custom_msgs/share/custom_msgs/cmake/custom_msgs__rosidl_typesupport_introspection_cppExport.cmake
-- Up-to-date: /home/ajaikumar/nidar-2/nidar_ws/install/custom_msgs/share/custom_msgs/cmake/custom_msgs__rosidl_typesupport_introspection_cppExport-noconfig.cmake
-- Up-to-date: /home/ajaikumar/nidar-2/nidar_ws/install/custom_msgs/share/custom_msgs/cmake/custom_msgs__rosidl_typesupport_cppExport.cmake
-- Up-to-date: /home/ajaikumar/nidar-2/nidar_ws/install/custom_msgs/share/custom_msgs/cmake/custom_msgs__rosidl_typesupport_cppExport-noconfig.cmake
-- Up-to-date: /home/ajaikumar/nidar-2/nidar_ws/install/custom_msgs/share/custom_msgs/cmake/export_custom_msgs__rosidl_generator_pyExport.cmake
-- Up-to-date: /home/ajaikumar/nidar-2/nidar_ws/install/custom_msgs/share/custom_msgs/cmake/export_custom_msgs__rosidl_generator_pyExport-noconfig.cmake
