[0.014s] Invoking command in '/home/ajaikumar/nidar-2/nidar_ws/build/custom_msgs': CMAKE_PREFIX_PATH=/home/ajaikumar/ros2_ws/install/my_robot_controller:/opt/ros/humble VIRTUAL_ENV_PROMPT=(.local) /usr/bin/cmake --build /home/ajaikumar/nidar-2/nidar_ws/build/custom_msgs -- -j12 -l12
[0.078s] [  3%] Built target custom_msgs__cpp
[0.079s] [ 12%] Built target custom_msgs__rosidl_generator_c
[0.099s] [ 12%] Built target ament_cmake_python_symlink_custom_msgs
[0.119s] [ 22%] Built target custom_msgs__rosidl_typesupport_cpp
[0.119s] [ 38%] Built target custom_msgs__rosidl_typesupport_introspection_cpp
[0.119s] [ 45%] Built target custom_msgs__rosidl_typesupport_fastrtps_c
[0.119s] [ 54%] Built target custom_msgs__rosidl_typesupport_introspection_c
[0.121s] [ 61%] Built target custom_msgs__rosidl_typesupport_fastrtps_cpp
[0.124s] [ 70%] Built target custom_msgs__rosidl_typesupport_c
[0.153s] [ 70%] Built target custom_msgs
[0.179s] [ 74%] Built target custom_msgs__py
[0.205s] [ 80%] Built target custom_msgs__rosidl_generator_py
[0.234s] [100%] Built target custom_msgs__rosidl_typesupport_introspection_c__pyext
[0.234s] [100%] Built target custom_msgs__rosidl_typesupport_fastrtps_c__pyext
[0.234s] [100%] Built target custom_msgs__rosidl_typesupport_c__pyext
[0.343s] running egg_info
[0.343s] writing custom_msgs.egg-info/PKG-INFO
[0.344s] writing dependency_links to custom_msgs.egg-info/dependency_links.txt
[0.344s] writing top-level names to custom_msgs.egg-info/top_level.txt
[0.346s] reading manifest file 'custom_msgs.egg-info/SOURCES.txt'
[0.347s] writing manifest file 'custom_msgs.egg-info/SOURCES.txt'
[0.441s] [100%] Built target ament_cmake_python_build_custom_msgs_egg
[0.462s] Invoked command in '/home/ajaikumar/nidar-2/nidar_ws/build/custom_msgs' returned '0': CMAKE_PREFIX_PATH=/home/ajaikumar/ros2_ws/install/my_robot_controller:/opt/ros/humble VIRTUAL_ENV_PROMPT=(.local) /usr/bin/cmake --build /home/ajaikumar/nidar-2/nidar_ws/build/custom_msgs -- -j12 -l12
[0.480s] Invoking command in '/home/ajaikumar/nidar-2/nidar_ws/build/custom_msgs': CMAKE_PREFIX_PATH=/home/ajaikumar/ros2_ws/install/my_robot_controller:/opt/ros/humble VIRTUAL_ENV_PROMPT=(.local) /usr/bin/cmake --install /home/ajaikumar/nidar-2/nidar_ws/build/custom_msgs
[0.493s] -- Install configuration: ""
[0.493s] -- Execute custom install script
[0.493s] -- Up-to-date symlink: /home/ajaikumar/nidar-2/nidar_ws/install/custom_msgs/share/ament_index/resource_index/rosidl_interfaces/custom_msgs
[0.494s] -- Up-to-date symlink: /home/ajaikumar/nidar-2/nidar_ws/install/custom_msgs/include/custom_msgs/custom_msgs/msg/detail/geotagged_image__functions.h
[0.494s] -- Up-to-date symlink: /home/ajaikumar/nidar-2/nidar_ws/install/custom_msgs/include/custom_msgs/custom_msgs/msg/detail/geotagged_image__struct.h
[0.494s] -- Up-to-date symlink: /home/ajaikumar/nidar-2/nidar_ws/install/custom_msgs/include/custom_msgs/custom_msgs/msg/detail/geotagged_image__type_support.h
[0.494s] -- Up-to-date symlink: /home/ajaikumar/nidar-2/nidar_ws/install/custom_msgs/include/custom_msgs/custom_msgs/msg/detail/victim_detection__functions.h
[0.494s] -- Up-to-date symlink: /home/ajaikumar/nidar-2/nidar_ws/install/custom_msgs/include/custom_msgs/custom_msgs/msg/detail/victim_detection__struct.h
[0.495s] -- Up-to-date symlink: /home/ajaikumar/nidar-2/nidar_ws/install/custom_msgs/include/custom_msgs/custom_msgs/msg/detail/victim_detection__type_support.h
[0.495s] -- Up-to-date symlink: /home/ajaikumar/nidar-2/nidar_ws/install/custom_msgs/include/custom_msgs/custom_msgs/msg/geotagged_image.h
[0.495s] -- Up-to-date symlink: /home/ajaikumar/nidar-2/nidar_ws/install/custom_msgs/include/custom_msgs/custom_msgs/msg/rosidl_generator_c__visibility_control.h
[0.495s] -- Up-to-date symlink: /home/ajaikumar/nidar-2/nidar_ws/install/custom_msgs/include/custom_msgs/custom_msgs/msg/victim_detection.h
[0.495s] -- Up-to-date symlink: /home/ajaikumar/nidar-2/nidar_ws/install/custom_msgs/share/custom_msgs/environment/library_path.sh
[0.495s] -- Up-to-date symlink: /home/ajaikumar/nidar-2/nidar_ws/install/custom_msgs/share/custom_msgs/environment/library_path.dsv
[0.496s] -- Up-to-date symlink: /home/ajaikumar/nidar-2/nidar_ws/install/custom_msgs/include/custom_msgs/custom_msgs/msg/detail/geotagged_image__rosidl_typesupport_fastrtps_c.h
[0.496s] -- Up-to-date symlink: /home/ajaikumar/nidar-2/nidar_ws/install/custom_msgs/include/custom_msgs/custom_msgs/msg/detail/victim_detection__rosidl_typesupport_fastrtps_c.h
[0.496s] -- Up-to-date symlink: /home/ajaikumar/nidar-2/nidar_ws/install/custom_msgs/include/custom_msgs/custom_msgs/msg/rosidl_typesupport_fastrtps_c__visibility_control.h
[0.497s] -- Up-to-date symlink: /home/ajaikumar/nidar-2/nidar_ws/install/custom_msgs/include/custom_msgs/custom_msgs/msg/detail/geotagged_image__builder.hpp
[0.497s] -- Up-to-date symlink: /home/ajaikumar/nidar-2/nidar_ws/install/custom_msgs/include/custom_msgs/custom_msgs/msg/detail/geotagged_image__struct.hpp
[0.497s] -- Up-to-date symlink: /home/ajaikumar/nidar-2/nidar_ws/install/custom_msgs/include/custom_msgs/custom_msgs/msg/detail/geotagged_image__traits.hpp
[0.497s] -- Up-to-date symlink: /home/ajaikumar/nidar-2/nidar_ws/install/custom_msgs/include/custom_msgs/custom_msgs/msg/detail/geotagged_image__type_support.hpp
[0.497s] -- Up-to-date symlink: /home/ajaikumar/nidar-2/nidar_ws/install/custom_msgs/include/custom_msgs/custom_msgs/msg/detail/victim_detection__builder.hpp
[0.498s] -- Up-to-date symlink: /home/ajaikumar/nidar-2/nidar_ws/install/custom_msgs/include/custom_msgs/custom_msgs/msg/detail/victim_detection__struct.hpp
[0.498s] -- Up-to-date symlink: /home/ajaikumar/nidar-2/nidar_ws/install/custom_msgs/include/custom_msgs/custom_msgs/msg/detail/victim_detection__traits.hpp
[0.498s] -- Up-to-date symlink: /home/ajaikumar/nidar-2/nidar_ws/install/custom_msgs/include/custom_msgs/custom_msgs/msg/detail/victim_detection__type_support.hpp
[0.498s] -- Up-to-date symlink: /home/ajaikumar/nidar-2/nidar_ws/install/custom_msgs/include/custom_msgs/custom_msgs/msg/geotagged_image.hpp
[0.498s] -- Up-to-date symlink: /home/ajaikumar/nidar-2/nidar_ws/install/custom_msgs/include/custom_msgs/custom_msgs/msg/rosidl_generator_cpp__visibility_control.hpp
[0.499s] -- Up-to-date symlink: /home/ajaikumar/nidar-2/nidar_ws/install/custom_msgs/include/custom_msgs/custom_msgs/msg/victim_detection.hpp
[0.499s] -- Up-to-date symlink: /home/ajaikumar/nidar-2/nidar_ws/install/custom_msgs/include/custom_msgs/custom_msgs/msg/detail/geotagged_image__rosidl_typesupport_fastrtps_cpp.hpp
[0.500s] -- Up-to-date symlink: /home/ajaikumar/nidar-2/nidar_ws/install/custom_msgs/include/custom_msgs/custom_msgs/msg/detail/victim_detection__rosidl_typesupport_fastrtps_cpp.hpp
[0.500s] -- Up-to-date symlink: /home/ajaikumar/nidar-2/nidar_ws/install/custom_msgs/include/custom_msgs/custom_msgs/msg/rosidl_typesupport_fastrtps_cpp__visibility_control.h
[0.501s] -- Up-to-date symlink: /home/ajaikumar/nidar-2/nidar_ws/install/custom_msgs/include/custom_msgs/custom_msgs/msg/detail/geotagged_image__rosidl_typesupport_introspection_c.h
[0.501s] -- Up-to-date symlink: /home/ajaikumar/nidar-2/nidar_ws/install/custom_msgs/include/custom_msgs/custom_msgs/msg/detail/victim_detection__rosidl_typesupport_introspection_c.h
[0.501s] -- Up-to-date symlink: /home/ajaikumar/nidar-2/nidar_ws/install/custom_msgs/include/custom_msgs/custom_msgs/msg/rosidl_typesupport_introspection_c__visibility_control.h
[0.502s] -- Up-to-date symlink: /home/ajaikumar/nidar-2/nidar_ws/install/custom_msgs/include/custom_msgs/custom_msgs/msg/detail/geotagged_image__rosidl_typesupport_introspection_cpp.hpp
[0.502s] -- Up-to-date symlink: /home/ajaikumar/nidar-2/nidar_ws/install/custom_msgs/include/custom_msgs/custom_msgs/msg/detail/victim_detection__rosidl_typesupport_introspection_cpp.hpp
[0.502s] -- Up-to-date symlink: /home/ajaikumar/nidar-2/nidar_ws/install/custom_msgs/share/custom_msgs/environment/pythonpath.sh
[0.503s] -- Up-to-date symlink: /home/ajaikumar/nidar-2/nidar_ws/install/custom_msgs/share/custom_msgs/environment/pythonpath.dsv
[0.503s] -- Up-to-date symlink: /home/ajaikumar/nidar-2/nidar_ws/install/custom_msgs/lib/python3.10/site-packages/custom_msgs-0.0.0-py3.10.egg-info/PKG-INFO
[0.503s] -- Up-to-date symlink: /home/ajaikumar/nidar-2/nidar_ws/install/custom_msgs/lib/python3.10/site-packages/custom_msgs-0.0.0-py3.10.egg-info/SOURCES.txt
[0.503s] -- Up-to-date symlink: /home/ajaikumar/nidar-2/nidar_ws/install/custom_msgs/lib/python3.10/site-packages/custom_msgs-0.0.0-py3.10.egg-info/dependency_links.txt
[0.503s] -- Up-to-date symlink: /home/ajaikumar/nidar-2/nidar_ws/install/custom_msgs/lib/python3.10/site-packages/custom_msgs-0.0.0-py3.10.egg-info/top_level.txt
[0.504s] -- Up-to-date symlink: /home/ajaikumar/nidar-2/nidar_ws/install/custom_msgs/lib/python3.10/site-packages/custom_msgs/__init__.py
[0.504s] -- Up-to-date symlink: /home/ajaikumar/nidar-2/nidar_ws/install/custom_msgs/lib/python3.10/site-packages/custom_msgs/_custom_msgs_s.ep.rosidl_typesupport_c.c
[0.505s] -- Up-to-date symlink: /home/ajaikumar/nidar-2/nidar_ws/install/custom_msgs/lib/python3.10/site-packages/custom_msgs/_custom_msgs_s.ep.rosidl_typesupport_fastrtps_c.c
[0.505s] -- Up-to-date symlink: /home/ajaikumar/nidar-2/nidar_ws/install/custom_msgs/lib/python3.10/site-packages/custom_msgs/_custom_msgs_s.ep.rosidl_typesupport_introspection_c.c
[0.505s] -- Up-to-date symlink: /home/ajaikumar/nidar-2/nidar_ws/install/custom_msgs/lib/python3.10/site-packages/custom_msgs/custom_msgs_s__rosidl_typesupport_c.cpython-310-x86_64-linux-gnu.so
[0.506s] -- Up-to-date symlink: /home/ajaikumar/nidar-2/nidar_ws/install/custom_msgs/lib/python3.10/site-packages/custom_msgs/custom_msgs_s__rosidl_typesupport_fastrtps_c.cpython-310-x86_64-linux-gnu.so
[0.506s] -- Up-to-date symlink: /home/ajaikumar/nidar-2/nidar_ws/install/custom_msgs/lib/python3.10/site-packages/custom_msgs/custom_msgs_s__rosidl_typesupport_introspection_c.cpython-310-x86_64-linux-gnu.so
[0.506s] -- Up-to-date symlink: /home/ajaikumar/nidar-2/nidar_ws/install/custom_msgs/lib/python3.10/site-packages/custom_msgs/libcustom_msgs__rosidl_generator_py.so
[0.506s] -- Up-to-date symlink: /home/ajaikumar/nidar-2/nidar_ws/install/custom_msgs/lib/python3.10/site-packages/custom_msgs/msg/__init__.py
[0.506s] -- Up-to-date symlink: /home/ajaikumar/nidar-2/nidar_ws/install/custom_msgs/lib/python3.10/site-packages/custom_msgs/msg/_geotagged_image.py
[0.506s] -- Up-to-date symlink: /home/ajaikumar/nidar-2/nidar_ws/install/custom_msgs/lib/python3.10/site-packages/custom_msgs/msg/_geotagged_image_s.c
[0.506s] -- Up-to-date symlink: /home/ajaikumar/nidar-2/nidar_ws/install/custom_msgs/lib/python3.10/site-packages/custom_msgs/msg/_victim_detection.py
[0.506s] -- Up-to-date symlink: /home/ajaikumar/nidar-2/nidar_ws/install/custom_msgs/lib/python3.10/site-packages/custom_msgs/msg/_victim_detection_s.c
[0.506s] -- Up-to-date symlink: /home/ajaikumar/nidar-2/nidar_ws/install/custom_msgs/lib/python3.10/site-packages/custom_msgs/custom_msgs_s__rosidl_typesupport_fastrtps_c.cpython-310-x86_64-linux-gnu.so
[0.507s] -- Up-to-date symlink: /home/ajaikumar/nidar-2/nidar_ws/install/custom_msgs/lib/python3.10/site-packages/custom_msgs/custom_msgs_s__rosidl_typesupport_introspection_c.cpython-310-x86_64-linux-gnu.so
[0.507s] -- Up-to-date symlink: /home/ajaikumar/nidar-2/nidar_ws/install/custom_msgs/lib/python3.10/site-packages/custom_msgs/custom_msgs_s__rosidl_typesupport_c.cpython-310-x86_64-linux-gnu.so
[0.507s] -- Up-to-date symlink: /home/ajaikumar/nidar-2/nidar_ws/install/custom_msgs/share/custom_msgs/msg/GeotaggedImage.idl
[0.508s] -- Up-to-date symlink: /home/ajaikumar/nidar-2/nidar_ws/install/custom_msgs/share/custom_msgs/msg/GeotaggedImage.msg
[0.508s] -- Up-to-date symlink: /home/ajaikumar/nidar-2/nidar_ws/install/custom_msgs/share/ament_index/resource_index/package_run_dependencies/custom_msgs
[0.508s] -- Up-to-date symlink: /home/ajaikumar/nidar-2/nidar_ws/install/custom_msgs/share/ament_index/resource_index/parent_prefix_path/custom_msgs
[0.508s] -- Up-to-date symlink: /home/ajaikumar/nidar-2/nidar_ws/install/custom_msgs/share/custom_msgs/environment/ament_prefix_path.sh
[0.508s] -- Up-to-date symlink: /home/ajaikumar/nidar-2/nidar_ws/install/custom_msgs/share/custom_msgs/environment/ament_prefix_path.dsv
[0.508s] -- Up-to-date symlink: /home/ajaikumar/nidar-2/nidar_ws/install/custom_msgs/share/custom_msgs/environment/path.sh
[0.508s] -- Up-to-date symlink: /home/ajaikumar/nidar-2/nidar_ws/install/custom_msgs/share/custom_msgs/environment/path.dsv
[0.508s] -- Up-to-date symlink: /home/ajaikumar/nidar-2/nidar_ws/install/custom_msgs/share/custom_msgs/local_setup.bash
[0.508s] -- Up-to-date symlink: /home/ajaikumar/nidar-2/nidar_ws/install/custom_msgs/share/custom_msgs/local_setup.sh
[0.508s] -- Up-to-date symlink: /home/ajaikumar/nidar-2/nidar_ws/install/custom_msgs/share/custom_msgs/local_setup.zsh
[0.509s] -- Up-to-date symlink: /home/ajaikumar/nidar-2/nidar_ws/install/custom_msgs/share/custom_msgs/local_setup.dsv
[0.509s] -- Symlinking: /home/ajaikumar/nidar-2/nidar_ws/install/custom_msgs/share/custom_msgs/package.dsv
[0.522s] -- Up-to-date symlink: /home/ajaikumar/nidar-2/nidar_ws/install/custom_msgs/share/ament_index/resource_index/packages/custom_msgs
[0.522s] -- Up-to-date symlink: /home/ajaikumar/nidar-2/nidar_ws/install/custom_msgs/share/custom_msgs/cmake/rosidl_cmake-extras.cmake
[0.522s] -- Up-to-date symlink: /home/ajaikumar/nidar-2/nidar_ws/install/custom_msgs/share/custom_msgs/cmake/ament_cmake_export_dependencies-extras.cmake
[0.523s] -- Up-to-date symlink: /home/ajaikumar/nidar-2/nidar_ws/install/custom_msgs/share/custom_msgs/cmake/ament_cmake_export_include_directories-extras.cmake
[0.523s] -- Up-to-date symlink: /home/ajaikumar/nidar-2/nidar_ws/install/custom_msgs/share/custom_msgs/cmake/ament_cmake_export_libraries-extras.cmake
[0.523s] -- Up-to-date symlink: /home/ajaikumar/nidar-2/nidar_ws/install/custom_msgs/share/custom_msgs/cmake/ament_cmake_export_targets-extras.cmake
[0.523s] -- Up-to-date symlink: /home/ajaikumar/nidar-2/nidar_ws/install/custom_msgs/share/custom_msgs/cmake/rosidl_cmake_export_typesupport_targets-extras.cmake
[0.523s] -- Up-to-date symlink: /home/ajaikumar/nidar-2/nidar_ws/install/custom_msgs/share/custom_msgs/cmake/rosidl_cmake_export_typesupport_libraries-extras.cmake
[0.524s] -- Up-to-date symlink: /home/ajaikumar/nidar-2/nidar_ws/install/custom_msgs/share/custom_msgs/cmake/custom_msgsConfig.cmake
[0.524s] -- Up-to-date symlink: /home/ajaikumar/nidar-2/nidar_ws/install/custom_msgs/share/custom_msgs/cmake/custom_msgsConfig-version.cmake
[0.524s] -- Up-to-date symlink: /home/ajaikumar/nidar-2/nidar_ws/install/custom_msgs/share/custom_msgs/package.xml
[0.524s] -- Up-to-date: /home/ajaikumar/nidar-2/nidar_ws/install/custom_msgs/lib/libcustom_msgs__rosidl_generator_c.so
[0.525s] -- Up-to-date: /home/ajaikumar/nidar-2/nidar_ws/install/custom_msgs/lib/libcustom_msgs__rosidl_typesupport_fastrtps_c.so
[0.525s] -- Up-to-date: /home/ajaikumar/nidar-2/nidar_ws/install/custom_msgs/lib/libcustom_msgs__rosidl_typesupport_fastrtps_cpp.so
[0.525s] -- Up-to-date: /home/ajaikumar/nidar-2/nidar_ws/install/custom_msgs/lib/libcustom_msgs__rosidl_typesupport_introspection_c.so
[0.525s] -- Up-to-date: /home/ajaikumar/nidar-2/nidar_ws/install/custom_msgs/lib/libcustom_msgs__rosidl_typesupport_c.so
[0.526s] -- Up-to-date: /home/ajaikumar/nidar-2/nidar_ws/install/custom_msgs/lib/libcustom_msgs__rosidl_typesupport_introspection_cpp.so
[0.526s] -- Up-to-date: /home/ajaikumar/nidar-2/nidar_ws/install/custom_msgs/lib/libcustom_msgs__rosidl_typesupport_cpp.so
[0.557s] Listing '/home/ajaikumar/nidar-2/nidar_ws/install/custom_msgs/lib/python3.10/site-packages/custom_msgs'...
[0.557s] Listing '/home/ajaikumar/nidar-2/nidar_ws/install/custom_msgs/lib/python3.10/site-packages/custom_msgs/msg'...
[0.562s] -- Up-to-date: /home/ajaikumar/nidar-2/nidar_ws/install/custom_msgs/lib/libcustom_msgs__rosidl_generator_py.so
[0.562s] -- Up-to-date: /home/ajaikumar/nidar-2/nidar_ws/install/custom_msgs/share/custom_msgs/cmake/export_custom_msgs__rosidl_generator_cExport.cmake
[0.562s] -- Up-to-date: /home/ajaikumar/nidar-2/nidar_ws/install/custom_msgs/share/custom_msgs/cmake/export_custom_msgs__rosidl_generator_cExport-noconfig.cmake
[0.562s] -- Up-to-date: /home/ajaikumar/nidar-2/nidar_ws/install/custom_msgs/share/custom_msgs/cmake/export_custom_msgs__rosidl_typesupport_fastrtps_cExport.cmake
[0.562s] -- Up-to-date: /home/ajaikumar/nidar-2/nidar_ws/install/custom_msgs/share/custom_msgs/cmake/export_custom_msgs__rosidl_typesupport_fastrtps_cExport-noconfig.cmake
[0.562s] -- Up-to-date: /home/ajaikumar/nidar-2/nidar_ws/install/custom_msgs/share/custom_msgs/cmake/export_custom_msgs__rosidl_generator_cppExport.cmake
[0.563s] -- Up-to-date: /home/ajaikumar/nidar-2/nidar_ws/install/custom_msgs/share/custom_msgs/cmake/export_custom_msgs__rosidl_typesupport_fastrtps_cppExport.cmake
[0.563s] -- Up-to-date: /home/ajaikumar/nidar-2/nidar_ws/install/custom_msgs/share/custom_msgs/cmake/export_custom_msgs__rosidl_typesupport_fastrtps_cppExport-noconfig.cmake
[0.563s] -- Up-to-date: /home/ajaikumar/nidar-2/nidar_ws/install/custom_msgs/share/custom_msgs/cmake/custom_msgs__rosidl_typesupport_introspection_cExport.cmake
[0.563s] -- Up-to-date: /home/ajaikumar/nidar-2/nidar_ws/install/custom_msgs/share/custom_msgs/cmake/custom_msgs__rosidl_typesupport_introspection_cExport-noconfig.cmake
[0.563s] -- Up-to-date: /home/ajaikumar/nidar-2/nidar_ws/install/custom_msgs/share/custom_msgs/cmake/custom_msgs__rosidl_typesupport_cExport.cmake
[0.563s] -- Up-to-date: /home/ajaikumar/nidar-2/nidar_ws/install/custom_msgs/share/custom_msgs/cmake/custom_msgs__rosidl_typesupport_cExport-noconfig.cmake
[0.563s] -- Up-to-date: /home/ajaikumar/nidar-2/nidar_ws/install/custom_msgs/share/custom_msgs/cmake/custom_msgs__rosidl_typesupport_introspection_cppExport.cmake
[0.563s] -- Up-to-date: /home/ajaikumar/nidar-2/nidar_ws/install/custom_msgs/share/custom_msgs/cmake/custom_msgs__rosidl_typesupport_introspection_cppExport-noconfig.cmake
[0.564s] -- Up-to-date: /home/ajaikumar/nidar-2/nidar_ws/install/custom_msgs/share/custom_msgs/cmake/custom_msgs__rosidl_typesupport_cppExport.cmake
[0.564s] -- Up-to-date: /home/ajaikumar/nidar-2/nidar_ws/install/custom_msgs/share/custom_msgs/cmake/custom_msgs__rosidl_typesupport_cppExport-noconfig.cmake
[0.564s] -- Up-to-date: /home/ajaikumar/nidar-2/nidar_ws/install/custom_msgs/share/custom_msgs/cmake/export_custom_msgs__rosidl_generator_pyExport.cmake
[0.564s] -- Up-to-date: /home/ajaikumar/nidar-2/nidar_ws/install/custom_msgs/share/custom_msgs/cmake/export_custom_msgs__rosidl_generator_pyExport-noconfig.cmake
[0.567s] Invoked command in '/home/ajaikumar/nidar-2/nidar_ws/build/custom_msgs' returned '0': CMAKE_PREFIX_PATH=/home/ajaikumar/ros2_ws/install/my_robot_controller:/opt/ros/humble VIRTUAL_ENV_PROMPT=(.local) /usr/bin/cmake --install /home/ajaikumar/nidar-2/nidar_ws/build/custom_msgs
