[0.015s] Invoking command in '/home/ajaikumar/nidar-2/nidar_ws/build/custom_msgs': CMAKE_PREFIX_PATH=/home/ajaikumar/ros2_ws/install/my_robot_controller:/opt/ros/humble VIRTUAL_ENV_PROMPT=(.local) /usr/bin/cmake --build /home/ajaikumar/nidar-2/nidar_ws/build/custom_msgs -- -j12 -l12
[0.049s] -- Found ament_cmake: 1.3.12 (/opt/ros/humble/share/ament_cmake/cmake)
[0.207s] -- Override CMake install command with custom implementation using symlinks instead of copying resources
[0.215s] -- Found sensor_msgs: 4.9.0 (/opt/ros/humble/share/sensor_msgs/cmake)
[0.244s] -- Found rosidl_generator_c: 3.1.7 (/opt/ros/humble/share/rosidl_generator_c/cmake)
[0.246s] -- Found rosidl_adapter: 3.1.7 (/opt/ros/humble/share/rosidl_adapter/cmake)
[0.252s] -- Found rosidl_generator_cpp: 3.1.7 (/opt/ros/humble/share/rosidl_generator_cpp/cmake)
[0.261s] -- Using all available rosidl_typesupport_c: rosidl_typesupport_fastrtps_c;rosidl_typesupport_introspection_c
[0.273s] -- Using all available rosidl_typesupport_cpp: rosidl_typesupport_fastrtps_cpp;rosidl_typesupport_introspection_cpp
[0.321s] -- Found ament_lint_auto: 0.12.14 (/opt/ros/humble/share/ament_lint_auto/cmake)
[0.430s] -- Found rosidl_default_generators: 1.2.0 (/opt/ros/humble/share/rosidl_default_generators/cmake)
[0.441s] [31mCMake Error at /opt/ros/humble/share/rosidl_cmake/cmake/rosidl_generate_interfaces.cmake:93 (message):
[0.441s]   rosidl_generate_interfaces() the passed file 'msg/VictimDetection.msg'
[0.441s]   doesn't exist relative to the CMAKE_CURRENT_SOURCE_DIR
[0.441s]   '/home/ajaikumar/nidar-2/nidar_ws/src/custom_msgs'
[0.441s] Call Stack (most recent call first):
[0.441s]   CMakeLists.txt:26 (rosidl_generate_interfaces)
[0.441s] 
[0.441s] [0m
[0.441s] -- Configuring incomplete, errors occurred!
[0.441s] See also "/home/ajaikumar/nidar-2/nidar_ws/build/custom_msgs/CMakeFiles/CMakeOutput.log".
[0.450s] gmake: *** [Makefile:963: cmake_check_build_system] Error 1
[0.466s] Invoked command in '/home/ajaikumar/nidar-2/nidar_ws/build/custom_msgs' returned '2': CMAKE_PREFIX_PATH=/home/ajaikumar/ros2_ws/install/my_robot_controller:/opt/ros/humble VIRTUAL_ENV_PROMPT=(.local) /usr/bin/cmake --build /home/ajaikumar/nidar-2/nidar_ws/build/custom_msgs -- -j12 -l12
