-- Found ament_cmake: 1.3.12 (/opt/ros/humble/share/ament_cmake/cmake)
-- Override CMake install command with custom implementation using symlinks instead of copying resources
-- Found sensor_msgs: 4.9.0 (/opt/ros/humble/share/sensor_msgs/cmake)
-- Found rosidl_generator_c: 3.1.7 (/opt/ros/humble/share/rosidl_generator_c/cmake)
-- Found rosidl_adapter: 3.1.7 (/opt/ros/humble/share/rosidl_adapter/cmake)
-- Found rosidl_generator_cpp: 3.1.7 (/opt/ros/humble/share/rosidl_generator_cpp/cmake)
-- Using all available rosidl_typesupport_c: rosidl_typesupport_fastrtps_c;rosidl_typesupport_introspection_c
-- Using all available rosidl_typesupport_cpp: rosidl_typesupport_fastrtps_cpp;rosidl_typesupport_introspection_cpp
-- Found ament_lint_auto: 0.12.14 (/opt/ros/humble/share/ament_lint_auto/cmake)
-- Found rosidl_default_generators: 1.2.0 (/opt/ros/humble/share/rosidl_default_generators/cmake)
-- Found ament_cmake_ros: 0.10.0 (/opt/ros/humble/share/ament_cmake_ros/cmake)
-- Using all available rosidl_typesupport_c: rosidl_typesupport_fastrtps_c;rosidl_typesupport_introspection_c
-- Using all available rosidl_typesupport_cpp: rosidl_typesupport_fastrtps_cpp;rosidl_typesupport_introspection_cpp
-- Found python_cmake_module: 0.10.0 (/opt/ros/humble/share/python_cmake_module/cmake)
-- Using PYTHON_EXECUTABLE: /home/ajaikumar/.local/bin/python3
-- Using PYTHON_INCLUDE_DIRS: /usr/include/python3.10
-- Using PYTHON_LIBRARIES: /usr/lib/x86_64-linux-gnu/libpython3.10.so
-- Added test 'lint_cmake' to check CMake code style
-- Added test 'xmllint' to check XML markup files
-- Configuring done
-- Generating done
-- Build files have been written to: /home/ajaikumar/nidar-2/nidar_ws/build/custom_msgs
[35m[1mConsolidate compiler generated dependencies of target custom_msgs__rosidl_generator_c[0m
[  3%] Built target custom_msgs__cpp
[  6%] [32m[1mLinking C shared library libcustom_msgs__rosidl_generator_c.so[0m
[  6%] Built target ament_cmake_python_symlink_custom_msgs
[35m[1mConsolidate compiler generated dependencies of target custom_msgs__rosidl_typesupport_cpp[0m
[35m[1mConsolidate compiler generated dependencies of target custom_msgs__rosidl_typesupport_fastrtps_cpp[0m
[35m[1mConsolidate compiler generated dependencies of target custom_msgs__rosidl_typesupport_introspection_cpp[0m
[  9%] [32m[1mLinking CXX shared library libcustom_msgs__rosidl_typesupport_cpp.so[0m
[ 16%] [32m[1mLinking CXX shared library libcustom_msgs__rosidl_typesupport_fastrtps_cpp.so[0m
[ 16%] [32m[1mLinking CXX shared library libcustom_msgs__rosidl_typesupport_introspection_cpp.so[0m
[ 22%] Built target custom_msgs__rosidl_generator_c
[35m[1mConsolidate compiler generated dependencies of target custom_msgs__rosidl_typesupport_introspection_c[0m
[35m[1mConsolidate compiler generated dependencies of target custom_msgs__rosidl_typesupport_fastrtps_c[0m
[35m[1mConsolidate compiler generated dependencies of target custom_msgs__rosidl_typesupport_c[0m
[ 29%] [32m[1mLinking C shared library libcustom_msgs__rosidl_typesupport_introspection_c.so[0m
[ 29%] [32m[1mLinking CXX shared library libcustom_msgs__rosidl_typesupport_c.so[0m
[ 35%] Built target custom_msgs__rosidl_typesupport_cpp
[ 38%] [32m[1mLinking CXX shared library libcustom_msgs__rosidl_typesupport_fastrtps_c.so[0m
[ 45%] Built target custom_msgs__rosidl_typesupport_introspection_c
[ 51%] Built target custom_msgs__rosidl_typesupport_c
[ 58%] Built target custom_msgs__rosidl_typesupport_introspection_cpp
[ 64%] Built target custom_msgs__rosidl_typesupport_fastrtps_cpp
[ 70%] Built target custom_msgs__rosidl_typesupport_fastrtps_c
[ 70%] Built target custom_msgs
[ 74%] Built target custom_msgs__py
[35m[1mConsolidate compiler generated dependencies of target custom_msgs__rosidl_generator_py[0m
running egg_info
writing custom_msgs.egg-info/PKG-INFO
writing dependency_links to custom_msgs.egg-info/dependency_links.txt
writing top-level names to custom_msgs.egg-info/top_level.txt
reading manifest file 'custom_msgs.egg-info/SOURCES.txt'
writing manifest file 'custom_msgs.egg-info/SOURCES.txt'
[ 77%] [32m[1mLinking C shared library rosidl_generator_py/custom_msgs/libcustom_msgs__rosidl_generator_py.so[0m
[ 77%] Built target ament_cmake_python_build_custom_msgs_egg
[ 80%] Built target custom_msgs__rosidl_generator_py
[35m[1mConsolidate compiler generated dependencies of target custom_msgs__rosidl_typesupport_fastrtps_c__pyext[0m
[35m[1mConsolidate compiler generated dependencies of target custom_msgs__rosidl_typesupport_c__pyext[0m
[35m[1mConsolidate compiler generated dependencies of target custom_msgs__rosidl_typesupport_introspection_c__pyext[0m
[ 87%] [32m[1mLinking C shared library rosidl_generator_py/custom_msgs/custom_msgs_s__rosidl_typesupport_introspection_c.cpython-310-x86_64-linux-gnu.so[0m
[ 87%] [32m[1mLinking C shared library rosidl_generator_py/custom_msgs/custom_msgs_s__rosidl_typesupport_c.cpython-310-x86_64-linux-gnu.so[0m
[ 90%] [32m[1mLinking C shared library rosidl_generator_py/custom_msgs/custom_msgs_s__rosidl_typesupport_fastrtps_c.cpython-310-x86_64-linux-gnu.so[0m
[ 93%] Built target custom_msgs__rosidl_typesupport_c__pyext
[ 96%] Built target custom_msgs__rosidl_typesupport_fastrtps_c__pyext
[100%] Built target custom_msgs__rosidl_typesupport_introspection_c__pyext
-- Install configuration: ""
-- Execute custom install script
-- Up-to-date symlink: /home/ajaikumar/nidar-2/nidar_ws/install/custom_msgs/share/ament_index/resource_index/rosidl_interfaces/custom_msgs
-- Up-to-date symlink: /home/ajaikumar/nidar-2/nidar_ws/install/custom_msgs/include/custom_msgs/custom_msgs/msg/detail/geotagged_image__functions.h
-- Up-to-date symlink: /home/ajaikumar/nidar-2/nidar_ws/install/custom_msgs/include/custom_msgs/custom_msgs/msg/detail/geotagged_image__struct.h
-- Up-to-date symlink: /home/ajaikumar/nidar-2/nidar_ws/install/custom_msgs/include/custom_msgs/custom_msgs/msg/detail/geotagged_image__type_support.h
-- Up-to-date symlink: /home/ajaikumar/nidar-2/nidar_ws/install/custom_msgs/include/custom_msgs/custom_msgs/msg/detail/victim_detection__functions.h
-- Up-to-date symlink: /home/ajaikumar/nidar-2/nidar_ws/install/custom_msgs/include/custom_msgs/custom_msgs/msg/detail/victim_detection__struct.h
-- Up-to-date symlink: /home/ajaikumar/nidar-2/nidar_ws/install/custom_msgs/include/custom_msgs/custom_msgs/msg/detail/victim_detection__type_support.h
-- Up-to-date symlink: /home/ajaikumar/nidar-2/nidar_ws/install/custom_msgs/include/custom_msgs/custom_msgs/msg/geotagged_image.h
-- Up-to-date symlink: /home/ajaikumar/nidar-2/nidar_ws/install/custom_msgs/include/custom_msgs/custom_msgs/msg/rosidl_generator_c__visibility_control.h
-- Up-to-date symlink: /home/ajaikumar/nidar-2/nidar_ws/install/custom_msgs/include/custom_msgs/custom_msgs/msg/victim_detection.h
-- Up-to-date symlink: /home/ajaikumar/nidar-2/nidar_ws/install/custom_msgs/share/custom_msgs/environment/library_path.sh
-- Up-to-date symlink: /home/ajaikumar/nidar-2/nidar_ws/install/custom_msgs/share/custom_msgs/environment/library_path.dsv
-- Up-to-date symlink: /home/ajaikumar/nidar-2/nidar_ws/install/custom_msgs/include/custom_msgs/custom_msgs/msg/detail/geotagged_image__rosidl_typesupport_fastrtps_c.h
-- Up-to-date symlink: /home/ajaikumar/nidar-2/nidar_ws/install/custom_msgs/include/custom_msgs/custom_msgs/msg/detail/victim_detection__rosidl_typesupport_fastrtps_c.h
-- Up-to-date symlink: /home/ajaikumar/nidar-2/nidar_ws/install/custom_msgs/include/custom_msgs/custom_msgs/msg/rosidl_typesupport_fastrtps_c__visibility_control.h
-- Up-to-date symlink: /home/ajaikumar/nidar-2/nidar_ws/install/custom_msgs/include/custom_msgs/custom_msgs/msg/detail/geotagged_image__builder.hpp
-- Up-to-date symlink: /home/ajaikumar/nidar-2/nidar_ws/install/custom_msgs/include/custom_msgs/custom_msgs/msg/detail/geotagged_image__struct.hpp
-- Up-to-date symlink: /home/ajaikumar/nidar-2/nidar_ws/install/custom_msgs/include/custom_msgs/custom_msgs/msg/detail/geotagged_image__traits.hpp
-- Up-to-date symlink: /home/ajaikumar/nidar-2/nidar_ws/install/custom_msgs/include/custom_msgs/custom_msgs/msg/detail/geotagged_image__type_support.hpp
-- Up-to-date symlink: /home/ajaikumar/nidar-2/nidar_ws/install/custom_msgs/include/custom_msgs/custom_msgs/msg/detail/victim_detection__builder.hpp
-- Up-to-date symlink: /home/ajaikumar/nidar-2/nidar_ws/install/custom_msgs/include/custom_msgs/custom_msgs/msg/detail/victim_detection__struct.hpp
-- Up-to-date symlink: /home/ajaikumar/nidar-2/nidar_ws/install/custom_msgs/include/custom_msgs/custom_msgs/msg/detail/victim_detection__traits.hpp
-- Up-to-date symlink: /home/ajaikumar/nidar-2/nidar_ws/install/custom_msgs/include/custom_msgs/custom_msgs/msg/detail/victim_detection__type_support.hpp
-- Up-to-date symlink: /home/ajaikumar/nidar-2/nidar_ws/install/custom_msgs/include/custom_msgs/custom_msgs/msg/geotagged_image.hpp
-- Up-to-date symlink: /home/ajaikumar/nidar-2/nidar_ws/install/custom_msgs/include/custom_msgs/custom_msgs/msg/rosidl_generator_cpp__visibility_control.hpp
-- Up-to-date symlink: /home/ajaikumar/nidar-2/nidar_ws/install/custom_msgs/include/custom_msgs/custom_msgs/msg/victim_detection.hpp
-- Up-to-date symlink: /home/ajaikumar/nidar-2/nidar_ws/install/custom_msgs/include/custom_msgs/custom_msgs/msg/detail/geotagged_image__rosidl_typesupport_fastrtps_cpp.hpp
-- Up-to-date symlink: /home/ajaikumar/nidar-2/nidar_ws/install/custom_msgs/include/custom_msgs/custom_msgs/msg/detail/victim_detection__rosidl_typesupport_fastrtps_cpp.hpp
-- Up-to-date symlink: /home/ajaikumar/nidar-2/nidar_ws/install/custom_msgs/include/custom_msgs/custom_msgs/msg/rosidl_typesupport_fastrtps_cpp__visibility_control.h
-- Up-to-date symlink: /home/ajaikumar/nidar-2/nidar_ws/install/custom_msgs/include/custom_msgs/custom_msgs/msg/detail/geotagged_image__rosidl_typesupport_introspection_c.h
-- Up-to-date symlink: /home/ajaikumar/nidar-2/nidar_ws/install/custom_msgs/include/custom_msgs/custom_msgs/msg/detail/victim_detection__rosidl_typesupport_introspection_c.h
-- Up-to-date symlink: /home/ajaikumar/nidar-2/nidar_ws/install/custom_msgs/include/custom_msgs/custom_msgs/msg/rosidl_typesupport_introspection_c__visibility_control.h
-- Up-to-date symlink: /home/ajaikumar/nidar-2/nidar_ws/install/custom_msgs/include/custom_msgs/custom_msgs/msg/detail/geotagged_image__rosidl_typesupport_introspection_cpp.hpp
-- Up-to-date symlink: /home/ajaikumar/nidar-2/nidar_ws/install/custom_msgs/include/custom_msgs/custom_msgs/msg/detail/victim_detection__rosidl_typesupport_introspection_cpp.hpp
-- Up-to-date symlink: /home/ajaikumar/nidar-2/nidar_ws/install/custom_msgs/share/custom_msgs/environment/pythonpath.sh
-- Up-to-date symlink: /home/ajaikumar/nidar-2/nidar_ws/install/custom_msgs/share/custom_msgs/environment/pythonpath.dsv
-- Up-to-date symlink: /home/ajaikumar/nidar-2/nidar_ws/install/custom_msgs/lib/python3.10/site-packages/custom_msgs-0.0.0-py3.10.egg-info/PKG-INFO
-- Up-to-date symlink: /home/ajaikumar/nidar-2/nidar_ws/install/custom_msgs/lib/python3.10/site-packages/custom_msgs-0.0.0-py3.10.egg-info/SOURCES.txt
-- Up-to-date symlink: /home/ajaikumar/nidar-2/nidar_ws/install/custom_msgs/lib/python3.10/site-packages/custom_msgs-0.0.0-py3.10.egg-info/dependency_links.txt
-- Up-to-date symlink: /home/ajaikumar/nidar-2/nidar_ws/install/custom_msgs/lib/python3.10/site-packages/custom_msgs-0.0.0-py3.10.egg-info/top_level.txt
-- Up-to-date symlink: /home/ajaikumar/nidar-2/nidar_ws/install/custom_msgs/lib/python3.10/site-packages/custom_msgs/__init__.py
-- Up-to-date symlink: /home/ajaikumar/nidar-2/nidar_ws/install/custom_msgs/lib/python3.10/site-packages/custom_msgs/_custom_msgs_s.ep.rosidl_typesupport_c.c
-- Up-to-date symlink: /home/ajaikumar/nidar-2/nidar_ws/install/custom_msgs/lib/python3.10/site-packages/custom_msgs/_custom_msgs_s.ep.rosidl_typesupport_fastrtps_c.c
-- Up-to-date symlink: /home/ajaikumar/nidar-2/nidar_ws/install/custom_msgs/lib/python3.10/site-packages/custom_msgs/_custom_msgs_s.ep.rosidl_typesupport_introspection_c.c
-- Up-to-date symlink: /home/ajaikumar/nidar-2/nidar_ws/install/custom_msgs/lib/python3.10/site-packages/custom_msgs/custom_msgs_s__rosidl_typesupport_c.cpython-310-x86_64-linux-gnu.so
-- Up-to-date symlink: /home/ajaikumar/nidar-2/nidar_ws/install/custom_msgs/lib/python3.10/site-packages/custom_msgs/custom_msgs_s__rosidl_typesupport_fastrtps_c.cpython-310-x86_64-linux-gnu.so
-- Up-to-date symlink: /home/ajaikumar/nidar-2/nidar_ws/install/custom_msgs/lib/python3.10/site-packages/custom_msgs/custom_msgs_s__rosidl_typesupport_introspection_c.cpython-310-x86_64-linux-gnu.so
-- Up-to-date symlink: /home/ajaikumar/nidar-2/nidar_ws/install/custom_msgs/lib/python3.10/site-packages/custom_msgs/libcustom_msgs__rosidl_generator_py.so
-- Up-to-date symlink: /home/ajaikumar/nidar-2/nidar_ws/install/custom_msgs/lib/python3.10/site-packages/custom_msgs/msg/__init__.py
-- Up-to-date symlink: /home/ajaikumar/nidar-2/nidar_ws/install/custom_msgs/lib/python3.10/site-packages/custom_msgs/msg/_geotagged_image.py
-- Up-to-date symlink: /home/ajaikumar/nidar-2/nidar_ws/install/custom_msgs/lib/python3.10/site-packages/custom_msgs/msg/_geotagged_image_s.c
-- Up-to-date symlink: /home/ajaikumar/nidar-2/nidar_ws/install/custom_msgs/lib/python3.10/site-packages/custom_msgs/msg/_victim_detection.py
-- Up-to-date symlink: /home/ajaikumar/nidar-2/nidar_ws/install/custom_msgs/lib/python3.10/site-packages/custom_msgs/msg/_victim_detection_s.c
-- Up-to-date symlink: /home/ajaikumar/nidar-2/nidar_ws/install/custom_msgs/lib/python3.10/site-packages/custom_msgs/custom_msgs_s__rosidl_typesupport_fastrtps_c.cpython-310-x86_64-linux-gnu.so
-- Up-to-date symlink: /home/ajaikumar/nidar-2/nidar_ws/install/custom_msgs/lib/python3.10/site-packages/custom_msgs/custom_msgs_s__rosidl_typesupport_introspection_c.cpython-310-x86_64-linux-gnu.so
-- Up-to-date symlink: /home/ajaikumar/nidar-2/nidar_ws/install/custom_msgs/lib/python3.10/site-packages/custom_msgs/custom_msgs_s__rosidl_typesupport_c.cpython-310-x86_64-linux-gnu.so
-- Up-to-date symlink: /home/ajaikumar/nidar-2/nidar_ws/install/custom_msgs/share/custom_msgs/msg/GeotaggedImage.idl
-- Up-to-date symlink: /home/ajaikumar/nidar-2/nidar_ws/install/custom_msgs/share/custom_msgs/msg/GeotaggedImage.msg
-- Up-to-date symlink: /home/ajaikumar/nidar-2/nidar_ws/install/custom_msgs/share/ament_index/resource_index/package_run_dependencies/custom_msgs
-- Up-to-date symlink: /home/ajaikumar/nidar-2/nidar_ws/install/custom_msgs/share/ament_index/resource_index/parent_prefix_path/custom_msgs
-- Up-to-date symlink: /home/ajaikumar/nidar-2/nidar_ws/install/custom_msgs/share/custom_msgs/environment/ament_prefix_path.sh
-- Up-to-date symlink: /home/ajaikumar/nidar-2/nidar_ws/install/custom_msgs/share/custom_msgs/environment/ament_prefix_path.dsv
-- Up-to-date symlink: /home/ajaikumar/nidar-2/nidar_ws/install/custom_msgs/share/custom_msgs/environment/path.sh
-- Up-to-date symlink: /home/ajaikumar/nidar-2/nidar_ws/install/custom_msgs/share/custom_msgs/environment/path.dsv
-- Up-to-date symlink: /home/ajaikumar/nidar-2/nidar_ws/install/custom_msgs/share/custom_msgs/local_setup.bash
-- Up-to-date symlink: /home/ajaikumar/nidar-2/nidar_ws/install/custom_msgs/share/custom_msgs/local_setup.sh
-- Up-to-date symlink: /home/ajaikumar/nidar-2/nidar_ws/install/custom_msgs/share/custom_msgs/local_setup.zsh
-- Up-to-date symlink: /home/ajaikumar/nidar-2/nidar_ws/install/custom_msgs/share/custom_msgs/local_setup.dsv
-- Symlinking: /home/ajaikumar/nidar-2/nidar_ws/install/custom_msgs/share/custom_msgs/package.dsv
-- Up-to-date symlink: /home/ajaikumar/nidar-2/nidar_ws/install/custom_msgs/share/ament_index/resource_index/packages/custom_msgs
-- Up-to-date symlink: /home/ajaikumar/nidar-2/nidar_ws/install/custom_msgs/share/custom_msgs/cmake/rosidl_cmake-extras.cmake
-- Up-to-date symlink: /home/ajaikumar/nidar-2/nidar_ws/install/custom_msgs/share/custom_msgs/cmake/ament_cmake_export_dependencies-extras.cmake
-- Up-to-date symlink: /home/ajaikumar/nidar-2/nidar_ws/install/custom_msgs/share/custom_msgs/cmake/ament_cmake_export_include_directories-extras.cmake
-- Up-to-date symlink: /home/ajaikumar/nidar-2/nidar_ws/install/custom_msgs/share/custom_msgs/cmake/ament_cmake_export_libraries-extras.cmake
-- Up-to-date symlink: /home/ajaikumar/nidar-2/nidar_ws/install/custom_msgs/share/custom_msgs/cmake/ament_cmake_export_targets-extras.cmake
-- Up-to-date symlink: /home/ajaikumar/nidar-2/nidar_ws/install/custom_msgs/share/custom_msgs/cmake/rosidl_cmake_export_typesupport_targets-extras.cmake
-- Up-to-date symlink: /home/ajaikumar/nidar-2/nidar_ws/install/custom_msgs/share/custom_msgs/cmake/rosidl_cmake_export_typesupport_libraries-extras.cmake
-- Up-to-date symlink: /home/ajaikumar/nidar-2/nidar_ws/install/custom_msgs/share/custom_msgs/cmake/custom_msgsConfig.cmake
-- Up-to-date symlink: /home/ajaikumar/nidar-2/nidar_ws/install/custom_msgs/share/custom_msgs/cmake/custom_msgsConfig-version.cmake
-- Up-to-date symlink: /home/ajaikumar/nidar-2/nidar_ws/install/custom_msgs/share/custom_msgs/package.xml
-- Installing: /home/ajaikumar/nidar-2/nidar_ws/install/custom_msgs/lib/libcustom_msgs__rosidl_generator_c.so
-- Set runtime path of "/home/ajaikumar/nidar-2/nidar_ws/install/custom_msgs/lib/libcustom_msgs__rosidl_generator_c.so" to ""
-- Installing: /home/ajaikumar/nidar-2/nidar_ws/install/custom_msgs/lib/libcustom_msgs__rosidl_typesupport_fastrtps_c.so
-- Set runtime path of "/home/ajaikumar/nidar-2/nidar_ws/install/custom_msgs/lib/libcustom_msgs__rosidl_typesupport_fastrtps_c.so" to ""
-- Installing: /home/ajaikumar/nidar-2/nidar_ws/install/custom_msgs/lib/libcustom_msgs__rosidl_typesupport_fastrtps_cpp.so
-- Set runtime path of "/home/ajaikumar/nidar-2/nidar_ws/install/custom_msgs/lib/libcustom_msgs__rosidl_typesupport_fastrtps_cpp.so" to ""
-- Installing: /home/ajaikumar/nidar-2/nidar_ws/install/custom_msgs/lib/libcustom_msgs__rosidl_typesupport_introspection_c.so
-- Set runtime path of "/home/ajaikumar/nidar-2/nidar_ws/install/custom_msgs/lib/libcustom_msgs__rosidl_typesupport_introspection_c.so" to ""
-- Installing: /home/ajaikumar/nidar-2/nidar_ws/install/custom_msgs/lib/libcustom_msgs__rosidl_typesupport_c.so
-- Set runtime path of "/home/ajaikumar/nidar-2/nidar_ws/install/custom_msgs/lib/libcustom_msgs__rosidl_typesupport_c.so" to ""
-- Installing: /home/ajaikumar/nidar-2/nidar_ws/install/custom_msgs/lib/libcustom_msgs__rosidl_typesupport_introspection_cpp.so
-- Set runtime path of "/home/ajaikumar/nidar-2/nidar_ws/install/custom_msgs/lib/libcustom_msgs__rosidl_typesupport_introspection_cpp.so" to ""
-- Installing: /home/ajaikumar/nidar-2/nidar_ws/install/custom_msgs/lib/libcustom_msgs__rosidl_typesupport_cpp.so
-- Set runtime path of "/home/ajaikumar/nidar-2/nidar_ws/install/custom_msgs/lib/libcustom_msgs__rosidl_typesupport_cpp.so" to ""
Listing '/home/ajaikumar/nidar-2/nidar_ws/install/custom_msgs/lib/python3.10/site-packages/custom_msgs'...
Compiling '/home/ajaikumar/nidar-2/nidar_ws/install/custom_msgs/lib/python3.10/site-packages/custom_msgs/__init__.py'...
Listing '/home/ajaikumar/nidar-2/nidar_ws/install/custom_msgs/lib/python3.10/site-packages/custom_msgs/msg'...
-- Installing: /home/ajaikumar/nidar-2/nidar_ws/install/custom_msgs/lib/libcustom_msgs__rosidl_generator_py.so
-- Set runtime path of "/home/ajaikumar/nidar-2/nidar_ws/install/custom_msgs/lib/libcustom_msgs__rosidl_generator_py.so" to ""
-- Up-to-date: /home/ajaikumar/nidar-2/nidar_ws/install/custom_msgs/share/custom_msgs/cmake/export_custom_msgs__rosidl_generator_cExport.cmake
-- Up-to-date: /home/ajaikumar/nidar-2/nidar_ws/install/custom_msgs/share/custom_msgs/cmake/export_custom_msgs__rosidl_generator_cExport-noconfig.cmake
-- Up-to-date: /home/ajaikumar/nidar-2/nidar_ws/install/custom_msgs/share/custom_msgs/cmake/export_custom_msgs__rosidl_typesupport_fastrtps_cExport.cmake
-- Up-to-date: /home/ajaikumar/nidar-2/nidar_ws/install/custom_msgs/share/custom_msgs/cmake/export_custom_msgs__rosidl_typesupport_fastrtps_cExport-noconfig.cmake
-- Up-to-date: /home/ajaikumar/nidar-2/nidar_ws/install/custom_msgs/share/custom_msgs/cmake/export_custom_msgs__rosidl_generator_cppExport.cmake
-- Up-to-date: /home/ajaikumar/nidar-2/nidar_ws/install/custom_msgs/share/custom_msgs/cmake/export_custom_msgs__rosidl_typesupport_fastrtps_cppExport.cmake
-- Up-to-date: /home/ajaikumar/nidar-2/nidar_ws/install/custom_msgs/share/custom_msgs/cmake/export_custom_msgs__rosidl_typesupport_fastrtps_cppExport-noconfig.cmake
-- Up-to-date: /home/ajaikumar/nidar-2/nidar_ws/install/custom_msgs/share/custom_msgs/cmake/custom_msgs__rosidl_typesupport_introspection_cExport.cmake
-- Up-to-date: /home/ajaikumar/nidar-2/nidar_ws/install/custom_msgs/share/custom_msgs/cmake/custom_msgs__rosidl_typesupport_introspection_cExport-noconfig.cmake
-- Up-to-date: /home/ajaikumar/nidar-2/nidar_ws/install/custom_msgs/share/custom_msgs/cmake/custom_msgs__rosidl_typesupport_cExport.cmake
-- Up-to-date: /home/ajaikumar/nidar-2/nidar_ws/install/custom_msgs/share/custom_msgs/cmake/custom_msgs__rosidl_typesupport_cExport-noconfig.cmake
-- Up-to-date: /home/ajaikumar/nidar-2/nidar_ws/install/custom_msgs/share/custom_msgs/cmake/custom_msgs__rosidl_typesupport_introspection_cppExport.cmake
-- Up-to-date: /home/ajaikumar/nidar-2/nidar_ws/install/custom_msgs/share/custom_msgs/cmake/custom_msgs__rosidl_typesupport_introspection_cppExport-noconfig.cmake
-- Up-to-date: /home/ajaikumar/nidar-2/nidar_ws/install/custom_msgs/share/custom_msgs/cmake/custom_msgs__rosidl_typesupport_cppExport.cmake
-- Up-to-date: /home/ajaikumar/nidar-2/nidar_ws/install/custom_msgs/share/custom_msgs/cmake/custom_msgs__rosidl_typesupport_cppExport-noconfig.cmake
-- Up-to-date: /home/ajaikumar/nidar-2/nidar_ws/install/custom_msgs/share/custom_msgs/cmake/export_custom_msgs__rosidl_generator_pyExport.cmake
-- Up-to-date: /home/ajaikumar/nidar-2/nidar_ws/install/custom_msgs/share/custom_msgs/cmake/export_custom_msgs__rosidl_generator_pyExport-noconfig.cmake
