[0.013s] Invoking command in '/home/ajaikumar/nidar-2/nidar_ws/build/custom_msgs': CMAKE_PREFIX_PATH=/home/ajaikumar/ros2_ws/install/my_robot_controller:/opt/ros/humble VIRTUAL_ENV_PROMPT=(.local) /usr/bin/cmake --build /home/ajaikumar/nidar-2/nidar_ws/build/custom_msgs -- -j12 -l12
[0.048s] -- Found ament_cmake: 1.3.12 (/opt/ros/humble/share/ament_cmake/cmake)
[0.194s] -- Override CMake install command with custom implementation using symlinks instead of copying resources
[0.201s] -- Found sensor_msgs: 4.9.0 (/opt/ros/humble/share/sensor_msgs/cmake)
[0.227s] -- Found rosidl_generator_c: 3.1.7 (/opt/ros/humble/share/rosidl_generator_c/cmake)
[0.229s] -- Found rosidl_adapter: 3.1.7 (/opt/ros/humble/share/rosidl_adapter/cmake)
[0.235s] -- Found rosidl_generator_cpp: 3.1.7 (/opt/ros/humble/share/rosidl_generator_cpp/cmake)
[0.243s] -- Using all available rosidl_typesupport_c: rosidl_typesupport_fastrtps_c;rosidl_typesupport_introspection_c
[0.254s] -- Using all available rosidl_typesupport_cpp: rosidl_typesupport_fastrtps_cpp;rosidl_typesupport_introspection_cpp
[0.301s] -- Found ament_lint_auto: 0.12.14 (/opt/ros/humble/share/ament_lint_auto/cmake)
[0.425s] -- Found rosidl_default_generators: 1.2.0 (/opt/ros/humble/share/rosidl_default_generators/cmake)
[0.683s] -- Found ament_cmake_ros: 0.10.0 (/opt/ros/humble/share/ament_cmake_ros/cmake)
[1.145s] -- Using all available rosidl_typesupport_c: rosidl_typesupport_fastrtps_c;rosidl_typesupport_introspection_c
[1.303s] -- Using all available rosidl_typesupport_cpp: rosidl_typesupport_fastrtps_cpp;rosidl_typesupport_introspection_cpp
[1.320s] -- Found python_cmake_module: 0.10.0 (/opt/ros/humble/share/python_cmake_module/cmake)
[1.339s] -- Using PYTHON_EXECUTABLE: /home/ajaikumar/.local/bin/python3
[1.339s] -- Using PYTHON_INCLUDE_DIRS: /usr/include/python3.10
[1.339s] -- Using PYTHON_LIBRARIES: /usr/lib/x86_64-linux-gnu/libpython3.10.so
[1.386s] -- Added test 'lint_cmake' to check CMake code style
[1.387s] -- Added test 'xmllint' to check XML markup files
[1.392s] -- Configuring done
[1.435s] -- Generating done
[1.447s] -- Build files have been written to: /home/ajaikumar/nidar-2/nidar_ws/build/custom_msgs
[1.473s] [35m[1mConsolidate compiler generated dependencies of target custom_msgs__rosidl_generator_c[0m
[1.483s] [  3%] Built target custom_msgs__cpp
[1.484s] [  6%] [32m[1mLinking C shared library libcustom_msgs__rosidl_generator_c.so[0m
[1.492s] [  6%] Built target ament_cmake_python_symlink_custom_msgs
[1.493s] [35m[1mConsolidate compiler generated dependencies of target custom_msgs__rosidl_typesupport_cpp[0m
[1.493s] [35m[1mConsolidate compiler generated dependencies of target custom_msgs__rosidl_typesupport_fastrtps_cpp[0m
[1.496s] [35m[1mConsolidate compiler generated dependencies of target custom_msgs__rosidl_typesupport_introspection_cpp[0m
[1.508s] [  9%] [32m[1mLinking CXX shared library libcustom_msgs__rosidl_typesupport_cpp.so[0m
[1.509s] [ 16%] [32m[1mLinking CXX shared library libcustom_msgs__rosidl_typesupport_fastrtps_cpp.so[0m
[1.509s] [ 16%] [32m[1mLinking CXX shared library libcustom_msgs__rosidl_typesupport_introspection_cpp.so[0m
[1.522s] [ 22%] Built target custom_msgs__rosidl_generator_c
[1.545s] [35m[1mConsolidate compiler generated dependencies of target custom_msgs__rosidl_typesupport_introspection_c[0m
[1.552s] [35m[1mConsolidate compiler generated dependencies of target custom_msgs__rosidl_typesupport_fastrtps_c[0m
[1.553s] [35m[1mConsolidate compiler generated dependencies of target custom_msgs__rosidl_typesupport_c[0m
[1.567s] [ 29%] [32m[1mLinking C shared library libcustom_msgs__rosidl_typesupport_introspection_c.so[0m
[1.567s] [ 29%] [32m[1mLinking CXX shared library libcustom_msgs__rosidl_typesupport_c.so[0m
[1.571s] [ 35%] Built target custom_msgs__rosidl_typesupport_cpp
[1.573s] [ 38%] [32m[1mLinking CXX shared library libcustom_msgs__rosidl_typesupport_fastrtps_c.so[0m
[1.611s] [ 45%] Built target custom_msgs__rosidl_typesupport_introspection_c
[1.616s] [ 51%] Built target custom_msgs__rosidl_typesupport_c
[1.646s] [ 58%] Built target custom_msgs__rosidl_typesupport_introspection_cpp
[1.653s] [ 64%] Built target custom_msgs__rosidl_typesupport_fastrtps_cpp
[1.682s] [ 70%] Built target custom_msgs__rosidl_typesupport_fastrtps_c
[1.704s] [ 70%] Built target custom_msgs
[1.729s] [ 74%] Built target custom_msgs__py
[1.742s] [35m[1mConsolidate compiler generated dependencies of target custom_msgs__rosidl_generator_py[0m
[1.745s] running egg_info
[1.746s] writing custom_msgs.egg-info/PKG-INFO
[1.746s] writing dependency_links to custom_msgs.egg-info/dependency_links.txt
[1.746s] writing top-level names to custom_msgs.egg-info/top_level.txt
[1.748s] reading manifest file 'custom_msgs.egg-info/SOURCES.txt'
[1.748s] writing manifest file 'custom_msgs.egg-info/SOURCES.txt'
[1.758s] [ 77%] [32m[1mLinking C shared library rosidl_generator_py/custom_msgs/libcustom_msgs__rosidl_generator_py.so[0m
[1.776s] [ 77%] Built target ament_cmake_python_build_custom_msgs_egg
[1.799s] [ 80%] Built target custom_msgs__rosidl_generator_py
[1.810s] [35m[1mConsolidate compiler generated dependencies of target custom_msgs__rosidl_typesupport_fastrtps_c__pyext[0m
[1.810s] [35m[1mConsolidate compiler generated dependencies of target custom_msgs__rosidl_typesupport_c__pyext[0m
[1.810s] [35m[1mConsolidate compiler generated dependencies of target custom_msgs__rosidl_typesupport_introspection_c__pyext[0m
[1.828s] [ 87%] [32m[1mLinking C shared library rosidl_generator_py/custom_msgs/custom_msgs_s__rosidl_typesupport_introspection_c.cpython-310-x86_64-linux-gnu.so[0m
[1.828s] [ 87%] [32m[1mLinking C shared library rosidl_generator_py/custom_msgs/custom_msgs_s__rosidl_typesupport_c.cpython-310-x86_64-linux-gnu.so[0m
[1.830s] [ 90%] [32m[1mLinking C shared library rosidl_generator_py/custom_msgs/custom_msgs_s__rosidl_typesupport_fastrtps_c.cpython-310-x86_64-linux-gnu.so[0m
[1.871s] [ 93%] Built target custom_msgs__rosidl_typesupport_c__pyext
[1.873s] [ 96%] Built target custom_msgs__rosidl_typesupport_fastrtps_c__pyext
[1.877s] [100%] Built target custom_msgs__rosidl_typesupport_introspection_c__pyext
[1.889s] Invoked command in '/home/ajaikumar/nidar-2/nidar_ws/build/custom_msgs' returned '0': CMAKE_PREFIX_PATH=/home/ajaikumar/ros2_ws/install/my_robot_controller:/opt/ros/humble VIRTUAL_ENV_PROMPT=(.local) /usr/bin/cmake --build /home/ajaikumar/nidar-2/nidar_ws/build/custom_msgs -- -j12 -l12
[1.891s] Invoking command in '/home/ajaikumar/nidar-2/nidar_ws/build/custom_msgs': CMAKE_PREFIX_PATH=/home/ajaikumar/ros2_ws/install/my_robot_controller:/opt/ros/humble VIRTUAL_ENV_PROMPT=(.local) /usr/bin/cmake --install /home/ajaikumar/nidar-2/nidar_ws/build/custom_msgs
[1.898s] -- Install configuration: ""
[1.898s] -- Execute custom install script
[1.899s] -- Up-to-date symlink: /home/ajaikumar/nidar-2/nidar_ws/install/custom_msgs/share/ament_index/resource_index/rosidl_interfaces/custom_msgs
[1.899s] -- Up-to-date symlink: /home/ajaikumar/nidar-2/nidar_ws/install/custom_msgs/include/custom_msgs/custom_msgs/msg/detail/geotagged_image__functions.h
[1.899s] -- Up-to-date symlink: /home/ajaikumar/nidar-2/nidar_ws/install/custom_msgs/include/custom_msgs/custom_msgs/msg/detail/geotagged_image__struct.h
[1.899s] -- Up-to-date symlink: /home/ajaikumar/nidar-2/nidar_ws/install/custom_msgs/include/custom_msgs/custom_msgs/msg/detail/geotagged_image__type_support.h
[1.899s] -- Up-to-date symlink: /home/ajaikumar/nidar-2/nidar_ws/install/custom_msgs/include/custom_msgs/custom_msgs/msg/detail/victim_detection__functions.h
[1.900s] -- Up-to-date symlink: /home/ajaikumar/nidar-2/nidar_ws/install/custom_msgs/include/custom_msgs/custom_msgs/msg/detail/victim_detection__struct.h
[1.900s] -- Up-to-date symlink: /home/ajaikumar/nidar-2/nidar_ws/install/custom_msgs/include/custom_msgs/custom_msgs/msg/detail/victim_detection__type_support.h
[1.900s] -- Up-to-date symlink: /home/ajaikumar/nidar-2/nidar_ws/install/custom_msgs/include/custom_msgs/custom_msgs/msg/geotagged_image.h
[1.900s] -- Up-to-date symlink: /home/ajaikumar/nidar-2/nidar_ws/install/custom_msgs/include/custom_msgs/custom_msgs/msg/rosidl_generator_c__visibility_control.h
[1.900s] -- Up-to-date symlink: /home/ajaikumar/nidar-2/nidar_ws/install/custom_msgs/include/custom_msgs/custom_msgs/msg/victim_detection.h
[1.900s] -- Up-to-date symlink: /home/ajaikumar/nidar-2/nidar_ws/install/custom_msgs/share/custom_msgs/environment/library_path.sh
[1.900s] -- Up-to-date symlink: /home/ajaikumar/nidar-2/nidar_ws/install/custom_msgs/share/custom_msgs/environment/library_path.dsv
[1.901s] -- Up-to-date symlink: /home/ajaikumar/nidar-2/nidar_ws/install/custom_msgs/include/custom_msgs/custom_msgs/msg/detail/geotagged_image__rosidl_typesupport_fastrtps_c.h
[1.901s] -- Up-to-date symlink: /home/ajaikumar/nidar-2/nidar_ws/install/custom_msgs/include/custom_msgs/custom_msgs/msg/detail/victim_detection__rosidl_typesupport_fastrtps_c.h
[1.901s] -- Up-to-date symlink: /home/ajaikumar/nidar-2/nidar_ws/install/custom_msgs/include/custom_msgs/custom_msgs/msg/rosidl_typesupport_fastrtps_c__visibility_control.h
[1.901s] -- Up-to-date symlink: /home/ajaikumar/nidar-2/nidar_ws/install/custom_msgs/include/custom_msgs/custom_msgs/msg/detail/geotagged_image__builder.hpp
[1.902s] -- Up-to-date symlink: /home/ajaikumar/nidar-2/nidar_ws/install/custom_msgs/include/custom_msgs/custom_msgs/msg/detail/geotagged_image__struct.hpp
[1.902s] -- Up-to-date symlink: /home/ajaikumar/nidar-2/nidar_ws/install/custom_msgs/include/custom_msgs/custom_msgs/msg/detail/geotagged_image__traits.hpp
[1.902s] -- Up-to-date symlink: /home/ajaikumar/nidar-2/nidar_ws/install/custom_msgs/include/custom_msgs/custom_msgs/msg/detail/geotagged_image__type_support.hpp
[1.902s] -- Up-to-date symlink: /home/ajaikumar/nidar-2/nidar_ws/install/custom_msgs/include/custom_msgs/custom_msgs/msg/detail/victim_detection__builder.hpp
[1.902s] -- Up-to-date symlink: /home/ajaikumar/nidar-2/nidar_ws/install/custom_msgs/include/custom_msgs/custom_msgs/msg/detail/victim_detection__struct.hpp
[1.902s] -- Up-to-date symlink: /home/ajaikumar/nidar-2/nidar_ws/install/custom_msgs/include/custom_msgs/custom_msgs/msg/detail/victim_detection__traits.hpp
[1.902s] -- Up-to-date symlink: /home/ajaikumar/nidar-2/nidar_ws/install/custom_msgs/include/custom_msgs/custom_msgs/msg/detail/victim_detection__type_support.hpp
[1.902s] -- Up-to-date symlink: /home/ajaikumar/nidar-2/nidar_ws/install/custom_msgs/include/custom_msgs/custom_msgs/msg/geotagged_image.hpp
[1.902s] -- Up-to-date symlink: /home/ajaikumar/nidar-2/nidar_ws/install/custom_msgs/include/custom_msgs/custom_msgs/msg/rosidl_generator_cpp__visibility_control.hpp
[1.903s] -- Up-to-date symlink: /home/ajaikumar/nidar-2/nidar_ws/install/custom_msgs/include/custom_msgs/custom_msgs/msg/victim_detection.hpp
[1.903s] -- Up-to-date symlink: /home/ajaikumar/nidar-2/nidar_ws/install/custom_msgs/include/custom_msgs/custom_msgs/msg/detail/geotagged_image__rosidl_typesupport_fastrtps_cpp.hpp
[1.903s] -- Up-to-date symlink: /home/ajaikumar/nidar-2/nidar_ws/install/custom_msgs/include/custom_msgs/custom_msgs/msg/detail/victim_detection__rosidl_typesupport_fastrtps_cpp.hpp
[1.903s] -- Up-to-date symlink: /home/ajaikumar/nidar-2/nidar_ws/install/custom_msgs/include/custom_msgs/custom_msgs/msg/rosidl_typesupport_fastrtps_cpp__visibility_control.h
[1.904s] -- Up-to-date symlink: /home/ajaikumar/nidar-2/nidar_ws/install/custom_msgs/include/custom_msgs/custom_msgs/msg/detail/geotagged_image__rosidl_typesupport_introspection_c.h
[1.904s] -- Up-to-date symlink: /home/ajaikumar/nidar-2/nidar_ws/install/custom_msgs/include/custom_msgs/custom_msgs/msg/detail/victim_detection__rosidl_typesupport_introspection_c.h
[1.904s] -- Up-to-date symlink: /home/ajaikumar/nidar-2/nidar_ws/install/custom_msgs/include/custom_msgs/custom_msgs/msg/rosidl_typesupport_introspection_c__visibility_control.h
[1.904s] -- Up-to-date symlink: /home/ajaikumar/nidar-2/nidar_ws/install/custom_msgs/include/custom_msgs/custom_msgs/msg/detail/geotagged_image__rosidl_typesupport_introspection_cpp.hpp
[1.904s] -- Up-to-date symlink: /home/ajaikumar/nidar-2/nidar_ws/install/custom_msgs/include/custom_msgs/custom_msgs/msg/detail/victim_detection__rosidl_typesupport_introspection_cpp.hpp
[1.904s] -- Up-to-date symlink: /home/ajaikumar/nidar-2/nidar_ws/install/custom_msgs/share/custom_msgs/environment/pythonpath.sh
[1.905s] -- Up-to-date symlink: /home/ajaikumar/nidar-2/nidar_ws/install/custom_msgs/share/custom_msgs/environment/pythonpath.dsv
[1.905s] -- Up-to-date symlink: /home/ajaikumar/nidar-2/nidar_ws/install/custom_msgs/lib/python3.10/site-packages/custom_msgs-0.0.0-py3.10.egg-info/PKG-INFO
[1.905s] -- Up-to-date symlink: /home/ajaikumar/nidar-2/nidar_ws/install/custom_msgs/lib/python3.10/site-packages/custom_msgs-0.0.0-py3.10.egg-info/SOURCES.txt
[1.905s] -- Up-to-date symlink: /home/ajaikumar/nidar-2/nidar_ws/install/custom_msgs/lib/python3.10/site-packages/custom_msgs-0.0.0-py3.10.egg-info/dependency_links.txt
[1.905s] -- Up-to-date symlink: /home/ajaikumar/nidar-2/nidar_ws/install/custom_msgs/lib/python3.10/site-packages/custom_msgs-0.0.0-py3.10.egg-info/top_level.txt
[1.906s] -- Up-to-date symlink: /home/ajaikumar/nidar-2/nidar_ws/install/custom_msgs/lib/python3.10/site-packages/custom_msgs/__init__.py
[1.906s] -- Up-to-date symlink: /home/ajaikumar/nidar-2/nidar_ws/install/custom_msgs/lib/python3.10/site-packages/custom_msgs/_custom_msgs_s.ep.rosidl_typesupport_c.c
[1.906s] -- Up-to-date symlink: /home/ajaikumar/nidar-2/nidar_ws/install/custom_msgs/lib/python3.10/site-packages/custom_msgs/_custom_msgs_s.ep.rosidl_typesupport_fastrtps_c.c
[1.906s] -- Up-to-date symlink: /home/ajaikumar/nidar-2/nidar_ws/install/custom_msgs/lib/python3.10/site-packages/custom_msgs/_custom_msgs_s.ep.rosidl_typesupport_introspection_c.c
[1.906s] -- Up-to-date symlink: /home/ajaikumar/nidar-2/nidar_ws/install/custom_msgs/lib/python3.10/site-packages/custom_msgs/custom_msgs_s__rosidl_typesupport_c.cpython-310-x86_64-linux-gnu.so
[1.906s] -- Up-to-date symlink: /home/ajaikumar/nidar-2/nidar_ws/install/custom_msgs/lib/python3.10/site-packages/custom_msgs/custom_msgs_s__rosidl_typesupport_fastrtps_c.cpython-310-x86_64-linux-gnu.so
[1.907s] -- Up-to-date symlink: /home/ajaikumar/nidar-2/nidar_ws/install/custom_msgs/lib/python3.10/site-packages/custom_msgs/custom_msgs_s__rosidl_typesupport_introspection_c.cpython-310-x86_64-linux-gnu.so
[1.907s] -- Up-to-date symlink: /home/ajaikumar/nidar-2/nidar_ws/install/custom_msgs/lib/python3.10/site-packages/custom_msgs/libcustom_msgs__rosidl_generator_py.so
[1.907s] -- Up-to-date symlink: /home/ajaikumar/nidar-2/nidar_ws/install/custom_msgs/lib/python3.10/site-packages/custom_msgs/msg/__init__.py
[1.907s] -- Up-to-date symlink: /home/ajaikumar/nidar-2/nidar_ws/install/custom_msgs/lib/python3.10/site-packages/custom_msgs/msg/_geotagged_image.py
[1.907s] -- Up-to-date symlink: /home/ajaikumar/nidar-2/nidar_ws/install/custom_msgs/lib/python3.10/site-packages/custom_msgs/msg/_geotagged_image_s.c
[1.907s] -- Up-to-date symlink: /home/ajaikumar/nidar-2/nidar_ws/install/custom_msgs/lib/python3.10/site-packages/custom_msgs/msg/_victim_detection.py
[1.907s] -- Up-to-date symlink: /home/ajaikumar/nidar-2/nidar_ws/install/custom_msgs/lib/python3.10/site-packages/custom_msgs/msg/_victim_detection_s.c
[1.907s] -- Up-to-date symlink: /home/ajaikumar/nidar-2/nidar_ws/install/custom_msgs/lib/python3.10/site-packages/custom_msgs/custom_msgs_s__rosidl_typesupport_fastrtps_c.cpython-310-x86_64-linux-gnu.so
[1.908s] -- Up-to-date symlink: /home/ajaikumar/nidar-2/nidar_ws/install/custom_msgs/lib/python3.10/site-packages/custom_msgs/custom_msgs_s__rosidl_typesupport_introspection_c.cpython-310-x86_64-linux-gnu.so
[1.908s] -- Up-to-date symlink: /home/ajaikumar/nidar-2/nidar_ws/install/custom_msgs/lib/python3.10/site-packages/custom_msgs/custom_msgs_s__rosidl_typesupport_c.cpython-310-x86_64-linux-gnu.so
[1.908s] -- Up-to-date symlink: /home/ajaikumar/nidar-2/nidar_ws/install/custom_msgs/share/custom_msgs/msg/GeotaggedImage.idl
[1.908s] -- Up-to-date symlink: /home/ajaikumar/nidar-2/nidar_ws/install/custom_msgs/share/custom_msgs/msg/GeotaggedImage.msg
[1.908s] -- Up-to-date symlink: /home/ajaikumar/nidar-2/nidar_ws/install/custom_msgs/share/ament_index/resource_index/package_run_dependencies/custom_msgs
[1.909s] -- Up-to-date symlink: /home/ajaikumar/nidar-2/nidar_ws/install/custom_msgs/share/ament_index/resource_index/parent_prefix_path/custom_msgs
[1.909s] -- Up-to-date symlink: /home/ajaikumar/nidar-2/nidar_ws/install/custom_msgs/share/custom_msgs/environment/ament_prefix_path.sh
[1.909s] -- Up-to-date symlink: /home/ajaikumar/nidar-2/nidar_ws/install/custom_msgs/share/custom_msgs/environment/ament_prefix_path.dsv
[1.909s] -- Up-to-date symlink: /home/ajaikumar/nidar-2/nidar_ws/install/custom_msgs/share/custom_msgs/environment/path.sh
[1.909s] -- Up-to-date symlink: /home/ajaikumar/nidar-2/nidar_ws/install/custom_msgs/share/custom_msgs/environment/path.dsv
[1.909s] -- Up-to-date symlink: /home/ajaikumar/nidar-2/nidar_ws/install/custom_msgs/share/custom_msgs/local_setup.bash
[1.910s] -- Up-to-date symlink: /home/ajaikumar/nidar-2/nidar_ws/install/custom_msgs/share/custom_msgs/local_setup.sh
[1.910s] -- Up-to-date symlink: /home/ajaikumar/nidar-2/nidar_ws/install/custom_msgs/share/custom_msgs/local_setup.zsh
[1.910s] -- Up-to-date symlink: /home/ajaikumar/nidar-2/nidar_ws/install/custom_msgs/share/custom_msgs/local_setup.dsv
[1.910s] -- Symlinking: /home/ajaikumar/nidar-2/nidar_ws/install/custom_msgs/share/custom_msgs/package.dsv
[1.921s] -- Up-to-date symlink: /home/ajaikumar/nidar-2/nidar_ws/install/custom_msgs/share/ament_index/resource_index/packages/custom_msgs
[1.921s] -- Up-to-date symlink: /home/ajaikumar/nidar-2/nidar_ws/install/custom_msgs/share/custom_msgs/cmake/rosidl_cmake-extras.cmake
[1.921s] -- Up-to-date symlink: /home/ajaikumar/nidar-2/nidar_ws/install/custom_msgs/share/custom_msgs/cmake/ament_cmake_export_dependencies-extras.cmake
[1.922s] -- Up-to-date symlink: /home/ajaikumar/nidar-2/nidar_ws/install/custom_msgs/share/custom_msgs/cmake/ament_cmake_export_include_directories-extras.cmake
[1.922s] -- Up-to-date symlink: /home/ajaikumar/nidar-2/nidar_ws/install/custom_msgs/share/custom_msgs/cmake/ament_cmake_export_libraries-extras.cmake
[1.922s] -- Up-to-date symlink: /home/ajaikumar/nidar-2/nidar_ws/install/custom_msgs/share/custom_msgs/cmake/ament_cmake_export_targets-extras.cmake
[1.922s] -- Up-to-date symlink: /home/ajaikumar/nidar-2/nidar_ws/install/custom_msgs/share/custom_msgs/cmake/rosidl_cmake_export_typesupport_targets-extras.cmake
[1.922s] -- Up-to-date symlink: /home/ajaikumar/nidar-2/nidar_ws/install/custom_msgs/share/custom_msgs/cmake/rosidl_cmake_export_typesupport_libraries-extras.cmake
[1.922s] -- Up-to-date symlink: /home/ajaikumar/nidar-2/nidar_ws/install/custom_msgs/share/custom_msgs/cmake/custom_msgsConfig.cmake
[1.922s] -- Up-to-date symlink: /home/ajaikumar/nidar-2/nidar_ws/install/custom_msgs/share/custom_msgs/cmake/custom_msgsConfig-version.cmake
[1.923s] -- Up-to-date symlink: /home/ajaikumar/nidar-2/nidar_ws/install/custom_msgs/share/custom_msgs/package.xml
[1.923s] -- Installing: /home/ajaikumar/nidar-2/nidar_ws/install/custom_msgs/lib/libcustom_msgs__rosidl_generator_c.so
[1.926s] -- Set runtime path of "/home/ajaikumar/nidar-2/nidar_ws/install/custom_msgs/lib/libcustom_msgs__rosidl_generator_c.so" to ""
[1.926s] -- Installing: /home/ajaikumar/nidar-2/nidar_ws/install/custom_msgs/lib/libcustom_msgs__rosidl_typesupport_fastrtps_c.so
[1.926s] -- Set runtime path of "/home/ajaikumar/nidar-2/nidar_ws/install/custom_msgs/lib/libcustom_msgs__rosidl_typesupport_fastrtps_c.so" to ""
[1.927s] -- Installing: /home/ajaikumar/nidar-2/nidar_ws/install/custom_msgs/lib/libcustom_msgs__rosidl_typesupport_fastrtps_cpp.so
[1.927s] -- Set runtime path of "/home/ajaikumar/nidar-2/nidar_ws/install/custom_msgs/lib/libcustom_msgs__rosidl_typesupport_fastrtps_cpp.so" to ""
[1.927s] -- Installing: /home/ajaikumar/nidar-2/nidar_ws/install/custom_msgs/lib/libcustom_msgs__rosidl_typesupport_introspection_c.so
[1.927s] -- Set runtime path of "/home/ajaikumar/nidar-2/nidar_ws/install/custom_msgs/lib/libcustom_msgs__rosidl_typesupport_introspection_c.so" to ""
[1.927s] -- Installing: /home/ajaikumar/nidar-2/nidar_ws/install/custom_msgs/lib/libcustom_msgs__rosidl_typesupport_c.so
[1.927s] -- Set runtime path of "/home/ajaikumar/nidar-2/nidar_ws/install/custom_msgs/lib/libcustom_msgs__rosidl_typesupport_c.so" to ""
[1.927s] -- Installing: /home/ajaikumar/nidar-2/nidar_ws/install/custom_msgs/lib/libcustom_msgs__rosidl_typesupport_introspection_cpp.so
[1.927s] -- Set runtime path of "/home/ajaikumar/nidar-2/nidar_ws/install/custom_msgs/lib/libcustom_msgs__rosidl_typesupport_introspection_cpp.so" to ""
[1.928s] -- Installing: /home/ajaikumar/nidar-2/nidar_ws/install/custom_msgs/lib/libcustom_msgs__rosidl_typesupport_cpp.so
[1.928s] -- Set runtime path of "/home/ajaikumar/nidar-2/nidar_ws/install/custom_msgs/lib/libcustom_msgs__rosidl_typesupport_cpp.so" to ""
[1.963s] Listing '/home/ajaikumar/nidar-2/nidar_ws/install/custom_msgs/lib/python3.10/site-packages/custom_msgs'...
[1.964s] Compiling '/home/ajaikumar/nidar-2/nidar_ws/install/custom_msgs/lib/python3.10/site-packages/custom_msgs/__init__.py'...
[1.964s] Listing '/home/ajaikumar/nidar-2/nidar_ws/install/custom_msgs/lib/python3.10/site-packages/custom_msgs/msg'...
[1.969s] -- Installing: /home/ajaikumar/nidar-2/nidar_ws/install/custom_msgs/lib/libcustom_msgs__rosidl_generator_py.so
[1.969s] -- Set runtime path of "/home/ajaikumar/nidar-2/nidar_ws/install/custom_msgs/lib/libcustom_msgs__rosidl_generator_py.so" to ""
[1.969s] -- Up-to-date: /home/ajaikumar/nidar-2/nidar_ws/install/custom_msgs/share/custom_msgs/cmake/export_custom_msgs__rosidl_generator_cExport.cmake
[1.969s] -- Up-to-date: /home/ajaikumar/nidar-2/nidar_ws/install/custom_msgs/share/custom_msgs/cmake/export_custom_msgs__rosidl_generator_cExport-noconfig.cmake
[1.970s] -- Up-to-date: /home/ajaikumar/nidar-2/nidar_ws/install/custom_msgs/share/custom_msgs/cmake/export_custom_msgs__rosidl_typesupport_fastrtps_cExport.cmake
[1.970s] -- Up-to-date: /home/ajaikumar/nidar-2/nidar_ws/install/custom_msgs/share/custom_msgs/cmake/export_custom_msgs__rosidl_typesupport_fastrtps_cExport-noconfig.cmake
[1.970s] -- Up-to-date: /home/ajaikumar/nidar-2/nidar_ws/install/custom_msgs/share/custom_msgs/cmake/export_custom_msgs__rosidl_generator_cppExport.cmake
[1.970s] -- Up-to-date: /home/ajaikumar/nidar-2/nidar_ws/install/custom_msgs/share/custom_msgs/cmake/export_custom_msgs__rosidl_typesupport_fastrtps_cppExport.cmake
[1.970s] -- Up-to-date: /home/ajaikumar/nidar-2/nidar_ws/install/custom_msgs/share/custom_msgs/cmake/export_custom_msgs__rosidl_typesupport_fastrtps_cppExport-noconfig.cmake
[1.970s] -- Up-to-date: /home/ajaikumar/nidar-2/nidar_ws/install/custom_msgs/share/custom_msgs/cmake/custom_msgs__rosidl_typesupport_introspection_cExport.cmake
[1.970s] -- Up-to-date: /home/ajaikumar/nidar-2/nidar_ws/install/custom_msgs/share/custom_msgs/cmake/custom_msgs__rosidl_typesupport_introspection_cExport-noconfig.cmake
[1.970s] -- Up-to-date: /home/ajaikumar/nidar-2/nidar_ws/install/custom_msgs/share/custom_msgs/cmake/custom_msgs__rosidl_typesupport_cExport.cmake
[1.971s] -- Up-to-date: /home/ajaikumar/nidar-2/nidar_ws/install/custom_msgs/share/custom_msgs/cmake/custom_msgs__rosidl_typesupport_cExport-noconfig.cmake
[1.971s] -- Up-to-date: /home/ajaikumar/nidar-2/nidar_ws/install/custom_msgs/share/custom_msgs/cmake/custom_msgs__rosidl_typesupport_introspection_cppExport.cmake
[1.971s] -- Up-to-date: /home/ajaikumar/nidar-2/nidar_ws/install/custom_msgs/share/custom_msgs/cmake/custom_msgs__rosidl_typesupport_introspection_cppExport-noconfig.cmake
[1.971s] -- Up-to-date: /home/ajaikumar/nidar-2/nidar_ws/install/custom_msgs/share/custom_msgs/cmake/custom_msgs__rosidl_typesupport_cppExport.cmake
[1.971s] -- Up-to-date: /home/ajaikumar/nidar-2/nidar_ws/install/custom_msgs/share/custom_msgs/cmake/custom_msgs__rosidl_typesupport_cppExport-noconfig.cmake
[1.971s] -- Up-to-date: /home/ajaikumar/nidar-2/nidar_ws/install/custom_msgs/share/custom_msgs/cmake/export_custom_msgs__rosidl_generator_pyExport.cmake
[1.971s] -- Up-to-date: /home/ajaikumar/nidar-2/nidar_ws/install/custom_msgs/share/custom_msgs/cmake/export_custom_msgs__rosidl_generator_pyExport-noconfig.cmake
[1.974s] Invoked command in '/home/ajaikumar/nidar-2/nidar_ws/build/custom_msgs' returned '0': CMAKE_PREFIX_PATH=/home/ajaikumar/ros2_ws/install/my_robot_controller:/opt/ros/humble VIRTUAL_ENV_PROMPT=(.local) /usr/bin/cmake --install /home/ajaikumar/nidar-2/nidar_ws/build/custom_msgs
