-- Found ament_cmake: 1.3.12 (/opt/ros/humble/share/ament_cmake/cmake)
-- Override CMake install command with custom implementation using symlinks instead of copying resources
-- Found rosidl_default_generators: 1.2.0 (/opt/ros/humble/share/rosidl_default_generators/cmake)
-- Using all available rosidl_typesupport_c: rosidl_typesupport_fastrtps_c;rosidl_typesupport_introspection_c
-- Found rosidl_adapter: 3.1.7 (/opt/ros/humble/share/rosidl_adapter/cmake)
-- Using all available rosidl_typesupport_cpp: rosidl_typesupport_fastrtps_cpp;rosidl_typesupport_introspection_cpp
-- Found geographic_msgs: 1.0.6 (/opt/ros/humble/share/geographic_msgs/cmake)
-- Found ament_cmake_ros: 0.10.0 (/opt/ros/humble/share/ament_cmake_ros/cmake)
-- Using all available rosidl_typesupport_c: rosidl_typesupport_fastrtps_c;rosidl_typesupport_introspection_c
-- Using all available rosidl_typesupport_cpp: rosidl_typesupport_fastrtps_cpp;rosidl_typesupport_introspection_cpp
-- Found python_cmake_module: 0.10.0 (/opt/ros/humble/share/python_cmake_module/cmake)
-- Using PYTHON_EXECUTABLE: /home/ajaikumar/.local/bin/python3
-- Using PYTHON_INCLUDE_DIRS: /usr/include/python3.10
-- Using PYTHON_LIBRARIES: /usr/lib/x86_64-linux-gnu/libpython3.10.so
-- Found ament_lint_auto: 0.12.14 (/opt/ros/humble/share/ament_lint_auto/cmake)
-- Added test 'lint_cmake' to check CMake code style
-- Added test 'xmllint' to check XML markup files
-- Configuring done
-- Generating done
-- Build files have been written to: /home/ajaikumar/nidar-2/nidar_ws/build/mission_interfaces
[  1%] [34m[1mGenerating C code for ROS interfaces[0m
[  2%] [34m[1mGenerating C++ code for ROS interfaces[0m
[  2%] Built target ament_cmake_python_symlink_mission_interfaces
running egg_info
writing mission_interfaces.egg-info/PKG-INFO
writing dependency_links to mission_interfaces.egg-info/dependency_links.txt
writing top-level names to mission_interfaces.egg-info/top_level.txt
reading manifest file 'mission_interfaces.egg-info/SOURCES.txt'
writing manifest file 'mission_interfaces.egg-info/SOURCES.txt'
[  2%] Built target ament_cmake_python_build_mission_interfaces_egg
[35m[1mConsolidate compiler generated dependencies of target mission_interfaces__rosidl_generator_c[0m
[  3%] [32mBuilding C object CMakeFiles/mission_interfaces__rosidl_generator_c.dir/rosidl_generator_c/mission_interfaces/srv/detail/set_com_config__functions.c.o[0m
[  4%] [32mBuilding C object CMakeFiles/mission_interfaces__rosidl_generator_c.dir/rosidl_generator_c/mission_interfaces/srv/detail/get_lawnmower_path__functions.c.o[0m
[  5%] [32mBuilding C object CMakeFiles/mission_interfaces__rosidl_generator_c.dir/rosidl_generator_c/mission_interfaces/srv/detail/set_drone_config__functions.c.o[0m
[  6%] [32mBuilding C object CMakeFiles/mission_interfaces__rosidl_generator_c.dir/rosidl_generator_c/mission_interfaces/srv/detail/get_com_config__functions.c.o[0m
[  7%] [32mBuilding C object CMakeFiles/mission_interfaces__rosidl_generator_c.dir/rosidl_generator_c/mission_interfaces/srv/detail/get_flight_timeout__functions.c.o[0m
[  7%] Built target mission_interfaces__cpp
[  8%] [32mBuilding C object CMakeFiles/mission_interfaces__rosidl_generator_c.dir/rosidl_generator_c/mission_interfaces/srv/detail/get_drone_config__functions.c.o[0m
[ 10%] [32mBuilding C object CMakeFiles/mission_interfaces__rosidl_generator_c.dir/rosidl_generator_c/mission_interfaces/action/detail/scout_action_trigger__functions.c.o[0m
[ 10%] [32mBuilding C object CMakeFiles/mission_interfaces__rosidl_generator_c.dir/rosidl_generator_c/mission_interfaces/srv/detail/set_flight_timeout__functions.c.o[0m
[ 11%] [32mBuilding C object CMakeFiles/mission_interfaces__rosidl_generator_c.dir/rosidl_generator_c/mission_interfaces/action/detail/spray_action_trigger__functions.c.o[0m
[ 12%] [34m[1mGenerating C++ type support dispatch for ROS interfaces[0m
[ 13%] [34m[1mGenerating C++ type support for eProsima Fast-RTPS[0m
[ 14%] [34m[1mGenerating C++ introspection for ROS interfaces[0m
[ 15%] [32m[1mLinking C shared library libmission_interfaces__rosidl_generator_c.so[0m
[ 15%] Built target mission_interfaces__rosidl_generator_c
[ 17%] [34m[1mGenerating C type support dispatch for ROS interfaces[0m
[ 17%] [34m[1mGenerating C introspection for ROS interfaces[0m
[ 18%] [34m[1mGenerating C type support for eProsima Fast-RTPS[0m
[35m[1mConsolidate compiler generated dependencies of target mission_interfaces__rosidl_typesupport_cpp[0m
[ 21%] [32mBuilding CXX object CMakeFiles/mission_interfaces__rosidl_typesupport_cpp.dir/rosidl_typesupport_cpp/mission_interfaces/srv/set_drone_config__type_support.cpp.o[0m
[ 21%] [32mBuilding CXX object CMakeFiles/mission_interfaces__rosidl_typesupport_cpp.dir/rosidl_typesupport_cpp/mission_interfaces/srv/get_lawnmower_path__type_support.cpp.o[0m
[ 22%] [32mBuilding CXX object CMakeFiles/mission_interfaces__rosidl_typesupport_cpp.dir/rosidl_typesupport_cpp/mission_interfaces/srv/get_com_config__type_support.cpp.o[0m
[ 23%] [32mBuilding CXX object CMakeFiles/mission_interfaces__rosidl_typesupport_cpp.dir/rosidl_typesupport_cpp/mission_interfaces/srv/get_flight_timeout__type_support.cpp.o[0m
[ 24%] [32mBuilding CXX object CMakeFiles/mission_interfaces__rosidl_typesupport_cpp.dir/rosidl_typesupport_cpp/mission_interfaces/srv/set_com_config__type_support.cpp.o[0m
[ 25%] [32mBuilding CXX object CMakeFiles/mission_interfaces__rosidl_typesupport_cpp.dir/rosidl_typesupport_cpp/mission_interfaces/srv/set_flight_timeout__type_support.cpp.o[0m
[ 26%] [32mBuilding CXX object CMakeFiles/mission_interfaces__rosidl_typesupport_cpp.dir/rosidl_typesupport_cpp/mission_interfaces/srv/get_drone_config__type_support.cpp.o[0m
[35m[1mConsolidate compiler generated dependencies of target mission_interfaces__rosidl_typesupport_c[0m
[ 27%] [32mBuilding CXX object CMakeFiles/mission_interfaces__rosidl_typesupport_c.dir/rosidl_typesupport_c/mission_interfaces/srv/get_lawnmower_path__type_support.cpp.o[0m
[ 28%] [32mBuilding CXX object CMakeFiles/mission_interfaces__rosidl_typesupport_cpp.dir/rosidl_typesupport_cpp/mission_interfaces/action/scout_action_trigger__type_support.cpp.o[0m
[ 29%] [32mBuilding CXX object CMakeFiles/mission_interfaces__rosidl_typesupport_cpp.dir/rosidl_typesupport_cpp/mission_interfaces/action/spray_action_trigger__type_support.cpp.o[0m
[35m[1mConsolidate compiler generated dependencies of target mission_interfaces__rosidl_typesupport_introspection_cpp[0m
[ 30%] [32mBuilding CXX object CMakeFiles/mission_interfaces__rosidl_typesupport_c.dir/rosidl_typesupport_c/mission_interfaces/srv/set_com_config__type_support.cpp.o[0m
[ 31%] [32mBuilding CXX object CMakeFiles/mission_interfaces__rosidl_typesupport_c.dir/rosidl_typesupport_c/mission_interfaces/srv/get_com_config__type_support.cpp.o[0m
[ 32%] [32mBuilding CXX object CMakeFiles/mission_interfaces__rosidl_typesupport_c.dir/rosidl_typesupport_c/mission_interfaces/srv/set_drone_config__type_support.cpp.o[0m
[ 33%] [32mBuilding CXX object CMakeFiles/mission_interfaces__rosidl_typesupport_c.dir/rosidl_typesupport_c/mission_interfaces/srv/get_drone_config__type_support.cpp.o[0m
[ 34%] [32mBuilding CXX object CMakeFiles/mission_interfaces__rosidl_typesupport_c.dir/rosidl_typesupport_c/mission_interfaces/srv/set_flight_timeout__type_support.cpp.o[0m
[ 35%] [32mBuilding CXX object CMakeFiles/mission_interfaces__rosidl_typesupport_c.dir/rosidl_typesupport_c/mission_interfaces/srv/get_flight_timeout__type_support.cpp.o[0m
[ 36%] [32mBuilding CXX object CMakeFiles/mission_interfaces__rosidl_typesupport_c.dir/rosidl_typesupport_c/mission_interfaces/action/scout_action_trigger__type_support.cpp.o[0m
[ 37%] [32mBuilding CXX object CMakeFiles/mission_interfaces__rosidl_typesupport_introspection_cpp.dir/rosidl_typesupport_introspection_cpp/mission_interfaces/srv/detail/get_lawnmower_path__type_support.cpp.o[0m
[ 38%] [32mBuilding CXX object CMakeFiles/mission_interfaces__rosidl_typesupport_c.dir/rosidl_typesupport_c/mission_interfaces/action/spray_action_trigger__type_support.cpp.o[0m
[ 40%] [32mBuilding CXX object CMakeFiles/mission_interfaces__rosidl_typesupport_introspection_cpp.dir/rosidl_typesupport_introspection_cpp/mission_interfaces/srv/detail/set_com_config__type_support.cpp.o[0m
[ 41%] [32mBuilding CXX object CMakeFiles/mission_interfaces__rosidl_typesupport_introspection_cpp.dir/rosidl_typesupport_introspection_cpp/mission_interfaces/srv/detail/get_com_config__type_support.cpp.o[0m
[ 42%] [32mBuilding CXX object CMakeFiles/mission_interfaces__rosidl_typesupport_introspection_cpp.dir/rosidl_typesupport_introspection_cpp/mission_interfaces/srv/detail/set_drone_config__type_support.cpp.o[0m
[ 43%] [32mBuilding CXX object CMakeFiles/mission_interfaces__rosidl_typesupport_introspection_cpp.dir/rosidl_typesupport_introspection_cpp/mission_interfaces/srv/detail/get_drone_config__type_support.cpp.o[0m
[ 44%] [32mBuilding CXX object CMakeFiles/mission_interfaces__rosidl_typesupport_introspection_cpp.dir/rosidl_typesupport_introspection_cpp/mission_interfaces/srv/detail/set_flight_timeout__type_support.cpp.o[0m
[ 45%] [32m[1mLinking CXX shared library libmission_interfaces__rosidl_typesupport_c.so[0m
[ 45%] Built target mission_interfaces__rosidl_typesupport_c
[ 46%] [32mBuilding CXX object CMakeFiles/mission_interfaces__rosidl_typesupport_introspection_cpp.dir/rosidl_typesupport_introspection_cpp/mission_interfaces/srv/detail/get_flight_timeout__type_support.cpp.o[0m
[35m[1mConsolidate compiler generated dependencies of target mission_interfaces__rosidl_typesupport_fastrtps_cpp[0m
[ 47%] [32mBuilding CXX object CMakeFiles/mission_interfaces__rosidl_typesupport_fastrtps_cpp.dir/rosidl_typesupport_fastrtps_cpp/mission_interfaces/srv/detail/dds_fastrtps/get_lawnmower_path__type_support.cpp.o[0m
[35m[1mConsolidate compiler generated dependencies of target mission_interfaces__rosidl_typesupport_introspection_c[0m
[ 48%] [32mBuilding C object CMakeFiles/mission_interfaces__rosidl_typesupport_introspection_c.dir/rosidl_typesupport_introspection_c/mission_interfaces/srv/detail/get_lawnmower_path__type_support.c.o[0m
[ 49%] [32mBuilding C object CMakeFiles/mission_interfaces__rosidl_typesupport_introspection_c.dir/rosidl_typesupport_introspection_c/mission_interfaces/srv/detail/set_com_config__type_support.c.o[0m
[ 51%] [32mBuilding C object CMakeFiles/mission_interfaces__rosidl_typesupport_introspection_c.dir/rosidl_typesupport_introspection_c/mission_interfaces/srv/detail/get_com_config__type_support.c.o[0m
[ 51%] [32mBuilding CXX object CMakeFiles/mission_interfaces__rosidl_typesupport_introspection_cpp.dir/rosidl_typesupport_introspection_cpp/mission_interfaces/action/detail/scout_action_trigger__type_support.cpp.o[0m
[ 53%] [32mBuilding CXX object CMakeFiles/mission_interfaces__rosidl_typesupport_fastrtps_cpp.dir/rosidl_typesupport_fastrtps_cpp/mission_interfaces/srv/detail/dds_fastrtps/set_com_config__type_support.cpp.o[0m
[ 53%] [32m[1mLinking CXX shared library libmission_interfaces__rosidl_typesupport_cpp.so[0m
[ 54%] [32mBuilding CXX object CMakeFiles/mission_interfaces__rosidl_typesupport_fastrtps_cpp.dir/rosidl_typesupport_fastrtps_cpp/mission_interfaces/srv/detail/dds_fastrtps/get_com_config__type_support.cpp.o[0m
[ 55%] [32mBuilding C object CMakeFiles/mission_interfaces__rosidl_typesupport_introspection_c.dir/rosidl_typesupport_introspection_c/mission_interfaces/srv/detail/set_drone_config__type_support.c.o[0m
[ 58%] [32mBuilding C object CMakeFiles/mission_interfaces__rosidl_typesupport_introspection_c.dir/rosidl_typesupport_introspection_c/mission_interfaces/srv/detail/set_flight_timeout__type_support.c.o[0m
[ 58%] [32mBuilding CXX object CMakeFiles/mission_interfaces__rosidl_typesupport_fastrtps_cpp.dir/rosidl_typesupport_fastrtps_cpp/mission_interfaces/srv/detail/dds_fastrtps/set_drone_config__type_support.cpp.o[0m
[ 58%] [32mBuilding C object CMakeFiles/mission_interfaces__rosidl_typesupport_introspection_c.dir/rosidl_typesupport_introspection_c/mission_interfaces/srv/detail/get_drone_config__type_support.c.o[0m
[ 60%] [32mBuilding C object CMakeFiles/mission_interfaces__rosidl_typesupport_introspection_c.dir/rosidl_typesupport_introspection_c/mission_interfaces/srv/detail/get_flight_timeout__type_support.c.o[0m
[ 60%] Built target mission_interfaces__rosidl_typesupport_cpp
[ 61%] [32mBuilding CXX object CMakeFiles/mission_interfaces__rosidl_typesupport_fastrtps_cpp.dir/rosidl_typesupport_fastrtps_cpp/mission_interfaces/srv/detail/dds_fastrtps/get_drone_config__type_support.cpp.o[0m
[ 63%] [32mBuilding CXX object CMakeFiles/mission_interfaces__rosidl_typesupport_fastrtps_cpp.dir/rosidl_typesupport_fastrtps_cpp/mission_interfaces/srv/detail/dds_fastrtps/set_flight_timeout__type_support.cpp.o[0m
[ 64%] [32mBuilding CXX object CMakeFiles/mission_interfaces__rosidl_typesupport_introspection_cpp.dir/rosidl_typesupport_introspection_cpp/mission_interfaces/action/detail/spray_action_trigger__type_support.cpp.o[0m
[ 63%] [32mBuilding C object CMakeFiles/mission_interfaces__rosidl_typesupport_introspection_c.dir/rosidl_typesupport_introspection_c/mission_interfaces/action/detail/scout_action_trigger__type_support.c.o[0m
[35m[1mConsolidate compiler generated dependencies of target mission_interfaces__rosidl_typesupport_fastrtps_c[0m
[ 65%] [32mBuilding C object CMakeFiles/mission_interfaces__rosidl_typesupport_introspection_c.dir/rosidl_typesupport_introspection_c/mission_interfaces/action/detail/spray_action_trigger__type_support.c.o[0m
[ 66%] [32mBuilding CXX object CMakeFiles/mission_interfaces__rosidl_typesupport_fastrtps_c.dir/rosidl_typesupport_fastrtps_c/mission_interfaces/srv/detail/get_lawnmower_path__type_support_c.cpp.o[0m
[ 67%] [32mBuilding CXX object CMakeFiles/mission_interfaces__rosidl_typesupport_fastrtps_c.dir/rosidl_typesupport_fastrtps_c/mission_interfaces/srv/detail/set_com_config__type_support_c.cpp.o[0m
[ 68%] [32m[1mLinking C shared library libmission_interfaces__rosidl_typesupport_introspection_c.so[0m
[ 69%] [32mBuilding CXX object CMakeFiles/mission_interfaces__rosidl_typesupport_fastrtps_cpp.dir/rosidl_typesupport_fastrtps_cpp/mission_interfaces/srv/detail/dds_fastrtps/get_flight_timeout__type_support.cpp.o[0m
[ 69%] Built target mission_interfaces__rosidl_typesupport_introspection_c
[ 70%] [32mBuilding CXX object CMakeFiles/mission_interfaces__rosidl_typesupport_fastrtps_cpp.dir/rosidl_typesupport_fastrtps_cpp/mission_interfaces/action/detail/dds_fastrtps/scout_action_trigger__type_support.cpp.o[0m
[ 71%] [32mBuilding CXX object CMakeFiles/mission_interfaces__rosidl_typesupport_fastrtps_c.dir/rosidl_typesupport_fastrtps_c/mission_interfaces/srv/detail/get_com_config__type_support_c.cpp.o[0m
[ 72%] [32mBuilding CXX object CMakeFiles/mission_interfaces__rosidl_typesupport_fastrtps_c.dir/rosidl_typesupport_fastrtps_c/mission_interfaces/srv/detail/set_drone_config__type_support_c.cpp.o[0m
[ 73%] [32mBuilding CXX object CMakeFiles/mission_interfaces__rosidl_typesupport_fastrtps_cpp.dir/rosidl_typesupport_fastrtps_cpp/mission_interfaces/action/detail/dds_fastrtps/spray_action_trigger__type_support.cpp.o[0m
[ 74%] [32mBuilding CXX object CMakeFiles/mission_interfaces__rosidl_typesupport_fastrtps_c.dir/rosidl_typesupport_fastrtps_c/mission_interfaces/srv/detail/get_drone_config__type_support_c.cpp.o[0m
[ 75%] [32mBuilding CXX object CMakeFiles/mission_interfaces__rosidl_typesupport_fastrtps_c.dir/rosidl_typesupport_fastrtps_c/mission_interfaces/srv/detail/set_flight_timeout__type_support_c.cpp.o[0m
[ 76%] [32mBuilding CXX object CMakeFiles/mission_interfaces__rosidl_typesupport_fastrtps_c.dir/rosidl_typesupport_fastrtps_c/mission_interfaces/srv/detail/get_flight_timeout__type_support_c.cpp.o[0m
[ 77%] [32mBuilding CXX object CMakeFiles/mission_interfaces__rosidl_typesupport_fastrtps_c.dir/rosidl_typesupport_fastrtps_c/mission_interfaces/action/detail/scout_action_trigger__type_support_c.cpp.o[0m
[ 78%] [32mBuilding CXX object CMakeFiles/mission_interfaces__rosidl_typesupport_fastrtps_c.dir/rosidl_typesupport_fastrtps_c/mission_interfaces/action/detail/spray_action_trigger__type_support_c.cpp.o[0m
[ 80%] [32m[1mLinking CXX shared library libmission_interfaces__rosidl_typesupport_introspection_cpp.so[0m
[ 80%] Built target mission_interfaces__rosidl_typesupport_introspection_cpp
[ 81%] [32m[1mLinking CXX shared library libmission_interfaces__rosidl_typesupport_fastrtps_c.so[0m
[ 81%] Built target mission_interfaces__rosidl_typesupport_fastrtps_c
[ 82%] [32m[1mLinking CXX shared library libmission_interfaces__rosidl_typesupport_fastrtps_cpp.so[0m
[ 82%] Built target mission_interfaces__rosidl_typesupport_fastrtps_cpp
[ 82%] Built target mission_interfaces
[ 83%] [34m[1mGenerating Python code for ROS interfaces[0m
[ 83%] Built target mission_interfaces__py
[35m[1mConsolidate compiler generated dependencies of target mission_interfaces__rosidl_generator_py[0m
[ 85%] [32mBuilding C object CMakeFiles/mission_interfaces__rosidl_generator_py.dir/rosidl_generator_py/mission_interfaces/srv/_set_drone_config_s.c.o[0m
[ 85%] [32mBuilding C object CMakeFiles/mission_interfaces__rosidl_generator_py.dir/rosidl_generator_py/mission_interfaces/srv/_get_com_config_s.c.o[0m
[ 87%] [32mBuilding C object CMakeFiles/mission_interfaces__rosidl_generator_py.dir/rosidl_generator_py/mission_interfaces/srv/_set_com_config_s.c.o[0m
[ 87%] [32mBuilding C object CMakeFiles/mission_interfaces__rosidl_generator_py.dir/rosidl_generator_py/mission_interfaces/srv/_get_lawnmower_path_s.c.o[0m
[ 88%] [32mBuilding C object CMakeFiles/mission_interfaces__rosidl_generator_py.dir/rosidl_generator_py/mission_interfaces/action/_scout_action_trigger_s.c.o[0m
[ 89%] [32mBuilding C object CMakeFiles/mission_interfaces__rosidl_generator_py.dir/rosidl_generator_py/mission_interfaces/srv/_get_drone_config_s.c.o[0m
[ 90%] [32mBuilding C object CMakeFiles/mission_interfaces__rosidl_generator_py.dir/rosidl_generator_py/mission_interfaces/srv/_set_flight_timeout_s.c.o[0m
[ 91%] [32mBuilding C object CMakeFiles/mission_interfaces__rosidl_generator_py.dir/rosidl_generator_py/mission_interfaces/srv/_get_flight_timeout_s.c.o[0m
[ 92%] [32mBuilding C object CMakeFiles/mission_interfaces__rosidl_generator_py.dir/rosidl_generator_py/mission_interfaces/action/_spray_action_trigger_s.c.o[0m
[ 93%] [32m[1mLinking C shared library rosidl_generator_py/mission_interfaces/libmission_interfaces__rosidl_generator_py.so[0m
[ 93%] Built target mission_interfaces__rosidl_generator_py
[35m[1mConsolidate compiler generated dependencies of target mission_interfaces__rosidl_typesupport_c__pyext[0m
[35m[1mConsolidate compiler generated dependencies of target mission_interfaces__rosidl_typesupport_introspection_c__pyext[0m
[35m[1mConsolidate compiler generated dependencies of target mission_interfaces__rosidl_typesupport_fastrtps_c__pyext[0m
[ 96%] [32mBuilding C object CMakeFiles/mission_interfaces__rosidl_typesupport_c__pyext.dir/rosidl_generator_py/mission_interfaces/_mission_interfaces_s.ep.rosidl_typesupport_c.c.o[0m
[ 96%] [32mBuilding C object CMakeFiles/mission_interfaces__rosidl_typesupport_fastrtps_c__pyext.dir/rosidl_generator_py/mission_interfaces/_mission_interfaces_s.ep.rosidl_typesupport_fastrtps_c.c.o[0m
[ 96%] [32mBuilding C object CMakeFiles/mission_interfaces__rosidl_typesupport_introspection_c__pyext.dir/rosidl_generator_py/mission_interfaces/_mission_interfaces_s.ep.rosidl_typesupport_introspection_c.c.o[0m
[ 97%] [32m[1mLinking C shared library rosidl_generator_py/mission_interfaces/mission_interfaces_s__rosidl_typesupport_c.cpython-310-x86_64-linux-gnu.so[0m
[ 98%] [32m[1mLinking C shared library rosidl_generator_py/mission_interfaces/mission_interfaces_s__rosidl_typesupport_fastrtps_c.cpython-310-x86_64-linux-gnu.so[0m
[100%] [32m[1mLinking C shared library rosidl_generator_py/mission_interfaces/mission_interfaces_s__rosidl_typesupport_introspection_c.cpython-310-x86_64-linux-gnu.so[0m
[100%] Built target mission_interfaces__rosidl_typesupport_fastrtps_c__pyext
[100%] Built target mission_interfaces__rosidl_typesupport_c__pyext
[100%] Built target mission_interfaces__rosidl_typesupport_introspection_c__pyext
-- Install configuration: ""
-- Execute custom install script
-- Up-to-date symlink: /home/ajaikumar/nidar-2/nidar_ws/install/mission_interfaces/share/ament_index/resource_index/rosidl_interfaces/mission_interfaces
-- Up-to-date symlink: /home/ajaikumar/nidar-2/nidar_ws/install/mission_interfaces/include/mission_interfaces/mission_interfaces/action/delivery_action_trigger.h
-- Up-to-date symlink: /home/ajaikumar/nidar-2/nidar_ws/install/mission_interfaces/include/mission_interfaces/mission_interfaces/action/detail/delivery_action_trigger__functions.h
-- Up-to-date symlink: /home/ajaikumar/nidar-2/nidar_ws/install/mission_interfaces/include/mission_interfaces/mission_interfaces/action/detail/delivery_action_trigger__struct.h
-- Up-to-date symlink: /home/ajaikumar/nidar-2/nidar_ws/install/mission_interfaces/include/mission_interfaces/mission_interfaces/action/detail/delivery_action_trigger__type_support.h
-- Up-to-date symlink: /home/ajaikumar/nidar-2/nidar_ws/install/mission_interfaces/include/mission_interfaces/mission_interfaces/action/detail/scout_action_trigger__functions.h
-- Up-to-date symlink: /home/ajaikumar/nidar-2/nidar_ws/install/mission_interfaces/include/mission_interfaces/mission_interfaces/action/detail/scout_action_trigger__struct.h
-- Up-to-date symlink: /home/ajaikumar/nidar-2/nidar_ws/install/mission_interfaces/include/mission_interfaces/mission_interfaces/action/detail/scout_action_trigger__type_support.h
-- Symlinking: /home/ajaikumar/nidar-2/nidar_ws/install/mission_interfaces/include/mission_interfaces/mission_interfaces/action/detail/spray_action_trigger__functions.h
-- Symlinking: /home/ajaikumar/nidar-2/nidar_ws/install/mission_interfaces/include/mission_interfaces/mission_interfaces/action/detail/spray_action_trigger__struct.h
-- Symlinking: /home/ajaikumar/nidar-2/nidar_ws/install/mission_interfaces/include/mission_interfaces/mission_interfaces/action/detail/spray_action_trigger__type_support.h
-- Up-to-date symlink: /home/ajaikumar/nidar-2/nidar_ws/install/mission_interfaces/include/mission_interfaces/mission_interfaces/action/scout_action_trigger.h
-- Symlinking: /home/ajaikumar/nidar-2/nidar_ws/install/mission_interfaces/include/mission_interfaces/mission_interfaces/action/spray_action_trigger.h
-- Up-to-date symlink: /home/ajaikumar/nidar-2/nidar_ws/install/mission_interfaces/include/mission_interfaces/mission_interfaces/msg/rosidl_generator_c__visibility_control.h
-- Up-to-date symlink: /home/ajaikumar/nidar-2/nidar_ws/install/mission_interfaces/include/mission_interfaces/mission_interfaces/srv/detail/get_com_config__functions.h
-- Up-to-date symlink: /home/ajaikumar/nidar-2/nidar_ws/install/mission_interfaces/include/mission_interfaces/mission_interfaces/srv/detail/get_com_config__struct.h
-- Up-to-date symlink: /home/ajaikumar/nidar-2/nidar_ws/install/mission_interfaces/include/mission_interfaces/mission_interfaces/srv/detail/get_com_config__type_support.h
-- Up-to-date symlink: /home/ajaikumar/nidar-2/nidar_ws/install/mission_interfaces/include/mission_interfaces/mission_interfaces/srv/detail/get_drone_config__functions.h
-- Up-to-date symlink: /home/ajaikumar/nidar-2/nidar_ws/install/mission_interfaces/include/mission_interfaces/mission_interfaces/srv/detail/get_drone_config__struct.h
-- Up-to-date symlink: /home/ajaikumar/nidar-2/nidar_ws/install/mission_interfaces/include/mission_interfaces/mission_interfaces/srv/detail/get_drone_config__type_support.h
-- Up-to-date symlink: /home/ajaikumar/nidar-2/nidar_ws/install/mission_interfaces/include/mission_interfaces/mission_interfaces/srv/detail/get_flight_timeout__functions.h
-- Up-to-date symlink: /home/ajaikumar/nidar-2/nidar_ws/install/mission_interfaces/include/mission_interfaces/mission_interfaces/srv/detail/get_flight_timeout__struct.h
-- Up-to-date symlink: /home/ajaikumar/nidar-2/nidar_ws/install/mission_interfaces/include/mission_interfaces/mission_interfaces/srv/detail/get_flight_timeout__type_support.h
-- Up-to-date symlink: /home/ajaikumar/nidar-2/nidar_ws/install/mission_interfaces/include/mission_interfaces/mission_interfaces/srv/detail/get_lawnmower_path__functions.h
-- Up-to-date symlink: /home/ajaikumar/nidar-2/nidar_ws/install/mission_interfaces/include/mission_interfaces/mission_interfaces/srv/detail/get_lawnmower_path__struct.h
-- Up-to-date symlink: /home/ajaikumar/nidar-2/nidar_ws/install/mission_interfaces/include/mission_interfaces/mission_interfaces/srv/detail/get_lawnmower_path__type_support.h
-- Up-to-date symlink: /home/ajaikumar/nidar-2/nidar_ws/install/mission_interfaces/include/mission_interfaces/mission_interfaces/srv/detail/set_com_config__functions.h
-- Up-to-date symlink: /home/ajaikumar/nidar-2/nidar_ws/install/mission_interfaces/include/mission_interfaces/mission_interfaces/srv/detail/set_com_config__struct.h
-- Up-to-date symlink: /home/ajaikumar/nidar-2/nidar_ws/install/mission_interfaces/include/mission_interfaces/mission_interfaces/srv/detail/set_com_config__type_support.h
-- Up-to-date symlink: /home/ajaikumar/nidar-2/nidar_ws/install/mission_interfaces/include/mission_interfaces/mission_interfaces/srv/detail/set_drone_config__functions.h
-- Up-to-date symlink: /home/ajaikumar/nidar-2/nidar_ws/install/mission_interfaces/include/mission_interfaces/mission_interfaces/srv/detail/set_drone_config__struct.h
-- Up-to-date symlink: /home/ajaikumar/nidar-2/nidar_ws/install/mission_interfaces/include/mission_interfaces/mission_interfaces/srv/detail/set_drone_config__type_support.h
-- Up-to-date symlink: /home/ajaikumar/nidar-2/nidar_ws/install/mission_interfaces/include/mission_interfaces/mission_interfaces/srv/detail/set_flight_timeout__functions.h
-- Up-to-date symlink: /home/ajaikumar/nidar-2/nidar_ws/install/mission_interfaces/include/mission_interfaces/mission_interfaces/srv/detail/set_flight_timeout__struct.h
-- Up-to-date symlink: /home/ajaikumar/nidar-2/nidar_ws/install/mission_interfaces/include/mission_interfaces/mission_interfaces/srv/detail/set_flight_timeout__type_support.h
-- Up-to-date symlink: /home/ajaikumar/nidar-2/nidar_ws/install/mission_interfaces/include/mission_interfaces/mission_interfaces/srv/get_com_config.h
-- Up-to-date symlink: /home/ajaikumar/nidar-2/nidar_ws/install/mission_interfaces/include/mission_interfaces/mission_interfaces/srv/get_drone_config.h
-- Up-to-date symlink: /home/ajaikumar/nidar-2/nidar_ws/install/mission_interfaces/include/mission_interfaces/mission_interfaces/srv/get_flight_timeout.h
-- Up-to-date symlink: /home/ajaikumar/nidar-2/nidar_ws/install/mission_interfaces/include/mission_interfaces/mission_interfaces/srv/get_lawnmower_path.h
-- Up-to-date symlink: /home/ajaikumar/nidar-2/nidar_ws/install/mission_interfaces/include/mission_interfaces/mission_interfaces/srv/set_com_config.h
-- Up-to-date symlink: /home/ajaikumar/nidar-2/nidar_ws/install/mission_interfaces/include/mission_interfaces/mission_interfaces/srv/set_drone_config.h
-- Up-to-date symlink: /home/ajaikumar/nidar-2/nidar_ws/install/mission_interfaces/include/mission_interfaces/mission_interfaces/srv/set_flight_timeout.h
-- Up-to-date symlink: /home/ajaikumar/nidar-2/nidar_ws/install/mission_interfaces/share/mission_interfaces/environment/library_path.sh
-- Up-to-date symlink: /home/ajaikumar/nidar-2/nidar_ws/install/mission_interfaces/share/mission_interfaces/environment/library_path.dsv
-- Up-to-date symlink: /home/ajaikumar/nidar-2/nidar_ws/install/mission_interfaces/include/mission_interfaces/mission_interfaces/action/detail/delivery_action_trigger__rosidl_typesupport_fastrtps_c.h
-- Up-to-date symlink: /home/ajaikumar/nidar-2/nidar_ws/install/mission_interfaces/include/mission_interfaces/mission_interfaces/action/detail/scout_action_trigger__rosidl_typesupport_fastrtps_c.h
-- Symlinking: /home/ajaikumar/nidar-2/nidar_ws/install/mission_interfaces/include/mission_interfaces/mission_interfaces/action/detail/spray_action_trigger__rosidl_typesupport_fastrtps_c.h
-- Up-to-date symlink: /home/ajaikumar/nidar-2/nidar_ws/install/mission_interfaces/include/mission_interfaces/mission_interfaces/msg/rosidl_typesupport_fastrtps_c__visibility_control.h
-- Up-to-date symlink: /home/ajaikumar/nidar-2/nidar_ws/install/mission_interfaces/include/mission_interfaces/mission_interfaces/srv/detail/get_com_config__rosidl_typesupport_fastrtps_c.h
-- Up-to-date symlink: /home/ajaikumar/nidar-2/nidar_ws/install/mission_interfaces/include/mission_interfaces/mission_interfaces/srv/detail/get_drone_config__rosidl_typesupport_fastrtps_c.h
-- Up-to-date symlink: /home/ajaikumar/nidar-2/nidar_ws/install/mission_interfaces/include/mission_interfaces/mission_interfaces/srv/detail/get_flight_timeout__rosidl_typesupport_fastrtps_c.h
-- Up-to-date symlink: /home/ajaikumar/nidar-2/nidar_ws/install/mission_interfaces/include/mission_interfaces/mission_interfaces/srv/detail/get_lawnmower_path__rosidl_typesupport_fastrtps_c.h
-- Up-to-date symlink: /home/ajaikumar/nidar-2/nidar_ws/install/mission_interfaces/include/mission_interfaces/mission_interfaces/srv/detail/set_com_config__rosidl_typesupport_fastrtps_c.h
-- Up-to-date symlink: /home/ajaikumar/nidar-2/nidar_ws/install/mission_interfaces/include/mission_interfaces/mission_interfaces/srv/detail/set_drone_config__rosidl_typesupport_fastrtps_c.h
-- Up-to-date symlink: /home/ajaikumar/nidar-2/nidar_ws/install/mission_interfaces/include/mission_interfaces/mission_interfaces/srv/detail/set_flight_timeout__rosidl_typesupport_fastrtps_c.h
-- Up-to-date symlink: /home/ajaikumar/nidar-2/nidar_ws/install/mission_interfaces/include/mission_interfaces/mission_interfaces/action/detail/delivery_action_trigger__rosidl_typesupport_introspection_c.h
-- Up-to-date symlink: /home/ajaikumar/nidar-2/nidar_ws/install/mission_interfaces/include/mission_interfaces/mission_interfaces/action/detail/scout_action_trigger__rosidl_typesupport_introspection_c.h
-- Symlinking: /home/ajaikumar/nidar-2/nidar_ws/install/mission_interfaces/include/mission_interfaces/mission_interfaces/action/detail/spray_action_trigger__rosidl_typesupport_introspection_c.h
-- Up-to-date symlink: /home/ajaikumar/nidar-2/nidar_ws/install/mission_interfaces/include/mission_interfaces/mission_interfaces/msg/rosidl_typesupport_introspection_c__visibility_control.h
-- Up-to-date symlink: /home/ajaikumar/nidar-2/nidar_ws/install/mission_interfaces/include/mission_interfaces/mission_interfaces/srv/detail/get_com_config__rosidl_typesupport_introspection_c.h
-- Up-to-date symlink: /home/ajaikumar/nidar-2/nidar_ws/install/mission_interfaces/include/mission_interfaces/mission_interfaces/srv/detail/get_drone_config__rosidl_typesupport_introspection_c.h
-- Up-to-date symlink: /home/ajaikumar/nidar-2/nidar_ws/install/mission_interfaces/include/mission_interfaces/mission_interfaces/srv/detail/get_flight_timeout__rosidl_typesupport_introspection_c.h
-- Up-to-date symlink: /home/ajaikumar/nidar-2/nidar_ws/install/mission_interfaces/include/mission_interfaces/mission_interfaces/srv/detail/get_lawnmower_path__rosidl_typesupport_introspection_c.h
-- Up-to-date symlink: /home/ajaikumar/nidar-2/nidar_ws/install/mission_interfaces/include/mission_interfaces/mission_interfaces/srv/detail/set_com_config__rosidl_typesupport_introspection_c.h
-- Up-to-date symlink: /home/ajaikumar/nidar-2/nidar_ws/install/mission_interfaces/include/mission_interfaces/mission_interfaces/srv/detail/set_drone_config__rosidl_typesupport_introspection_c.h
-- Up-to-date symlink: /home/ajaikumar/nidar-2/nidar_ws/install/mission_interfaces/include/mission_interfaces/mission_interfaces/srv/detail/set_flight_timeout__rosidl_typesupport_introspection_c.h
-- Up-to-date symlink: /home/ajaikumar/nidar-2/nidar_ws/install/mission_interfaces/include/mission_interfaces/mission_interfaces/action/delivery_action_trigger.hpp
-- Up-to-date symlink: /home/ajaikumar/nidar-2/nidar_ws/install/mission_interfaces/include/mission_interfaces/mission_interfaces/action/detail/delivery_action_trigger__builder.hpp
-- Up-to-date symlink: /home/ajaikumar/nidar-2/nidar_ws/install/mission_interfaces/include/mission_interfaces/mission_interfaces/action/detail/delivery_action_trigger__struct.hpp
-- Up-to-date symlink: /home/ajaikumar/nidar-2/nidar_ws/install/mission_interfaces/include/mission_interfaces/mission_interfaces/action/detail/delivery_action_trigger__traits.hpp
-- Up-to-date symlink: /home/ajaikumar/nidar-2/nidar_ws/install/mission_interfaces/include/mission_interfaces/mission_interfaces/action/detail/delivery_action_trigger__type_support.hpp
-- Up-to-date symlink: /home/ajaikumar/nidar-2/nidar_ws/install/mission_interfaces/include/mission_interfaces/mission_interfaces/action/detail/scout_action_trigger__builder.hpp
-- Up-to-date symlink: /home/ajaikumar/nidar-2/nidar_ws/install/mission_interfaces/include/mission_interfaces/mission_interfaces/action/detail/scout_action_trigger__struct.hpp
-- Up-to-date symlink: /home/ajaikumar/nidar-2/nidar_ws/install/mission_interfaces/include/mission_interfaces/mission_interfaces/action/detail/scout_action_trigger__traits.hpp
-- Up-to-date symlink: /home/ajaikumar/nidar-2/nidar_ws/install/mission_interfaces/include/mission_interfaces/mission_interfaces/action/detail/scout_action_trigger__type_support.hpp
-- Symlinking: /home/ajaikumar/nidar-2/nidar_ws/install/mission_interfaces/include/mission_interfaces/mission_interfaces/action/detail/spray_action_trigger__builder.hpp
-- Symlinking: /home/ajaikumar/nidar-2/nidar_ws/install/mission_interfaces/include/mission_interfaces/mission_interfaces/action/detail/spray_action_trigger__struct.hpp
-- Symlinking: /home/ajaikumar/nidar-2/nidar_ws/install/mission_interfaces/include/mission_interfaces/mission_interfaces/action/detail/spray_action_trigger__traits.hpp
-- Symlinking: /home/ajaikumar/nidar-2/nidar_ws/install/mission_interfaces/include/mission_interfaces/mission_interfaces/action/detail/spray_action_trigger__type_support.hpp
-- Up-to-date symlink: /home/ajaikumar/nidar-2/nidar_ws/install/mission_interfaces/include/mission_interfaces/mission_interfaces/action/scout_action_trigger.hpp
-- Symlinking: /home/ajaikumar/nidar-2/nidar_ws/install/mission_interfaces/include/mission_interfaces/mission_interfaces/action/spray_action_trigger.hpp
-- Up-to-date symlink: /home/ajaikumar/nidar-2/nidar_ws/install/mission_interfaces/include/mission_interfaces/mission_interfaces/msg/rosidl_generator_cpp__visibility_control.hpp
-- Up-to-date symlink: /home/ajaikumar/nidar-2/nidar_ws/install/mission_interfaces/include/mission_interfaces/mission_interfaces/srv/detail/get_com_config__builder.hpp
-- Up-to-date symlink: /home/ajaikumar/nidar-2/nidar_ws/install/mission_interfaces/include/mission_interfaces/mission_interfaces/srv/detail/get_com_config__struct.hpp
-- Up-to-date symlink: /home/ajaikumar/nidar-2/nidar_ws/install/mission_interfaces/include/mission_interfaces/mission_interfaces/srv/detail/get_com_config__traits.hpp
-- Up-to-date symlink: /home/ajaikumar/nidar-2/nidar_ws/install/mission_interfaces/include/mission_interfaces/mission_interfaces/srv/detail/get_com_config__type_support.hpp
-- Up-to-date symlink: /home/ajaikumar/nidar-2/nidar_ws/install/mission_interfaces/include/mission_interfaces/mission_interfaces/srv/detail/get_drone_config__builder.hpp
-- Up-to-date symlink: /home/ajaikumar/nidar-2/nidar_ws/install/mission_interfaces/include/mission_interfaces/mission_interfaces/srv/detail/get_drone_config__struct.hpp
-- Up-to-date symlink: /home/ajaikumar/nidar-2/nidar_ws/install/mission_interfaces/include/mission_interfaces/mission_interfaces/srv/detail/get_drone_config__traits.hpp
-- Up-to-date symlink: /home/ajaikumar/nidar-2/nidar_ws/install/mission_interfaces/include/mission_interfaces/mission_interfaces/srv/detail/get_drone_config__type_support.hpp
-- Up-to-date symlink: /home/ajaikumar/nidar-2/nidar_ws/install/mission_interfaces/include/mission_interfaces/mission_interfaces/srv/detail/get_flight_timeout__builder.hpp
-- Up-to-date symlink: /home/ajaikumar/nidar-2/nidar_ws/install/mission_interfaces/include/mission_interfaces/mission_interfaces/srv/detail/get_flight_timeout__struct.hpp
-- Up-to-date symlink: /home/ajaikumar/nidar-2/nidar_ws/install/mission_interfaces/include/mission_interfaces/mission_interfaces/srv/detail/get_flight_timeout__traits.hpp
-- Up-to-date symlink: /home/ajaikumar/nidar-2/nidar_ws/install/mission_interfaces/include/mission_interfaces/mission_interfaces/srv/detail/get_flight_timeout__type_support.hpp
-- Up-to-date symlink: /home/ajaikumar/nidar-2/nidar_ws/install/mission_interfaces/include/mission_interfaces/mission_interfaces/srv/detail/get_lawnmower_path__builder.hpp
-- Up-to-date symlink: /home/ajaikumar/nidar-2/nidar_ws/install/mission_interfaces/include/mission_interfaces/mission_interfaces/srv/detail/get_lawnmower_path__struct.hpp
-- Up-to-date symlink: /home/ajaikumar/nidar-2/nidar_ws/install/mission_interfaces/include/mission_interfaces/mission_interfaces/srv/detail/get_lawnmower_path__traits.hpp
-- Up-to-date symlink: /home/ajaikumar/nidar-2/nidar_ws/install/mission_interfaces/include/mission_interfaces/mission_interfaces/srv/detail/get_lawnmower_path__type_support.hpp
-- Up-to-date symlink: /home/ajaikumar/nidar-2/nidar_ws/install/mission_interfaces/include/mission_interfaces/mission_interfaces/srv/detail/set_com_config__builder.hpp
-- Up-to-date symlink: /home/ajaikumar/nidar-2/nidar_ws/install/mission_interfaces/include/mission_interfaces/mission_interfaces/srv/detail/set_com_config__struct.hpp
-- Up-to-date symlink: /home/ajaikumar/nidar-2/nidar_ws/install/mission_interfaces/include/mission_interfaces/mission_interfaces/srv/detail/set_com_config__traits.hpp
-- Up-to-date symlink: /home/ajaikumar/nidar-2/nidar_ws/install/mission_interfaces/include/mission_interfaces/mission_interfaces/srv/detail/set_com_config__type_support.hpp
-- Up-to-date symlink: /home/ajaikumar/nidar-2/nidar_ws/install/mission_interfaces/include/mission_interfaces/mission_interfaces/srv/detail/set_drone_config__builder.hpp
-- Up-to-date symlink: /home/ajaikumar/nidar-2/nidar_ws/install/mission_interfaces/include/mission_interfaces/mission_interfaces/srv/detail/set_drone_config__struct.hpp
-- Up-to-date symlink: /home/ajaikumar/nidar-2/nidar_ws/install/mission_interfaces/include/mission_interfaces/mission_interfaces/srv/detail/set_drone_config__traits.hpp
-- Up-to-date symlink: /home/ajaikumar/nidar-2/nidar_ws/install/mission_interfaces/include/mission_interfaces/mission_interfaces/srv/detail/set_drone_config__type_support.hpp
-- Up-to-date symlink: /home/ajaikumar/nidar-2/nidar_ws/install/mission_interfaces/include/mission_interfaces/mission_interfaces/srv/detail/set_flight_timeout__builder.hpp
-- Up-to-date symlink: /home/ajaikumar/nidar-2/nidar_ws/install/mission_interfaces/include/mission_interfaces/mission_interfaces/srv/detail/set_flight_timeout__struct.hpp
-- Up-to-date symlink: /home/ajaikumar/nidar-2/nidar_ws/install/mission_interfaces/include/mission_interfaces/mission_interfaces/srv/detail/set_flight_timeout__traits.hpp
-- Up-to-date symlink: /home/ajaikumar/nidar-2/nidar_ws/install/mission_interfaces/include/mission_interfaces/mission_interfaces/srv/detail/set_flight_timeout__type_support.hpp
-- Up-to-date symlink: /home/ajaikumar/nidar-2/nidar_ws/install/mission_interfaces/include/mission_interfaces/mission_interfaces/srv/get_com_config.hpp
-- Up-to-date symlink: /home/ajaikumar/nidar-2/nidar_ws/install/mission_interfaces/include/mission_interfaces/mission_interfaces/srv/get_drone_config.hpp
-- Up-to-date symlink: /home/ajaikumar/nidar-2/nidar_ws/install/mission_interfaces/include/mission_interfaces/mission_interfaces/srv/get_flight_timeout.hpp
-- Up-to-date symlink: /home/ajaikumar/nidar-2/nidar_ws/install/mission_interfaces/include/mission_interfaces/mission_interfaces/srv/get_lawnmower_path.hpp
-- Up-to-date symlink: /home/ajaikumar/nidar-2/nidar_ws/install/mission_interfaces/include/mission_interfaces/mission_interfaces/srv/set_com_config.hpp
-- Up-to-date symlink: /home/ajaikumar/nidar-2/nidar_ws/install/mission_interfaces/include/mission_interfaces/mission_interfaces/srv/set_drone_config.hpp
-- Up-to-date symlink: /home/ajaikumar/nidar-2/nidar_ws/install/mission_interfaces/include/mission_interfaces/mission_interfaces/srv/set_flight_timeout.hpp
-- Up-to-date symlink: /home/ajaikumar/nidar-2/nidar_ws/install/mission_interfaces/include/mission_interfaces/mission_interfaces/action/detail/delivery_action_trigger__rosidl_typesupport_fastrtps_cpp.hpp
-- Up-to-date symlink: /home/ajaikumar/nidar-2/nidar_ws/install/mission_interfaces/include/mission_interfaces/mission_interfaces/action/detail/scout_action_trigger__rosidl_typesupport_fastrtps_cpp.hpp
-- Symlinking: /home/ajaikumar/nidar-2/nidar_ws/install/mission_interfaces/include/mission_interfaces/mission_interfaces/action/detail/spray_action_trigger__rosidl_typesupport_fastrtps_cpp.hpp
-- Up-to-date symlink: /home/ajaikumar/nidar-2/nidar_ws/install/mission_interfaces/include/mission_interfaces/mission_interfaces/msg/rosidl_typesupport_fastrtps_cpp__visibility_control.h
-- Up-to-date symlink: /home/ajaikumar/nidar-2/nidar_ws/install/mission_interfaces/include/mission_interfaces/mission_interfaces/srv/detail/get_com_config__rosidl_typesupport_fastrtps_cpp.hpp
-- Up-to-date symlink: /home/ajaikumar/nidar-2/nidar_ws/install/mission_interfaces/include/mission_interfaces/mission_interfaces/srv/detail/get_drone_config__rosidl_typesupport_fastrtps_cpp.hpp
-- Up-to-date symlink: /home/ajaikumar/nidar-2/nidar_ws/install/mission_interfaces/include/mission_interfaces/mission_interfaces/srv/detail/get_flight_timeout__rosidl_typesupport_fastrtps_cpp.hpp
-- Up-to-date symlink: /home/ajaikumar/nidar-2/nidar_ws/install/mission_interfaces/include/mission_interfaces/mission_interfaces/srv/detail/get_lawnmower_path__rosidl_typesupport_fastrtps_cpp.hpp
-- Up-to-date symlink: /home/ajaikumar/nidar-2/nidar_ws/install/mission_interfaces/include/mission_interfaces/mission_interfaces/srv/detail/set_com_config__rosidl_typesupport_fastrtps_cpp.hpp
-- Up-to-date symlink: /home/ajaikumar/nidar-2/nidar_ws/install/mission_interfaces/include/mission_interfaces/mission_interfaces/srv/detail/set_drone_config__rosidl_typesupport_fastrtps_cpp.hpp
-- Up-to-date symlink: /home/ajaikumar/nidar-2/nidar_ws/install/mission_interfaces/include/mission_interfaces/mission_interfaces/srv/detail/set_flight_timeout__rosidl_typesupport_fastrtps_cpp.hpp
-- Up-to-date symlink: /home/ajaikumar/nidar-2/nidar_ws/install/mission_interfaces/include/mission_interfaces/mission_interfaces/action/detail/delivery_action_trigger__rosidl_typesupport_introspection_cpp.hpp
-- Up-to-date symlink: /home/ajaikumar/nidar-2/nidar_ws/install/mission_interfaces/include/mission_interfaces/mission_interfaces/action/detail/scout_action_trigger__rosidl_typesupport_introspection_cpp.hpp
-- Symlinking: /home/ajaikumar/nidar-2/nidar_ws/install/mission_interfaces/include/mission_interfaces/mission_interfaces/action/detail/spray_action_trigger__rosidl_typesupport_introspection_cpp.hpp
-- Up-to-date symlink: /home/ajaikumar/nidar-2/nidar_ws/install/mission_interfaces/include/mission_interfaces/mission_interfaces/srv/detail/get_com_config__rosidl_typesupport_introspection_cpp.hpp
-- Up-to-date symlink: /home/ajaikumar/nidar-2/nidar_ws/install/mission_interfaces/include/mission_interfaces/mission_interfaces/srv/detail/get_drone_config__rosidl_typesupport_introspection_cpp.hpp
-- Up-to-date symlink: /home/ajaikumar/nidar-2/nidar_ws/install/mission_interfaces/include/mission_interfaces/mission_interfaces/srv/detail/get_flight_timeout__rosidl_typesupport_introspection_cpp.hpp
-- Up-to-date symlink: /home/ajaikumar/nidar-2/nidar_ws/install/mission_interfaces/include/mission_interfaces/mission_interfaces/srv/detail/get_lawnmower_path__rosidl_typesupport_introspection_cpp.hpp
-- Up-to-date symlink: /home/ajaikumar/nidar-2/nidar_ws/install/mission_interfaces/include/mission_interfaces/mission_interfaces/srv/detail/set_com_config__rosidl_typesupport_introspection_cpp.hpp
-- Up-to-date symlink: /home/ajaikumar/nidar-2/nidar_ws/install/mission_interfaces/include/mission_interfaces/mission_interfaces/srv/detail/set_drone_config__rosidl_typesupport_introspection_cpp.hpp
-- Up-to-date symlink: /home/ajaikumar/nidar-2/nidar_ws/install/mission_interfaces/include/mission_interfaces/mission_interfaces/srv/detail/set_flight_timeout__rosidl_typesupport_introspection_cpp.hpp
-- Up-to-date symlink: /home/ajaikumar/nidar-2/nidar_ws/install/mission_interfaces/share/mission_interfaces/environment/pythonpath.sh
-- Up-to-date symlink: /home/ajaikumar/nidar-2/nidar_ws/install/mission_interfaces/share/mission_interfaces/environment/pythonpath.dsv
-- Up-to-date symlink: /home/ajaikumar/nidar-2/nidar_ws/install/mission_interfaces/lib/python3.10/site-packages/mission_interfaces-0.0.0-py3.10.egg-info/PKG-INFO
-- Up-to-date symlink: /home/ajaikumar/nidar-2/nidar_ws/install/mission_interfaces/lib/python3.10/site-packages/mission_interfaces-0.0.0-py3.10.egg-info/SOURCES.txt
-- Up-to-date symlink: /home/ajaikumar/nidar-2/nidar_ws/install/mission_interfaces/lib/python3.10/site-packages/mission_interfaces-0.0.0-py3.10.egg-info/dependency_links.txt
-- Up-to-date symlink: /home/ajaikumar/nidar-2/nidar_ws/install/mission_interfaces/lib/python3.10/site-packages/mission_interfaces-0.0.0-py3.10.egg-info/top_level.txt
-- Up-to-date symlink: /home/ajaikumar/nidar-2/nidar_ws/install/mission_interfaces/lib/python3.10/site-packages/mission_interfaces/__init__.py
-- Up-to-date symlink: /home/ajaikumar/nidar-2/nidar_ws/install/mission_interfaces/lib/python3.10/site-packages/mission_interfaces/_mission_interfaces_s.ep.rosidl_typesupport_c.c
-- Up-to-date symlink: /home/ajaikumar/nidar-2/nidar_ws/install/mission_interfaces/lib/python3.10/site-packages/mission_interfaces/_mission_interfaces_s.ep.rosidl_typesupport_fastrtps_c.c
-- Up-to-date symlink: /home/ajaikumar/nidar-2/nidar_ws/install/mission_interfaces/lib/python3.10/site-packages/mission_interfaces/_mission_interfaces_s.ep.rosidl_typesupport_introspection_c.c
-- Up-to-date symlink: /home/ajaikumar/nidar-2/nidar_ws/install/mission_interfaces/lib/python3.10/site-packages/mission_interfaces/action/__init__.py
-- Up-to-date symlink: /home/ajaikumar/nidar-2/nidar_ws/install/mission_interfaces/lib/python3.10/site-packages/mission_interfaces/action/_delivery_action_trigger.py
-- Up-to-date symlink: /home/ajaikumar/nidar-2/nidar_ws/install/mission_interfaces/lib/python3.10/site-packages/mission_interfaces/action/_delivery_action_trigger_s.c
-- Up-to-date symlink: /home/ajaikumar/nidar-2/nidar_ws/install/mission_interfaces/lib/python3.10/site-packages/mission_interfaces/action/_scout_action_trigger.py
-- Up-to-date symlink: /home/ajaikumar/nidar-2/nidar_ws/install/mission_interfaces/lib/python3.10/site-packages/mission_interfaces/action/_scout_action_trigger_s.c
-- Symlinking: /home/ajaikumar/nidar-2/nidar_ws/install/mission_interfaces/lib/python3.10/site-packages/mission_interfaces/action/_spray_action_trigger.py
-- Symlinking: /home/ajaikumar/nidar-2/nidar_ws/install/mission_interfaces/lib/python3.10/site-packages/mission_interfaces/action/_spray_action_trigger_s.c
-- Up-to-date symlink: /home/ajaikumar/nidar-2/nidar_ws/install/mission_interfaces/lib/python3.10/site-packages/mission_interfaces/libmission_interfaces__rosidl_generator_py.so
-- Up-to-date symlink: /home/ajaikumar/nidar-2/nidar_ws/install/mission_interfaces/lib/python3.10/site-packages/mission_interfaces/mission_interfaces_s__rosidl_typesupport_c.cpython-310-x86_64-linux-gnu.so
-- Up-to-date symlink: /home/ajaikumar/nidar-2/nidar_ws/install/mission_interfaces/lib/python3.10/site-packages/mission_interfaces/mission_interfaces_s__rosidl_typesupport_fastrtps_c.cpython-310-x86_64-linux-gnu.so
-- Up-to-date symlink: /home/ajaikumar/nidar-2/nidar_ws/install/mission_interfaces/lib/python3.10/site-packages/mission_interfaces/mission_interfaces_s__rosidl_typesupport_introspection_c.cpython-310-x86_64-linux-gnu.so
-- Up-to-date symlink: /home/ajaikumar/nidar-2/nidar_ws/install/mission_interfaces/lib/python3.10/site-packages/mission_interfaces/srv/__init__.py
-- Up-to-date symlink: /home/ajaikumar/nidar-2/nidar_ws/install/mission_interfaces/lib/python3.10/site-packages/mission_interfaces/srv/_get_com_config.py
-- Up-to-date symlink: /home/ajaikumar/nidar-2/nidar_ws/install/mission_interfaces/lib/python3.10/site-packages/mission_interfaces/srv/_get_com_config_s.c
-- Up-to-date symlink: /home/ajaikumar/nidar-2/nidar_ws/install/mission_interfaces/lib/python3.10/site-packages/mission_interfaces/srv/_get_drone_config.py
-- Up-to-date symlink: /home/ajaikumar/nidar-2/nidar_ws/install/mission_interfaces/lib/python3.10/site-packages/mission_interfaces/srv/_get_drone_config_s.c
-- Up-to-date symlink: /home/ajaikumar/nidar-2/nidar_ws/install/mission_interfaces/lib/python3.10/site-packages/mission_interfaces/srv/_get_flight_timeout.py
-- Up-to-date symlink: /home/ajaikumar/nidar-2/nidar_ws/install/mission_interfaces/lib/python3.10/site-packages/mission_interfaces/srv/_get_flight_timeout_s.c
-- Up-to-date symlink: /home/ajaikumar/nidar-2/nidar_ws/install/mission_interfaces/lib/python3.10/site-packages/mission_interfaces/srv/_get_lawnmower_path.py
-- Up-to-date symlink: /home/ajaikumar/nidar-2/nidar_ws/install/mission_interfaces/lib/python3.10/site-packages/mission_interfaces/srv/_get_lawnmower_path_s.c
-- Up-to-date symlink: /home/ajaikumar/nidar-2/nidar_ws/install/mission_interfaces/lib/python3.10/site-packages/mission_interfaces/srv/_set_com_config.py
-- Up-to-date symlink: /home/ajaikumar/nidar-2/nidar_ws/install/mission_interfaces/lib/python3.10/site-packages/mission_interfaces/srv/_set_com_config_s.c
-- Up-to-date symlink: /home/ajaikumar/nidar-2/nidar_ws/install/mission_interfaces/lib/python3.10/site-packages/mission_interfaces/srv/_set_drone_config.py
-- Up-to-date symlink: /home/ajaikumar/nidar-2/nidar_ws/install/mission_interfaces/lib/python3.10/site-packages/mission_interfaces/srv/_set_drone_config_s.c
-- Up-to-date symlink: /home/ajaikumar/nidar-2/nidar_ws/install/mission_interfaces/lib/python3.10/site-packages/mission_interfaces/srv/_set_flight_timeout.py
-- Up-to-date symlink: /home/ajaikumar/nidar-2/nidar_ws/install/mission_interfaces/lib/python3.10/site-packages/mission_interfaces/srv/_set_flight_timeout_s.c
-- Up-to-date symlink: /home/ajaikumar/nidar-2/nidar_ws/install/mission_interfaces/lib/python3.10/site-packages/mission_interfaces/mission_interfaces_s__rosidl_typesupport_fastrtps_c.cpython-310-x86_64-linux-gnu.so
-- Up-to-date symlink: /home/ajaikumar/nidar-2/nidar_ws/install/mission_interfaces/lib/python3.10/site-packages/mission_interfaces/mission_interfaces_s__rosidl_typesupport_introspection_c.cpython-310-x86_64-linux-gnu.so
-- Up-to-date symlink: /home/ajaikumar/nidar-2/nidar_ws/install/mission_interfaces/lib/python3.10/site-packages/mission_interfaces/mission_interfaces_s__rosidl_typesupport_c.cpython-310-x86_64-linux-gnu.so
-- Up-to-date symlink: /home/ajaikumar/nidar-2/nidar_ws/install/mission_interfaces/share/mission_interfaces/srv/GetLawnmowerPath.idl
-- Up-to-date symlink: /home/ajaikumar/nidar-2/nidar_ws/install/mission_interfaces/share/mission_interfaces/srv/SetComConfig.idl
-- Up-to-date symlink: /home/ajaikumar/nidar-2/nidar_ws/install/mission_interfaces/share/mission_interfaces/srv/GetComConfig.idl
-- Up-to-date symlink: /home/ajaikumar/nidar-2/nidar_ws/install/mission_interfaces/share/mission_interfaces/srv/SetDroneConfig.idl
-- Up-to-date symlink: /home/ajaikumar/nidar-2/nidar_ws/install/mission_interfaces/share/mission_interfaces/srv/GetDroneConfig.idl
-- Up-to-date symlink: /home/ajaikumar/nidar-2/nidar_ws/install/mission_interfaces/share/mission_interfaces/srv/SetFlightTimeout.idl
-- Up-to-date symlink: /home/ajaikumar/nidar-2/nidar_ws/install/mission_interfaces/share/mission_interfaces/srv/GetFlightTimeout.idl
-- Up-to-date symlink: /home/ajaikumar/nidar-2/nidar_ws/install/mission_interfaces/share/mission_interfaces/action/ScoutActionTrigger.idl
-- Symlinking: /home/ajaikumar/nidar-2/nidar_ws/install/mission_interfaces/share/mission_interfaces/action/SprayActionTrigger.idl
-- Up-to-date symlink: /home/ajaikumar/nidar-2/nidar_ws/install/mission_interfaces/share/mission_interfaces/srv/GetLawnmowerPath.srv
-- Up-to-date symlink: /home/ajaikumar/nidar-2/nidar_ws/install/mission_interfaces/share/mission_interfaces/srv/GetLawnmowerPath_Request.msg
-- Up-to-date symlink: /home/ajaikumar/nidar-2/nidar_ws/install/mission_interfaces/share/mission_interfaces/srv/GetLawnmowerPath_Response.msg
-- Up-to-date symlink: /home/ajaikumar/nidar-2/nidar_ws/install/mission_interfaces/share/mission_interfaces/srv/SetComConfig.srv
-- Up-to-date symlink: /home/ajaikumar/nidar-2/nidar_ws/install/mission_interfaces/share/mission_interfaces/srv/SetComConfig_Request.msg
-- Up-to-date symlink: /home/ajaikumar/nidar-2/nidar_ws/install/mission_interfaces/share/mission_interfaces/srv/SetComConfig_Response.msg
-- Up-to-date symlink: /home/ajaikumar/nidar-2/nidar_ws/install/mission_interfaces/share/mission_interfaces/srv/GetComConfig.srv
-- Up-to-date symlink: /home/ajaikumar/nidar-2/nidar_ws/install/mission_interfaces/share/mission_interfaces/srv/GetComConfig_Request.msg
-- Up-to-date symlink: /home/ajaikumar/nidar-2/nidar_ws/install/mission_interfaces/share/mission_interfaces/srv/GetComConfig_Response.msg
-- Up-to-date symlink: /home/ajaikumar/nidar-2/nidar_ws/install/mission_interfaces/share/mission_interfaces/srv/SetDroneConfig.srv
-- Up-to-date symlink: /home/ajaikumar/nidar-2/nidar_ws/install/mission_interfaces/share/mission_interfaces/srv/SetDroneConfig_Request.msg
-- Up-to-date symlink: /home/ajaikumar/nidar-2/nidar_ws/install/mission_interfaces/share/mission_interfaces/srv/SetDroneConfig_Response.msg
-- Up-to-date symlink: /home/ajaikumar/nidar-2/nidar_ws/install/mission_interfaces/share/mission_interfaces/srv/GetDroneConfig.srv
-- Up-to-date symlink: /home/ajaikumar/nidar-2/nidar_ws/install/mission_interfaces/share/mission_interfaces/srv/GetDroneConfig_Request.msg
-- Up-to-date symlink: /home/ajaikumar/nidar-2/nidar_ws/install/mission_interfaces/share/mission_interfaces/srv/GetDroneConfig_Response.msg
-- Up-to-date symlink: /home/ajaikumar/nidar-2/nidar_ws/install/mission_interfaces/share/mission_interfaces/srv/SetFlightTimeout.srv
-- Up-to-date symlink: /home/ajaikumar/nidar-2/nidar_ws/install/mission_interfaces/share/mission_interfaces/srv/SetFlightTimeout_Request.msg
-- Up-to-date symlink: /home/ajaikumar/nidar-2/nidar_ws/install/mission_interfaces/share/mission_interfaces/srv/SetFlightTimeout_Response.msg
-- Up-to-date symlink: /home/ajaikumar/nidar-2/nidar_ws/install/mission_interfaces/share/mission_interfaces/srv/GetFlightTimeout.srv
-- Up-to-date symlink: /home/ajaikumar/nidar-2/nidar_ws/install/mission_interfaces/share/mission_interfaces/srv/GetFlightTimeout_Request.msg
-- Up-to-date symlink: /home/ajaikumar/nidar-2/nidar_ws/install/mission_interfaces/share/mission_interfaces/srv/GetFlightTimeout_Response.msg
-- Up-to-date symlink: /home/ajaikumar/nidar-2/nidar_ws/install/mission_interfaces/share/mission_interfaces/action/ScoutActionTrigger.action
-- Symlinking: /home/ajaikumar/nidar-2/nidar_ws/install/mission_interfaces/share/mission_interfaces/action/SprayActionTrigger.action
-- Up-to-date symlink: /home/ajaikumar/nidar-2/nidar_ws/install/mission_interfaces/share/ament_index/resource_index/package_run_dependencies/mission_interfaces
-- Up-to-date symlink: /home/ajaikumar/nidar-2/nidar_ws/install/mission_interfaces/share/ament_index/resource_index/parent_prefix_path/mission_interfaces
-- Up-to-date symlink: /home/ajaikumar/nidar-2/nidar_ws/install/mission_interfaces/share/mission_interfaces/environment/ament_prefix_path.sh
-- Up-to-date symlink: /home/ajaikumar/nidar-2/nidar_ws/install/mission_interfaces/share/mission_interfaces/environment/ament_prefix_path.dsv
-- Up-to-date symlink: /home/ajaikumar/nidar-2/nidar_ws/install/mission_interfaces/share/mission_interfaces/environment/path.sh
-- Up-to-date symlink: /home/ajaikumar/nidar-2/nidar_ws/install/mission_interfaces/share/mission_interfaces/environment/path.dsv
-- Up-to-date symlink: /home/ajaikumar/nidar-2/nidar_ws/install/mission_interfaces/share/mission_interfaces/local_setup.bash
-- Up-to-date symlink: /home/ajaikumar/nidar-2/nidar_ws/install/mission_interfaces/share/mission_interfaces/local_setup.sh
-- Up-to-date symlink: /home/ajaikumar/nidar-2/nidar_ws/install/mission_interfaces/share/mission_interfaces/local_setup.zsh
-- Up-to-date symlink: /home/ajaikumar/nidar-2/nidar_ws/install/mission_interfaces/share/mission_interfaces/local_setup.dsv
-- Symlinking: /home/ajaikumar/nidar-2/nidar_ws/install/mission_interfaces/share/mission_interfaces/package.dsv
-- Up-to-date symlink: /home/ajaikumar/nidar-2/nidar_ws/install/mission_interfaces/share/ament_index/resource_index/packages/mission_interfaces
-- Up-to-date symlink: /home/ajaikumar/nidar-2/nidar_ws/install/mission_interfaces/share/mission_interfaces/cmake/rosidl_cmake-extras.cmake
-- Up-to-date symlink: /home/ajaikumar/nidar-2/nidar_ws/install/mission_interfaces/share/mission_interfaces/cmake/ament_cmake_export_dependencies-extras.cmake
-- Up-to-date symlink: /home/ajaikumar/nidar-2/nidar_ws/install/mission_interfaces/share/mission_interfaces/cmake/ament_cmake_export_include_directories-extras.cmake
-- Up-to-date symlink: /home/ajaikumar/nidar-2/nidar_ws/install/mission_interfaces/share/mission_interfaces/cmake/ament_cmake_export_libraries-extras.cmake
-- Up-to-date symlink: /home/ajaikumar/nidar-2/nidar_ws/install/mission_interfaces/share/mission_interfaces/cmake/ament_cmake_export_targets-extras.cmake
-- Up-to-date symlink: /home/ajaikumar/nidar-2/nidar_ws/install/mission_interfaces/share/mission_interfaces/cmake/rosidl_cmake_export_typesupport_targets-extras.cmake
-- Up-to-date symlink: /home/ajaikumar/nidar-2/nidar_ws/install/mission_interfaces/share/mission_interfaces/cmake/rosidl_cmake_export_typesupport_libraries-extras.cmake
-- Up-to-date symlink: /home/ajaikumar/nidar-2/nidar_ws/install/mission_interfaces/share/mission_interfaces/cmake/mission_interfacesConfig.cmake
-- Up-to-date symlink: /home/ajaikumar/nidar-2/nidar_ws/install/mission_interfaces/share/mission_interfaces/cmake/mission_interfacesConfig-version.cmake
-- Up-to-date symlink: /home/ajaikumar/nidar-2/nidar_ws/install/mission_interfaces/share/mission_interfaces/package.xml
-- Installing: /home/ajaikumar/nidar-2/nidar_ws/install/mission_interfaces/lib/libmission_interfaces__rosidl_generator_c.so
-- Set runtime path of "/home/ajaikumar/nidar-2/nidar_ws/install/mission_interfaces/lib/libmission_interfaces__rosidl_generator_c.so" to ""
-- Installing: /home/ajaikumar/nidar-2/nidar_ws/install/mission_interfaces/lib/libmission_interfaces__rosidl_typesupport_fastrtps_c.so
-- Set runtime path of "/home/ajaikumar/nidar-2/nidar_ws/install/mission_interfaces/lib/libmission_interfaces__rosidl_typesupport_fastrtps_c.so" to ""
-- Installing: /home/ajaikumar/nidar-2/nidar_ws/install/mission_interfaces/lib/libmission_interfaces__rosidl_typesupport_introspection_c.so
-- Set runtime path of "/home/ajaikumar/nidar-2/nidar_ws/install/mission_interfaces/lib/libmission_interfaces__rosidl_typesupport_introspection_c.so" to ""
-- Installing: /home/ajaikumar/nidar-2/nidar_ws/install/mission_interfaces/lib/libmission_interfaces__rosidl_typesupport_c.so
-- Set runtime path of "/home/ajaikumar/nidar-2/nidar_ws/install/mission_interfaces/lib/libmission_interfaces__rosidl_typesupport_c.so" to ""
-- Installing: /home/ajaikumar/nidar-2/nidar_ws/install/mission_interfaces/lib/libmission_interfaces__rosidl_typesupport_fastrtps_cpp.so
-- Set runtime path of "/home/ajaikumar/nidar-2/nidar_ws/install/mission_interfaces/lib/libmission_interfaces__rosidl_typesupport_fastrtps_cpp.so" to ""
-- Installing: /home/ajaikumar/nidar-2/nidar_ws/install/mission_interfaces/lib/libmission_interfaces__rosidl_typesupport_introspection_cpp.so
-- Set runtime path of "/home/ajaikumar/nidar-2/nidar_ws/install/mission_interfaces/lib/libmission_interfaces__rosidl_typesupport_introspection_cpp.so" to ""
-- Installing: /home/ajaikumar/nidar-2/nidar_ws/install/mission_interfaces/lib/libmission_interfaces__rosidl_typesupport_cpp.so
-- Set runtime path of "/home/ajaikumar/nidar-2/nidar_ws/install/mission_interfaces/lib/libmission_interfaces__rosidl_typesupport_cpp.so" to ""
Listing '/home/ajaikumar/nidar-2/nidar_ws/install/mission_interfaces/lib/python3.10/site-packages/mission_interfaces'...
Compiling '/home/ajaikumar/nidar-2/nidar_ws/install/mission_interfaces/lib/python3.10/site-packages/mission_interfaces/__init__.py'...
Listing '/home/ajaikumar/nidar-2/nidar_ws/install/mission_interfaces/lib/python3.10/site-packages/mission_interfaces/action'...
Compiling '/home/ajaikumar/nidar-2/nidar_ws/install/mission_interfaces/lib/python3.10/site-packages/mission_interfaces/action/__init__.py'...
Compiling '/home/ajaikumar/nidar-2/nidar_ws/install/mission_interfaces/lib/python3.10/site-packages/mission_interfaces/action/_scout_action_trigger.py'...
Compiling '/home/ajaikumar/nidar-2/nidar_ws/install/mission_interfaces/lib/python3.10/site-packages/mission_interfaces/action/_spray_action_trigger.py'...
Listing '/home/ajaikumar/nidar-2/nidar_ws/install/mission_interfaces/lib/python3.10/site-packages/mission_interfaces/srv'...
Compiling '/home/ajaikumar/nidar-2/nidar_ws/install/mission_interfaces/lib/python3.10/site-packages/mission_interfaces/srv/__init__.py'...
Compiling '/home/ajaikumar/nidar-2/nidar_ws/install/mission_interfaces/lib/python3.10/site-packages/mission_interfaces/srv/_get_com_config.py'...
Compiling '/home/ajaikumar/nidar-2/nidar_ws/install/mission_interfaces/lib/python3.10/site-packages/mission_interfaces/srv/_get_drone_config.py'...
Compiling '/home/ajaikumar/nidar-2/nidar_ws/install/mission_interfaces/lib/python3.10/site-packages/mission_interfaces/srv/_get_flight_timeout.py'...
Compiling '/home/ajaikumar/nidar-2/nidar_ws/install/mission_interfaces/lib/python3.10/site-packages/mission_interfaces/srv/_get_lawnmower_path.py'...
Compiling '/home/ajaikumar/nidar-2/nidar_ws/install/mission_interfaces/lib/python3.10/site-packages/mission_interfaces/srv/_set_com_config.py'...
Compiling '/home/ajaikumar/nidar-2/nidar_ws/install/mission_interfaces/lib/python3.10/site-packages/mission_interfaces/srv/_set_drone_config.py'...
Compiling '/home/ajaikumar/nidar-2/nidar_ws/install/mission_interfaces/lib/python3.10/site-packages/mission_interfaces/srv/_set_flight_timeout.py'...
-- Installing: /home/ajaikumar/nidar-2/nidar_ws/install/mission_interfaces/lib/libmission_interfaces__rosidl_generator_py.so
-- Set runtime path of "/home/ajaikumar/nidar-2/nidar_ws/install/mission_interfaces/lib/libmission_interfaces__rosidl_generator_py.so" to ""
-- Up-to-date: /home/ajaikumar/nidar-2/nidar_ws/install/mission_interfaces/share/mission_interfaces/cmake/export_mission_interfaces__rosidl_generator_cExport.cmake
-- Up-to-date: /home/ajaikumar/nidar-2/nidar_ws/install/mission_interfaces/share/mission_interfaces/cmake/export_mission_interfaces__rosidl_generator_cExport-noconfig.cmake
-- Up-to-date: /home/ajaikumar/nidar-2/nidar_ws/install/mission_interfaces/share/mission_interfaces/cmake/export_mission_interfaces__rosidl_typesupport_fastrtps_cExport.cmake
-- Up-to-date: /home/ajaikumar/nidar-2/nidar_ws/install/mission_interfaces/share/mission_interfaces/cmake/export_mission_interfaces__rosidl_typesupport_fastrtps_cExport-noconfig.cmake
-- Up-to-date: /home/ajaikumar/nidar-2/nidar_ws/install/mission_interfaces/share/mission_interfaces/cmake/mission_interfaces__rosidl_typesupport_introspection_cExport.cmake
-- Up-to-date: /home/ajaikumar/nidar-2/nidar_ws/install/mission_interfaces/share/mission_interfaces/cmake/mission_interfaces__rosidl_typesupport_introspection_cExport-noconfig.cmake
-- Up-to-date: /home/ajaikumar/nidar-2/nidar_ws/install/mission_interfaces/share/mission_interfaces/cmake/mission_interfaces__rosidl_typesupport_cExport.cmake
-- Up-to-date: /home/ajaikumar/nidar-2/nidar_ws/install/mission_interfaces/share/mission_interfaces/cmake/mission_interfaces__rosidl_typesupport_cExport-noconfig.cmake
-- Up-to-date: /home/ajaikumar/nidar-2/nidar_ws/install/mission_interfaces/share/mission_interfaces/cmake/export_mission_interfaces__rosidl_generator_cppExport.cmake
-- Up-to-date: /home/ajaikumar/nidar-2/nidar_ws/install/mission_interfaces/share/mission_interfaces/cmake/export_mission_interfaces__rosidl_typesupport_fastrtps_cppExport.cmake
-- Up-to-date: /home/ajaikumar/nidar-2/nidar_ws/install/mission_interfaces/share/mission_interfaces/cmake/export_mission_interfaces__rosidl_typesupport_fastrtps_cppExport-noconfig.cmake
-- Up-to-date: /home/ajaikumar/nidar-2/nidar_ws/install/mission_interfaces/share/mission_interfaces/cmake/mission_interfaces__rosidl_typesupport_introspection_cppExport.cmake
-- Up-to-date: /home/ajaikumar/nidar-2/nidar_ws/install/mission_interfaces/share/mission_interfaces/cmake/mission_interfaces__rosidl_typesupport_introspection_cppExport-noconfig.cmake
-- Up-to-date: /home/ajaikumar/nidar-2/nidar_ws/install/mission_interfaces/share/mission_interfaces/cmake/mission_interfaces__rosidl_typesupport_cppExport.cmake
-- Up-to-date: /home/ajaikumar/nidar-2/nidar_ws/install/mission_interfaces/share/mission_interfaces/cmake/mission_interfaces__rosidl_typesupport_cppExport-noconfig.cmake
-- Up-to-date: /home/ajaikumar/nidar-2/nidar_ws/install/mission_interfaces/share/mission_interfaces/cmake/export_mission_interfaces__rosidl_generator_pyExport.cmake
-- Up-to-date: /home/ajaikumar/nidar-2/nidar_ws/install/mission_interfaces/share/mission_interfaces/cmake/export_mission_interfaces__rosidl_generator_pyExport-noconfig.cmake
