[0.207s] DEBUG:colcon:Command line arguments: ['/usr/bin/colcon', 'build', '--symlink-install']
[0.207s] DEBUG:colcon:Parsed command line arguments: Namespace(log_base=None, log_level=None, verb_name='build', build_base='build', install_base='install', merge_install=False, symlink_install=True, test_result_base=None, continue_on_error=False, executor='parallel', parallel_workers=12, event_handlers=None, ignore_user_meta=False, metas=['./colcon.meta'], base_paths=['.'], packages_ignore=None, packages_ignore_regex=None, paths=None, packages_up_to=None, packages_up_to_regex=None, packages_above=None, packages_above_and_dependencies=None, packages_above_depth=None, packages_select_by_dep=None, packages_skip_by_dep=None, packages_skip_up_to=None, packages_select_build_failed=False, packages_skip_build_finished=False, packages_select_test_failures=False, packages_skip_test_passed=False, packages_select=None, packages_skip=None, packages_select_regex=None, packages_skip_regex=None, packages_start=None, packages_end=None, allow_overriding=[], cmake_args=None, cmake_target=None, cmake_target_skip_unavailable=False, cmake_clean_cache=False, cmake_clean_first=False, cmake_force_configure=False, ament_cmake_args=None, catkin_cmake_args=None, catkin_skip_building_tests=False, verb_parser=<colcon_defaults.argument_parser.defaults.DefaultArgumentsDecorator object at 0x7a0500081ae0>, verb_extension=<colcon_core.verb.build.BuildVerb object at 0x7a0500163070>, main=<bound method BuildVerb.main of <colcon_core.verb.build.BuildVerb object at 0x7a0500163070>>)
[0.453s] Level 1:colcon.colcon_core.package_discovery:discover_packages(colcon_meta) check parameters
[0.453s] Level 1:colcon.colcon_core.package_discovery:discover_packages(recursive) check parameters
[0.453s] Level 1:colcon.colcon_core.package_discovery:discover_packages(ignore) check parameters
[0.453s] Level 1:colcon.colcon_core.package_discovery:discover_packages(path) check parameters
[0.453s] Level 1:colcon.colcon_core.package_discovery:discover_packages(colcon_meta) discover
[0.453s] Level 1:colcon.colcon_core.package_discovery:discover_packages(recursive) discover
[0.453s] INFO:colcon.colcon_core.package_discovery:Crawling recursively for packages in '/home/ajaikumar/nidar-2/nidar_ws'
[0.454s] Level 1:colcon.colcon_core.package_identification:_identify(.) by extensions ['ignore', 'ignore_ament_install']
[0.454s] Level 1:colcon.colcon_core.package_identification:_identify(.) by extension 'ignore'
[0.454s] Level 1:colcon.colcon_core.package_identification:_identify(.) by extension 'ignore_ament_install'
[0.454s] Level 1:colcon.colcon_core.package_identification:_identify(.) by extensions ['colcon_pkg']
[0.454s] Level 1:colcon.colcon_core.package_identification:_identify(.) by extension 'colcon_pkg'
[0.454s] Level 1:colcon.colcon_core.package_identification:_identify(.) by extensions ['colcon_meta']
[0.454s] Level 1:colcon.colcon_core.package_identification:_identify(.) by extension 'colcon_meta'
[0.454s] Level 1:colcon.colcon_core.package_identification:_identify(.) by extensions ['ros']
[0.454s] Level 1:colcon.colcon_core.package_identification:_identify(.) by extension 'ros'
[0.475s] Level 1:colcon.colcon_core.package_identification:_identify(.) by extensions ['cmake', 'python']
[0.475s] Level 1:colcon.colcon_core.package_identification:_identify(.) by extension 'cmake'
[0.475s] Level 1:colcon.colcon_core.package_identification:_identify(.) by extension 'python'
[0.475s] Level 1:colcon.colcon_core.package_identification:_identify(.) by extensions ['python_setup_py']
[0.475s] Level 1:colcon.colcon_core.package_identification:_identify(.) by extension 'python_setup_py'
[0.475s] Level 1:colcon.colcon_core.package_identification:_identify(build) by extensions ['ignore', 'ignore_ament_install']
[0.476s] Level 1:colcon.colcon_core.package_identification:_identify(build) by extension 'ignore'
[0.476s] Level 1:colcon.colcon_core.package_identification:_identify(build) ignored
[0.476s] Level 1:colcon.colcon_core.package_identification:_identify(install) by extensions ['ignore', 'ignore_ament_install']
[0.476s] Level 1:colcon.colcon_core.package_identification:_identify(install) by extension 'ignore'
[0.476s] Level 1:colcon.colcon_core.package_identification:_identify(install) ignored
[0.476s] Level 1:colcon.colcon_core.package_identification:_identify(log) by extensions ['ignore', 'ignore_ament_install']
[0.476s] Level 1:colcon.colcon_core.package_identification:_identify(log) by extension 'ignore'
[0.476s] Level 1:colcon.colcon_core.package_identification:_identify(log) ignored
[0.476s] Level 1:colcon.colcon_core.package_identification:_identify(src) by extensions ['ignore', 'ignore_ament_install']
[0.476s] Level 1:colcon.colcon_core.package_identification:_identify(src) by extension 'ignore'
[0.476s] Level 1:colcon.colcon_core.package_identification:_identify(src) by extension 'ignore_ament_install'
[0.476s] Level 1:colcon.colcon_core.package_identification:_identify(src) by extensions ['colcon_pkg']
[0.476s] Level 1:colcon.colcon_core.package_identification:_identify(src) by extension 'colcon_pkg'
[0.476s] Level 1:colcon.colcon_core.package_identification:_identify(src) by extensions ['colcon_meta']
[0.476s] Level 1:colcon.colcon_core.package_identification:_identify(src) by extension 'colcon_meta'
[0.476s] Level 1:colcon.colcon_core.package_identification:_identify(src) by extensions ['ros']
[0.476s] Level 1:colcon.colcon_core.package_identification:_identify(src) by extension 'ros'
[0.476s] Level 1:colcon.colcon_core.package_identification:_identify(src) by extensions ['cmake', 'python']
[0.476s] Level 1:colcon.colcon_core.package_identification:_identify(src) by extension 'cmake'
[0.476s] Level 1:colcon.colcon_core.package_identification:_identify(src) by extension 'python'
[0.477s] Level 1:colcon.colcon_core.package_identification:_identify(src) by extensions ['python_setup_py']
[0.477s] Level 1:colcon.colcon_core.package_identification:_identify(src) by extension 'python_setup_py'
[0.477s] Level 1:colcon.colcon_core.package_identification:_identify(src/custom_msgs) by extensions ['ignore', 'ignore_ament_install']
[0.477s] Level 1:colcon.colcon_core.package_identification:_identify(src/custom_msgs) by extension 'ignore'
[0.477s] Level 1:colcon.colcon_core.package_identification:_identify(src/custom_msgs) by extension 'ignore_ament_install'
[0.477s] Level 1:colcon.colcon_core.package_identification:_identify(src/custom_msgs) by extensions ['colcon_pkg']
[0.477s] Level 1:colcon.colcon_core.package_identification:_identify(src/custom_msgs) by extension 'colcon_pkg'
[0.477s] Level 1:colcon.colcon_core.package_identification:_identify(src/custom_msgs) by extensions ['colcon_meta']
[0.477s] Level 1:colcon.colcon_core.package_identification:_identify(src/custom_msgs) by extension 'colcon_meta'
[0.477s] Level 1:colcon.colcon_core.package_identification:_identify(src/custom_msgs) by extensions ['ros']
[0.477s] Level 1:colcon.colcon_core.package_identification:_identify(src/custom_msgs) by extension 'ros'
[0.479s] DEBUG:colcon.colcon_core.package_identification:Package 'src/custom_msgs' with type 'ros.ament_cmake' and name 'custom_msgs'
[0.479s] Level 1:colcon.colcon_core.package_identification:_identify(src/mission_interfaces) by extensions ['ignore', 'ignore_ament_install']
[0.480s] Level 1:colcon.colcon_core.package_identification:_identify(src/mission_interfaces) by extension 'ignore'
[0.480s] Level 1:colcon.colcon_core.package_identification:_identify(src/mission_interfaces) by extension 'ignore_ament_install'
[0.480s] Level 1:colcon.colcon_core.package_identification:_identify(src/mission_interfaces) by extensions ['colcon_pkg']
[0.480s] Level 1:colcon.colcon_core.package_identification:_identify(src/mission_interfaces) by extension 'colcon_pkg'
[0.480s] Level 1:colcon.colcon_core.package_identification:_identify(src/mission_interfaces) by extensions ['colcon_meta']
[0.480s] Level 1:colcon.colcon_core.package_identification:_identify(src/mission_interfaces) by extension 'colcon_meta'
[0.480s] Level 1:colcon.colcon_core.package_identification:_identify(src/mission_interfaces) by extensions ['ros']
[0.480s] Level 1:colcon.colcon_core.package_identification:_identify(src/mission_interfaces) by extension 'ros'
[0.480s] DEBUG:colcon.colcon_core.package_identification:Package 'src/mission_interfaces' with type 'ros.ament_cmake' and name 'mission_interfaces'
[0.480s] Level 1:colcon.colcon_core.package_identification:_identify(src/mission_manager) by extensions ['ignore', 'ignore_ament_install']
[0.481s] Level 1:colcon.colcon_core.package_identification:_identify(src/mission_manager) by extension 'ignore'
[0.481s] Level 1:colcon.colcon_core.package_identification:_identify(src/mission_manager) by extension 'ignore_ament_install'
[0.481s] Level 1:colcon.colcon_core.package_identification:_identify(src/mission_manager) by extensions ['colcon_pkg']
[0.481s] Level 1:colcon.colcon_core.package_identification:_identify(src/mission_manager) by extension 'colcon_pkg'
[0.481s] Level 1:colcon.colcon_core.package_identification:_identify(src/mission_manager) by extensions ['colcon_meta']
[0.481s] Level 1:colcon.colcon_core.package_identification:_identify(src/mission_manager) by extension 'colcon_meta'
[0.481s] Level 1:colcon.colcon_core.package_identification:_identify(src/mission_manager) by extensions ['ros']
[0.481s] Level 1:colcon.colcon_core.package_identification:_identify(src/mission_manager) by extension 'ros'
[0.481s] DEBUG:colcon.colcon_core.package_identification:Package 'src/mission_manager' with type 'ros.ament_python' and name 'mission_manager'
[0.482s] Level 1:colcon.colcon_core.package_identification:_identify(src/model_inference) by extensions ['ignore', 'ignore_ament_install']
[0.482s] Level 1:colcon.colcon_core.package_identification:_identify(src/model_inference) by extension 'ignore'
[0.482s] Level 1:colcon.colcon_core.package_identification:_identify(src/model_inference) by extension 'ignore_ament_install'
[0.482s] Level 1:colcon.colcon_core.package_identification:_identify(src/model_inference) by extensions ['colcon_pkg']
[0.482s] Level 1:colcon.colcon_core.package_identification:_identify(src/model_inference) by extension 'colcon_pkg'
[0.482s] Level 1:colcon.colcon_core.package_identification:_identify(src/model_inference) by extensions ['colcon_meta']
[0.482s] Level 1:colcon.colcon_core.package_identification:_identify(src/model_inference) by extension 'colcon_meta'
[0.482s] Level 1:colcon.colcon_core.package_identification:_identify(src/model_inference) by extensions ['ros']
[0.482s] Level 1:colcon.colcon_core.package_identification:_identify(src/model_inference) by extension 'ros'
[0.483s] DEBUG:colcon.colcon_core.package_identification:Package 'src/model_inference' with type 'ros.ament_python' and name 'model_inference'
[0.483s] Level 1:colcon.colcon_core.package_discovery:discover_packages(recursive) using defaults
[0.483s] Level 1:colcon.colcon_core.package_discovery:discover_packages(ignore) discover
[0.483s] Level 1:colcon.colcon_core.package_discovery:discover_packages(ignore) using defaults
[0.483s] Level 1:colcon.colcon_core.package_discovery:discover_packages(path) discover
[0.483s] Level 1:colcon.colcon_core.package_discovery:discover_packages(path) using defaults
[0.503s] Level 1:colcon.colcon_core.package_discovery:discover_packages(prefix_path) check parameters
[0.503s] Level 1:colcon.colcon_core.package_discovery:discover_packages(prefix_path) discover
[0.506s] DEBUG:colcon.colcon_installed_package_information.package_discovery:Found 1 installed packages in /home/ajaikumar/ros2_ws/install
[0.507s] DEBUG:colcon.colcon_installed_package_information.package_discovery:Found 301 installed packages in /opt/ros/humble
[0.508s] Level 1:colcon.colcon_core.package_discovery:discover_packages(prefix_path) using defaults
[0.539s] Level 5:colcon.colcon_core.verb:set package 'custom_msgs' build argument 'cmake_args' from command line to 'None'
[0.539s] Level 5:colcon.colcon_core.verb:set package 'custom_msgs' build argument 'cmake_target' from command line to 'None'
[0.539s] Level 5:colcon.colcon_core.verb:set package 'custom_msgs' build argument 'cmake_target_skip_unavailable' from command line to 'False'
[0.539s] Level 5:colcon.colcon_core.verb:set package 'custom_msgs' build argument 'cmake_clean_cache' from command line to 'False'
[0.539s] Level 5:colcon.colcon_core.verb:set package 'custom_msgs' build argument 'cmake_clean_first' from command line to 'False'
[0.539s] Level 5:colcon.colcon_core.verb:set package 'custom_msgs' build argument 'cmake_force_configure' from command line to 'False'
[0.539s] Level 5:colcon.colcon_core.verb:set package 'custom_msgs' build argument 'ament_cmake_args' from command line to 'None'
[0.539s] Level 5:colcon.colcon_core.verb:set package 'custom_msgs' build argument 'catkin_cmake_args' from command line to 'None'
[0.540s] Level 5:colcon.colcon_core.verb:set package 'custom_msgs' build argument 'catkin_skip_building_tests' from command line to 'False'
[0.540s] DEBUG:colcon.colcon_core.verb:Building package 'custom_msgs' with the following arguments: {'ament_cmake_args': None, 'build_base': '/home/ajaikumar/nidar-2/nidar_ws/build/custom_msgs', 'catkin_cmake_args': None, 'catkin_skip_building_tests': False, 'cmake_args': None, 'cmake_clean_cache': False, 'cmake_clean_first': False, 'cmake_force_configure': False, 'cmake_target': None, 'cmake_target_skip_unavailable': False, 'install_base': '/home/ajaikumar/nidar-2/nidar_ws/install/custom_msgs', 'merge_install': False, 'path': '/home/ajaikumar/nidar-2/nidar_ws/src/custom_msgs', 'symlink_install': True, 'test_result_base': None}
[0.540s] Level 5:colcon.colcon_core.verb:set package 'mission_interfaces' build argument 'cmake_args' from command line to 'None'
[0.540s] Level 5:colcon.colcon_core.verb:set package 'mission_interfaces' build argument 'cmake_target' from command line to 'None'
[0.540s] Level 5:colcon.colcon_core.verb:set package 'mission_interfaces' build argument 'cmake_target_skip_unavailable' from command line to 'False'
[0.540s] Level 5:colcon.colcon_core.verb:set package 'mission_interfaces' build argument 'cmake_clean_cache' from command line to 'False'
[0.540s] Level 5:colcon.colcon_core.verb:set package 'mission_interfaces' build argument 'cmake_clean_first' from command line to 'False'
[0.540s] Level 5:colcon.colcon_core.verb:set package 'mission_interfaces' build argument 'cmake_force_configure' from command line to 'False'
[0.540s] Level 5:colcon.colcon_core.verb:set package 'mission_interfaces' build argument 'ament_cmake_args' from command line to 'None'
[0.540s] Level 5:colcon.colcon_core.verb:set package 'mission_interfaces' build argument 'catkin_cmake_args' from command line to 'None'
[0.540s] Level 5:colcon.colcon_core.verb:set package 'mission_interfaces' build argument 'catkin_skip_building_tests' from command line to 'False'
[0.540s] DEBUG:colcon.colcon_core.verb:Building package 'mission_interfaces' with the following arguments: {'ament_cmake_args': None, 'build_base': '/home/ajaikumar/nidar-2/nidar_ws/build/mission_interfaces', 'catkin_cmake_args': None, 'catkin_skip_building_tests': False, 'cmake_args': None, 'cmake_clean_cache': False, 'cmake_clean_first': False, 'cmake_force_configure': False, 'cmake_target': None, 'cmake_target_skip_unavailable': False, 'install_base': '/home/ajaikumar/nidar-2/nidar_ws/install/mission_interfaces', 'merge_install': False, 'path': '/home/ajaikumar/nidar-2/nidar_ws/src/mission_interfaces', 'symlink_install': True, 'test_result_base': None}
[0.540s] Level 5:colcon.colcon_core.verb:set package 'mission_manager' build argument 'cmake_args' from command line to 'None'
[0.540s] Level 5:colcon.colcon_core.verb:set package 'mission_manager' build argument 'cmake_target' from command line to 'None'
[0.540s] Level 5:colcon.colcon_core.verb:set package 'mission_manager' build argument 'cmake_target_skip_unavailable' from command line to 'False'
[0.540s] Level 5:colcon.colcon_core.verb:set package 'mission_manager' build argument 'cmake_clean_cache' from command line to 'False'
[0.540s] Level 5:colcon.colcon_core.verb:set package 'mission_manager' build argument 'cmake_clean_first' from command line to 'False'
[0.540s] Level 5:colcon.colcon_core.verb:set package 'mission_manager' build argument 'cmake_force_configure' from command line to 'False'
[0.540s] Level 5:colcon.colcon_core.verb:set package 'mission_manager' build argument 'ament_cmake_args' from command line to 'None'
[0.540s] Level 5:colcon.colcon_core.verb:set package 'mission_manager' build argument 'catkin_cmake_args' from command line to 'None'
[0.540s] Level 5:colcon.colcon_core.verb:set package 'mission_manager' build argument 'catkin_skip_building_tests' from command line to 'False'
[0.540s] DEBUG:colcon.colcon_core.verb:Building package 'mission_manager' with the following arguments: {'ament_cmake_args': None, 'build_base': '/home/ajaikumar/nidar-2/nidar_ws/build/mission_manager', 'catkin_cmake_args': None, 'catkin_skip_building_tests': False, 'cmake_args': None, 'cmake_clean_cache': False, 'cmake_clean_first': False, 'cmake_force_configure': False, 'cmake_target': None, 'cmake_target_skip_unavailable': False, 'install_base': '/home/ajaikumar/nidar-2/nidar_ws/install/mission_manager', 'merge_install': False, 'path': '/home/ajaikumar/nidar-2/nidar_ws/src/mission_manager', 'symlink_install': True, 'test_result_base': None}
[0.541s] Level 5:colcon.colcon_core.verb:set package 'model_inference' build argument 'cmake_args' from command line to 'None'
[0.541s] Level 5:colcon.colcon_core.verb:set package 'model_inference' build argument 'cmake_target' from command line to 'None'
[0.541s] Level 5:colcon.colcon_core.verb:set package 'model_inference' build argument 'cmake_target_skip_unavailable' from command line to 'False'
[0.541s] Level 5:colcon.colcon_core.verb:set package 'model_inference' build argument 'cmake_clean_cache' from command line to 'False'
[0.541s] Level 5:colcon.colcon_core.verb:set package 'model_inference' build argument 'cmake_clean_first' from command line to 'False'
[0.541s] Level 5:colcon.colcon_core.verb:set package 'model_inference' build argument 'cmake_force_configure' from command line to 'False'
[0.541s] Level 5:colcon.colcon_core.verb:set package 'model_inference' build argument 'ament_cmake_args' from command line to 'None'
[0.541s] Level 5:colcon.colcon_core.verb:set package 'model_inference' build argument 'catkin_cmake_args' from command line to 'None'
[0.541s] Level 5:colcon.colcon_core.verb:set package 'model_inference' build argument 'catkin_skip_building_tests' from command line to 'False'
[0.541s] DEBUG:colcon.colcon_core.verb:Building package 'model_inference' with the following arguments: {'ament_cmake_args': None, 'build_base': '/home/ajaikumar/nidar-2/nidar_ws/build/model_inference', 'catkin_cmake_args': None, 'catkin_skip_building_tests': False, 'cmake_args': None, 'cmake_clean_cache': False, 'cmake_clean_first': False, 'cmake_force_configure': False, 'cmake_target': None, 'cmake_target_skip_unavailable': False, 'install_base': '/home/ajaikumar/nidar-2/nidar_ws/install/model_inference', 'merge_install': False, 'path': '/home/ajaikumar/nidar-2/nidar_ws/src/model_inference', 'symlink_install': True, 'test_result_base': None}
[0.541s] INFO:colcon.colcon_core.executor:Executing jobs using 'parallel' executor
[0.542s] DEBUG:colcon.colcon_parallel_executor.executor.parallel:run_until_complete
[0.543s] INFO:colcon.colcon_ros.task.ament_cmake.build:Building ROS package in '/home/ajaikumar/nidar-2/nidar_ws/src/custom_msgs' with build type 'ament_cmake'
[0.543s] INFO:colcon.colcon_cmake.task.cmake.build:Building CMake package in '/home/ajaikumar/nidar-2/nidar_ws/src/custom_msgs'
[0.546s] INFO:colcon.colcon_core.plugin_system:Skipping extension 'colcon_core.shell.bat': Not used on non-Windows systems
[0.547s] INFO:colcon.colcon_core.shell:Skip shell extension 'powershell' for command environment: Not usable outside of PowerShell
[0.547s] DEBUG:colcon.colcon_core.shell:Skip shell extension 'dsv' for command environment
[0.550s] INFO:colcon.colcon_ros.task.ament_cmake.build:Building ROS package in '/home/ajaikumar/nidar-2/nidar_ws/src/mission_interfaces' with build type 'ament_cmake'
[0.550s] INFO:colcon.colcon_cmake.task.cmake.build:Building CMake package in '/home/ajaikumar/nidar-2/nidar_ws/src/mission_interfaces'
[0.551s] INFO:colcon.colcon_core.shell:Skip shell extension 'powershell' for command environment: Not usable outside of PowerShell
[0.551s] DEBUG:colcon.colcon_core.shell:Skip shell extension 'dsv' for command environment
[0.559s] DEBUG:colcon.colcon_core.event_handler.log_command:Invoking command in '/home/ajaikumar/nidar-2/nidar_ws/build/custom_msgs': CMAKE_PREFIX_PATH=/home/ajaikumar/ros2_ws/install/my_robot_controller:/opt/ros/humble VIRTUAL_ENV_PROMPT=(.local) /usr/bin/cmake --build /home/ajaikumar/nidar-2/nidar_ws/build/custom_msgs -- -j12 -l12
[0.566s] DEBUG:colcon.colcon_core.event_handler.log_command:Invoking command in '/home/ajaikumar/nidar-2/nidar_ws/build/mission_interfaces': CMAKE_PREFIX_PATH=/home/ajaikumar/ros2_ws/install/my_robot_controller:/opt/ros/humble VIRTUAL_ENV_PROMPT=(.local) /usr/bin/cmake --build /home/ajaikumar/nidar-2/nidar_ws/build/mission_interfaces -- -j12 -l12
[0.973s] DEBUG:colcon.colcon_core.event_handler.log_command:Invoked command in '/home/ajaikumar/nidar-2/nidar_ws/build/custom_msgs' returned '0': CMAKE_PREFIX_PATH=/home/ajaikumar/ros2_ws/install/my_robot_controller:/opt/ros/humble VIRTUAL_ENV_PROMPT=(.local) /usr/bin/cmake --build /home/ajaikumar/nidar-2/nidar_ws/build/custom_msgs -- -j12 -l12
[0.985s] DEBUG:colcon.colcon_core.event_handler.log_command:Invoking command in '/home/ajaikumar/nidar-2/nidar_ws/build/custom_msgs': CMAKE_PREFIX_PATH=/home/ajaikumar/ros2_ws/install/my_robot_controller:/opt/ros/humble VIRTUAL_ENV_PROMPT=(.local) /usr/bin/cmake --install /home/ajaikumar/nidar-2/nidar_ws/build/custom_msgs
[0.986s] DEBUG:colcon.colcon_core.event_handler.log_command:Invoked command in '/home/ajaikumar/nidar-2/nidar_ws/build/mission_interfaces' returned '0': CMAKE_PREFIX_PATH=/home/ajaikumar/ros2_ws/install/my_robot_controller:/opt/ros/humble VIRTUAL_ENV_PROMPT=(.local) /usr/bin/cmake --build /home/ajaikumar/nidar-2/nidar_ws/build/mission_interfaces -- -j12 -l12
[0.988s] DEBUG:colcon.colcon_core.event_handler.log_command:Invoking command in '/home/ajaikumar/nidar-2/nidar_ws/build/mission_interfaces': CMAKE_PREFIX_PATH=/home/ajaikumar/ros2_ws/install/my_robot_controller:/opt/ros/humble VIRTUAL_ENV_PROMPT=(.local) /usr/bin/cmake --install /home/ajaikumar/nidar-2/nidar_ws/build/mission_interfaces
[1.068s] Level 1:colcon.colcon_core.environment:create_environment_scripts_only(custom_msgs)
[1.069s] DEBUG:colcon.colcon_core.event_handler.log_command:Invoked command in '/home/ajaikumar/nidar-2/nidar_ws/build/custom_msgs' returned '0': CMAKE_PREFIX_PATH=/home/ajaikumar/ros2_ws/install/my_robot_controller:/opt/ros/humble VIRTUAL_ENV_PROMPT=(.local) /usr/bin/cmake --install /home/ajaikumar/nidar-2/nidar_ws/build/custom_msgs
[1.074s] Level 1:colcon.colcon_core.environment:checking '/home/ajaikumar/nidar-2/nidar_ws/install/custom_msgs' for CMake module files
[1.075s] Level 1:colcon.colcon_core.environment:checking '/home/ajaikumar/nidar-2/nidar_ws/install/custom_msgs' for CMake config files
[1.075s] Level 1:colcon.colcon_core.shell:create_environment_hook('custom_msgs', 'cmake_prefix_path')
[1.075s] INFO:colcon.colcon_core.shell:Creating environment hook '/home/ajaikumar/nidar-2/nidar_ws/install/custom_msgs/share/custom_msgs/hook/cmake_prefix_path.ps1'
[1.076s] INFO:colcon.colcon_core.shell:Creating environment descriptor '/home/ajaikumar/nidar-2/nidar_ws/install/custom_msgs/share/custom_msgs/hook/cmake_prefix_path.dsv'
[1.077s] INFO:colcon.colcon_core.shell:Creating environment hook '/home/ajaikumar/nidar-2/nidar_ws/install/custom_msgs/share/custom_msgs/hook/cmake_prefix_path.sh'
[1.078s] Level 1:colcon.colcon_core.environment:checking '/home/ajaikumar/nidar-2/nidar_ws/install/custom_msgs/lib'
[1.078s] Level 1:colcon.colcon_core.shell:create_environment_hook('custom_msgs', 'ld_library_path_lib')
[1.078s] INFO:colcon.colcon_core.shell:Creating environment hook '/home/ajaikumar/nidar-2/nidar_ws/install/custom_msgs/share/custom_msgs/hook/ld_library_path_lib.ps1'
[1.078s] INFO:colcon.colcon_core.shell:Creating environment descriptor '/home/ajaikumar/nidar-2/nidar_ws/install/custom_msgs/share/custom_msgs/hook/ld_library_path_lib.dsv'
[1.079s] INFO:colcon.colcon_core.shell:Creating environment hook '/home/ajaikumar/nidar-2/nidar_ws/install/custom_msgs/share/custom_msgs/hook/ld_library_path_lib.sh'
[1.079s] Level 1:colcon.colcon_core.environment:checking '/home/ajaikumar/nidar-2/nidar_ws/install/custom_msgs/bin'
[1.079s] Level 1:colcon.colcon_core.environment:checking '/home/ajaikumar/nidar-2/nidar_ws/install/custom_msgs/lib/pkgconfig/custom_msgs.pc'
[1.079s] Level 1:colcon.colcon_core.environment:checking '/home/ajaikumar/nidar-2/nidar_ws/install/custom_msgs/lib/python3.10/site-packages'
[1.079s] Level 1:colcon.colcon_core.shell:create_environment_hook('custom_msgs', 'pythonpath')
[1.079s] INFO:colcon.colcon_core.shell:Creating environment hook '/home/ajaikumar/nidar-2/nidar_ws/install/custom_msgs/share/custom_msgs/hook/pythonpath.ps1'
[1.080s] INFO:colcon.colcon_core.shell:Creating environment descriptor '/home/ajaikumar/nidar-2/nidar_ws/install/custom_msgs/share/custom_msgs/hook/pythonpath.dsv'
[1.080s] INFO:colcon.colcon_core.shell:Creating environment hook '/home/ajaikumar/nidar-2/nidar_ws/install/custom_msgs/share/custom_msgs/hook/pythonpath.sh'
[1.081s] Level 1:colcon.colcon_core.environment:checking '/home/ajaikumar/nidar-2/nidar_ws/install/custom_msgs/bin'
[1.081s] INFO:colcon.colcon_core.shell:Creating package script '/home/ajaikumar/nidar-2/nidar_ws/install/custom_msgs/share/custom_msgs/package.ps1'
[1.082s] INFO:colcon.colcon_core.shell:Creating package descriptor '/home/ajaikumar/nidar-2/nidar_ws/install/custom_msgs/share/custom_msgs/package.dsv'
[1.083s] INFO:colcon.colcon_core.shell:Creating package script '/home/ajaikumar/nidar-2/nidar_ws/install/custom_msgs/share/custom_msgs/package.sh'
[1.083s] INFO:colcon.colcon_core.shell:Creating package script '/home/ajaikumar/nidar-2/nidar_ws/install/custom_msgs/share/custom_msgs/package.bash'
[1.084s] INFO:colcon.colcon_core.shell:Creating package script '/home/ajaikumar/nidar-2/nidar_ws/install/custom_msgs/share/custom_msgs/package.zsh'
[1.085s] Level 1:colcon.colcon_core.environment:create_file_with_runtime_dependencies(/home/ajaikumar/nidar-2/nidar_ws/install/custom_msgs/share/colcon-core/packages/custom_msgs)
[1.086s] Level 1:colcon.colcon_core.environment:create_environment_scripts_only(custom_msgs)
[1.086s] Level 1:colcon.colcon_core.environment:checking '/home/ajaikumar/nidar-2/nidar_ws/install/custom_msgs' for CMake module files
[1.088s] Level 1:colcon.colcon_core.environment:checking '/home/ajaikumar/nidar-2/nidar_ws/install/custom_msgs' for CMake config files
[1.089s] Level 1:colcon.colcon_core.shell:create_environment_hook('custom_msgs', 'cmake_prefix_path')
[1.089s] INFO:colcon.colcon_core.shell:Creating environment hook '/home/ajaikumar/nidar-2/nidar_ws/install/custom_msgs/share/custom_msgs/hook/cmake_prefix_path.ps1'
[1.090s] INFO:colcon.colcon_core.shell:Creating environment descriptor '/home/ajaikumar/nidar-2/nidar_ws/install/custom_msgs/share/custom_msgs/hook/cmake_prefix_path.dsv'
[1.091s] INFO:colcon.colcon_core.shell:Creating environment hook '/home/ajaikumar/nidar-2/nidar_ws/install/custom_msgs/share/custom_msgs/hook/cmake_prefix_path.sh'
[1.091s] Level 1:colcon.colcon_core.environment:checking '/home/ajaikumar/nidar-2/nidar_ws/install/custom_msgs/lib'
[1.091s] Level 1:colcon.colcon_core.shell:create_environment_hook('custom_msgs', 'ld_library_path_lib')
[1.092s] INFO:colcon.colcon_core.shell:Creating environment hook '/home/ajaikumar/nidar-2/nidar_ws/install/custom_msgs/share/custom_msgs/hook/ld_library_path_lib.ps1'
[1.092s] INFO:colcon.colcon_core.shell:Creating environment descriptor '/home/ajaikumar/nidar-2/nidar_ws/install/custom_msgs/share/custom_msgs/hook/ld_library_path_lib.dsv'
[1.092s] INFO:colcon.colcon_core.shell:Creating environment hook '/home/ajaikumar/nidar-2/nidar_ws/install/custom_msgs/share/custom_msgs/hook/ld_library_path_lib.sh'
[1.093s] Level 1:colcon.colcon_core.environment:checking '/home/ajaikumar/nidar-2/nidar_ws/install/custom_msgs/bin'
[1.093s] Level 1:colcon.colcon_core.environment:checking '/home/ajaikumar/nidar-2/nidar_ws/install/custom_msgs/lib/pkgconfig/custom_msgs.pc'
[1.093s] Level 1:colcon.colcon_core.environment:checking '/home/ajaikumar/nidar-2/nidar_ws/install/custom_msgs/lib/python3.10/site-packages'
[1.093s] Level 1:colcon.colcon_core.shell:create_environment_hook('custom_msgs', 'pythonpath')
[1.093s] INFO:colcon.colcon_core.shell:Creating environment hook '/home/ajaikumar/nidar-2/nidar_ws/install/custom_msgs/share/custom_msgs/hook/pythonpath.ps1'
[1.094s] INFO:colcon.colcon_core.shell:Creating environment descriptor '/home/ajaikumar/nidar-2/nidar_ws/install/custom_msgs/share/custom_msgs/hook/pythonpath.dsv'
[1.094s] INFO:colcon.colcon_core.shell:Creating environment hook '/home/ajaikumar/nidar-2/nidar_ws/install/custom_msgs/share/custom_msgs/hook/pythonpath.sh'
[1.094s] Level 1:colcon.colcon_core.environment:checking '/home/ajaikumar/nidar-2/nidar_ws/install/custom_msgs/bin'
[1.095s] INFO:colcon.colcon_core.shell:Creating package script '/home/ajaikumar/nidar-2/nidar_ws/install/custom_msgs/share/custom_msgs/package.ps1'
[1.095s] INFO:colcon.colcon_core.shell:Creating package descriptor '/home/ajaikumar/nidar-2/nidar_ws/install/custom_msgs/share/custom_msgs/package.dsv'
[1.096s] INFO:colcon.colcon_core.shell:Creating package script '/home/ajaikumar/nidar-2/nidar_ws/install/custom_msgs/share/custom_msgs/package.sh'
[1.096s] INFO:colcon.colcon_core.shell:Creating package script '/home/ajaikumar/nidar-2/nidar_ws/install/custom_msgs/share/custom_msgs/package.bash'
[1.096s] INFO:colcon.colcon_core.shell:Creating package script '/home/ajaikumar/nidar-2/nidar_ws/install/custom_msgs/share/custom_msgs/package.zsh'
[1.097s] Level 1:colcon.colcon_core.environment:create_file_with_runtime_dependencies(/home/ajaikumar/nidar-2/nidar_ws/install/custom_msgs/share/colcon-core/packages/custom_msgs)
[1.097s] INFO:colcon.colcon_ros.task.ament_python.build:Building ROS package in '/home/ajaikumar/nidar-2/nidar_ws/src/model_inference' with build type 'ament_python'
[1.097s] Level 1:colcon.colcon_core.shell:create_environment_hook('model_inference', 'ament_prefix_path')
[1.098s] INFO:colcon.colcon_core.shell:Creating environment hook '/home/ajaikumar/nidar-2/nidar_ws/install/model_inference/share/model_inference/hook/ament_prefix_path.ps1'
[1.098s] INFO:colcon.colcon_core.shell:Creating environment descriptor '/home/ajaikumar/nidar-2/nidar_ws/install/model_inference/share/model_inference/hook/ament_prefix_path.dsv'
[1.099s] INFO:colcon.colcon_core.shell:Creating environment hook '/home/ajaikumar/nidar-2/nidar_ws/install/model_inference/share/model_inference/hook/ament_prefix_path.sh'
[1.099s] INFO:colcon.colcon_core.shell:Skip shell extension 'powershell' for command environment: Not usable outside of PowerShell
[1.099s] DEBUG:colcon.colcon_core.shell:Skip shell extension 'dsv' for command environment
[1.103s] Level 1:colcon.colcon_core.environment:create_environment_scripts_only(mission_interfaces)
[1.103s] Level 1:colcon.colcon_core.environment:checking '/home/ajaikumar/nidar-2/nidar_ws/install/mission_interfaces' for CMake module files
[1.104s] DEBUG:colcon.colcon_core.event_handler.log_command:Invoked command in '/home/ajaikumar/nidar-2/nidar_ws/build/mission_interfaces' returned '0': CMAKE_PREFIX_PATH=/home/ajaikumar/ros2_ws/install/my_robot_controller:/opt/ros/humble VIRTUAL_ENV_PROMPT=(.local) /usr/bin/cmake --install /home/ajaikumar/nidar-2/nidar_ws/build/mission_interfaces
[1.104s] Level 1:colcon.colcon_core.environment:checking '/home/ajaikumar/nidar-2/nidar_ws/install/mission_interfaces' for CMake config files
[1.105s] Level 1:colcon.colcon_core.shell:create_environment_hook('mission_interfaces', 'cmake_prefix_path')
[1.105s] INFO:colcon.colcon_core.shell:Creating environment hook '/home/ajaikumar/nidar-2/nidar_ws/install/mission_interfaces/share/mission_interfaces/hook/cmake_prefix_path.ps1'
[1.106s] INFO:colcon.colcon_core.shell:Creating environment descriptor '/home/ajaikumar/nidar-2/nidar_ws/install/mission_interfaces/share/mission_interfaces/hook/cmake_prefix_path.dsv'
[1.106s] INFO:colcon.colcon_core.shell:Creating environment hook '/home/ajaikumar/nidar-2/nidar_ws/install/mission_interfaces/share/mission_interfaces/hook/cmake_prefix_path.sh'
[1.106s] Level 1:colcon.colcon_core.environment:checking '/home/ajaikumar/nidar-2/nidar_ws/install/mission_interfaces/lib'
[1.107s] Level 1:colcon.colcon_core.shell:create_environment_hook('mission_interfaces', 'ld_library_path_lib')
[1.107s] INFO:colcon.colcon_core.shell:Creating environment hook '/home/ajaikumar/nidar-2/nidar_ws/install/mission_interfaces/share/mission_interfaces/hook/ld_library_path_lib.ps1'
[1.107s] INFO:colcon.colcon_core.shell:Creating environment descriptor '/home/ajaikumar/nidar-2/nidar_ws/install/mission_interfaces/share/mission_interfaces/hook/ld_library_path_lib.dsv'
[1.107s] INFO:colcon.colcon_core.shell:Creating environment hook '/home/ajaikumar/nidar-2/nidar_ws/install/mission_interfaces/share/mission_interfaces/hook/ld_library_path_lib.sh'
[1.108s] Level 1:colcon.colcon_core.environment:checking '/home/ajaikumar/nidar-2/nidar_ws/install/mission_interfaces/bin'
[1.108s] Level 1:colcon.colcon_core.environment:checking '/home/ajaikumar/nidar-2/nidar_ws/install/mission_interfaces/lib/pkgconfig/mission_interfaces.pc'
[1.108s] Level 1:colcon.colcon_core.environment:checking '/home/ajaikumar/nidar-2/nidar_ws/install/mission_interfaces/lib/python3.10/site-packages'
[1.108s] Level 1:colcon.colcon_core.shell:create_environment_hook('mission_interfaces', 'pythonpath')
[1.108s] INFO:colcon.colcon_core.shell:Creating environment hook '/home/ajaikumar/nidar-2/nidar_ws/install/mission_interfaces/share/mission_interfaces/hook/pythonpath.ps1'
[1.109s] INFO:colcon.colcon_core.shell:Creating environment descriptor '/home/ajaikumar/nidar-2/nidar_ws/install/mission_interfaces/share/mission_interfaces/hook/pythonpath.dsv'
[1.109s] INFO:colcon.colcon_core.shell:Creating environment hook '/home/ajaikumar/nidar-2/nidar_ws/install/mission_interfaces/share/mission_interfaces/hook/pythonpath.sh'
[1.110s] Level 1:colcon.colcon_core.environment:checking '/home/ajaikumar/nidar-2/nidar_ws/install/mission_interfaces/bin'
[1.110s] INFO:colcon.colcon_core.shell:Creating package script '/home/ajaikumar/nidar-2/nidar_ws/install/mission_interfaces/share/mission_interfaces/package.ps1'
[1.111s] INFO:colcon.colcon_core.shell:Creating package descriptor '/home/ajaikumar/nidar-2/nidar_ws/install/mission_interfaces/share/mission_interfaces/package.dsv'
[1.111s] INFO:colcon.colcon_core.shell:Creating package script '/home/ajaikumar/nidar-2/nidar_ws/install/mission_interfaces/share/mission_interfaces/package.sh'
[1.111s] INFO:colcon.colcon_core.shell:Creating package script '/home/ajaikumar/nidar-2/nidar_ws/install/mission_interfaces/share/mission_interfaces/package.bash'
[1.112s] INFO:colcon.colcon_core.shell:Creating package script '/home/ajaikumar/nidar-2/nidar_ws/install/mission_interfaces/share/mission_interfaces/package.zsh'
[1.112s] Level 1:colcon.colcon_core.environment:create_file_with_runtime_dependencies(/home/ajaikumar/nidar-2/nidar_ws/install/mission_interfaces/share/colcon-core/packages/mission_interfaces)
[1.112s] Level 1:colcon.colcon_core.environment:create_environment_scripts_only(mission_interfaces)
[1.113s] Level 1:colcon.colcon_core.environment:checking '/home/ajaikumar/nidar-2/nidar_ws/install/mission_interfaces' for CMake module files
[1.113s] Level 1:colcon.colcon_core.environment:checking '/home/ajaikumar/nidar-2/nidar_ws/install/mission_interfaces' for CMake config files
[1.114s] Level 1:colcon.colcon_core.shell:create_environment_hook('mission_interfaces', 'cmake_prefix_path')
[1.114s] INFO:colcon.colcon_core.shell:Creating environment hook '/home/ajaikumar/nidar-2/nidar_ws/install/mission_interfaces/share/mission_interfaces/hook/cmake_prefix_path.ps1'
[1.115s] INFO:colcon.colcon_core.shell:Creating environment descriptor '/home/ajaikumar/nidar-2/nidar_ws/install/mission_interfaces/share/mission_interfaces/hook/cmake_prefix_path.dsv'
[1.115s] INFO:colcon.colcon_core.shell:Creating environment hook '/home/ajaikumar/nidar-2/nidar_ws/install/mission_interfaces/share/mission_interfaces/hook/cmake_prefix_path.sh'
[1.116s] Level 1:colcon.colcon_core.environment:checking '/home/ajaikumar/nidar-2/nidar_ws/install/mission_interfaces/lib'
[1.116s] Level 1:colcon.colcon_core.shell:create_environment_hook('mission_interfaces', 'ld_library_path_lib')
[1.116s] INFO:colcon.colcon_core.shell:Creating environment hook '/home/ajaikumar/nidar-2/nidar_ws/install/mission_interfaces/share/mission_interfaces/hook/ld_library_path_lib.ps1'
[1.116s] INFO:colcon.colcon_core.shell:Creating environment descriptor '/home/ajaikumar/nidar-2/nidar_ws/install/mission_interfaces/share/mission_interfaces/hook/ld_library_path_lib.dsv'
[1.117s] INFO:colcon.colcon_core.shell:Creating environment hook '/home/ajaikumar/nidar-2/nidar_ws/install/mission_interfaces/share/mission_interfaces/hook/ld_library_path_lib.sh'
[1.117s] Level 1:colcon.colcon_core.environment:checking '/home/ajaikumar/nidar-2/nidar_ws/install/mission_interfaces/bin'
[1.117s] Level 1:colcon.colcon_core.environment:checking '/home/ajaikumar/nidar-2/nidar_ws/install/mission_interfaces/lib/pkgconfig/mission_interfaces.pc'
[1.117s] Level 1:colcon.colcon_core.environment:checking '/home/ajaikumar/nidar-2/nidar_ws/install/mission_interfaces/lib/python3.10/site-packages'
[1.117s] Level 1:colcon.colcon_core.shell:create_environment_hook('mission_interfaces', 'pythonpath')
[1.118s] INFO:colcon.colcon_core.shell:Creating environment hook '/home/ajaikumar/nidar-2/nidar_ws/install/mission_interfaces/share/mission_interfaces/hook/pythonpath.ps1'
[1.118s] INFO:colcon.colcon_core.shell:Creating environment descriptor '/home/ajaikumar/nidar-2/nidar_ws/install/mission_interfaces/share/mission_interfaces/hook/pythonpath.dsv'
[1.118s] INFO:colcon.colcon_core.shell:Creating environment hook '/home/ajaikumar/nidar-2/nidar_ws/install/mission_interfaces/share/mission_interfaces/hook/pythonpath.sh'
[1.119s] Level 1:colcon.colcon_core.environment:checking '/home/ajaikumar/nidar-2/nidar_ws/install/mission_interfaces/bin'
[1.119s] INFO:colcon.colcon_core.shell:Creating package script '/home/ajaikumar/nidar-2/nidar_ws/install/mission_interfaces/share/mission_interfaces/package.ps1'
[1.120s] INFO:colcon.colcon_core.shell:Creating package descriptor '/home/ajaikumar/nidar-2/nidar_ws/install/mission_interfaces/share/mission_interfaces/package.dsv'
[1.120s] INFO:colcon.colcon_core.shell:Creating package script '/home/ajaikumar/nidar-2/nidar_ws/install/mission_interfaces/share/mission_interfaces/package.sh'
[1.121s] INFO:colcon.colcon_core.shell:Creating package script '/home/ajaikumar/nidar-2/nidar_ws/install/mission_interfaces/share/mission_interfaces/package.bash'
[1.121s] INFO:colcon.colcon_core.shell:Creating package script '/home/ajaikumar/nidar-2/nidar_ws/install/mission_interfaces/share/mission_interfaces/package.zsh'
[1.121s] Level 1:colcon.colcon_core.environment:create_file_with_runtime_dependencies(/home/ajaikumar/nidar-2/nidar_ws/install/mission_interfaces/share/colcon-core/packages/mission_interfaces)
[1.123s] INFO:colcon.colcon_ros.task.ament_python.build:Building ROS package in '/home/ajaikumar/nidar-2/nidar_ws/src/mission_manager' with build type 'ament_python'
[1.123s] Level 1:colcon.colcon_core.shell:create_environment_hook('mission_manager', 'ament_prefix_path')
[1.123s] INFO:colcon.colcon_core.shell:Creating environment hook '/home/ajaikumar/nidar-2/nidar_ws/install/mission_manager/share/mission_manager/hook/ament_prefix_path.ps1'
[1.124s] INFO:colcon.colcon_core.shell:Creating environment descriptor '/home/ajaikumar/nidar-2/nidar_ws/install/mission_manager/share/mission_manager/hook/ament_prefix_path.dsv'
[1.124s] INFO:colcon.colcon_core.shell:Creating environment hook '/home/ajaikumar/nidar-2/nidar_ws/install/mission_manager/share/mission_manager/hook/ament_prefix_path.sh'
[1.124s] INFO:colcon.colcon_core.shell:Skip shell extension 'powershell' for command environment: Not usable outside of PowerShell
[1.125s] DEBUG:colcon.colcon_core.shell:Skip shell extension 'dsv' for command environment
[1.414s] INFO:colcon.colcon_core.task.python.build:Building Python package in '/home/ajaikumar/nidar-2/nidar_ws/src/model_inference'
[1.414s] INFO:colcon.colcon_core.shell:Skip shell extension 'powershell' for command environment: Not usable outside of PowerShell
[1.414s] DEBUG:colcon.colcon_core.shell:Skip shell extension 'dsv' for command environment
[1.700s] INFO:colcon.colcon_core.task.python.build:Building Python package in '/home/ajaikumar/nidar-2/nidar_ws/src/mission_manager'
[1.701s] INFO:colcon.colcon_core.shell:Skip shell extension 'powershell' for command environment: Not usable outside of PowerShell
[1.701s] DEBUG:colcon.colcon_core.shell:Skip shell extension 'dsv' for command environment
[2.122s] DEBUG:colcon.colcon_core.event_handler.log_command:Invoking command in '/home/ajaikumar/nidar-2/nidar_ws/build/model_inference': AMENT_PREFIX_PATH=/home/ajaikumar/nidar-2/nidar_ws/install/custom_msgs:${AMENT_PREFIX_PATH} CMAKE_PREFIX_PATH=/home/ajaikumar/nidar-2/nidar_ws/install/custom_msgs LD_LIBRARY_PATH=/home/ajaikumar/nidar-2/nidar_ws/install/custom_msgs/lib:${LD_LIBRARY_PATH} PYTHONPATH=/home/ajaikumar/nidar-2/nidar_ws/build/model_inference/prefix_override:/usr/lib/python3/dist-packages/colcon_core/task/python/colcon_distutils_commands:/home/ajaikumar/nidar-2/nidar_ws/install/model_inference/lib/python3.10/site-packages:/home/ajaikumar/nidar-2/nidar_ws/install/custom_msgs/lib/python3.10/site-packages:${PYTHONPATH} VIRTUAL_ENV_PROMPT=(.local) /usr/bin/python3 -W ignore:setup.py install is deprecated -W ignore:easy_install command is deprecated setup.py develop --editable --build-directory /home/ajaikumar/nidar-2/nidar_ws/build/model_inference/build --no-deps symlink_data
[2.140s] DEBUG:colcon.colcon_core.event_handler.log_command:Invoking command in '/home/ajaikumar/nidar-2/nidar_ws/build/mission_manager': AMENT_PREFIX_PATH=/home/ajaikumar/nidar-2/nidar_ws/install/mission_interfaces:${AMENT_PREFIX_PATH} CMAKE_PREFIX_PATH=/home/ajaikumar/nidar-2/nidar_ws/install/mission_interfaces LD_LIBRARY_PATH=/home/ajaikumar/nidar-2/nidar_ws/install/mission_interfaces/lib:${LD_LIBRARY_PATH} PYTHONPATH=/home/ajaikumar/nidar-2/nidar_ws/build/mission_manager/prefix_override:/usr/lib/python3/dist-packages/colcon_core/task/python/colcon_distutils_commands:/home/ajaikumar/nidar-2/nidar_ws/install/mission_manager/lib/python3.10/site-packages:/home/ajaikumar/nidar-2/nidar_ws/install/mission_interfaces/lib/python3.10/site-packages:${PYTHONPATH} VIRTUAL_ENV_PROMPT=(.local) /usr/bin/python3 -W ignore:setup.py install is deprecated -W ignore:easy_install command is deprecated setup.py develop --editable --build-directory /home/ajaikumar/nidar-2/nidar_ws/build/mission_manager/build --no-deps symlink_data
[2.615s] Level 1:colcon.colcon_core.shell:create_environment_hook('mission_manager', 'pythonpath_develop')
[2.616s] INFO:colcon.colcon_core.shell:Creating environment hook '/home/ajaikumar/nidar-2/nidar_ws/build/mission_manager/share/mission_manager/hook/pythonpath_develop.ps1'
[2.616s] DEBUG:colcon.colcon_core.event_handler.log_command:Invoked command in '/home/ajaikumar/nidar-2/nidar_ws/build/mission_manager' returned '0': AMENT_PREFIX_PATH=/home/ajaikumar/nidar-2/nidar_ws/install/mission_interfaces:${AMENT_PREFIX_PATH} CMAKE_PREFIX_PATH=/home/ajaikumar/nidar-2/nidar_ws/install/mission_interfaces LD_LIBRARY_PATH=/home/ajaikumar/nidar-2/nidar_ws/install/mission_interfaces/lib:${LD_LIBRARY_PATH} PYTHONPATH=/home/ajaikumar/nidar-2/nidar_ws/build/mission_manager/prefix_override:/usr/lib/python3/dist-packages/colcon_core/task/python/colcon_distutils_commands:/home/ajaikumar/nidar-2/nidar_ws/install/mission_manager/lib/python3.10/site-packages:/home/ajaikumar/nidar-2/nidar_ws/install/mission_interfaces/lib/python3.10/site-packages:${PYTHONPATH} VIRTUAL_ENV_PROMPT=(.local) /usr/bin/python3 -W ignore:setup.py install is deprecated -W ignore:easy_install command is deprecated setup.py develop --editable --build-directory /home/ajaikumar/nidar-2/nidar_ws/build/mission_manager/build --no-deps symlink_data
[2.617s] INFO:colcon.colcon_core.shell:Creating environment descriptor '/home/ajaikumar/nidar-2/nidar_ws/build/mission_manager/share/mission_manager/hook/pythonpath_develop.dsv'
[2.617s] INFO:colcon.colcon_core.shell:Creating environment hook '/home/ajaikumar/nidar-2/nidar_ws/build/mission_manager/share/mission_manager/hook/pythonpath_develop.sh'
[2.617s] Level 1:colcon.colcon_core.environment:checking '/home/ajaikumar/nidar-2/nidar_ws/install/mission_manager' for CMake module files
[2.618s] Level 1:colcon.colcon_core.environment:checking '/home/ajaikumar/nidar-2/nidar_ws/install/mission_manager' for CMake config files
[2.618s] Level 1:colcon.colcon_core.environment:checking '/home/ajaikumar/nidar-2/nidar_ws/install/mission_manager/lib'
[2.618s] Level 1:colcon.colcon_core.environment:checking '/home/ajaikumar/nidar-2/nidar_ws/install/mission_manager/bin'
[2.618s] Level 1:colcon.colcon_core.environment:checking '/home/ajaikumar/nidar-2/nidar_ws/install/mission_manager/lib/pkgconfig/mission_manager.pc'
[2.619s] Level 1:colcon.colcon_core.environment:checking '/home/ajaikumar/nidar-2/nidar_ws/install/mission_manager/lib/python3.10/site-packages'
[2.619s] Level 1:colcon.colcon_core.shell:create_environment_hook('mission_manager', 'pythonpath')
[2.619s] INFO:colcon.colcon_core.shell:Creating environment hook '/home/ajaikumar/nidar-2/nidar_ws/install/mission_manager/share/mission_manager/hook/pythonpath.ps1'
[2.619s] INFO:colcon.colcon_core.shell:Creating environment descriptor '/home/ajaikumar/nidar-2/nidar_ws/install/mission_manager/share/mission_manager/hook/pythonpath.dsv'
[2.619s] INFO:colcon.colcon_core.shell:Creating environment hook '/home/ajaikumar/nidar-2/nidar_ws/install/mission_manager/share/mission_manager/hook/pythonpath.sh'
[2.620s] Level 1:colcon.colcon_core.environment:checking '/home/ajaikumar/nidar-2/nidar_ws/install/mission_manager/bin'
[2.620s] Level 1:colcon.colcon_core.environment:create_environment_scripts_only(mission_manager)
[2.620s] INFO:colcon.colcon_core.shell:Creating package script '/home/ajaikumar/nidar-2/nidar_ws/install/mission_manager/share/mission_manager/package.ps1'
[2.621s] INFO:colcon.colcon_core.shell:Creating package descriptor '/home/ajaikumar/nidar-2/nidar_ws/install/mission_manager/share/mission_manager/package.dsv'
[2.621s] INFO:colcon.colcon_core.shell:Creating package script '/home/ajaikumar/nidar-2/nidar_ws/install/mission_manager/share/mission_manager/package.sh'
[2.622s] INFO:colcon.colcon_core.shell:Creating package script '/home/ajaikumar/nidar-2/nidar_ws/install/mission_manager/share/mission_manager/package.bash'
[2.622s] INFO:colcon.colcon_core.shell:Creating package script '/home/ajaikumar/nidar-2/nidar_ws/install/mission_manager/share/mission_manager/package.zsh'
[2.622s] Level 1:colcon.colcon_core.environment:create_file_with_runtime_dependencies(/home/ajaikumar/nidar-2/nidar_ws/install/mission_manager/share/colcon-core/packages/mission_manager)
[2.623s] Level 1:colcon.colcon_core.shell:create_environment_hook('model_inference', 'pythonpath_develop')
[2.623s] INFO:colcon.colcon_core.shell:Creating environment hook '/home/ajaikumar/nidar-2/nidar_ws/build/model_inference/share/model_inference/hook/pythonpath_develop.ps1'
[2.624s] DEBUG:colcon.colcon_core.event_handler.log_command:Invoked command in '/home/ajaikumar/nidar-2/nidar_ws/build/model_inference' returned '0': AMENT_PREFIX_PATH=/home/ajaikumar/nidar-2/nidar_ws/install/custom_msgs:${AMENT_PREFIX_PATH} CMAKE_PREFIX_PATH=/home/ajaikumar/nidar-2/nidar_ws/install/custom_msgs LD_LIBRARY_PATH=/home/ajaikumar/nidar-2/nidar_ws/install/custom_msgs/lib:${LD_LIBRARY_PATH} PYTHONPATH=/home/ajaikumar/nidar-2/nidar_ws/build/model_inference/prefix_override:/usr/lib/python3/dist-packages/colcon_core/task/python/colcon_distutils_commands:/home/ajaikumar/nidar-2/nidar_ws/install/model_inference/lib/python3.10/site-packages:/home/ajaikumar/nidar-2/nidar_ws/install/custom_msgs/lib/python3.10/site-packages:${PYTHONPATH} VIRTUAL_ENV_PROMPT=(.local) /usr/bin/python3 -W ignore:setup.py install is deprecated -W ignore:easy_install command is deprecated setup.py develop --editable --build-directory /home/ajaikumar/nidar-2/nidar_ws/build/model_inference/build --no-deps symlink_data
[2.624s] INFO:colcon.colcon_core.shell:Creating environment descriptor '/home/ajaikumar/nidar-2/nidar_ws/build/model_inference/share/model_inference/hook/pythonpath_develop.dsv'
[2.624s] INFO:colcon.colcon_core.shell:Creating environment hook '/home/ajaikumar/nidar-2/nidar_ws/build/model_inference/share/model_inference/hook/pythonpath_develop.sh'
[2.625s] Level 1:colcon.colcon_core.environment:checking '/home/ajaikumar/nidar-2/nidar_ws/install/model_inference' for CMake module files
[2.625s] Level 1:colcon.colcon_core.environment:checking '/home/ajaikumar/nidar-2/nidar_ws/install/model_inference' for CMake config files
[2.626s] Level 1:colcon.colcon_core.environment:checking '/home/ajaikumar/nidar-2/nidar_ws/install/model_inference/lib'
[2.626s] Level 1:colcon.colcon_core.environment:checking '/home/ajaikumar/nidar-2/nidar_ws/install/model_inference/bin'
[2.626s] Level 1:colcon.colcon_core.environment:checking '/home/ajaikumar/nidar-2/nidar_ws/install/model_inference/lib/pkgconfig/model_inference.pc'
[2.626s] Level 1:colcon.colcon_core.environment:checking '/home/ajaikumar/nidar-2/nidar_ws/install/model_inference/lib/python3.10/site-packages'
[2.626s] Level 1:colcon.colcon_core.shell:create_environment_hook('model_inference', 'pythonpath')
[2.626s] INFO:colcon.colcon_core.shell:Creating environment hook '/home/ajaikumar/nidar-2/nidar_ws/install/model_inference/share/model_inference/hook/pythonpath.ps1'
[2.627s] INFO:colcon.colcon_core.shell:Creating environment descriptor '/home/ajaikumar/nidar-2/nidar_ws/install/model_inference/share/model_inference/hook/pythonpath.dsv'
[2.627s] INFO:colcon.colcon_core.shell:Creating environment hook '/home/ajaikumar/nidar-2/nidar_ws/install/model_inference/share/model_inference/hook/pythonpath.sh'
[2.628s] Level 1:colcon.colcon_core.environment:checking '/home/ajaikumar/nidar-2/nidar_ws/install/model_inference/bin'
[2.628s] Level 1:colcon.colcon_core.environment:create_environment_scripts_only(model_inference)
[2.628s] INFO:colcon.colcon_core.shell:Creating package script '/home/ajaikumar/nidar-2/nidar_ws/install/model_inference/share/model_inference/package.ps1'
[2.628s] INFO:colcon.colcon_core.shell:Creating package descriptor '/home/ajaikumar/nidar-2/nidar_ws/install/model_inference/share/model_inference/package.dsv'
[2.629s] INFO:colcon.colcon_core.shell:Creating package script '/home/ajaikumar/nidar-2/nidar_ws/install/model_inference/share/model_inference/package.sh'
[2.629s] INFO:colcon.colcon_core.shell:Creating package script '/home/ajaikumar/nidar-2/nidar_ws/install/model_inference/share/model_inference/package.bash'
[2.630s] INFO:colcon.colcon_core.shell:Creating package script '/home/ajaikumar/nidar-2/nidar_ws/install/model_inference/share/model_inference/package.zsh'
[2.630s] Level 1:colcon.colcon_core.environment:create_file_with_runtime_dependencies(/home/ajaikumar/nidar-2/nidar_ws/install/model_inference/share/colcon-core/packages/model_inference)
[2.630s] DEBUG:colcon.colcon_parallel_executor.executor.parallel:closing loop
[2.631s] DEBUG:colcon.colcon_parallel_executor.executor.parallel:loop closed
[2.631s] DEBUG:colcon.colcon_parallel_executor.executor.parallel:run_until_complete finished with '0'
[2.631s] DEBUG:colcon.colcon_core.event_reactor:joining thread
[2.637s] INFO:colcon.colcon_core.plugin_system:Skipping extension 'colcon_notification.desktop_notification.terminal_notifier': Not used on non-Darwin systems
[2.637s] INFO:colcon.colcon_core.plugin_system:Skipping extension 'colcon_notification.desktop_notification.win32': Not used on non-Windows systems
[2.637s] INFO:colcon.colcon_notification.desktop_notification:Sending desktop notification using 'notify2'
[2.655s] DEBUG:colcon.colcon_core.event_reactor:joined thread
[2.656s] INFO:colcon.colcon_core.shell:Creating prefix script '/home/ajaikumar/nidar-2/nidar_ws/install/local_setup.ps1'
[2.657s] INFO:colcon.colcon_core.shell:Creating prefix util module '/home/ajaikumar/nidar-2/nidar_ws/install/_local_setup_util_ps1.py'
[2.659s] INFO:colcon.colcon_core.shell:Creating prefix chain script '/home/ajaikumar/nidar-2/nidar_ws/install/setup.ps1'
[2.661s] INFO:colcon.colcon_core.shell:Creating prefix script '/home/ajaikumar/nidar-2/nidar_ws/install/local_setup.sh'
[2.661s] INFO:colcon.colcon_core.shell:Creating prefix util module '/home/ajaikumar/nidar-2/nidar_ws/install/_local_setup_util_sh.py'
[2.662s] INFO:colcon.colcon_core.shell:Creating prefix chain script '/home/ajaikumar/nidar-2/nidar_ws/install/setup.sh'
[2.663s] INFO:colcon.colcon_core.shell:Creating prefix script '/home/ajaikumar/nidar-2/nidar_ws/install/local_setup.bash'
[2.663s] INFO:colcon.colcon_core.shell:Creating prefix chain script '/home/ajaikumar/nidar-2/nidar_ws/install/setup.bash'
[2.664s] INFO:colcon.colcon_core.shell:Creating prefix script '/home/ajaikumar/nidar-2/nidar_ws/install/local_setup.zsh'
[2.665s] INFO:colcon.colcon_core.shell:Creating prefix chain script '/home/ajaikumar/nidar-2/nidar_ws/install/setup.zsh'
