-- Found ament_cmake: 1.3.12 (/opt/ros/humble/share/ament_cmake/cmake)
-- Override CMake install command with custom implementation using symlinks instead of copying resources
-- Found rosidl_default_generators: 1.2.0 (/opt/ros/humble/share/rosidl_default_generators/cmake)
-- Using all available rosidl_typesupport_c: rosidl_typesupport_fastrtps_c;rosidl_typesupport_introspection_c
-- Found rosidl_adapter: 3.1.7 (/opt/ros/humble/share/rosidl_adapter/cmake)
-- Using all available rosidl_typesupport_cpp: rosidl_typesupport_fastrtps_cpp;rosidl_typesupport_introspection_cpp
-- Found geographic_msgs: 1.0.6 (/opt/ros/humble/share/geographic_msgs/cmake)
-- Found ament_cmake_ros: 0.10.0 (/opt/ros/humble/share/ament_cmake_ros/cmake)
-- Using all available rosidl_typesupport_c: rosidl_typesupport_fastrtps_c;rosidl_typesupport_introspection_c
-- Using all available rosidl_typesupport_cpp: rosidl_typesupport_fastrtps_cpp;rosidl_typesupport_introspection_cpp
-- Found python_cmake_module: 0.10.0 (/opt/ros/humble/share/python_cmake_module/cmake)
-- Using PYTHON_EXECUTABLE: /home/ajaikumar/.local/bin/python3
-- Using PYTHON_INCLUDE_DIRS: /usr/include/python3.10
-- Using PYTHON_LIBRARIES: /usr/lib/x86_64-linux-gnu/libpython3.10.so
-- Found ament_lint_auto: 0.12.14 (/opt/ros/humble/share/ament_lint_auto/cmake)
-- Added test 'lint_cmake' to check CMake code style
-- Added test 'xmllint' to check XML markup files
-- Configuring done
-- Generating done
-- Build files have been written to: /home/ajaikumar/nidar-2/nidar_ws/build/mission_interfaces
[35m[1mConsolidate compiler generated dependencies of target mission_interfaces__rosidl_generator_c[0m
[  1%] Built target mission_interfaces__cpp
[  2%] [32m[1mLinking C shared library libmission_interfaces__rosidl_generator_c.so[0m
[  2%] Built target ament_cmake_python_symlink_mission_interfaces
[35m[1mConsolidate compiler generated dependencies of target mission_interfaces__rosidl_typesupport_cpp[0m
[35m[1mConsolidate compiler generated dependencies of target mission_interfaces__rosidl_typesupport_introspection_cpp[0m
[35m[1mConsolidate compiler generated dependencies of target mission_interfaces__rosidl_typesupport_fastrtps_cpp[0m
[  3%] [32m[1mLinking CXX shared library libmission_interfaces__rosidl_typesupport_cpp.so[0m
[  4%] [32m[1mLinking CXX shared library libmission_interfaces__rosidl_typesupport_introspection_cpp.so[0m
[  5%] [32m[1mLinking CXX shared library libmission_interfaces__rosidl_typesupport_fastrtps_cpp.so[0m
[ 16%] Built target mission_interfaces__rosidl_generator_c
[35m[1mConsolidate compiler generated dependencies of target mission_interfaces__rosidl_typesupport_introspection_c[0m
[35m[1mConsolidate compiler generated dependencies of target mission_interfaces__rosidl_typesupport_c[0m
[35m[1mConsolidate compiler generated dependencies of target mission_interfaces__rosidl_typesupport_fastrtps_c[0m
[ 17%] [32m[1mLinking C shared library libmission_interfaces__rosidl_typesupport_introspection_c.so[0m
[ 18%] [32m[1mLinking CXX shared library libmission_interfaces__rosidl_typesupport_c.so[0m
[ 28%] Built target mission_interfaces__rosidl_typesupport_cpp
[ 29%] [32m[1mLinking CXX shared library libmission_interfaces__rosidl_typesupport_fastrtps_c.so[0m
[ 40%] Built target mission_interfaces__rosidl_typesupport_introspection_c
[ 50%] Built target mission_interfaces__rosidl_typesupport_c
[ 60%] Built target mission_interfaces__rosidl_typesupport_introspection_cpp
[ 71%] Built target mission_interfaces__rosidl_typesupport_fastrtps_cpp
[ 81%] Built target mission_interfaces__rosidl_typesupport_fastrtps_c
[ 81%] Built target mission_interfaces
[ 82%] Built target mission_interfaces__py
[35m[1mConsolidate compiler generated dependencies of target mission_interfaces__rosidl_generator_py[0m
running egg_info
writing mission_interfaces.egg-info/PKG-INFO
writing dependency_links to mission_interfaces.egg-info/dependency_links.txt
writing top-level names to mission_interfaces.egg-info/top_level.txt
reading manifest file 'mission_interfaces.egg-info/SOURCES.txt'
writing manifest file 'mission_interfaces.egg-info/SOURCES.txt'
[ 83%] [32m[1mLinking C shared library rosidl_generator_py/mission_interfaces/libmission_interfaces__rosidl_generator_py.so[0m
[ 83%] Built target ament_cmake_python_build_mission_interfaces_egg
[ 93%] Built target mission_interfaces__rosidl_generator_py
[35m[1mConsolidate compiler generated dependencies of target mission_interfaces__rosidl_typesupport_c__pyext[0m
[35m[1mConsolidate compiler generated dependencies of target mission_interfaces__rosidl_typesupport_introspection_c__pyext[0m
[35m[1mConsolidate compiler generated dependencies of target mission_interfaces__rosidl_typesupport_fastrtps_c__pyext[0m
[ 96%] [32m[1mLinking C shared library rosidl_generator_py/mission_interfaces/mission_interfaces_s__rosidl_typesupport_fastrtps_c.cpython-310-x86_64-linux-gnu.so[0m
[ 96%] [32m[1mLinking C shared library rosidl_generator_py/mission_interfaces/mission_interfaces_s__rosidl_typesupport_introspection_c.cpython-310-x86_64-linux-gnu.so[0m
[ 96%] [32m[1mLinking C shared library rosidl_generator_py/mission_interfaces/mission_interfaces_s__rosidl_typesupport_c.cpython-310-x86_64-linux-gnu.so[0m
[100%] Built target mission_interfaces__rosidl_typesupport_fastrtps_c__pyext
[100%] Built target mission_interfaces__rosidl_typesupport_introspection_c__pyext
[100%] Built target mission_interfaces__rosidl_typesupport_c__pyext
