[0.017s] Invoking command in '/home/ajaikumar/nidar-2/nidar_ws/build/mission_interfaces': CMAKE_PREFIX_PATH=/home/ajaikumar/ros2_ws/install/my_robot_controller:/opt/ros/humble VIRTUAL_ENV_PROMPT=(.local) /usr/bin/cmake --build /home/ajaikumar/nidar-2/nidar_ws/build/mission_interfaces -- -j12 -l12
[0.053s] -- Found ament_cmake: 1.3.12 (/opt/ros/humble/share/ament_cmake/cmake)
[0.180s] -- Override CMake install command with custom implementation using symlinks instead of copying resources
[0.189s] -- Found rosidl_default_generators: 1.2.0 (/opt/ros/humble/share/rosidl_default_generators/cmake)
[0.191s] -- Using all available rosidl_typesupport_c: rosidl_typesupport_fastrtps_c;rosidl_typesupport_introspection_c
[0.193s] -- Found rosidl_adapter: 3.1.7 (/opt/ros/humble/share/rosidl_adapter/cmake)
[0.226s] -- Using all available rosidl_typesupport_cpp: rosidl_typesupport_fastrtps_cpp;rosidl_typesupport_introspection_cpp
[0.248s] -- Found geographic_msgs: 1.0.6 (/opt/ros/humble/share/geographic_msgs/cmake)
[0.739s] -- Found ament_cmake_ros: 0.10.0 (/opt/ros/humble/share/ament_cmake_ros/cmake)
[0.982s] -- Using all available rosidl_typesupport_c: rosidl_typesupport_fastrtps_c;rosidl_typesupport_introspection_c
[1.296s] -- Using all available rosidl_typesupport_cpp: rosidl_typesupport_fastrtps_cpp;rosidl_typesupport_introspection_cpp
[1.313s] -- Found python_cmake_module: 0.10.0 (/opt/ros/humble/share/python_cmake_module/cmake)
[1.330s] -- Using PYTHON_EXECUTABLE: /home/ajaikumar/.local/bin/python3
[1.330s] -- Using PYTHON_INCLUDE_DIRS: /usr/include/python3.10
[1.330s] -- Using PYTHON_LIBRARIES: /usr/lib/x86_64-linux-gnu/libpython3.10.so
[1.379s] -- Found ament_lint_auto: 0.12.14 (/opt/ros/humble/share/ament_lint_auto/cmake)
[1.389s] -- Added test 'lint_cmake' to check CMake code style
[1.390s] -- Added test 'xmllint' to check XML markup files
[1.393s] -- Configuring done
[1.448s] -- Generating done
[1.462s] -- Build files have been written to: /home/ajaikumar/nidar-2/nidar_ws/build/mission_interfaces
[1.490s] [35m[1mConsolidate compiler generated dependencies of target mission_interfaces__rosidl_generator_c[0m
[1.500s] [  1%] Built target mission_interfaces__cpp
[1.504s] [  2%] [32m[1mLinking C shared library libmission_interfaces__rosidl_generator_c.so[0m
[1.507s] [  2%] Built target ament_cmake_python_symlink_mission_interfaces
[1.514s] [35m[1mConsolidate compiler generated dependencies of target mission_interfaces__rosidl_typesupport_cpp[0m
[1.515s] [35m[1mConsolidate compiler generated dependencies of target mission_interfaces__rosidl_typesupport_introspection_cpp[0m
[1.515s] [35m[1mConsolidate compiler generated dependencies of target mission_interfaces__rosidl_typesupport_fastrtps_cpp[0m
[1.540s] [  3%] [32m[1mLinking CXX shared library libmission_interfaces__rosidl_typesupport_cpp.so[0m
[1.541s] [  4%] [32m[1mLinking CXX shared library libmission_interfaces__rosidl_typesupport_introspection_cpp.so[0m
[1.544s] [  5%] [32m[1mLinking CXX shared library libmission_interfaces__rosidl_typesupport_fastrtps_cpp.so[0m
[1.548s] [ 16%] Built target mission_interfaces__rosidl_generator_c
[1.564s] [35m[1mConsolidate compiler generated dependencies of target mission_interfaces__rosidl_typesupport_introspection_c[0m
[1.564s] [35m[1mConsolidate compiler generated dependencies of target mission_interfaces__rosidl_typesupport_c[0m
[1.564s] [35m[1mConsolidate compiler generated dependencies of target mission_interfaces__rosidl_typesupport_fastrtps_c[0m
[1.580s] [ 17%] [32m[1mLinking C shared library libmission_interfaces__rosidl_typesupport_introspection_c.so[0m
[1.581s] [ 18%] [32m[1mLinking CXX shared library libmission_interfaces__rosidl_typesupport_c.so[0m
[1.589s] [ 28%] Built target mission_interfaces__rosidl_typesupport_cpp
[1.596s] [ 29%] [32m[1mLinking CXX shared library libmission_interfaces__rosidl_typesupport_fastrtps_c.so[0m
[1.632s] [ 40%] Built target mission_interfaces__rosidl_typesupport_introspection_c
[1.639s] [ 50%] Built target mission_interfaces__rosidl_typesupport_c
[1.664s] [ 60%] Built target mission_interfaces__rosidl_typesupport_introspection_cpp
[1.671s] [ 71%] Built target mission_interfaces__rosidl_typesupport_fastrtps_cpp
[1.692s] [ 81%] Built target mission_interfaces__rosidl_typesupport_fastrtps_c
[1.713s] [ 81%] Built target mission_interfaces
[1.740s] [ 82%] Built target mission_interfaces__py
[1.752s] [35m[1mConsolidate compiler generated dependencies of target mission_interfaces__rosidl_generator_py[0m
[1.753s] running egg_info
[1.754s] writing mission_interfaces.egg-info/PKG-INFO
[1.754s] writing dependency_links to mission_interfaces.egg-info/dependency_links.txt
[1.754s] writing top-level names to mission_interfaces.egg-info/top_level.txt
[1.756s] reading manifest file 'mission_interfaces.egg-info/SOURCES.txt'
[1.757s] writing manifest file 'mission_interfaces.egg-info/SOURCES.txt'
[1.772s] [ 83%] [32m[1mLinking C shared library rosidl_generator_py/mission_interfaces/libmission_interfaces__rosidl_generator_py.so[0m
[1.785s] [ 83%] Built target ament_cmake_python_build_mission_interfaces_egg
[1.822s] [ 93%] Built target mission_interfaces__rosidl_generator_py
[1.833s] [35m[1mConsolidate compiler generated dependencies of target mission_interfaces__rosidl_typesupport_c__pyext[0m
[1.833s] [35m[1mConsolidate compiler generated dependencies of target mission_interfaces__rosidl_typesupport_introspection_c__pyext[0m
[1.833s] [35m[1mConsolidate compiler generated dependencies of target mission_interfaces__rosidl_typesupport_fastrtps_c__pyext[0m
[1.848s] [ 96%] [32m[1mLinking C shared library rosidl_generator_py/mission_interfaces/mission_interfaces_s__rosidl_typesupport_fastrtps_c.cpython-310-x86_64-linux-gnu.so[0m
[1.848s] [ 96%] [32m[1mLinking C shared library rosidl_generator_py/mission_interfaces/mission_interfaces_s__rosidl_typesupport_introspection_c.cpython-310-x86_64-linux-gnu.so[0m
[1.848s] [ 96%] [32m[1mLinking C shared library rosidl_generator_py/mission_interfaces/mission_interfaces_s__rosidl_typesupport_c.cpython-310-x86_64-linux-gnu.so[0m
[1.894s] [100%] Built target mission_interfaces__rosidl_typesupport_fastrtps_c__pyext
[1.894s] [100%] Built target mission_interfaces__rosidl_typesupport_introspection_c__pyext
[1.894s] [100%] Built target mission_interfaces__rosidl_typesupport_c__pyext
