[0.103s] DEBUG:colcon:Command line arguments: ['/usr/bin/colcon', 'build', '--symlink-install', '--event-handlers', 'console_cohesion+']
[0.103s] DEBUG:colcon:Parsed command line arguments: Namespace(log_base=None, log_level=None, verb_name='build', build_base='build', install_base='install', merge_install=False, symlink_install=True, test_result_base=None, continue_on_error=False, executor='parallel', parallel_workers=12, event_handlers=['console_cohesion+'], ignore_user_meta=False, metas=['./colcon.meta'], base_paths=['.'], packages_ignore=None, packages_ignore_regex=None, paths=None, packages_up_to=None, packages_up_to_regex=None, packages_above=None, packages_above_and_dependencies=None, packages_above_depth=None, packages_select_by_dep=None, packages_skip_by_dep=None, packages_skip_up_to=None, packages_select_build_failed=False, packages_skip_build_finished=False, packages_select_test_failures=False, packages_skip_test_passed=False, packages_select=None, packages_skip=None, packages_select_regex=None, packages_skip_regex=None, packages_start=None, packages_end=None, allow_overriding=[], cmake_args=None, cmake_target=None, cmake_target_skip_unavailable=False, cmake_clean_cache=False, cmake_clean_first=False, cmake_force_configure=False, ament_cmake_args=None, catkin_cmake_args=None, catkin_skip_building_tests=False, verb_parser=<colcon_defaults.argument_parser.defaults.DefaultArgumentsDecorator object at 0x7cbbaf375ba0>, verb_extension=<colcon_core.verb.build.BuildVerb object at 0x7cbbaf45b130>, main=<bound method BuildVerb.main of <colcon_core.verb.build.BuildVerb object at 0x7cbbaf45b130>>)
[0.290s] Level 1:colcon.colcon_core.package_discovery:discover_packages(colcon_meta) check parameters
[0.290s] Level 1:colcon.colcon_core.package_discovery:discover_packages(recursive) check parameters
[0.290s] Level 1:colcon.colcon_core.package_discovery:discover_packages(ignore) check parameters
[0.290s] Level 1:colcon.colcon_core.package_discovery:discover_packages(path) check parameters
[0.290s] Level 1:colcon.colcon_core.package_discovery:discover_packages(colcon_meta) discover
[0.290s] Level 1:colcon.colcon_core.package_discovery:discover_packages(recursive) discover
[0.290s] INFO:colcon.colcon_core.package_discovery:Crawling recursively for packages in '/home/ajaikumar/nidar-2/nidar_ws'
[0.291s] Level 1:colcon.colcon_core.package_identification:_identify(.) by extensions ['ignore', 'ignore_ament_install']
[0.291s] Level 1:colcon.colcon_core.package_identification:_identify(.) by extension 'ignore'
[0.291s] Level 1:colcon.colcon_core.package_identification:_identify(.) by extension 'ignore_ament_install'
[0.291s] Level 1:colcon.colcon_core.package_identification:_identify(.) by extensions ['colcon_pkg']
[0.291s] Level 1:colcon.colcon_core.package_identification:_identify(.) by extension 'colcon_pkg'
[0.291s] Level 1:colcon.colcon_core.package_identification:_identify(.) by extensions ['colcon_meta']
[0.291s] Level 1:colcon.colcon_core.package_identification:_identify(.) by extension 'colcon_meta'
[0.291s] Level 1:colcon.colcon_core.package_identification:_identify(.) by extensions ['ros']
[0.291s] Level 1:colcon.colcon_core.package_identification:_identify(.) by extension 'ros'
[0.311s] Level 1:colcon.colcon_core.package_identification:_identify(.) by extensions ['cmake', 'python']
[0.311s] Level 1:colcon.colcon_core.package_identification:_identify(.) by extension 'cmake'
[0.311s] Level 1:colcon.colcon_core.package_identification:_identify(.) by extension 'python'
[0.311s] Level 1:colcon.colcon_core.package_identification:_identify(.) by extensions ['python_setup_py']
[0.311s] Level 1:colcon.colcon_core.package_identification:_identify(.) by extension 'python_setup_py'
[0.311s] Level 1:colcon.colcon_core.package_identification:_identify(build) by extensions ['ignore', 'ignore_ament_install']
[0.311s] Level 1:colcon.colcon_core.package_identification:_identify(build) by extension 'ignore'
[0.311s] Level 1:colcon.colcon_core.package_identification:_identify(build) ignored
[0.311s] Level 1:colcon.colcon_core.package_identification:_identify(install) by extensions ['ignore', 'ignore_ament_install']
[0.311s] Level 1:colcon.colcon_core.package_identification:_identify(install) by extension 'ignore'
[0.311s] Level 1:colcon.colcon_core.package_identification:_identify(install) ignored
[0.311s] Level 1:colcon.colcon_core.package_identification:_identify(log) by extensions ['ignore', 'ignore_ament_install']
[0.311s] Level 1:colcon.colcon_core.package_identification:_identify(log) by extension 'ignore'
[0.311s] Level 1:colcon.colcon_core.package_identification:_identify(log) ignored
[0.312s] Level 1:colcon.colcon_core.package_identification:_identify(src) by extensions ['ignore', 'ignore_ament_install']
[0.312s] Level 1:colcon.colcon_core.package_identification:_identify(src) by extension 'ignore'
[0.312s] Level 1:colcon.colcon_core.package_identification:_identify(src) by extension 'ignore_ament_install'
[0.312s] Level 1:colcon.colcon_core.package_identification:_identify(src) by extensions ['colcon_pkg']
[0.312s] Level 1:colcon.colcon_core.package_identification:_identify(src) by extension 'colcon_pkg'
[0.312s] Level 1:colcon.colcon_core.package_identification:_identify(src) by extensions ['colcon_meta']
[0.312s] Level 1:colcon.colcon_core.package_identification:_identify(src) by extension 'colcon_meta'
[0.312s] Level 1:colcon.colcon_core.package_identification:_identify(src) by extensions ['ros']
[0.312s] Level 1:colcon.colcon_core.package_identification:_identify(src) by extension 'ros'
[0.312s] Level 1:colcon.colcon_core.package_identification:_identify(src) by extensions ['cmake', 'python']
[0.312s] Level 1:colcon.colcon_core.package_identification:_identify(src) by extension 'cmake'
[0.312s] Level 1:colcon.colcon_core.package_identification:_identify(src) by extension 'python'
[0.312s] Level 1:colcon.colcon_core.package_identification:_identify(src) by extensions ['python_setup_py']
[0.312s] Level 1:colcon.colcon_core.package_identification:_identify(src) by extension 'python_setup_py'
[0.312s] Level 1:colcon.colcon_core.package_identification:_identify(src/custom_msgs) by extensions ['ignore', 'ignore_ament_install']
[0.312s] Level 1:colcon.colcon_core.package_identification:_identify(src/custom_msgs) by extension 'ignore'
[0.312s] Level 1:colcon.colcon_core.package_identification:_identify(src/custom_msgs) by extension 'ignore_ament_install'
[0.312s] Level 1:colcon.colcon_core.package_identification:_identify(src/custom_msgs) by extensions ['colcon_pkg']
[0.312s] Level 1:colcon.colcon_core.package_identification:_identify(src/custom_msgs) by extension 'colcon_pkg'
[0.312s] Level 1:colcon.colcon_core.package_identification:_identify(src/custom_msgs) by extensions ['colcon_meta']
[0.312s] Level 1:colcon.colcon_core.package_identification:_identify(src/custom_msgs) by extension 'colcon_meta'
[0.313s] Level 1:colcon.colcon_core.package_identification:_identify(src/custom_msgs) by extensions ['ros']
[0.313s] Level 1:colcon.colcon_core.package_identification:_identify(src/custom_msgs) by extension 'ros'
[0.315s] DEBUG:colcon.colcon_core.package_identification:Package 'src/custom_msgs' with type 'ros.ament_cmake' and name 'custom_msgs'
[0.315s] Level 1:colcon.colcon_core.package_identification:_identify(src/mission_interfaces) by extensions ['ignore', 'ignore_ament_install']
[0.315s] Level 1:colcon.colcon_core.package_identification:_identify(src/mission_interfaces) by extension 'ignore'
[0.315s] Level 1:colcon.colcon_core.package_identification:_identify(src/mission_interfaces) by extension 'ignore_ament_install'
[0.315s] Level 1:colcon.colcon_core.package_identification:_identify(src/mission_interfaces) by extensions ['colcon_pkg']
[0.315s] Level 1:colcon.colcon_core.package_identification:_identify(src/mission_interfaces) by extension 'colcon_pkg'
[0.315s] Level 1:colcon.colcon_core.package_identification:_identify(src/mission_interfaces) by extensions ['colcon_meta']
[0.315s] Level 1:colcon.colcon_core.package_identification:_identify(src/mission_interfaces) by extension 'colcon_meta'
[0.315s] Level 1:colcon.colcon_core.package_identification:_identify(src/mission_interfaces) by extensions ['ros']
[0.315s] Level 1:colcon.colcon_core.package_identification:_identify(src/mission_interfaces) by extension 'ros'
[0.316s] DEBUG:colcon.colcon_core.package_identification:Package 'src/mission_interfaces' with type 'ros.ament_cmake' and name 'mission_interfaces'
[0.316s] Level 1:colcon.colcon_core.package_identification:_identify(src/mission_manager) by extensions ['ignore', 'ignore_ament_install']
[0.316s] Level 1:colcon.colcon_core.package_identification:_identify(src/mission_manager) by extension 'ignore'
[0.316s] Level 1:colcon.colcon_core.package_identification:_identify(src/mission_manager) by extension 'ignore_ament_install'
[0.316s] Level 1:colcon.colcon_core.package_identification:_identify(src/mission_manager) by extensions ['colcon_pkg']
[0.316s] Level 1:colcon.colcon_core.package_identification:_identify(src/mission_manager) by extension 'colcon_pkg'
[0.316s] Level 1:colcon.colcon_core.package_identification:_identify(src/mission_manager) by extensions ['colcon_meta']
[0.316s] Level 1:colcon.colcon_core.package_identification:_identify(src/mission_manager) by extension 'colcon_meta'
[0.316s] Level 1:colcon.colcon_core.package_identification:_identify(src/mission_manager) by extensions ['ros']
[0.316s] Level 1:colcon.colcon_core.package_identification:_identify(src/mission_manager) by extension 'ros'
[0.317s] DEBUG:colcon.colcon_core.package_identification:Package 'src/mission_manager' with type 'ros.ament_python' and name 'mission_manager'
[0.317s] Level 1:colcon.colcon_core.package_identification:_identify(src/model_inference) by extensions ['ignore', 'ignore_ament_install']
[0.317s] Level 1:colcon.colcon_core.package_identification:_identify(src/model_inference) by extension 'ignore'
[0.317s] Level 1:colcon.colcon_core.package_identification:_identify(src/model_inference) by extension 'ignore_ament_install'
[0.317s] Level 1:colcon.colcon_core.package_identification:_identify(src/model_inference) by extensions ['colcon_pkg']
[0.317s] Level 1:colcon.colcon_core.package_identification:_identify(src/model_inference) by extension 'colcon_pkg'
[0.317s] Level 1:colcon.colcon_core.package_identification:_identify(src/model_inference) by extensions ['colcon_meta']
[0.317s] Level 1:colcon.colcon_core.package_identification:_identify(src/model_inference) by extension 'colcon_meta'
[0.317s] Level 1:colcon.colcon_core.package_identification:_identify(src/model_inference) by extensions ['ros']
[0.317s] Level 1:colcon.colcon_core.package_identification:_identify(src/model_inference) by extension 'ros'
[0.318s] DEBUG:colcon.colcon_core.package_identification:Package 'src/model_inference' with type 'ros.ament_python' and name 'model_inference'
[0.318s] Level 1:colcon.colcon_core.package_discovery:discover_packages(recursive) using defaults
[0.318s] Level 1:colcon.colcon_core.package_discovery:discover_packages(ignore) discover
[0.318s] Level 1:colcon.colcon_core.package_discovery:discover_packages(ignore) using defaults
[0.318s] Level 1:colcon.colcon_core.package_discovery:discover_packages(path) discover
[0.318s] Level 1:colcon.colcon_core.package_discovery:discover_packages(path) using defaults
[0.335s] Level 1:colcon.colcon_core.package_discovery:discover_packages(prefix_path) check parameters
[0.335s] Level 1:colcon.colcon_core.package_discovery:discover_packages(prefix_path) discover
[0.336s] DEBUG:colcon.colcon_installed_package_information.package_discovery:Found 1 installed packages in /home/ajaikumar/ros2_ws/install
[0.338s] DEBUG:colcon.colcon_installed_package_information.package_discovery:Found 301 installed packages in /opt/ros/humble
[0.339s] Level 1:colcon.colcon_core.package_discovery:discover_packages(prefix_path) using defaults
[0.372s] Level 5:colcon.colcon_core.verb:set package 'custom_msgs' build argument 'cmake_args' from command line to 'None'
[0.372s] Level 5:colcon.colcon_core.verb:set package 'custom_msgs' build argument 'cmake_target' from command line to 'None'
[0.372s] Level 5:colcon.colcon_core.verb:set package 'custom_msgs' build argument 'cmake_target_skip_unavailable' from command line to 'False'
[0.372s] Level 5:colcon.colcon_core.verb:set package 'custom_msgs' build argument 'cmake_clean_cache' from command line to 'False'
[0.372s] Level 5:colcon.colcon_core.verb:set package 'custom_msgs' build argument 'cmake_clean_first' from command line to 'False'
[0.372s] Level 5:colcon.colcon_core.verb:set package 'custom_msgs' build argument 'cmake_force_configure' from command line to 'False'
[0.372s] Level 5:colcon.colcon_core.verb:set package 'custom_msgs' build argument 'ament_cmake_args' from command line to 'None'
[0.372s] Level 5:colcon.colcon_core.verb:set package 'custom_msgs' build argument 'catkin_cmake_args' from command line to 'None'
[0.372s] Level 5:colcon.colcon_core.verb:set package 'custom_msgs' build argument 'catkin_skip_building_tests' from command line to 'False'
[0.372s] DEBUG:colcon.colcon_core.verb:Building package 'custom_msgs' with the following arguments: {'ament_cmake_args': None, 'build_base': '/home/ajaikumar/nidar-2/nidar_ws/build/custom_msgs', 'catkin_cmake_args': None, 'catkin_skip_building_tests': False, 'cmake_args': None, 'cmake_clean_cache': False, 'cmake_clean_first': False, 'cmake_force_configure': False, 'cmake_target': None, 'cmake_target_skip_unavailable': False, 'install_base': '/home/ajaikumar/nidar-2/nidar_ws/install/custom_msgs', 'merge_install': False, 'path': '/home/ajaikumar/nidar-2/nidar_ws/src/custom_msgs', 'symlink_install': True, 'test_result_base': None}
[0.373s] Level 5:colcon.colcon_core.verb:set package 'mission_interfaces' build argument 'cmake_args' from command line to 'None'
[0.373s] Level 5:colcon.colcon_core.verb:set package 'mission_interfaces' build argument 'cmake_target' from command line to 'None'
[0.373s] Level 5:colcon.colcon_core.verb:set package 'mission_interfaces' build argument 'cmake_target_skip_unavailable' from command line to 'False'
[0.373s] Level 5:colcon.colcon_core.verb:set package 'mission_interfaces' build argument 'cmake_clean_cache' from command line to 'False'
[0.373s] Level 5:colcon.colcon_core.verb:set package 'mission_interfaces' build argument 'cmake_clean_first' from command line to 'False'
[0.373s] Level 5:colcon.colcon_core.verb:set package 'mission_interfaces' build argument 'cmake_force_configure' from command line to 'False'
[0.373s] Level 5:colcon.colcon_core.verb:set package 'mission_interfaces' build argument 'ament_cmake_args' from command line to 'None'
[0.373s] Level 5:colcon.colcon_core.verb:set package 'mission_interfaces' build argument 'catkin_cmake_args' from command line to 'None'
[0.373s] Level 5:colcon.colcon_core.verb:set package 'mission_interfaces' build argument 'catkin_skip_building_tests' from command line to 'False'
[0.373s] DEBUG:colcon.colcon_core.verb:Building package 'mission_interfaces' with the following arguments: {'ament_cmake_args': None, 'build_base': '/home/ajaikumar/nidar-2/nidar_ws/build/mission_interfaces', 'catkin_cmake_args': None, 'catkin_skip_building_tests': False, 'cmake_args': None, 'cmake_clean_cache': False, 'cmake_clean_first': False, 'cmake_force_configure': False, 'cmake_target': None, 'cmake_target_skip_unavailable': False, 'install_base': '/home/ajaikumar/nidar-2/nidar_ws/install/mission_interfaces', 'merge_install': False, 'path': '/home/ajaikumar/nidar-2/nidar_ws/src/mission_interfaces', 'symlink_install': True, 'test_result_base': None}
[0.373s] Level 5:colcon.colcon_core.verb:set package 'mission_manager' build argument 'cmake_args' from command line to 'None'
[0.373s] Level 5:colcon.colcon_core.verb:set package 'mission_manager' build argument 'cmake_target' from command line to 'None'
[0.373s] Level 5:colcon.colcon_core.verb:set package 'mission_manager' build argument 'cmake_target_skip_unavailable' from command line to 'False'
[0.373s] Level 5:colcon.colcon_core.verb:set package 'mission_manager' build argument 'cmake_clean_cache' from command line to 'False'
[0.373s] Level 5:colcon.colcon_core.verb:set package 'mission_manager' build argument 'cmake_clean_first' from command line to 'False'
[0.373s] Level 5:colcon.colcon_core.verb:set package 'mission_manager' build argument 'cmake_force_configure' from command line to 'False'
[0.373s] Level 5:colcon.colcon_core.verb:set package 'mission_manager' build argument 'ament_cmake_args' from command line to 'None'
[0.373s] Level 5:colcon.colcon_core.verb:set package 'mission_manager' build argument 'catkin_cmake_args' from command line to 'None'
[0.373s] Level 5:colcon.colcon_core.verb:set package 'mission_manager' build argument 'catkin_skip_building_tests' from command line to 'False'
[0.373s] DEBUG:colcon.colcon_core.verb:Building package 'mission_manager' with the following arguments: {'ament_cmake_args': None, 'build_base': '/home/ajaikumar/nidar-2/nidar_ws/build/mission_manager', 'catkin_cmake_args': None, 'catkin_skip_building_tests': False, 'cmake_args': None, 'cmake_clean_cache': False, 'cmake_clean_first': False, 'cmake_force_configure': False, 'cmake_target': None, 'cmake_target_skip_unavailable': False, 'install_base': '/home/ajaikumar/nidar-2/nidar_ws/install/mission_manager', 'merge_install': False, 'path': '/home/ajaikumar/nidar-2/nidar_ws/src/mission_manager', 'symlink_install': True, 'test_result_base': None}
[0.374s] Level 5:colcon.colcon_core.verb:set package 'model_inference' build argument 'cmake_args' from command line to 'None'
[0.374s] Level 5:colcon.colcon_core.verb:set package 'model_inference' build argument 'cmake_target' from command line to 'None'
[0.374s] Level 5:colcon.colcon_core.verb:set package 'model_inference' build argument 'cmake_target_skip_unavailable' from command line to 'False'
[0.374s] Level 5:colcon.colcon_core.verb:set package 'model_inference' build argument 'cmake_clean_cache' from command line to 'False'
[0.374s] Level 5:colcon.colcon_core.verb:set package 'model_inference' build argument 'cmake_clean_first' from command line to 'False'
[0.374s] Level 5:colcon.colcon_core.verb:set package 'model_inference' build argument 'cmake_force_configure' from command line to 'False'
[0.374s] Level 5:colcon.colcon_core.verb:set package 'model_inference' build argument 'ament_cmake_args' from command line to 'None'
[0.374s] Level 5:colcon.colcon_core.verb:set package 'model_inference' build argument 'catkin_cmake_args' from command line to 'None'
[0.374s] Level 5:colcon.colcon_core.verb:set package 'model_inference' build argument 'catkin_skip_building_tests' from command line to 'False'
[0.374s] DEBUG:colcon.colcon_core.verb:Building package 'model_inference' with the following arguments: {'ament_cmake_args': None, 'build_base': '/home/ajaikumar/nidar-2/nidar_ws/build/model_inference', 'catkin_cmake_args': None, 'catkin_skip_building_tests': False, 'cmake_args': None, 'cmake_clean_cache': False, 'cmake_clean_first': False, 'cmake_force_configure': False, 'cmake_target': None, 'cmake_target_skip_unavailable': False, 'install_base': '/home/ajaikumar/nidar-2/nidar_ws/install/model_inference', 'merge_install': False, 'path': '/home/ajaikumar/nidar-2/nidar_ws/src/model_inference', 'symlink_install': True, 'test_result_base': None}
[0.374s] INFO:colcon.colcon_core.executor:Executing jobs using 'parallel' executor
[0.375s] DEBUG:colcon.colcon_parallel_executor.executor.parallel:run_until_complete
[0.375s] INFO:colcon.colcon_ros.task.ament_cmake.build:Building ROS package in '/home/ajaikumar/nidar-2/nidar_ws/src/custom_msgs' with build type 'ament_cmake'
[0.375s] INFO:colcon.colcon_cmake.task.cmake.build:Building CMake package in '/home/ajaikumar/nidar-2/nidar_ws/src/custom_msgs'
[0.377s] INFO:colcon.colcon_core.plugin_system:Skipping extension 'colcon_core.shell.bat': Not used on non-Windows systems
[0.377s] INFO:colcon.colcon_core.shell:Skip shell extension 'powershell' for command environment: Not usable outside of PowerShell
[0.377s] DEBUG:colcon.colcon_core.shell:Skip shell extension 'dsv' for command environment
[0.380s] INFO:colcon.colcon_ros.task.ament_cmake.build:Building ROS package in '/home/ajaikumar/nidar-2/nidar_ws/src/mission_interfaces' with build type 'ament_cmake'
[0.381s] INFO:colcon.colcon_cmake.task.cmake.build:Building CMake package in '/home/ajaikumar/nidar-2/nidar_ws/src/mission_interfaces'
[0.381s] INFO:colcon.colcon_core.shell:Skip shell extension 'powershell' for command environment: Not usable outside of PowerShell
[0.381s] DEBUG:colcon.colcon_core.shell:Skip shell extension 'dsv' for command environment
[0.389s] DEBUG:colcon.colcon_core.event_handler.log_command:Invoking command in '/home/ajaikumar/nidar-2/nidar_ws/build/custom_msgs': CMAKE_PREFIX_PATH=/home/ajaikumar/ros2_ws/install/my_robot_controller:/opt/ros/humble VIRTUAL_ENV_PROMPT=(.local) /usr/bin/cmake --build /home/ajaikumar/nidar-2/nidar_ws/build/custom_msgs -- -j12 -l12
[0.395s] DEBUG:colcon.colcon_core.event_handler.log_command:Invoking command in '/home/ajaikumar/nidar-2/nidar_ws/build/mission_interfaces': CMAKE_PREFIX_PATH=/home/ajaikumar/ros2_ws/install/my_robot_controller:/opt/ros/humble VIRTUAL_ENV_PROMPT=(.local) /usr/bin/cmake --build /home/ajaikumar/nidar-2/nidar_ws/build/mission_interfaces -- -j12 -l12
[1.950s] DEBUG:colcon.colcon_core.event_handler.log_command:Invoked command in '/home/ajaikumar/nidar-2/nidar_ws/build/custom_msgs' returned '0': CMAKE_PREFIX_PATH=/home/ajaikumar/ros2_ws/install/my_robot_controller:/opt/ros/humble VIRTUAL_ENV_PROMPT=(.local) /usr/bin/cmake --build /home/ajaikumar/nidar-2/nidar_ws/build/custom_msgs -- -j12 -l12
[1.960s] DEBUG:colcon.colcon_core.event_handler.log_command:Invoking command in '/home/ajaikumar/nidar-2/nidar_ws/build/custom_msgs': CMAKE_PREFIX_PATH=/home/ajaikumar/ros2_ws/install/my_robot_controller:/opt/ros/humble VIRTUAL_ENV_PROMPT=(.local) /usr/bin/cmake --install /home/ajaikumar/nidar-2/nidar_ws/build/custom_msgs
[2.043s] Level 1:colcon.colcon_core.environment:create_environment_scripts_only(custom_msgs)
[2.043s] DEBUG:colcon.colcon_core.event_handler.log_command:Invoked command in '/home/ajaikumar/nidar-2/nidar_ws/build/custom_msgs' returned '0': CMAKE_PREFIX_PATH=/home/ajaikumar/ros2_ws/install/my_robot_controller:/opt/ros/humble VIRTUAL_ENV_PROMPT=(.local) /usr/bin/cmake --install /home/ajaikumar/nidar-2/nidar_ws/build/custom_msgs
[2.046s] Level 1:colcon.colcon_core.environment:checking '/home/ajaikumar/nidar-2/nidar_ws/install/custom_msgs' for CMake module files
[2.047s] Level 1:colcon.colcon_core.environment:checking '/home/ajaikumar/nidar-2/nidar_ws/install/custom_msgs' for CMake config files
[2.048s] Level 1:colcon.colcon_core.shell:create_environment_hook('custom_msgs', 'cmake_prefix_path')
[2.048s] INFO:colcon.colcon_core.shell:Creating environment hook '/home/ajaikumar/nidar-2/nidar_ws/install/custom_msgs/share/custom_msgs/hook/cmake_prefix_path.ps1'
[2.049s] INFO:colcon.colcon_core.shell:Creating environment descriptor '/home/ajaikumar/nidar-2/nidar_ws/install/custom_msgs/share/custom_msgs/hook/cmake_prefix_path.dsv'
[2.050s] INFO:colcon.colcon_core.shell:Creating environment hook '/home/ajaikumar/nidar-2/nidar_ws/install/custom_msgs/share/custom_msgs/hook/cmake_prefix_path.sh'
[2.051s] Level 1:colcon.colcon_core.environment:checking '/home/ajaikumar/nidar-2/nidar_ws/install/custom_msgs/lib'
[2.051s] Level 1:colcon.colcon_core.shell:create_environment_hook('custom_msgs', 'ld_library_path_lib')
[2.052s] INFO:colcon.colcon_core.shell:Creating environment hook '/home/ajaikumar/nidar-2/nidar_ws/install/custom_msgs/share/custom_msgs/hook/ld_library_path_lib.ps1'
[2.052s] INFO:colcon.colcon_core.shell:Creating environment descriptor '/home/ajaikumar/nidar-2/nidar_ws/install/custom_msgs/share/custom_msgs/hook/ld_library_path_lib.dsv'
[2.053s] INFO:colcon.colcon_core.shell:Creating environment hook '/home/ajaikumar/nidar-2/nidar_ws/install/custom_msgs/share/custom_msgs/hook/ld_library_path_lib.sh'
[2.053s] Level 1:colcon.colcon_core.environment:checking '/home/ajaikumar/nidar-2/nidar_ws/install/custom_msgs/bin'
[2.053s] Level 1:colcon.colcon_core.environment:checking '/home/ajaikumar/nidar-2/nidar_ws/install/custom_msgs/lib/pkgconfig/custom_msgs.pc'
[2.053s] Level 1:colcon.colcon_core.environment:checking '/home/ajaikumar/nidar-2/nidar_ws/install/custom_msgs/lib/python3.10/site-packages'
[2.053s] Level 1:colcon.colcon_core.shell:create_environment_hook('custom_msgs', 'pythonpath')
[2.053s] INFO:colcon.colcon_core.shell:Creating environment hook '/home/ajaikumar/nidar-2/nidar_ws/install/custom_msgs/share/custom_msgs/hook/pythonpath.ps1'
[2.054s] INFO:colcon.colcon_core.shell:Creating environment descriptor '/home/ajaikumar/nidar-2/nidar_ws/install/custom_msgs/share/custom_msgs/hook/pythonpath.dsv'
[2.054s] INFO:colcon.colcon_core.shell:Creating environment hook '/home/ajaikumar/nidar-2/nidar_ws/install/custom_msgs/share/custom_msgs/hook/pythonpath.sh'
[2.055s] Level 1:colcon.colcon_core.environment:checking '/home/ajaikumar/nidar-2/nidar_ws/install/custom_msgs/bin'
[2.055s] INFO:colcon.colcon_core.shell:Creating package script '/home/ajaikumar/nidar-2/nidar_ws/install/custom_msgs/share/custom_msgs/package.ps1'
[2.056s] INFO:colcon.colcon_core.shell:Creating package descriptor '/home/ajaikumar/nidar-2/nidar_ws/install/custom_msgs/share/custom_msgs/package.dsv'
[2.057s] INFO:colcon.colcon_core.shell:Creating package script '/home/ajaikumar/nidar-2/nidar_ws/install/custom_msgs/share/custom_msgs/package.sh'
[2.057s] INFO:colcon.colcon_core.shell:Creating package script '/home/ajaikumar/nidar-2/nidar_ws/install/custom_msgs/share/custom_msgs/package.bash'
[2.058s] INFO:colcon.colcon_core.shell:Creating package script '/home/ajaikumar/nidar-2/nidar_ws/install/custom_msgs/share/custom_msgs/package.zsh'
[2.058s] Level 1:colcon.colcon_core.environment:create_file_with_runtime_dependencies(/home/ajaikumar/nidar-2/nidar_ws/install/custom_msgs/share/colcon-core/packages/custom_msgs)
[2.059s] Level 1:colcon.colcon_core.environment:create_environment_scripts_only(custom_msgs)
[2.059s] Level 1:colcon.colcon_core.environment:checking '/home/ajaikumar/nidar-2/nidar_ws/install/custom_msgs' for CMake module files
[2.060s] Level 1:colcon.colcon_core.environment:checking '/home/ajaikumar/nidar-2/nidar_ws/install/custom_msgs' for CMake config files
[2.060s] Level 1:colcon.colcon_core.shell:create_environment_hook('custom_msgs', 'cmake_prefix_path')
[2.060s] INFO:colcon.colcon_core.shell:Creating environment hook '/home/ajaikumar/nidar-2/nidar_ws/install/custom_msgs/share/custom_msgs/hook/cmake_prefix_path.ps1'
[2.061s] INFO:colcon.colcon_core.shell:Creating environment descriptor '/home/ajaikumar/nidar-2/nidar_ws/install/custom_msgs/share/custom_msgs/hook/cmake_prefix_path.dsv'
[2.061s] INFO:colcon.colcon_core.shell:Creating environment hook '/home/ajaikumar/nidar-2/nidar_ws/install/custom_msgs/share/custom_msgs/hook/cmake_prefix_path.sh'
[2.061s] Level 1:colcon.colcon_core.environment:checking '/home/ajaikumar/nidar-2/nidar_ws/install/custom_msgs/lib'
[2.061s] Level 1:colcon.colcon_core.shell:create_environment_hook('custom_msgs', 'ld_library_path_lib')
[2.062s] INFO:colcon.colcon_core.shell:Creating environment hook '/home/ajaikumar/nidar-2/nidar_ws/install/custom_msgs/share/custom_msgs/hook/ld_library_path_lib.ps1'
[2.062s] INFO:colcon.colcon_core.shell:Creating environment descriptor '/home/ajaikumar/nidar-2/nidar_ws/install/custom_msgs/share/custom_msgs/hook/ld_library_path_lib.dsv'
[2.062s] INFO:colcon.colcon_core.shell:Creating environment hook '/home/ajaikumar/nidar-2/nidar_ws/install/custom_msgs/share/custom_msgs/hook/ld_library_path_lib.sh'
[2.062s] Level 1:colcon.colcon_core.environment:checking '/home/ajaikumar/nidar-2/nidar_ws/install/custom_msgs/bin'
[2.063s] Level 1:colcon.colcon_core.environment:checking '/home/ajaikumar/nidar-2/nidar_ws/install/custom_msgs/lib/pkgconfig/custom_msgs.pc'
[2.063s] Level 1:colcon.colcon_core.environment:checking '/home/ajaikumar/nidar-2/nidar_ws/install/custom_msgs/lib/python3.10/site-packages'
[2.063s] Level 1:colcon.colcon_core.shell:create_environment_hook('custom_msgs', 'pythonpath')
[2.063s] INFO:colcon.colcon_core.shell:Creating environment hook '/home/ajaikumar/nidar-2/nidar_ws/install/custom_msgs/share/custom_msgs/hook/pythonpath.ps1'
[2.063s] INFO:colcon.colcon_core.shell:Creating environment descriptor '/home/ajaikumar/nidar-2/nidar_ws/install/custom_msgs/share/custom_msgs/hook/pythonpath.dsv'
[2.064s] INFO:colcon.colcon_core.shell:Creating environment hook '/home/ajaikumar/nidar-2/nidar_ws/install/custom_msgs/share/custom_msgs/hook/pythonpath.sh'
[2.064s] Level 1:colcon.colcon_core.environment:checking '/home/ajaikumar/nidar-2/nidar_ws/install/custom_msgs/bin'
[2.065s] INFO:colcon.colcon_core.shell:Creating package script '/home/ajaikumar/nidar-2/nidar_ws/install/custom_msgs/share/custom_msgs/package.ps1'
[2.065s] INFO:colcon.colcon_core.shell:Creating package descriptor '/home/ajaikumar/nidar-2/nidar_ws/install/custom_msgs/share/custom_msgs/package.dsv'
[2.065s] INFO:colcon.colcon_core.shell:Creating package script '/home/ajaikumar/nidar-2/nidar_ws/install/custom_msgs/share/custom_msgs/package.sh'
[2.066s] INFO:colcon.colcon_core.shell:Creating package script '/home/ajaikumar/nidar-2/nidar_ws/install/custom_msgs/share/custom_msgs/package.bash'
[2.066s] INFO:colcon.colcon_core.shell:Creating package script '/home/ajaikumar/nidar-2/nidar_ws/install/custom_msgs/share/custom_msgs/package.zsh'
[2.067s] Level 1:colcon.colcon_core.environment:create_file_with_runtime_dependencies(/home/ajaikumar/nidar-2/nidar_ws/install/custom_msgs/share/colcon-core/packages/custom_msgs)
[2.067s] INFO:colcon.colcon_ros.task.ament_python.build:Building ROS package in '/home/ajaikumar/nidar-2/nidar_ws/src/model_inference' with build type 'ament_python'
[2.067s] Level 1:colcon.colcon_core.shell:create_environment_hook('model_inference', 'ament_prefix_path')
[2.067s] INFO:colcon.colcon_core.shell:Creating environment hook '/home/ajaikumar/nidar-2/nidar_ws/install/model_inference/share/model_inference/hook/ament_prefix_path.ps1'
[2.068s] INFO:colcon.colcon_core.shell:Creating environment descriptor '/home/ajaikumar/nidar-2/nidar_ws/install/model_inference/share/model_inference/hook/ament_prefix_path.dsv'
[2.068s] INFO:colcon.colcon_core.shell:Creating environment hook '/home/ajaikumar/nidar-2/nidar_ws/install/model_inference/share/model_inference/hook/ament_prefix_path.sh'
[2.069s] INFO:colcon.colcon_core.shell:Skip shell extension 'powershell' for command environment: Not usable outside of PowerShell
[2.069s] DEBUG:colcon.colcon_core.shell:Skip shell extension 'dsv' for command environment
[2.371s] INFO:colcon.colcon_core.task.python.build:Building Python package in '/home/ajaikumar/nidar-2/nidar_ws/src/model_inference'
[2.371s] INFO:colcon.colcon_core.shell:Skip shell extension 'powershell' for command environment: Not usable outside of PowerShell
[2.371s] DEBUG:colcon.colcon_core.shell:Skip shell extension 'dsv' for command environment
[2.765s] DEBUG:colcon.colcon_core.event_handler.log_command:Invoking command in '/home/ajaikumar/nidar-2/nidar_ws/build/model_inference': AMENT_PREFIX_PATH=/home/ajaikumar/nidar-2/nidar_ws/install/custom_msgs:${AMENT_PREFIX_PATH} CMAKE_PREFIX_PATH=/home/ajaikumar/nidar-2/nidar_ws/install/custom_msgs LD_LIBRARY_PATH=/home/ajaikumar/nidar-2/nidar_ws/install/custom_msgs/lib:${LD_LIBRARY_PATH} PYTHONPATH=/home/ajaikumar/nidar-2/nidar_ws/build/model_inference/prefix_override:/usr/lib/python3/dist-packages/colcon_core/task/python/colcon_distutils_commands:/home/ajaikumar/nidar-2/nidar_ws/install/model_inference/lib/python3.10/site-packages:/home/ajaikumar/nidar-2/nidar_ws/install/custom_msgs/lib/python3.10/site-packages:${PYTHONPATH} VIRTUAL_ENV_PROMPT=(.local) /usr/bin/python3 -W ignore:setup.py install is deprecated -W ignore:easy_install command is deprecated setup.py develop --editable --build-directory /home/ajaikumar/nidar-2/nidar_ws/build/model_inference/build --no-deps symlink_data
[3.453s] Level 1:colcon.colcon_core.shell:create_environment_hook('model_inference', 'pythonpath_develop')
[3.455s] INFO:colcon.colcon_core.shell:Creating environment hook '/home/ajaikumar/nidar-2/nidar_ws/build/model_inference/share/model_inference/hook/pythonpath_develop.ps1'
[3.455s] INFO:colcon.colcon_core.shell:Creating environment descriptor '/home/ajaikumar/nidar-2/nidar_ws/build/model_inference/share/model_inference/hook/pythonpath_develop.dsv'
[3.456s] INFO:colcon.colcon_core.shell:Creating environment hook '/home/ajaikumar/nidar-2/nidar_ws/build/model_inference/share/model_inference/hook/pythonpath_develop.sh'
[3.457s] Level 1:colcon.colcon_core.environment:checking '/home/ajaikumar/nidar-2/nidar_ws/install/model_inference' for CMake module files
[3.454s] DEBUG:colcon.colcon_core.event_handler.log_command:Invoked command in '/home/ajaikumar/nidar-2/nidar_ws/build/model_inference' returned '0': AMENT_PREFIX_PATH=/home/ajaikumar/nidar-2/nidar_ws/install/custom_msgs:${AMENT_PREFIX_PATH} CMAKE_PREFIX_PATH=/home/ajaikumar/nidar-2/nidar_ws/install/custom_msgs LD_LIBRARY_PATH=/home/ajaikumar/nidar-2/nidar_ws/install/custom_msgs/lib:${LD_LIBRARY_PATH} PYTHONPATH=/home/ajaikumar/nidar-2/nidar_ws/build/model_inference/prefix_override:/usr/lib/python3/dist-packages/colcon_core/task/python/colcon_distutils_commands:/home/ajaikumar/nidar-2/nidar_ws/install/model_inference/lib/python3.10/site-packages:/home/ajaikumar/nidar-2/nidar_ws/install/custom_msgs/lib/python3.10/site-packages:${PYTHONPATH} VIRTUAL_ENV_PROMPT=(.local) /usr/bin/python3 -W ignore:setup.py install is deprecated -W ignore:easy_install command is deprecated setup.py develop --editable --build-directory /home/ajaikumar/nidar-2/nidar_ws/build/model_inference/build --no-deps symlink_data
[3.460s] Level 1:colcon.colcon_core.environment:checking '/home/ajaikumar/nidar-2/nidar_ws/install/model_inference' for CMake config files
[3.461s] Level 1:colcon.colcon_core.environment:checking '/home/ajaikumar/nidar-2/nidar_ws/install/model_inference/lib'
[3.462s] Level 1:colcon.colcon_core.environment:checking '/home/ajaikumar/nidar-2/nidar_ws/install/model_inference/bin'
[3.462s] Level 1:colcon.colcon_core.environment:checking '/home/ajaikumar/nidar-2/nidar_ws/install/model_inference/lib/pkgconfig/model_inference.pc'
[3.462s] Level 1:colcon.colcon_core.environment:checking '/home/ajaikumar/nidar-2/nidar_ws/install/model_inference/lib/python3.10/site-packages'
[3.463s] Level 1:colcon.colcon_core.shell:create_environment_hook('model_inference', 'pythonpath')
[3.463s] INFO:colcon.colcon_core.shell:Creating environment hook '/home/ajaikumar/nidar-2/nidar_ws/install/model_inference/share/model_inference/hook/pythonpath.ps1'
[3.464s] INFO:colcon.colcon_core.shell:Creating environment descriptor '/home/ajaikumar/nidar-2/nidar_ws/install/model_inference/share/model_inference/hook/pythonpath.dsv'
[3.464s] INFO:colcon.colcon_core.shell:Creating environment hook '/home/ajaikumar/nidar-2/nidar_ws/install/model_inference/share/model_inference/hook/pythonpath.sh'
[3.468s] Level 1:colcon.colcon_core.environment:checking '/home/ajaikumar/nidar-2/nidar_ws/install/model_inference/bin'
[3.468s] Level 1:colcon.colcon_core.environment:create_environment_scripts_only(model_inference)
[3.469s] INFO:colcon.colcon_core.shell:Creating package script '/home/ajaikumar/nidar-2/nidar_ws/install/model_inference/share/model_inference/package.ps1'
[3.470s] INFO:colcon.colcon_core.shell:Creating package descriptor '/home/ajaikumar/nidar-2/nidar_ws/install/model_inference/share/model_inference/package.dsv'
[3.470s] INFO:colcon.colcon_core.shell:Creating package script '/home/ajaikumar/nidar-2/nidar_ws/install/model_inference/share/model_inference/package.sh'
[3.471s] INFO:colcon.colcon_core.shell:Creating package script '/home/ajaikumar/nidar-2/nidar_ws/install/model_inference/share/model_inference/package.bash'
[3.471s] INFO:colcon.colcon_core.shell:Creating package script '/home/ajaikumar/nidar-2/nidar_ws/install/model_inference/share/model_inference/package.zsh'
[3.472s] Level 1:colcon.colcon_core.environment:create_file_with_runtime_dependencies(/home/ajaikumar/nidar-2/nidar_ws/install/model_inference/share/colcon-core/packages/model_inference)
[9.548s] DEBUG:colcon.colcon_core.event_handler.log_command:Invoked command in '/home/ajaikumar/nidar-2/nidar_ws/build/mission_interfaces' returned '0': CMAKE_PREFIX_PATH=/home/ajaikumar/ros2_ws/install/my_robot_controller:/opt/ros/humble VIRTUAL_ENV_PROMPT=(.local) /usr/bin/cmake --build /home/ajaikumar/nidar-2/nidar_ws/build/mission_interfaces -- -j12 -l12
[9.548s] DEBUG:colcon.colcon_core.event_handler.log_command:Invoking command in '/home/ajaikumar/nidar-2/nidar_ws/build/mission_interfaces': CMAKE_PREFIX_PATH=/home/ajaikumar/ros2_ws/install/my_robot_controller:/opt/ros/humble VIRTUAL_ENV_PROMPT=(.local) /usr/bin/cmake --install /home/ajaikumar/nidar-2/nidar_ws/build/mission_interfaces
[9.829s] Level 1:colcon.colcon_core.environment:create_environment_scripts_only(mission_interfaces)
[9.829s] Level 1:colcon.colcon_core.environment:checking '/home/ajaikumar/nidar-2/nidar_ws/install/mission_interfaces' for CMake module files
[9.829s] DEBUG:colcon.colcon_core.event_handler.log_command:Invoked command in '/home/ajaikumar/nidar-2/nidar_ws/build/mission_interfaces' returned '0': CMAKE_PREFIX_PATH=/home/ajaikumar/ros2_ws/install/my_robot_controller:/opt/ros/humble VIRTUAL_ENV_PROMPT=(.local) /usr/bin/cmake --install /home/ajaikumar/nidar-2/nidar_ws/build/mission_interfaces
[9.830s] Level 1:colcon.colcon_core.environment:checking '/home/ajaikumar/nidar-2/nidar_ws/install/mission_interfaces' for CMake config files
[9.831s] Level 1:colcon.colcon_core.shell:create_environment_hook('mission_interfaces', 'cmake_prefix_path')
[9.831s] INFO:colcon.colcon_core.shell:Creating environment hook '/home/ajaikumar/nidar-2/nidar_ws/install/mission_interfaces/share/mission_interfaces/hook/cmake_prefix_path.ps1'
[9.831s] INFO:colcon.colcon_core.shell:Creating environment descriptor '/home/ajaikumar/nidar-2/nidar_ws/install/mission_interfaces/share/mission_interfaces/hook/cmake_prefix_path.dsv'
[9.832s] INFO:colcon.colcon_core.shell:Creating environment hook '/home/ajaikumar/nidar-2/nidar_ws/install/mission_interfaces/share/mission_interfaces/hook/cmake_prefix_path.sh'
[9.832s] Level 1:colcon.colcon_core.environment:checking '/home/ajaikumar/nidar-2/nidar_ws/install/mission_interfaces/lib'
[9.832s] Level 1:colcon.colcon_core.shell:create_environment_hook('mission_interfaces', 'ld_library_path_lib')
[9.832s] INFO:colcon.colcon_core.shell:Creating environment hook '/home/ajaikumar/nidar-2/nidar_ws/install/mission_interfaces/share/mission_interfaces/hook/ld_library_path_lib.ps1'
[9.833s] INFO:colcon.colcon_core.shell:Creating environment descriptor '/home/ajaikumar/nidar-2/nidar_ws/install/mission_interfaces/share/mission_interfaces/hook/ld_library_path_lib.dsv'
[9.833s] INFO:colcon.colcon_core.shell:Creating environment hook '/home/ajaikumar/nidar-2/nidar_ws/install/mission_interfaces/share/mission_interfaces/hook/ld_library_path_lib.sh'
[9.834s] Level 1:colcon.colcon_core.environment:checking '/home/ajaikumar/nidar-2/nidar_ws/install/mission_interfaces/bin'
[9.834s] Level 1:colcon.colcon_core.environment:checking '/home/ajaikumar/nidar-2/nidar_ws/install/mission_interfaces/lib/pkgconfig/mission_interfaces.pc'
[9.834s] Level 1:colcon.colcon_core.environment:checking '/home/ajaikumar/nidar-2/nidar_ws/install/mission_interfaces/lib/python3.10/site-packages'
[9.834s] Level 1:colcon.colcon_core.shell:create_environment_hook('mission_interfaces', 'pythonpath')
[9.834s] INFO:colcon.colcon_core.shell:Creating environment hook '/home/ajaikumar/nidar-2/nidar_ws/install/mission_interfaces/share/mission_interfaces/hook/pythonpath.ps1'
[9.834s] INFO:colcon.colcon_core.shell:Creating environment descriptor '/home/ajaikumar/nidar-2/nidar_ws/install/mission_interfaces/share/mission_interfaces/hook/pythonpath.dsv'
[9.835s] INFO:colcon.colcon_core.shell:Creating environment hook '/home/ajaikumar/nidar-2/nidar_ws/install/mission_interfaces/share/mission_interfaces/hook/pythonpath.sh'
[9.835s] Level 1:colcon.colcon_core.environment:checking '/home/ajaikumar/nidar-2/nidar_ws/install/mission_interfaces/bin'
[9.836s] INFO:colcon.colcon_core.shell:Creating package script '/home/ajaikumar/nidar-2/nidar_ws/install/mission_interfaces/share/mission_interfaces/package.ps1'
[9.836s] INFO:colcon.colcon_core.shell:Creating package descriptor '/home/ajaikumar/nidar-2/nidar_ws/install/mission_interfaces/share/mission_interfaces/package.dsv'
[9.836s] INFO:colcon.colcon_core.shell:Creating package script '/home/ajaikumar/nidar-2/nidar_ws/install/mission_interfaces/share/mission_interfaces/package.sh'
[9.837s] INFO:colcon.colcon_core.shell:Creating package script '/home/ajaikumar/nidar-2/nidar_ws/install/mission_interfaces/share/mission_interfaces/package.bash'
[9.837s] INFO:colcon.colcon_core.shell:Creating package script '/home/ajaikumar/nidar-2/nidar_ws/install/mission_interfaces/share/mission_interfaces/package.zsh'
[9.838s] Level 1:colcon.colcon_core.environment:create_file_with_runtime_dependencies(/home/ajaikumar/nidar-2/nidar_ws/install/mission_interfaces/share/colcon-core/packages/mission_interfaces)
[9.838s] Level 1:colcon.colcon_core.environment:create_environment_scripts_only(mission_interfaces)
[9.838s] Level 1:colcon.colcon_core.environment:checking '/home/ajaikumar/nidar-2/nidar_ws/install/mission_interfaces' for CMake module files
[9.839s] Level 1:colcon.colcon_core.environment:checking '/home/ajaikumar/nidar-2/nidar_ws/install/mission_interfaces' for CMake config files
[9.839s] Level 1:colcon.colcon_core.shell:create_environment_hook('mission_interfaces', 'cmake_prefix_path')
[9.840s] INFO:colcon.colcon_core.shell:Creating environment hook '/home/ajaikumar/nidar-2/nidar_ws/install/mission_interfaces/share/mission_interfaces/hook/cmake_prefix_path.ps1'
[9.840s] INFO:colcon.colcon_core.shell:Creating environment descriptor '/home/ajaikumar/nidar-2/nidar_ws/install/mission_interfaces/share/mission_interfaces/hook/cmake_prefix_path.dsv'
[9.841s] INFO:colcon.colcon_core.shell:Creating environment hook '/home/ajaikumar/nidar-2/nidar_ws/install/mission_interfaces/share/mission_interfaces/hook/cmake_prefix_path.sh'
[9.841s] Level 1:colcon.colcon_core.environment:checking '/home/ajaikumar/nidar-2/nidar_ws/install/mission_interfaces/lib'
[9.841s] Level 1:colcon.colcon_core.shell:create_environment_hook('mission_interfaces', 'ld_library_path_lib')
[9.841s] INFO:colcon.colcon_core.shell:Creating environment hook '/home/ajaikumar/nidar-2/nidar_ws/install/mission_interfaces/share/mission_interfaces/hook/ld_library_path_lib.ps1'
[9.842s] INFO:colcon.colcon_core.shell:Creating environment descriptor '/home/ajaikumar/nidar-2/nidar_ws/install/mission_interfaces/share/mission_interfaces/hook/ld_library_path_lib.dsv'
[9.842s] INFO:colcon.colcon_core.shell:Creating environment hook '/home/ajaikumar/nidar-2/nidar_ws/install/mission_interfaces/share/mission_interfaces/hook/ld_library_path_lib.sh'
[9.843s] Level 1:colcon.colcon_core.environment:checking '/home/ajaikumar/nidar-2/nidar_ws/install/mission_interfaces/bin'
[9.843s] Level 1:colcon.colcon_core.environment:checking '/home/ajaikumar/nidar-2/nidar_ws/install/mission_interfaces/lib/pkgconfig/mission_interfaces.pc'
[9.843s] Level 1:colcon.colcon_core.environment:checking '/home/ajaikumar/nidar-2/nidar_ws/install/mission_interfaces/lib/python3.10/site-packages'
[9.843s] Level 1:colcon.colcon_core.shell:create_environment_hook('mission_interfaces', 'pythonpath')
[9.843s] INFO:colcon.colcon_core.shell:Creating environment hook '/home/ajaikumar/nidar-2/nidar_ws/install/mission_interfaces/share/mission_interfaces/hook/pythonpath.ps1'
[9.844s] INFO:colcon.colcon_core.shell:Creating environment descriptor '/home/ajaikumar/nidar-2/nidar_ws/install/mission_interfaces/share/mission_interfaces/hook/pythonpath.dsv'
[9.844s] INFO:colcon.colcon_core.shell:Creating environment hook '/home/ajaikumar/nidar-2/nidar_ws/install/mission_interfaces/share/mission_interfaces/hook/pythonpath.sh'
[9.845s] Level 1:colcon.colcon_core.environment:checking '/home/ajaikumar/nidar-2/nidar_ws/install/mission_interfaces/bin'
[9.845s] INFO:colcon.colcon_core.shell:Creating package script '/home/ajaikumar/nidar-2/nidar_ws/install/mission_interfaces/share/mission_interfaces/package.ps1'
[9.846s] INFO:colcon.colcon_core.shell:Creating package descriptor '/home/ajaikumar/nidar-2/nidar_ws/install/mission_interfaces/share/mission_interfaces/package.dsv'
[9.846s] INFO:colcon.colcon_core.shell:Creating package script '/home/ajaikumar/nidar-2/nidar_ws/install/mission_interfaces/share/mission_interfaces/package.sh'
[9.847s] INFO:colcon.colcon_core.shell:Creating package script '/home/ajaikumar/nidar-2/nidar_ws/install/mission_interfaces/share/mission_interfaces/package.bash'
[9.847s] INFO:colcon.colcon_core.shell:Creating package script '/home/ajaikumar/nidar-2/nidar_ws/install/mission_interfaces/share/mission_interfaces/package.zsh'
[9.848s] Level 1:colcon.colcon_core.environment:create_file_with_runtime_dependencies(/home/ajaikumar/nidar-2/nidar_ws/install/mission_interfaces/share/colcon-core/packages/mission_interfaces)
[9.848s] INFO:colcon.colcon_ros.task.ament_python.build:Building ROS package in '/home/ajaikumar/nidar-2/nidar_ws/src/mission_manager' with build type 'ament_python'
[9.848s] Level 1:colcon.colcon_core.shell:create_environment_hook('mission_manager', 'ament_prefix_path')
[9.849s] INFO:colcon.colcon_core.shell:Creating environment hook '/home/ajaikumar/nidar-2/nidar_ws/install/mission_manager/share/mission_manager/hook/ament_prefix_path.ps1'
[9.849s] INFO:colcon.colcon_core.shell:Creating environment descriptor '/home/ajaikumar/nidar-2/nidar_ws/install/mission_manager/share/mission_manager/hook/ament_prefix_path.dsv'
[9.850s] INFO:colcon.colcon_core.shell:Creating environment hook '/home/ajaikumar/nidar-2/nidar_ws/install/mission_manager/share/mission_manager/hook/ament_prefix_path.sh'
[9.850s] INFO:colcon.colcon_core.shell:Skip shell extension 'powershell' for command environment: Not usable outside of PowerShell
[9.850s] DEBUG:colcon.colcon_core.shell:Skip shell extension 'dsv' for command environment
[10.160s] INFO:colcon.colcon_core.task.python.build:Building Python package in '/home/ajaikumar/nidar-2/nidar_ws/src/mission_manager'
[10.160s] INFO:colcon.colcon_core.shell:Skip shell extension 'powershell' for command environment: Not usable outside of PowerShell
[10.160s] DEBUG:colcon.colcon_core.shell:Skip shell extension 'dsv' for command environment
[10.530s] DEBUG:colcon.colcon_core.event_handler.log_command:Invoking command in '/home/ajaikumar/nidar-2/nidar_ws/build/mission_manager': AMENT_PREFIX_PATH=/home/ajaikumar/nidar-2/nidar_ws/install/mission_interfaces:${AMENT_PREFIX_PATH} CMAKE_PREFIX_PATH=/home/ajaikumar/nidar-2/nidar_ws/install/mission_interfaces LD_LIBRARY_PATH=/home/ajaikumar/nidar-2/nidar_ws/install/mission_interfaces/lib:${LD_LIBRARY_PATH} PYTHONPATH=/home/ajaikumar/nidar-2/nidar_ws/build/mission_manager/prefix_override:/usr/lib/python3/dist-packages/colcon_core/task/python/colcon_distutils_commands:/home/ajaikumar/nidar-2/nidar_ws/install/mission_manager/lib/python3.10/site-packages:/home/ajaikumar/nidar-2/nidar_ws/install/mission_interfaces/lib/python3.10/site-packages:${PYTHONPATH} VIRTUAL_ENV_PROMPT=(.local) /usr/bin/python3 -W ignore:setup.py install is deprecated -W ignore:easy_install command is deprecated setup.py develop --editable --build-directory /home/ajaikumar/nidar-2/nidar_ws/build/mission_manager/build --no-deps symlink_data
[11.033s] Level 1:colcon.colcon_core.shell:create_environment_hook('mission_manager', 'pythonpath_develop')
[11.033s] INFO:colcon.colcon_core.shell:Creating environment hook '/home/ajaikumar/nidar-2/nidar_ws/build/mission_manager/share/mission_manager/hook/pythonpath_develop.ps1'
[11.034s] DEBUG:colcon.colcon_core.event_handler.log_command:Invoked command in '/home/ajaikumar/nidar-2/nidar_ws/build/mission_manager' returned '0': AMENT_PREFIX_PATH=/home/ajaikumar/nidar-2/nidar_ws/install/mission_interfaces:${AMENT_PREFIX_PATH} CMAKE_PREFIX_PATH=/home/ajaikumar/nidar-2/nidar_ws/install/mission_interfaces LD_LIBRARY_PATH=/home/ajaikumar/nidar-2/nidar_ws/install/mission_interfaces/lib:${LD_LIBRARY_PATH} PYTHONPATH=/home/ajaikumar/nidar-2/nidar_ws/build/mission_manager/prefix_override:/usr/lib/python3/dist-packages/colcon_core/task/python/colcon_distutils_commands:/home/ajaikumar/nidar-2/nidar_ws/install/mission_manager/lib/python3.10/site-packages:/home/ajaikumar/nidar-2/nidar_ws/install/mission_interfaces/lib/python3.10/site-packages:${PYTHONPATH} VIRTUAL_ENV_PROMPT=(.local) /usr/bin/python3 -W ignore:setup.py install is deprecated -W ignore:easy_install command is deprecated setup.py develop --editable --build-directory /home/ajaikumar/nidar-2/nidar_ws/build/mission_manager/build --no-deps symlink_data
[11.034s] INFO:colcon.colcon_core.shell:Creating environment descriptor '/home/ajaikumar/nidar-2/nidar_ws/build/mission_manager/share/mission_manager/hook/pythonpath_develop.dsv'
[11.035s] INFO:colcon.colcon_core.shell:Creating environment hook '/home/ajaikumar/nidar-2/nidar_ws/build/mission_manager/share/mission_manager/hook/pythonpath_develop.sh'
[11.035s] Level 1:colcon.colcon_core.environment:checking '/home/ajaikumar/nidar-2/nidar_ws/install/mission_manager' for CMake module files
[11.035s] Level 1:colcon.colcon_core.environment:checking '/home/ajaikumar/nidar-2/nidar_ws/install/mission_manager' for CMake config files
[11.036s] Level 1:colcon.colcon_core.environment:checking '/home/ajaikumar/nidar-2/nidar_ws/install/mission_manager/lib'
[11.036s] Level 1:colcon.colcon_core.environment:checking '/home/ajaikumar/nidar-2/nidar_ws/install/mission_manager/bin'
[11.036s] Level 1:colcon.colcon_core.environment:checking '/home/ajaikumar/nidar-2/nidar_ws/install/mission_manager/lib/pkgconfig/mission_manager.pc'
[11.036s] Level 1:colcon.colcon_core.environment:checking '/home/ajaikumar/nidar-2/nidar_ws/install/mission_manager/lib/python3.10/site-packages'
[11.036s] Level 1:colcon.colcon_core.shell:create_environment_hook('mission_manager', 'pythonpath')
[11.036s] INFO:colcon.colcon_core.shell:Creating environment hook '/home/ajaikumar/nidar-2/nidar_ws/install/mission_manager/share/mission_manager/hook/pythonpath.ps1'
[11.037s] INFO:colcon.colcon_core.shell:Creating environment descriptor '/home/ajaikumar/nidar-2/nidar_ws/install/mission_manager/share/mission_manager/hook/pythonpath.dsv'
[11.037s] INFO:colcon.colcon_core.shell:Creating environment hook '/home/ajaikumar/nidar-2/nidar_ws/install/mission_manager/share/mission_manager/hook/pythonpath.sh'
[11.038s] Level 1:colcon.colcon_core.environment:checking '/home/ajaikumar/nidar-2/nidar_ws/install/mission_manager/bin'
[11.038s] Level 1:colcon.colcon_core.environment:create_environment_scripts_only(mission_manager)
[11.038s] INFO:colcon.colcon_core.shell:Creating package script '/home/ajaikumar/nidar-2/nidar_ws/install/mission_manager/share/mission_manager/package.ps1'
[11.038s] INFO:colcon.colcon_core.shell:Creating package descriptor '/home/ajaikumar/nidar-2/nidar_ws/install/mission_manager/share/mission_manager/package.dsv'
[11.039s] INFO:colcon.colcon_core.shell:Creating package script '/home/ajaikumar/nidar-2/nidar_ws/install/mission_manager/share/mission_manager/package.sh'
[11.039s] INFO:colcon.colcon_core.shell:Creating package script '/home/ajaikumar/nidar-2/nidar_ws/install/mission_manager/share/mission_manager/package.bash'
[11.040s] INFO:colcon.colcon_core.shell:Creating package script '/home/ajaikumar/nidar-2/nidar_ws/install/mission_manager/share/mission_manager/package.zsh'
[11.040s] Level 1:colcon.colcon_core.environment:create_file_with_runtime_dependencies(/home/ajaikumar/nidar-2/nidar_ws/install/mission_manager/share/colcon-core/packages/mission_manager)
[11.040s] DEBUG:colcon.colcon_parallel_executor.executor.parallel:closing loop
[11.041s] DEBUG:colcon.colcon_parallel_executor.executor.parallel:loop closed
[11.041s] DEBUG:colcon.colcon_parallel_executor.executor.parallel:run_until_complete finished with '0'
[11.041s] DEBUG:colcon.colcon_core.event_reactor:joining thread
[11.047s] INFO:colcon.colcon_core.plugin_system:Skipping extension 'colcon_notification.desktop_notification.terminal_notifier': Not used on non-Darwin systems
[11.047s] INFO:colcon.colcon_core.plugin_system:Skipping extension 'colcon_notification.desktop_notification.win32': Not used on non-Windows systems
[11.047s] INFO:colcon.colcon_notification.desktop_notification:Sending desktop notification using 'notify2'
[11.061s] DEBUG:colcon.colcon_core.event_reactor:joined thread
[11.062s] INFO:colcon.colcon_core.shell:Creating prefix script '/home/ajaikumar/nidar-2/nidar_ws/install/local_setup.ps1'
[11.063s] INFO:colcon.colcon_core.shell:Creating prefix util module '/home/ajaikumar/nidar-2/nidar_ws/install/_local_setup_util_ps1.py'
[11.064s] INFO:colcon.colcon_core.shell:Creating prefix chain script '/home/ajaikumar/nidar-2/nidar_ws/install/setup.ps1'
[11.065s] INFO:colcon.colcon_core.shell:Creating prefix script '/home/ajaikumar/nidar-2/nidar_ws/install/local_setup.sh'
[11.066s] INFO:colcon.colcon_core.shell:Creating prefix util module '/home/ajaikumar/nidar-2/nidar_ws/install/_local_setup_util_sh.py'
[11.066s] INFO:colcon.colcon_core.shell:Creating prefix chain script '/home/ajaikumar/nidar-2/nidar_ws/install/setup.sh'
[11.067s] INFO:colcon.colcon_core.shell:Creating prefix script '/home/ajaikumar/nidar-2/nidar_ws/install/local_setup.bash'
[11.068s] INFO:colcon.colcon_core.shell:Creating prefix chain script '/home/ajaikumar/nidar-2/nidar_ws/install/setup.bash'
[11.069s] INFO:colcon.colcon_core.shell:Creating prefix script '/home/ajaikumar/nidar-2/nidar_ws/install/local_setup.zsh'
[11.069s] INFO:colcon.colcon_core.shell:Creating prefix chain script '/home/ajaikumar/nidar-2/nidar_ws/install/setup.zsh'
