running develop
running egg_info
creating mission_manager.egg-info
writing mission_manager.egg-info/PKG-INFO
writing dependency_links to mission_manager.egg-info/dependency_links.txt
writing entry points to mission_manager.egg-info/entry_points.txt
writing requirements to mission_manager.egg-info/requires.txt
writing top-level names to mission_manager.egg-info/top_level.txt
writing manifest file 'mission_manager.egg-info/SOURCES.txt'
reading manifest file 'mission_manager.egg-info/SOURCES.txt'
writing manifest file 'mission_manager.egg-info/SOURCES.txt'
running build_ext
Creating /home/ajaikumar/nidar-2/nidar_ws/install/mission_manager/lib/python3.10/site-packages/mission-manager.egg-link (link to .)
Installing data_config_services script to /home/ajaikumar/nidar-2/nidar_ws/install/mission_manager/lib/mission_manager
Installing delivery_mission_manager script to /home/ajaikumar/nidar-2/nidar_ws/install/mission_manager/lib/mission_manager
Installing lawnmower_planner script to /home/ajaikumar/nidar-2/nidar_ws/install/mission_manager/lib/mission_manager
Installing scout_mission_manager script to /home/ajaikumar/nidar-2/nidar_ws/install/mission_manager/lib/mission_manager
Installing scout_path_generator script to /home/ajaikumar/nidar-2/nidar_ws/install/mission_manager/lib/mission_manager

Installed /home/ajaikumar/nidar-2/nidar_ws/build/mission_manager
running symlink_data
creating /home/ajaikumar/nidar-2/nidar_ws/install/mission_manager/share/ament_index
creating /home/ajaikumar/nidar-2/nidar_ws/install/mission_manager/share/ament_index/resource_index
creating /home/ajaikumar/nidar-2/nidar_ws/install/mission_manager/share/ament_index/resource_index/packages
symbolically linking /home/ajaikumar/nidar-2/nidar_ws/build/mission_manager/resource/mission_manager -> /home/ajaikumar/nidar-2/nidar_ws/install/mission_manager/share/ament_index/resource_index/packages
symbolically linking /home/ajaikumar/nidar-2/nidar_ws/build/mission_manager/package.xml -> /home/ajaikumar/nidar-2/nidar_ws/install/mission_manager/share/mission_manager
